{
"/home/troy/devel/junkie/lib/Component.js":{"path":"/home/troy/devel/junkie/lib/Component.js","s":{"1":1,"2":1,"3":1,"4":1,"5":1,"6":121,"7":121,"8":121,"9":121,"10":121,"11":121,"12":1,"13":1,"14":152,"15":1,"16":304,"17":1,"18":152,"19":1,"20":119,"21":112,"22":112,"23":1,"24":152,"25":152,"26":143,"27":1,"28":152,"29":152,"30":241,"31":241,"32":9,"33":232,"34":232,"35":1,"36":152,"37":152,"38":152,"39":143,"40":143,"41":143,"42":297,"43":297,"44":149,"45":148,"46":143,"47":143,"48":82,"49":143,"50":1},"b":{"1":[121,3],"2":[9,232],"3":[152,2],"4":[149,148],"5":[297,148,148],"6":[82,61]},"f":{"1":121,"2":152,"3":304,"4":152,"5":119,"6":152,"7":152,"8":152,"9":297},"fnMap":{"1":{"name":"Component","line":18,"loc":{"start":{"line":18,"column":0},"end":{"line":18,"column":65}}},"2":{"name":"(anonymous_2)","line":34,"loc":{"start":{"line":34,"column":8},"end":{"line":34,"column":19}}},"3":{"name":"(anonymous_3)","line":42,"loc":{"start":{"line":42,"column":13},"end":{"line":42,"column":24}}},"4":{"name":"(anonymous_4)","line":50,"loc":{"start":{"line":50,"column":10},"end":{"line":50,"column":21}}},"5":{"name":"(anonymous_5)","line":61,"loc":{"start":{"line":61,"column":8},"end":{"line":61,"column":33}}},"6":{"name":"(anonymous_6)","line":68,"loc":{"start":{"line":68,"column":19},"end":{"line":68,"column":37}}},"7":{"name":"(anonymous_7)","line":81,"loc":{"start":{"line":81,"column":23},"end":{"line":81,"column":37}}},"8":{"name":"(anonymous_8)","line":100,"loc":{"start":{"line":100,"column":12},"end":{"line":100,"column":30}}},"9":{"name":"(anonymous_9)","line":109,"loc":{"start":{"line":109,"column":13},"end":{"line":109,"column":24}}}},"statementMap":{"1":{"start":{"line":2,"column":0},"end":{"line":2,"column":37}},"2":{"start":{"line":3,"column":0},"end":{"line":3,"column":41}},"3":{"start":{"line":4,"column":0},"end":{"line":4,"column":55}},"4":{"start":{"line":5,"column":0},"end":{"line":5,"column":51}},"5":{"start":{"line":18,"column":0},"end":{"line":25,"column":1}},"6":{"start":{"line":19,"column":2},"end":{"line":19,"column":18}},"7":{"start":{"line":20,"column":2},"end":{"line":20,"column":28}},"8":{"start":{"line":21,"column":2},"end":{"line":21,"column":30}},"9":{"start":{"line":22,"column":2},"end":{"line":22,"column":54}},"10":{"start":{"line":23,"column":2},"end":{"line":23,"column":23}},"11":{"start":{"line":24,"column":2},"end":{"line":24,"column":19}},"12":{"start":{"line":28,"column":0},"end":{"line":28,"column":28}},"13":{"start":{"line":34,"column":0},"end":{"line":36,"column":2}},"14":{"start":{"line":35,"column":2},"end":{"line":35,"column":19}},"15":{"start":{"line":42,"column":0},"end":{"line":44,"column":2}},"16":{"start":{"line":43,"column":2},"end":{"line":43,"column":24}},"17":{"start":{"line":50,"column":0},"end":{"line":52,"column":2}},"18":{"start":{"line":51,"column":2},"end":{"line":51,"column":21}},"19":{"start":{"line":61,"column":0},"end":{"line":65,"column":2}},"20":{"start":{"line":62,"column":2},"end":{"line":62,"column":48}},"21":{"start":{"line":63,"column":2},"end":{"line":63,"column":33}},"22":{"start":{"line":64,"column":2},"end":{"line":64,"column":14}},"23":{"start":{"line":68,"column":0},"end":{"line":79,"column":2}},"24":{"start":{"line":69,"column":2},"end":{"line":75,"column":5}},"25":{"start":{"line":77,"column":2},"end":{"line":77,"column":31}},"26":{"start":{"line":78,"column":2},"end":{"line":78,"column":13}},"27":{"start":{"line":81,"column":0},"end":{"line":93,"column":2}},"28":{"start":{"line":83,"column":2},"end":{"line":83,"column":20}},"29":{"start":{"line":85,"column":2},"end":{"line":92,"column":16}},"30":{"start":{"line":86,"column":4},"end":{"line":86,"column":24}},"31":{"start":{"line":87,"column":4},"end":{"line":89,"column":5}},"32":{"start":{"line":88,"column":6},"end":{"line":88,"column":63}},"33":{"start":{"line":90,"column":4},"end":{"line":90,"column":25}},"34":{"start":{"line":91,"column":4},"end":{"line":91,"column":25}},"35":{"start":{"line":100,"column":0},"end":{"line":124,"column":2}},"36":{"start":{"line":101,"column":2},"end":{"line":101,"column":26}},"37":{"start":{"line":103,"column":2},"end":{"line":103,"column":44}},"38":{"start":{"line":104,"column":2},"end":{"line":104,"column":41}},"39":{"start":{"line":106,"column":2},"end":{"line":106,"column":12}},"40":{"start":{"line":107,"column":2},"end":{"line":107,"column":67}},"41":{"start":{"line":109,"column":2},"end":{"line":116,"column":15}},"42":{"start":{"line":110,"column":4},"end":{"line":110,"column":27}},"43":{"start":{"line":111,"column":4},"end":{"line":113,"column":5}},"44":{"start":{"line":112,"column":6},"end":{"line":112,"column":13}},"45":{"start":{"line":115,"column":4},"end":{"line":115,"column":30}},"46":{"start":{"line":118,"column":2},"end":{"line":118,"column":9}},"47":{"start":{"line":119,"column":2},"end":{"line":121,"column":3}},"48":{"start":{"line":120,"column":4},"end":{"line":120,"column":33}},"49":{"start":{"line":123,"column":2},"end":{"line":123,"column":13}},"50":{"start":{"line":126,"column":0},"end":{"line":126,"column":27}}},"branchMap":{"1":{"line":22,"type":"binary-expr","locations":[{"start":{"line":22,"column":29},"end":{"line":22,"column":47}},{"start":{"line":22,"column":51},"end":{"line":22,"column":53}}]},"2":{"line":87,"type":"if","locations":[{"start":{"line":87,"column":4},"end":{"line":87,"column":4}},{"start":{"line":87,"column":4},"end":{"line":87,"column":4}}]},"3":{"line":101,"type":"binary-expr","locations":[{"start":{"line":101,"column":12},"end":{"line":101,"column":19}},{"start":{"line":101,"column":23},"end":{"line":101,"column":25}}]},"4":{"line":111,"type":"if","locations":[{"start":{"line":111,"column":4},"end":{"line":111,"column":4}},{"start":{"line":111,"column":4},"end":{"line":111,"column":4}}]},"5":{"line":111,"type":"binary-expr","locations":[{"start":{"line":111,"column":8},"end":{"line":111,"column":10}},{"start":{"line":111,"column":14},"end":{"line":111,"column":25}},{"start":{"line":111,"column":29},"end":{"line":111,"column":41}}]},"6":{"line":119,"type":"if","locations":[{"start":{"line":119,"column":2},"end":{"line":119,"column":2}},{"start":{"line":119,"column":2},"end":{"line":119,"column":2}}]}},"l":{"2":1,"3":1,"4":1,"5":1,"18":1,"19":121,"20":121,"21":121,"22":121,"23":121,"24":121,"28":1,"34":1,"35":152,"42":1,"43":304,"50":1,"51":152,"61":1,"62":119,"63":112,"64":112,"68":1,"69":152,"77":152,"78":143,"81":1,"83":152,"85":152,"86":241,"87":241,"88":9,"90":232,"91":232,"100":1,"101":152,"103":152,"104":152,"106":143,"107":143,"109":143,"110":297,"111":297,"112":149,"115":148,"118":143,"119":143,"120":82,"123":143,"126":1}},
"/home/troy/devel/junkie/lib/Container.js":{"path":"/home/troy/devel/junkie/lib/Container.js","s":{"1":1,"2":1,"3":1,"4":1,"5":1,"6":1,"7":8,"8":4,"9":4,"10":1,"11":100,"12":100,"13":100,"14":1,"15":1,"16":2,"17":1,"18":13,"19":12,"20":12,"21":12,"22":1,"23":12,"24":12,"25":1,"26":14,"27":13,"28":13,"29":13,"30":1,"31":3,"32":1,"33":150,"34":3,"35":1,"36":123,"37":122,"38":120,"39":118,"40":118,"41":118,"42":1,"43":118,"44":118,"45":1,"46":165,"47":163,"48":3,"49":160,"50":1,"51":165,"52":165,"53":163,"54":13,"55":150,"56":141,"57":141,"58":44,"59":97,"60":97,"61":1},"b":{"1":[4,4],"2":[8,8],"3":[100,88],"4":[11,89],"5":[1,1],"6":[12,11],"7":[1,11],"8":[3,147],"9":[3,160],"10":[165,101],"11":[13,150],"12":[44,97]},"f":{"1":8,"2":100,"3":2,"4":13,"5":14,"6":3,"7":150,"8":123,"9":118,"10":165,"11":165},"fnMap":{"1":{"name":"(anonymous_1)","line":10,"loc":{"start":{"line":10,"column":11},"end":{"line":10,"column":34}}},"2":{"name":"Container","line":30,"loc":{"start":{"line":30,"column":0},"end":{"line":30,"column":38}}},"3":{"name":"(anonymous_3)","line":43,"loc":{"start":{"line":43,"column":11},"end":{"line":43,"column":22}}},"4":{"name":"(anonymous_4)","line":54,"loc":{"start":{"line":54,"column":13},"end":{"line":54,"column":31}}},"5":{"name":"(anonymous_5)","line":76,"loc":{"start":{"line":76,"column":8},"end":{"line":76,"column":27}}},"6":{"name":"(anonymous_6)","line":88,"loc":{"start":{"line":88,"column":12},"end":{"line":88,"column":23}}},"7":{"name":"(anonymous_7)","line":92,"loc":{"start":{"line":92,"column":19},"end":{"line":92,"column":30}}},"8":{"name":"(anonymous_8)","line":109,"loc":{"start":{"line":109,"column":13},"end":{"line":109,"column":38}}},"9":{"name":"(anonymous_9)","line":121,"loc":{"start":{"line":121,"column":21},"end":{"line":121,"column":46}}},"10":{"name":"(anonymous_10)","line":126,"loc":{"start":{"line":126,"column":9},"end":{"line":126,"column":23}}},"11":{"name":"(anonymous_11)","line":151,"loc":{"start":{"line":151,"column":12},"end":{"line":151,"column":35}}}},"statementMap":{"1":{"start":{"line":3,"column":0},"end":{"line":3,"column":38}},"2":{"start":{"line":4,"column":0},"end":{"line":4,"column":39}},"3":{"start":{"line":5,"column":0},"end":{"line":5,"column":59}},"4":{"start":{"line":6,"column":0},"end":{"line":6,"column":51}},"5":{"start":{"line":7,"column":0},"end":{"line":7,"column":37}},"6":{"start":{"line":9,"column":0},"end":{"line":16,"column":2}},"7":{"start":{"line":11,"column":4},"end":{"line":13,"column":5}},"8":{"start":{"line":12,"column":6},"end":{"line":12,"column":18}},"9":{"start":{"line":14,"column":4},"end":{"line":14,"column":51}},"10":{"start":{"line":30,"column":0},"end":{"line":34,"column":1}},"11":{"start":{"line":31,"column":2},"end":{"line":31,"column":41}},"12":{"start":{"line":32,"column":2},"end":{"line":32,"column":22}},"13":{"start":{"line":33,"column":2},"end":{"line":33,"column":64}},"14":{"start":{"line":37,"column":0},"end":{"line":37,"column":28}},"15":{"start":{"line":43,"column":0},"end":{"line":45,"column":2}},"16":{"start":{"line":44,"column":2},"end":{"line":44,"column":62}},"17":{"start":{"line":54,"column":0},"end":{"line":67,"column":2}},"18":{"start":{"line":55,"column":2},"end":{"line":55,"column":24}},"19":{"start":{"line":57,"column":2},"end":{"line":57,"column":26}},"20":{"start":{"line":59,"column":2},"end":{"line":59,"column":43}},"21":{"start":{"line":60,"column":2},"end":{"line":62,"column":3}},"22":{"start":{"line":61,"column":4},"end":{"line":61,"column":21}},"23":{"start":{"line":64,"column":2},"end":{"line":64,"column":45}},"24":{"start":{"line":66,"column":2},"end":{"line":66,"column":15}},"25":{"start":{"line":76,"column":0},"end":{"line":82,"column":2}},"26":{"start":{"line":77,"column":2},"end":{"line":77,"column":24}},"27":{"start":{"line":79,"column":2},"end":{"line":79,"column":42}},"28":{"start":{"line":80,"column":2},"end":{"line":80,"column":42}},"29":{"start":{"line":81,"column":2},"end":{"line":81,"column":14}},"30":{"start":{"line":88,"column":0},"end":{"line":90,"column":2}},"31":{"start":{"line":89,"column":2},"end":{"line":89,"column":24}},"32":{"start":{"line":92,"column":0},"end":{"line":96,"column":2}},"33":{"start":{"line":93,"column":2},"end":{"line":95,"column":3}},"34":{"start":{"line":94,"column":4},"end":{"line":94,"column":42}},"35":{"start":{"line":109,"column":0},"end":{"line":119,"column":2}},"36":{"start":{"line":110,"column":2},"end":{"line":110,"column":24}},"37":{"start":{"line":112,"column":2},"end":{"line":112,"column":58}},"38":{"start":{"line":113,"column":2},"end":{"line":113,"column":51}},"39":{"start":{"line":115,"column":2},"end":{"line":115,"column":51}},"40":{"start":{"line":116,"column":2},"end":{"line":116,"column":29}},"41":{"start":{"line":118,"column":2},"end":{"line":118,"column":39}},"42":{"start":{"line":121,"column":0},"end":{"line":124,"column":2}},"43":{"start":{"line":122,"column":2},"end":{"line":122,"column":75}},"44":{"start":{"line":123,"column":2},"end":{"line":123,"column":14}},"45":{"start":{"line":126,"column":0},"end":{"line":133,"column":2}},"46":{"start":{"line":127,"column":2},"end":{"line":127,"column":58}},"47":{"start":{"line":128,"column":2},"end":{"line":131,"column":3}},"48":{"start":{"line":130,"column":4},"end":{"line":130,"column":16}},"49":{"start":{"line":132,"column":2},"end":{"line":132,"column":29}},"50":{"start":{"line":151,"column":0},"end":{"line":174,"column":2}},"51":{"start":{"line":152,"column":2},"end":{"line":152,"column":26}},"52":{"start":{"line":155,"column":2},"end":{"line":155,"column":28}},"53":{"start":{"line":158,"column":2},"end":{"line":160,"column":3}},"54":{"start":{"line":159,"column":4},"end":{"line":159,"column":46}},"55":{"start":{"line":163,"column":2},"end":{"line":163,"column":41}},"56":{"start":{"line":166,"column":2},"end":{"line":166,"column":31}},"57":{"start":{"line":167,"column":2},"end":{"line":169,"column":3}},"58":{"start":{"line":168,"column":4},"end":{"line":168,"column":15}},"59":{"start":{"line":171,"column":2},"end":{"line":171,"column":39}},"60":{"start":{"line":173,"column":2},"end":{"line":173,"column":18}},"61":{"start":{"line":176,"column":0},"end":{"line":176,"column":27}}},"branchMap":{"1":{"line":11,"type":"if","locations":[{"start":{"line":11,"column":4},"end":{"line":11,"column":4}},{"start":{"line":11,"column":4},"end":{"line":11,"column":4}}]},"2":{"line":11,"type":"binary-expr","locations":[{"start":{"line":11,"column":8},"end":{"line":11,"column":15}},{"start":{"line":11,"column":19},"end":{"line":11,"column":35}}]},"3":{"line":31,"type":"binary-expr","locations":[{"start":{"line":31,"column":17},"end":{"line":31,"column":23}},{"start":{"line":31,"column":27},"end":{"line":31,"column":40}}]},"4":{"line":33,"type":"cond-expr","locations":[{"start":{"line":33,"column":41},"end":{"line":33,"column":58}},{"start":{"line":33,"column":61},"end":{"line":33,"column":63}}]},"5":{"line":44,"type":"cond-expr","locations":[{"start":{"line":44,"column":42},"end":{"line":44,"column":46}},{"start":{"line":44,"column":49},"end":{"line":44,"column":61}}]},"6":{"line":57,"type":"binary-expr","locations":[{"start":{"line":57,"column":12},"end":{"line":57,"column":19}},{"start":{"line":57,"column":23},"end":{"line":57,"column":25}}]},"7":{"line":60,"type":"if","locations":[{"start":{"line":60,"column":2},"end":{"line":60,"column":2}},{"start":{"line":60,"column":2},"end":{"line":60,"column":2}}]},"8":{"line":93,"type":"if","locations":[{"start":{"line":93,"column":2},"end":{"line":93,"column":2}},{"start":{"line":93,"column":2},"end":{"line":93,"column":2}}]},"9":{"line":128,"type":"if","locations":[{"start":{"line":128,"column":2},"end":{"line":128,"column":2}},{"start":{"line":128,"column":2},"end":{"line":128,"column":2}}]},"10":{"line":152,"type":"binary-expr","locations":[{"start":{"line":152,"column":12},"end":{"line":152,"column":19}},{"start":{"line":152,"column":23},"end":{"line":152,"column":25}}]},"11":{"line":158,"type":"if","locations":[{"start":{"line":158,"column":2},"end":{"line":158,"column":2}},{"start":{"line":158,"column":2},"end":{"line":158,"column":2}}]},"12":{"line":167,"type":"if","locations":[{"start":{"line":167,"column":2},"end":{"line":167,"column":2}},{"start":{"line":167,"column":2},"end":{"line":167,"column":2}}]}},"l":{"3":1,"4":1,"5":1,"6":1,"7":1,"9":1,"11":8,"12":4,"14":4,"30":1,"31":100,"32":100,"33":100,"37":1,"43":1,"44":2,"54":1,"55":13,"57":12,"59":12,"60":12,"61":1,"64":12,"66":12,"76":1,"77":14,"79":13,"80":13,"81":13,"88":1,"89":3,"92":1,"93":150,"94":3,"109":1,"110":123,"112":122,"113":120,"115":118,"116":118,"118":118,"121":1,"122":118,"123":118,"126":1,"127":165,"128":163,"130":3,"132":160,"151":1,"152":165,"155":165,"158":163,"159":13,"163":150,"166":141,"167":141,"168":44,"171":97,"173":97,"176":1}},
"/home/troy/devel/junkie/lib/Dependency.js":{"path":"/home/troy/devel/junkie/lib/Dependency.js","s":{"1":1,"2":1,"3":61,"4":61,"5":61,"6":1,"7":1,"8":87,"9":1,"10":60,"11":1,"12":61,"13":0,"14":61,"15":61,"16":0,"17":61,"18":61,"19":5,"20":5,"21":61,"22":1},"b":{"1":[0,61],"2":[0,61],"3":[61,0],"4":[5,56]},"f":{"1":61,"2":87,"3":60,"4":61},"fnMap":{"1":{"name":"Dependency","line":12,"loc":{"start":{"line":12,"column":0},"end":{"line":12,"column":35}}},"2":{"name":"(anonymous_2)","line":26,"loc":{"start":{"line":26,"column":8},"end":{"line":26,"column":19}}},"3":{"name":"(anonymous_3)","line":34,"loc":{"start":{"line":34,"column":13},"end":{"line":34,"column":24}}},"4":{"name":"(anonymous_4)","line":43,"loc":{"start":{"line":43,"column":25},"end":{"line":43,"column":53}}}},"statementMap":{"1":{"start":{"line":2,"column":0},"end":{"line":2,"column":38}},"2":{"start":{"line":12,"column":0},"end":{"line":17,"column":1}},"3":{"start":{"line":13,"column":2},"end":{"line":13,"column":37}},"4":{"start":{"line":15,"column":2},"end":{"line":15,"column":18}},"5":{"start":{"line":16,"column":2},"end":{"line":16,"column":28}},"6":{"start":{"line":20,"column":0},"end":{"line":20,"column":29}},"7":{"start":{"line":26,"column":0},"end":{"line":28,"column":2}},"8":{"start":{"line":27,"column":2},"end":{"line":27,"column":19}},"9":{"start":{"line":34,"column":0},"end":{"line":36,"column":2}},"10":{"start":{"line":35,"column":2},"end":{"line":35,"column":24}},"11":{"start":{"line":43,"column":0},"end":{"line":62,"column":2}},"12":{"start":{"line":44,"column":2},"end":{"line":46,"column":3}},"13":{"start":{"line":45,"column":4},"end":{"line":45,"column":20}},"14":{"start":{"line":48,"column":2},"end":{"line":48,"column":23}},"15":{"start":{"line":50,"column":2},"end":{"line":52,"column":3}},"16":{"start":{"line":51,"column":4},"end":{"line":51,"column":32}},"17":{"start":{"line":55,"column":2},"end":{"line":55,"column":21}},"18":{"start":{"line":56,"column":2},"end":{"line":59,"column":3}},"19":{"start":{"line":57,"column":4},"end":{"line":57,"column":43}},"20":{"start":{"line":58,"column":4},"end":{"line":58,"column":20}},"21":{"start":{"line":61,"column":2},"end":{"line":61,"column":39}},"22":{"start":{"line":64,"column":0},"end":{"line":64,"column":28}}},"branchMap":{"1":{"line":44,"type":"if","locations":[{"start":{"line":44,"column":2},"end":{"line":44,"column":2}},{"start":{"line":44,"column":2},"end":{"line":44,"column":2}}]},"2":{"line":50,"type":"if","locations":[{"start":{"line":50,"column":2},"end":{"line":50,"column":2}},{"start":{"line":50,"column":2},"end":{"line":50,"column":2}}]},"3":{"line":50,"type":"binary-expr","locations":[{"start":{"line":50,"column":6},"end":{"line":50,"column":13}},{"start":{"line":50,"column":17},"end":{"line":50,"column":54}}]},"4":{"line":56,"type":"if","locations":[{"start":{"line":56,"column":2},"end":{"line":56,"column":2}},{"start":{"line":56,"column":2},"end":{"line":56,"column":2}}]}},"l":{"2":1,"12":1,"13":61,"15":61,"16":61,"20":1,"26":1,"27":87,"34":1,"35":60,"43":1,"44":61,"45":0,"48":61,"50":61,"51":0,"55":61,"56":61,"57":5,"58":5,"61":61,"64":1}},
"/home/troy/devel/junkie/lib/RegistrationBuilder.js":{"path":"/home/troy/devel/junkie/lib/RegistrationBuilder.js","s":{"1":1,"2":1,"3":118,"4":118,"5":1,"6":1,"7":118,"8":118,"9":472,"10":1,"11":111,"12":111,"13":111,"14":111,"15":1,"16":118,"17":118,"18":118,"19":1180,"20":118,"21":115,"22":1},"b":{},"f":{"1":118,"2":118,"3":472,"4":111,"5":118,"6":1180,"7":115},"fnMap":{"1":{"name":"RegistrationBuilder","line":12,"loc":{"start":{"line":12,"column":0},"end":{"line":12,"column":35}}},"2":{"name":"(anonymous_2)","line":20,"loc":{"start":{"line":20,"column":20},"end":{"line":20,"column":31}}},"3":{"name":"(anonymous_3)","line":24,"loc":{"start":{"line":24,"column":13},"end":{"line":24,"column":29}}},"4":{"name":"(anonymous_4)","line":31,"loc":{"start":{"line":31,"column":10},"end":{"line":31,"column":29}}},"5":{"name":"(anonymous_5)","line":39,"loc":{"start":{"line":39,"column":22},"end":{"line":39,"column":33}}},"6":{"name":"(anonymous_6)","line":43,"loc":{"start":{"line":43,"column":24},"end":{"line":43,"column":43}}},"7":{"name":"(anonymous_7)","line":47,"loc":{"start":{"line":47,"column":9},"end":{"line":47,"column":20}}}},"statementMap":{"1":{"start":{"line":3,"column":0},"end":{"line":3,"column":37}},"2":{"start":{"line":12,"column":0},"end":{"line":16,"column":1}},"3":{"start":{"line":13,"column":2},"end":{"line":13,"column":20}},"4":{"start":{"line":15,"column":2},"end":{"line":15,"column":24}},"5":{"start":{"line":18,"column":0},"end":{"line":18,"column":39}},"6":{"start":{"line":20,"column":0},"end":{"line":29,"column":2}},"7":{"start":{"line":21,"column":2},"end":{"line":21,"column":42}},"8":{"start":{"line":23,"column":2},"end":{"line":28,"column":18}},"9":{"start":{"line":25,"column":6},"end":{"line":27,"column":9}},"10":{"start":{"line":31,"column":0},"end":{"line":37,"column":2}},"11":{"start":{"line":32,"column":2},"end":{"line":32,"column":52}},"12":{"start":{"line":33,"column":2},"end":{"line":33,"column":15}},"13":{"start":{"line":35,"column":2},"end":{"line":35,"column":33}},"14":{"start":{"line":36,"column":2},"end":{"line":36,"column":14}},"15":{"start":{"line":39,"column":0},"end":{"line":50,"column":2}},"16":{"start":{"line":40,"column":2},"end":{"line":40,"column":33}},"17":{"start":{"line":41,"column":2},"end":{"line":41,"column":62}},"18":{"start":{"line":43,"column":2},"end":{"line":45,"column":16}},"19":{"start":{"line":44,"column":4},"end":{"line":44,"column":45}},"20":{"start":{"line":47,"column":2},"end":{"line":49,"column":4}},"21":{"start":{"line":48,"column":4},"end":{"line":48,"column":15}},"22":{"start":{"line":53,"column":0},"end":{"line":53,"column":37}}},"branchMap":{},"l":{"3":1,"12":1,"13":118,"15":118,"18":1,"20":1,"21":118,"23":118,"25":472,"31":1,"32":111,"33":111,"35":111,"36":111,"39":1,"40":118,"41":118,"43":118,"44":1180,"47":118,"48":115,"53":1}},
"/home/troy/devel/junkie/lib/Resolution.js":{"path":"/home/troy/devel/junkie/lib/Resolution.js","s":{"1":1,"2":152,"3":152,"4":152,"5":152,"6":1,"7":1,"8":150,"9":1,"10":45,"11":1,"12":3,"13":1,"14":162,"15":1,"16":323,"17":1,"18":42,"19":1,"20":289,"21":1,"22":148,"23":1,"24":0,"25":1},"b":{"1":[42,22]},"f":{"1":152,"2":150,"3":45,"4":3,"5":162,"6":323,"7":42,"8":289,"9":148,"10":0},"fnMap":{"1":{"name":"Resolution","line":8,"loc":{"start":{"line":8,"column":0},"end":{"line":8,"column":31}}},"2":{"name":"(anonymous_2)","line":25,"loc":{"start":{"line":25,"column":12},"end":{"line":25,"column":31}}},"3":{"name":"(anonymous_3)","line":33,"loc":{"start":{"line":33,"column":9},"end":{"line":33,"column":25}}},"4":{"name":"(anonymous_4)","line":42,"loc":{"start":{"line":42,"column":9},"end":{"line":42,"column":20}}},"5":{"name":"(anonymous_5)","line":51,"loc":{"start":{"line":51,"column":14},"end":{"line":51,"column":25}}},"6":{"name":"(anonymous_6)","line":60,"loc":{"start":{"line":60,"column":13},"end":{"line":60,"column":24}}},"7":{"name":"(anonymous_7)","line":70,"loc":{"start":{"line":70,"column":24},"end":{"line":70,"column":35}}},"8":{"name":"(anonymous_8)","line":78,"loc":{"start":{"line":78,"column":10},"end":{"line":78,"column":21}}},"9":{"name":"(anonymous_9)","line":86,"loc":{"start":{"line":86,"column":11},"end":{"line":86,"column":22}}},"10":{"name":"(anonymous_10)","line":90,"loc":{"start":{"line":90,"column":13},"end":{"line":90,"column":24}}}},"statementMap":{"1":{"start":{"line":8,"column":0},"end":{"line":14,"column":1}},"2":{"start":{"line":9,"column":2},"end":{"line":9,"column":30}},"3":{"start":{"line":11,"column":2},"end":{"line":11,"column":24}},"4":{"start":{"line":12,"column":2},"end":{"line":12,"column":21}},"5":{"start":{"line":13,"column":2},"end":{"line":13,"column":21}},"6":{"start":{"line":17,"column":0},"end":{"line":17,"column":29}},"7":{"start":{"line":25,"column":0},"end":{"line":27,"column":2}},"8":{"start":{"line":26,"column":2},"end":{"line":26,"column":28}},"9":{"start":{"line":33,"column":0},"end":{"line":35,"column":2}},"10":{"start":{"line":34,"column":2},"end":{"line":34,"column":22}},"11":{"start":{"line":42,"column":0},"end":{"line":44,"column":2}},"12":{"start":{"line":43,"column":2},"end":{"line":43,"column":20}},"13":{"start":{"line":51,"column":0},"end":{"line":53,"column":2}},"14":{"start":{"line":52,"column":2},"end":{"line":52,"column":25}},"15":{"start":{"line":60,"column":0},"end":{"line":62,"column":2}},"16":{"start":{"line":61,"column":2},"end":{"line":61,"column":24}},"17":{"start":{"line":70,"column":0},"end":{"line":72,"column":2}},"18":{"start":{"line":71,"column":2},"end":{"line":71,"column":43}},"19":{"start":{"line":78,"column":0},"end":{"line":80,"column":2}},"20":{"start":{"line":79,"column":2},"end":{"line":79,"column":21}},"21":{"start":{"line":86,"column":0},"end":{"line":88,"column":2}},"22":{"start":{"line":87,"column":2},"end":{"line":87,"column":20}},"23":{"start":{"line":90,"column":0},"end":{"line":97,"column":2}},"24":{"start":{"line":91,"column":2},"end":{"line":96,"column":8}},"25":{"start":{"line":99,"column":0},"end":{"line":99,"column":28}}},"branchMap":{"1":{"line":71,"type":"binary-expr","locations":[{"start":{"line":71,"column":9},"end":{"line":71,"column":23}},{"start":{"line":71,"column":27},"end":{"line":71,"column":42}}]}},"l":{"8":1,"9":152,"11":152,"12":152,"13":152,"17":1,"25":1,"26":150,"33":1,"34":45,"42":1,"43":3,"51":1,"52":162,"60":1,"61":323,"70":1,"71":42,"78":1,"79":289,"86":1,"87":148,"90":1,"91":0,"99":1}},
"/home/troy/devel/junkie/lib/ResolutionContext.js":{"path":"/home/troy/devel/junkie/lib/ResolutionContext.js","s":{"1":1,"2":1,"3":152,"4":152,"5":152,"6":152,"7":152,"8":1,"9":1,"10":232,"11":1,"12":0,"13":0,"14":0,"15":0,"16":0,"17":0,"18":1,"19":242,"20":1,"21":0,"22":1,"23":12,"24":0,"25":12,"26":6,"27":6,"28":1,"29":102,"30":102,"31":3,"32":102,"33":102,"34":59,"35":58,"36":27,"37":27,"38":71,"39":2,"40":69,"41":1,"42":0,"43":1},"b":{"1":[0,12],"2":[6,6],"3":[3,99],"4":[2,69]},"f":{"1":152,"2":232,"3":0,"4":242,"5":0,"6":12,"7":102,"8":59,"9":58,"10":0},"fnMap":{"1":{"name":"ResolutionContext","line":10,"loc":{"start":{"line":10,"column":0},"end":{"line":10,"column":36}}},"2":{"name":"(anonymous_2)","line":25,"loc":{"start":{"line":25,"column":14},"end":{"line":25,"column":25}}},"3":{"name":"(anonymous_3)","line":29,"loc":{"start":{"line":29,"column":14},"end":{"line":29,"column":25}}},"4":{"name":"(anonymous_4)","line":43,"loc":{"start":{"line":43,"column":9},"end":{"line":43,"column":20}}},"5":{"name":"(anonymous_5)","line":52,"loc":{"start":{"line":52,"column":15},"end":{"line":52,"column":26}}},"6":{"name":"(anonymous_6)","line":73,"loc":{"start":{"line":73,"column":11},"end":{"line":73,"column":32}}},"7":{"name":"(anonymous_7)","line":92,"loc":{"start":{"line":92,"column":13},"end":{"line":92,"column":37}}},"8":{"name":"(anonymous_8)","line":104,"loc":{"start":{"line":104,"column":9},"end":{"line":104,"column":23}}},"9":{"name":"(anonymous_9)","line":107,"loc":{"start":{"line":107,"column":13},"end":{"line":107,"column":27}}},"10":{"name":"(anonymous_10)","line":122,"loc":{"start":{"line":122,"column":14},"end":{"line":122,"column":25}}}},"statementMap":{"1":{"start":{"line":3,"column":0},"end":{"line":3,"column":41}},"2":{"start":{"line":10,"column":0},"end":{"line":16,"column":1}},"3":{"start":{"line":11,"column":2},"end":{"line":11,"column":36}},"4":{"start":{"line":12,"column":2},"end":{"line":12,"column":38}},"5":{"start":{"line":13,"column":2},"end":{"line":13,"column":26}},"6":{"start":{"line":14,"column":2},"end":{"line":14,"column":38}},"7":{"start":{"line":15,"column":2},"end":{"line":15,"column":30}},"8":{"start":{"line":19,"column":0},"end":{"line":19,"column":37}},"9":{"start":{"line":25,"column":0},"end":{"line":27,"column":2}},"10":{"start":{"line":26,"column":2},"end":{"line":26,"column":24}},"11":{"start":{"line":29,"column":0},"end":{"line":37,"column":2}},"12":{"start":{"line":30,"column":2},"end":{"line":30,"column":17}},"13":{"start":{"line":31,"column":2},"end":{"line":31,"column":17}},"14":{"start":{"line":32,"column":2},"end":{"line":35,"column":16}},"15":{"start":{"line":33,"column":4},"end":{"line":33,"column":29}},"16":{"start":{"line":34,"column":4},"end":{"line":34,"column":25}},"17":{"start":{"line":36,"column":2},"end":{"line":36,"column":15}},"18":{"start":{"line":43,"column":0},"end":{"line":45,"column":2}},"19":{"start":{"line":44,"column":2},"end":{"line":44,"column":19}},"20":{"start":{"line":52,"column":0},"end":{"line":54,"column":2}},"21":{"start":{"line":53,"column":2},"end":{"line":53,"column":25}},"22":{"start":{"line":73,"column":0},"end":{"line":81,"column":2}},"23":{"start":{"line":74,"column":2},"end":{"line":80,"column":3}},"24":{"start":{"line":75,"column":4},"end":{"line":75,"column":23}},"25":{"start":{"line":76,"column":9},"end":{"line":80,"column":3}},"26":{"start":{"line":77,"column":4},"end":{"line":77,"column":28}},"27":{"start":{"line":79,"column":4},"end":{"line":79,"column":29}},"28":{"start":{"line":92,"column":0},"end":{"line":120,"column":2}},"29":{"start":{"line":93,"column":2},"end":{"line":93,"column":36}},"30":{"start":{"line":94,"column":2},"end":{"line":96,"column":3}},"31":{"start":{"line":95,"column":4},"end":{"line":95,"column":20}},"32":{"start":{"line":98,"column":2},"end":{"line":101,"column":4}},"33":{"start":{"line":103,"column":2},"end":{"line":114,"column":18}},"34":{"start":{"line":105,"column":6},"end":{"line":105,"column":50}},"35":{"start":{"line":108,"column":6},"end":{"line":111,"column":9}},"36":{"start":{"line":112,"column":6},"end":{"line":112,"column":48}},"37":{"start":{"line":113,"column":6},"end":{"line":113,"column":42}},"38":{"start":{"line":116,"column":2},"end":{"line":118,"column":3}},"39":{"start":{"line":117,"column":4},"end":{"line":117,"column":32}},"40":{"start":{"line":119,"column":2},"end":{"line":119,"column":22}},"41":{"start":{"line":122,"column":0},"end":{"line":127,"column":2}},"42":{"start":{"line":123,"column":2},"end":{"line":126,"column":8}},"43":{"start":{"line":129,"column":0},"end":{"line":129,"column":35}}},"branchMap":{"1":{"line":74,"type":"if","locations":[{"start":{"line":74,"column":2},"end":{"line":74,"column":2}},{"start":{"line":74,"column":2},"end":{"line":74,"column":2}}]},"2":{"line":76,"type":"if","locations":[{"start":{"line":76,"column":9},"end":{"line":76,"column":9}},{"start":{"line":76,"column":9},"end":{"line":76,"column":9}}]},"3":{"line":94,"type":"if","locations":[{"start":{"line":94,"column":2},"end":{"line":94,"column":2}},{"start":{"line":94,"column":2},"end":{"line":94,"column":2}}]},"4":{"line":116,"type":"if","locations":[{"start":{"line":116,"column":2},"end":{"line":116,"column":2}},{"start":{"line":116,"column":2},"end":{"line":116,"column":2}}]}},"l":{"3":1,"10":1,"11":152,"12":152,"13":152,"14":152,"15":152,"19":1,"25":1,"26":232,"29":1,"30":0,"31":0,"32":0,"33":0,"34":0,"36":0,"43":1,"44":242,"52":1,"53":0,"73":1,"74":12,"75":0,"76":12,"77":6,"79":6,"92":1,"93":102,"94":102,"95":3,"98":102,"103":102,"105":59,"108":58,"112":27,"113":27,"116":71,"117":2,"119":69,"122":1,"123":0,"129":1}},
"/home/troy/devel/junkie/lib/ResolutionError.js":{"path":"/home/troy/devel/junkie/lib/ResolutionError.js","s":{"1":1,"2":1,"3":26,"4":26,"5":1,"6":1,"7":1,"8":1},"b":{},"f":{"1":26},"fnMap":{"1":{"name":"ResolutionError","line":10,"loc":{"start":{"line":10,"column":0},"end":{"line":10,"column":34}}}},"statementMap":{"1":{"start":{"line":2,"column":0},"end":{"line":2,"column":42}},"2":{"start":{"line":10,"column":0},"end":{"line":13,"column":1}},"3":{"start":{"line":11,"column":2},"end":{"line":11,"column":19}},"4":{"start":{"line":12,"column":2},"end":{"line":12,"column":25}},"5":{"start":{"line":14,"column":0},"end":{"line":14,"column":51}},"6":{"start":{"line":15,"column":0},"end":{"line":15,"column":56}},"7":{"start":{"line":16,"column":0},"end":{"line":16,"column":33}},"8":{"start":{"line":18,"column":0},"end":{"line":18,"column":33}}},"branchMap":{},"l":{"2":1,"10":1,"11":26,"12":26,"14":1,"15":1,"16":1,"18":1}},
"/home/troy/devel/junkie/lib/Resolver.js":{"path":"/home/troy/devel/junkie/lib/Resolver.js","s":{"1":1,"2":1,"3":1,"4":125,"5":125,"6":125,"7":1,"8":1,"9":148,"10":148,"11":148,"12":45,"13":45,"14":1,"15":148,"16":1,"17":22,"18":22,"19":1,"20":21,"21":1,"22":104,"23":1,"24":1,"25":132,"26":128,"27":99,"28":128,"29":125,"30":125,"31":125,"32":1},"b":{"1":[125,14],"2":[1,21],"3":[1,0],"4":[99,29],"5":[128,128],"6":[125,0]},"f":{"1":125,"2":148,"3":148,"4":22,"5":104,"6":132},"fnMap":{"1":{"name":"Resolver","line":14,"loc":{"start":{"line":14,"column":0},"end":{"line":14,"column":30}}},"2":{"name":"(anonymous_2)","line":23,"loc":{"start":{"line":23,"column":12},"end":{"line":23,"column":37}}},"3":{"name":"(anonymous_3)","line":33,"loc":{"start":{"line":33,"column":24},"end":{"line":33,"column":35}}},"4":{"name":"(anonymous_4)","line":40,"loc":{"start":{"line":40,"column":8},"end":{"line":40,"column":33}}},"5":{"name":"(anonymous_5)","line":49,"loc":{"start":{"line":49,"column":9},"end":{"line":49,"column":20}}},"6":{"name":"(anonymous_6)","line":67,"loc":{"start":{"line":67,"column":21},"end":{"line":67,"column":46}}}},"statementMap":{"1":{"start":{"line":3,"column":0},"end":{"line":3,"column":38}},"2":{"start":{"line":4,"column":0},"end":{"line":4,"column":51}},"3":{"start":{"line":14,"column":0},"end":{"line":18,"column":1}},"4":{"start":{"line":15,"column":2},"end":{"line":15,"column":77}},"5":{"start":{"line":16,"column":2},"end":{"line":16,"column":20}},"6":{"start":{"line":17,"column":2},"end":{"line":17,"column":26}},"7":{"start":{"line":21,"column":0},"end":{"line":21,"column":27}},"8":{"start":{"line":23,"column":0},"end":{"line":31,"column":2}},"9":{"start":{"line":24,"column":2},"end":{"line":24,"column":48}},"10":{"start":{"line":25,"column":2},"end":{"line":30,"column":3}},"11":{"start":{"line":26,"column":4},"end":{"line":26,"column":50}},"12":{"start":{"line":28,"column":4},"end":{"line":28,"column":16}},"13":{"start":{"line":29,"column":4},"end":{"line":29,"column":18}},"14":{"start":{"line":33,"column":0},"end":{"line":38,"column":2}},"15":{"start":{"line":34,"column":2},"end":{"line":37,"column":4}},"16":{"start":{"line":40,"column":0},"end":{"line":47,"column":2}},"17":{"start":{"line":41,"column":2},"end":{"line":41,"column":26}},"18":{"start":{"line":42,"column":2},"end":{"line":45,"column":3}},"19":{"start":{"line":43,"column":4},"end":{"line":44,"column":77}},"20":{"start":{"line":46,"column":2},"end":{"line":46,"column":13}},"21":{"start":{"line":49,"column":0},"end":{"line":51,"column":2}},"22":{"start":{"line":50,"column":2},"end":{"line":50,"column":28}},"23":{"start":{"line":54,"column":0},"end":{"line":65,"column":3}},"24":{"start":{"line":67,"column":0},"end":{"line":81,"column":2}},"25":{"start":{"line":68,"column":2},"end":{"line":68,"column":49}},"26":{"start":{"line":69,"column":2},"end":{"line":71,"column":3}},"27":{"start":{"line":70,"column":4},"end":{"line":70,"column":52}},"28":{"start":{"line":73,"column":2},"end":{"line":74,"column":77}},"29":{"start":{"line":76,"column":2},"end":{"line":78,"column":3}},"30":{"start":{"line":77,"column":4},"end":{"line":77,"column":44}},"31":{"start":{"line":80,"column":2},"end":{"line":80,"column":18}},"32":{"start":{"line":83,"column":0},"end":{"line":83,"column":26}}},"branchMap":{"1":{"line":17,"type":"binary-expr","locations":[{"start":{"line":17,"column":15},"end":{"line":17,"column":19}},{"start":{"line":17,"column":23},"end":{"line":17,"column":25}}]},"2":{"line":42,"type":"if","locations":[{"start":{"line":42,"column":2},"end":{"line":42,"column":2}},{"start":{"line":42,"column":2},"end":{"line":42,"column":2}}]},"3":{"line":43,"type":"binary-expr","locations":[{"start":{"line":43,"column":30},"end":{"line":43,"column":41}},{"start":{"line":44,"column":7},"end":{"line":44,"column":74}}]},"4":{"line":69,"type":"if","locations":[{"start":{"line":69,"column":2},"end":{"line":69,"column":2}},{"start":{"line":69,"column":2},"end":{"line":69,"column":2}}]},"5":{"line":73,"type":"binary-expr","locations":[{"start":{"line":73,"column":9},"end":{"line":73,"column":37}},{"start":{"line":74,"column":4},"end":{"line":74,"column":34}}]},"6":{"line":76,"type":"if","locations":[{"start":{"line":76,"column":2},"end":{"line":76,"column":2}},{"start":{"line":76,"column":2},"end":{"line":76,"column":2}}]}},"l":{"3":1,"4":1,"14":1,"15":125,"16":125,"17":125,"21":1,"23":1,"24":148,"25":148,"26":148,"28":45,"29":45,"33":1,"34":148,"40":1,"41":22,"42":22,"43":1,"46":21,"49":1,"50":104,"54":1,"67":1,"68":132,"69":128,"70":99,"73":128,"76":125,"77":125,"80":125,"83":1}},
"/home/troy/devel/junkie/lib/junkie.js":{"path":"/home/troy/devel/junkie/lib/junkie.js","s":{"1":1,"2":1,"3":1,"4":1,"5":78,"6":1,"7":1},"b":{},"f":{"1":78},"fnMap":{"1":{"name":"(anonymous_1)","line":16,"loc":{"start":{"line":16,"column":22},"end":{"line":16,"column":33}}}},"statementMap":{"1":{"start":{"line":2,"column":0},"end":{"line":2,"column":39}},"2":{"start":{"line":3,"column":0},"end":{"line":3,"column":51}},"3":{"start":{"line":10,"column":0},"end":{"line":10,"column":16}},"4":{"start":{"line":16,"column":0},"end":{"line":18,"column":2}},"5":{"start":{"line":17,"column":2},"end":{"line":17,"column":25}},"6":{"start":{"line":26,"column":0},"end":{"line":26,"column":41}},"7":{"start":{"line":28,"column":0},"end":{"line":28,"column":24}}},"branchMap":{},"l":{"2":1,"3":1,"10":1,"16":1,"17":78,"26":1,"28":1}},
"/home/troy/devel/junkie/lib/util.js":{"path":"/home/troy/devel/junkie/lib/util.js","s":{"1":1,"2":853,"3":13,"4":1,"5":1,"6":1,"7":1,"8":0,"9":0,"10":0,"11":0,"12":0,"13":0},"b":{"1":[13,840],"2":[1,0]},"f":{"1":853,"2":1,"3":0,"4":0},"fnMap":{"1":{"name":"(anonymous_1)","line":3,"loc":{"start":{"line":3,"column":24},"end":{"line":3,"column":53}}},"2":{"name":"(anonymous_2)","line":12,"loc":{"start":{"line":12,"column":28},"end":{"line":12,"column":54}}},"3":{"name":"(anonymous_3)","line":25,"loc":{"start":{"line":25,"column":28},"end":{"line":25,"column":54}}},"4":{"name":"(anonymous_4)","line":27,"loc":{"start":{"line":27,"column":19},"end":{"line":27,"column":31}}}},"statementMap":{"1":{"start":{"line":3,"column":0},"end":{"line":7,"column":2}},"2":{"start":{"line":4,"column":2},"end":{"line":6,"column":3}},"3":{"start":{"line":5,"column":4},"end":{"line":5,"column":29}},"4":{"start":{"line":10,"column":0},"end":{"line":32,"column":1}},"5":{"start":{"line":12,"column":2},"end":{"line":22,"column":4}},"6":{"start":{"line":13,"column":4},"end":{"line":13,"column":28}},"7":{"start":{"line":14,"column":4},"end":{"line":21,"column":7}},"8":{"start":{"line":25,"column":2},"end":{"line":31,"column":4}},"9":{"start":{"line":26,"column":4},"end":{"line":26,"column":28}},"10":{"start":{"line":27,"column":4},"end":{"line":27,"column":34}},"11":{"start":{"line":28,"column":4},"end":{"line":28,"column":45}},"12":{"start":{"line":29,"column":4},"end":{"line":29,"column":36}},"13":{"start":{"line":30,"column":4},"end":{"line":30,"column":38}}},"branchMap":{"1":{"line":4,"type":"if","locations":[{"start":{"line":4,"column":2},"end":{"line":4,"column":2}},{"start":{"line":4,"column":2},"end":{"line":4,"column":2}}]},"2":{"line":10,"type":"if","locations":[{"start":{"line":10,"column":0},"end":{"line":10,"column":0}},{"start":{"line":10,"column":0},"end":{"line":10,"column":0}}]}},"l":{"3":1,"4":853,"5":13,"10":1,"12":1,"13":1,"14":1,"25":0,"26":0,"27":0,"28":0,"29":0,"30":0}},
"/home/troy/devel/junkie/lib/resolver/assignment.js":{"path":"/home/troy/devel/junkie/lib/resolver/assignment.js","s":{"1":1,"2":1,"3":1,"4":1,"5":1,"6":1,"7":1},"b":{},"f":{"1":1,"2":1},"fnMap":{"1":{"name":"assignment","line":10,"loc":{"start":{"line":10,"column":17},"end":{"line":10,"column":53}}},"2":{"name":"(anonymous_2)","line":16,"loc":{"start":{"line":16,"column":20},"end":{"line":16,"column":34}}}},"statementMap":{"1":{"start":{"line":10,"column":0},"end":{"line":21,"column":2}},"2":{"start":{"line":11,"column":2},"end":{"line":11,"column":9}},"3":{"start":{"line":13,"column":2},"end":{"line":13,"column":43}},"4":{"start":{"line":15,"column":2},"end":{"line":15,"column":38}},"5":{"start":{"line":16,"column":2},"end":{"line":18,"column":5}},"6":{"start":{"line":17,"column":4},"end":{"line":17,"column":33}},"7":{"start":{"line":20,"column":2},"end":{"line":20,"column":24}}},"branchMap":{},"l":{"10":1,"11":1,"13":1,"15":1,"16":1,"17":1,"20":1}},
"/home/troy/devel/junkie/lib/resolver/caching.js":{"path":"/home/troy/devel/junkie/lib/resolver/caching.js","s":{"1":1,"2":1,"3":6,"4":6,"5":3,"6":3,"7":6,"8":6},"b":{"1":[3,3]},"f":{"1":6},"fnMap":{"1":{"name":"caching","line":14,"loc":{"start":{"line":14,"column":17},"end":{"line":14,"column":50}}}},"statementMap":{"1":{"start":{"line":3,"column":0},"end":{"line":3,"column":34}},"2":{"start":{"line":14,"column":0},"end":{"line":24,"column":2}},"3":{"start":{"line":15,"column":2},"end":{"line":15,"column":35}},"4":{"start":{"line":16,"column":2},"end":{"line":19,"column":3}},"5":{"start":{"line":17,"column":4},"end":{"line":17,"column":24}},"6":{"start":{"line":18,"column":4},"end":{"line":18,"column":15}},"7":{"start":{"line":21,"column":2},"end":{"line":21,"column":9}},"8":{"start":{"line":23,"column":2},"end":{"line":23,"column":49}}},"branchMap":{"1":{"line":16,"type":"if","locations":[{"start":{"line":16,"column":2},"end":{"line":16,"column":2}},{"start":{"line":16,"column":2},"end":{"line":16,"column":2}}]}},"l":{"3":1,"14":1,"15":6,"16":6,"17":3,"18":3,"21":6,"23":6}},
"/home/troy/devel/junkie/lib/resolver/constructor.js":{"path":"/home/troy/devel/junkie/lib/resolver/constructor.js","s":{"1":1,"2":1,"3":70,"4":1,"5":69,"6":69,"7":1,"8":68,"9":38,"10":38,"11":38,"12":38},"b":{"1":[1,69],"2":[1,68]},"f":{"1":70},"fnMap":{"1":{"name":"constuctor","line":11,"loc":{"start":{"line":11,"column":17},"end":{"line":11,"column":53}}}},"statementMap":{"1":{"start":{"line":3,"column":0},"end":{"line":3,"column":52}},"2":{"start":{"line":11,"column":0},"end":{"line":27,"column":2}},"3":{"start":{"line":12,"column":2},"end":{"line":14,"column":3}},"4":{"start":{"line":13,"column":4},"end":{"line":13,"column":80}},"5":{"start":{"line":16,"column":2},"end":{"line":16,"column":29}},"6":{"start":{"line":17,"column":2},"end":{"line":19,"column":3}},"7":{"start":{"line":18,"column":4},"end":{"line":18,"column":102}},"8":{"start":{"line":21,"column":2},"end":{"line":21,"column":38}},"9":{"start":{"line":22,"column":2},"end":{"line":22,"column":47}},"10":{"start":{"line":23,"column":2},"end":{"line":23,"column":34}},"11":{"start":{"line":24,"column":2},"end":{"line":24,"column":24}},"12":{"start":{"line":26,"column":2},"end":{"line":26,"column":9}}},"branchMap":{"1":{"line":12,"type":"if","locations":[{"start":{"line":12,"column":2},"end":{"line":12,"column":2}},{"start":{"line":12,"column":2},"end":{"line":12,"column":2}}]},"2":{"line":17,"type":"if","locations":[{"start":{"line":17,"column":2},"end":{"line":17,"column":2}},{"start":{"line":17,"column":2},"end":{"line":17,"column":2}}]}},"l":{"3":1,"11":1,"12":70,"13":1,"16":69,"17":69,"18":1,"21":68,"22":38,"23":38,"24":38,"26":38}},
"/home/troy/devel/junkie/lib/resolver/creator.js":{"path":"/home/troy/devel/junkie/lib/resolver/creator.js","s":{"1":1,"2":1,"3":8,"4":0,"5":8,"6":8,"7":8,"8":8,"9":5,"10":5,"11":5,"12":3,"13":2,"14":3,"15":0,"16":5,"17":5},"b":{"1":[0,8],"2":[5,3],"3":[3,2],"4":[0,3]},"f":{"1":8},"fnMap":{"1":{"name":"creator","line":11,"loc":{"start":{"line":11,"column":17},"end":{"line":11,"column":50}}}},"statementMap":{"1":{"start":{"line":3,"column":0},"end":{"line":3,"column":52}},"2":{"start":{"line":11,"column":0},"end":{"line":39,"column":2}},"3":{"start":{"line":12,"column":2},"end":{"line":14,"column":3}},"4":{"start":{"line":13,"column":4},"end":{"line":13,"column":76}},"5":{"start":{"line":16,"column":2},"end":{"line":16,"column":25}},"6":{"start":{"line":17,"column":2},"end":{"line":17,"column":39}},"7":{"start":{"line":19,"column":2},"end":{"line":19,"column":48}},"8":{"start":{"line":21,"column":2},"end":{"line":34,"column":3}},"9":{"start":{"line":22,"column":4},"end":{"line":22,"column":29}},"10":{"start":{"line":24,"column":4},"end":{"line":24,"column":50}},"11":{"start":{"line":25,"column":4},"end":{"line":27,"column":5}},"12":{"start":{"line":26,"column":6},"end":{"line":26,"column":106}},"13":{"start":{"line":28,"column":4},"end":{"line":28,"column":43}},"14":{"start":{"line":31,"column":4},"end":{"line":33,"column":5}},"15":{"start":{"line":32,"column":6},"end":{"line":32,"column":115}},"16":{"start":{"line":36,"column":2},"end":{"line":36,"column":24}},"17":{"start":{"line":38,"column":2},"end":{"line":38,"column":9}}},"branchMap":{"1":{"line":12,"type":"if","locations":[{"start":{"line":12,"column":2},"end":{"line":12,"column":2}},{"start":{"line":12,"column":2},"end":{"line":12,"column":2}}]},"2":{"line":21,"type":"if","locations":[{"start":{"line":21,"column":2},"end":{"line":21,"column":2}},{"start":{"line":21,"column":2},"end":{"line":21,"column":2}}]},"3":{"line":25,"type":"if","locations":[{"start":{"line":25,"column":4},"end":{"line":25,"column":4}},{"start":{"line":25,"column":4},"end":{"line":25,"column":4}}]},"4":{"line":31,"type":"if","locations":[{"start":{"line":31,"column":4},"end":{"line":31,"column":4}},{"start":{"line":31,"column":4},"end":{"line":31,"column":4}}]}},"l":{"3":1,"11":1,"12":8,"13":0,"16":8,"17":8,"19":8,"21":8,"22":5,"24":5,"25":5,"26":3,"28":2,"31":3,"32":0,"36":5,"38":5}},
"/home/troy/devel/junkie/lib/resolver/decorator.js":{"path":"/home/troy/devel/junkie/lib/resolver/decorator.js","s":{"1":1,"2":1,"3":8,"4":7,"5":3,"6":6,"7":0,"8":6,"9":1,"10":8,"11":6,"12":6,"13":6,"14":1,"15":5},"b":{"1":[3,4],"2":[0,6],"3":[1,5],"4":[6,5]},"f":{"1":8,"2":8},"fnMap":{"1":{"name":"resolveDecoratorArg","line":5,"loc":{"start":{"line":5,"column":0},"end":{"line":5,"column":44}}},"2":{"name":"decorator","line":32,"loc":{"start":{"line":32,"column":17},"end":{"line":32,"column":52}}}},"statementMap":{"1":{"start":{"line":3,"column":0},"end":{"line":3,"column":52}},"2":{"start":{"line":5,"column":0},"end":{"line":17,"column":1}},"3":{"start":{"line":6,"column":2},"end":{"line":7,"column":89}},"4":{"start":{"line":9,"column":2},"end":{"line":11,"column":3}},"5":{"start":{"line":10,"column":4},"end":{"line":10,"column":39}},"6":{"start":{"line":12,"column":2},"end":{"line":14,"column":3}},"7":{"start":{"line":13,"column":4},"end":{"line":13,"column":70}},"8":{"start":{"line":16,"column":2},"end":{"line":16,"column":19}},"9":{"start":{"line":32,"column":0},"end":{"line":43,"column":2}},"10":{"start":{"line":33,"column":2},"end":{"line":33,"column":56}},"11":{"start":{"line":35,"column":2},"end":{"line":35,"column":9}},"12":{"start":{"line":37,"column":2},"end":{"line":37,"column":62}},"13":{"start":{"line":38,"column":2},"end":{"line":40,"column":3}},"14":{"start":{"line":39,"column":4},"end":{"line":39,"column":104}},"15":{"start":{"line":42,"column":2},"end":{"line":42,"column":25}}},"branchMap":{"1":{"line":9,"type":"if","locations":[{"start":{"line":9,"column":2},"end":{"line":9,"column":2}},{"start":{"line":9,"column":2},"end":{"line":9,"column":2}}]},"2":{"line":12,"type":"if","locations":[{"start":{"line":12,"column":2},"end":{"line":12,"column":2}},{"start":{"line":12,"column":2},"end":{"line":12,"column":2}}]},"3":{"line":38,"type":"if","locations":[{"start":{"line":38,"column":2},"end":{"line":38,"column":2}},{"start":{"line":38,"column":2},"end":{"line":38,"column":2}}]},"4":{"line":38,"type":"binary-expr","locations":[{"start":{"line":38,"column":6},"end":{"line":38,"column":29}},{"start":{"line":38,"column":33},"end":{"line":38,"column":51}}]}},"l":{"3":1,"5":1,"6":8,"9":7,"10":3,"12":6,"13":0,"16":6,"32":1,"33":8,"35":6,"37":6,"38":6,"39":1,"42":5}},
"/home/troy/devel/junkie/lib/resolver/factory.js":{"path":"/home/troy/devel/junkie/lib/resolver/factory.js","s":{"1":1,"2":1,"3":15,"4":15,"5":1,"6":14,"7":14,"8":14,"9":14},"b":{"1":[1,14]},"f":{"1":15},"fnMap":{"1":{"name":"factory","line":11,"loc":{"start":{"line":11,"column":17},"end":{"line":11,"column":50}}}},"statementMap":{"1":{"start":{"line":3,"column":0},"end":{"line":3,"column":52}},"2":{"start":{"line":11,"column":0},"end":{"line":22,"column":2}},"3":{"start":{"line":12,"column":2},"end":{"line":12,"column":44}},"4":{"start":{"line":13,"column":2},"end":{"line":15,"column":3}},"5":{"start":{"line":14,"column":4},"end":{"line":14,"column":103}},"6":{"start":{"line":17,"column":2},"end":{"line":17,"column":38}},"7":{"start":{"line":18,"column":2},"end":{"line":18,"column":53}},"8":{"start":{"line":19,"column":2},"end":{"line":19,"column":24}},"9":{"start":{"line":21,"column":2},"end":{"line":21,"column":9}}},"branchMap":{"1":{"line":13,"type":"if","locations":[{"start":{"line":13,"column":2},"end":{"line":13,"column":2}},{"start":{"line":13,"column":2},"end":{"line":13,"column":2}}]}},"l":{"3":1,"11":1,"12":15,"13":15,"14":1,"17":14,"18":14,"19":14,"21":14}},
"/home/troy/devel/junkie/lib/resolver/field.js":{"path":"/home/troy/devel/junkie/lib/resolver/field.js","s":{"1":1,"2":1,"3":7,"4":7,"5":7,"6":7,"7":7,"8":7,"9":2,"10":5,"11":5},"b":{"1":[2,5]},"f":{"1":7},"fnMap":{"1":{"name":"field","line":11,"loc":{"start":{"line":11,"column":17},"end":{"line":11,"column":48}}}},"statementMap":{"1":{"start":{"line":3,"column":0},"end":{"line":3,"column":52}},"2":{"start":{"line":11,"column":0},"end":{"line":28,"column":2}},"3":{"start":{"line":13,"column":2},"end":{"line":13,"column":9}},"4":{"start":{"line":15,"column":2},"end":{"line":15,"column":43}},"5":{"start":{"line":17,"column":2},"end":{"line":17,"column":81}},"6":{"start":{"line":19,"column":2},"end":{"line":19,"column":25}},"7":{"start":{"line":20,"column":2},"end":{"line":20,"column":15}},"8":{"start":{"line":21,"column":2},"end":{"line":23,"column":3}},"9":{"start":{"line":22,"column":4},"end":{"line":22,"column":84}},"10":{"start":{"line":25,"column":2},"end":{"line":25,"column":27}},"11":{"start":{"line":27,"column":2},"end":{"line":27,"column":39}}},"branchMap":{"1":{"line":21,"type":"if","locations":[{"start":{"line":21,"column":2},"end":{"line":21,"column":2}},{"start":{"line":21,"column":2},"end":{"line":21,"column":2}}]}},"l":{"3":1,"11":1,"13":7,"15":7,"17":7,"19":7,"20":7,"21":7,"22":2,"25":5,"27":5}},
"/home/troy/devel/junkie/lib/resolver/freezing.js":{"path":"/home/troy/devel/junkie/lib/resolver/freezing.js","s":{"1":1,"2":1,"3":3,"4":3,"5":3,"6":1,"7":2,"8":1,"9":1},"b":{"1":[1,2],"2":[1,1]},"f":{"1":3},"fnMap":{"1":{"name":"freezing","line":13,"loc":{"start":{"line":13,"column":17},"end":{"line":13,"column":51}}}},"statementMap":{"1":{"start":{"line":3,"column":0},"end":{"line":3,"column":52}},"2":{"start":{"line":13,"column":0},"end":{"line":25,"column":2}},"3":{"start":{"line":14,"column":2},"end":{"line":14,"column":9}},"4":{"start":{"line":16,"column":2},"end":{"line":16,"column":28}},"5":{"start":{"line":17,"column":2},"end":{"line":19,"column":3}},"6":{"start":{"line":18,"column":4},"end":{"line":18,"column":90}},"7":{"start":{"line":20,"column":2},"end":{"line":22,"column":3}},"8":{"start":{"line":21,"column":4},"end":{"line":21,"column":102}},"9":{"start":{"line":24,"column":2},"end":{"line":24,"column":45}}},"branchMap":{"1":{"line":17,"type":"if","locations":[{"start":{"line":17,"column":2},"end":{"line":17,"column":2}},{"start":{"line":17,"column":2},"end":{"line":17,"column":2}}]},"2":{"line":20,"type":"if","locations":[{"start":{"line":20,"column":2},"end":{"line":20,"column":2}},{"start":{"line":20,"column":2},"end":{"line":20,"column":2}}]}},"l":{"3":1,"13":1,"14":3,"16":3,"17":3,"18":1,"20":2,"21":1,"24":1}},
"/home/troy/devel/junkie/lib/resolver/logging.js":{"path":"/home/troy/devel/junkie/lib/resolver/logging.js","s":{"1":1,"2":0,"3":0,"4":0},"b":{},"f":{"1":0},"fnMap":{"1":{"name":"loggingResolver","line":3,"loc":{"start":{"line":3,"column":17},"end":{"line":3,"column":58}}}},"statementMap":{"1":{"start":{"line":3,"column":0},"end":{"line":7,"column":2}},"2":{"start":{"line":4,"column":2},"end":{"line":4,"column":66}},"3":{"start":{"line":5,"column":2},"end":{"line":5,"column":9}},"4":{"start":{"line":6,"column":2},"end":{"line":6,"column":70}}},"branchMap":{},"l":{"3":1,"4":0,"5":0,"6":0}},
"/home/troy/devel/junkie/lib/resolver/method.js":{"path":"/home/troy/devel/junkie/lib/resolver/method.js","s":{"1":1,"2":1,"3":7,"4":7,"5":7,"6":7,"7":7,"8":1,"9":6,"10":6,"11":6,"12":6},"b":{"1":[1,6]},"f":{"1":7},"fnMap":{"1":{"name":"method","line":11,"loc":{"start":{"line":11,"column":17},"end":{"line":11,"column":49}}}},"statementMap":{"1":{"start":{"line":3,"column":0},"end":{"line":3,"column":52}},"2":{"start":{"line":11,"column":0},"end":{"line":28,"column":2}},"3":{"start":{"line":13,"column":2},"end":{"line":13,"column":9}},"4":{"start":{"line":15,"column":2},"end":{"line":15,"column":43}},"5":{"start":{"line":17,"column":2},"end":{"line":17,"column":84}},"6":{"start":{"line":18,"column":2},"end":{"line":18,"column":33}},"7":{"start":{"line":19,"column":2},"end":{"line":21,"column":3}},"8":{"start":{"line":20,"column":4},"end":{"line":20,"column":84}},"9":{"start":{"line":23,"column":2},"end":{"line":23,"column":25}},"10":{"start":{"line":24,"column":2},"end":{"line":24,"column":15}},"11":{"start":{"line":25,"column":2},"end":{"line":25,"column":27}},"12":{"start":{"line":27,"column":2},"end":{"line":27,"column":31}}},"branchMap":{"1":{"line":19,"type":"if","locations":[{"start":{"line":19,"column":2},"end":{"line":19,"column":2}},{"start":{"line":19,"column":2},"end":{"line":19,"column":2}}]}},"l":{"3":1,"11":1,"13":7,"15":7,"17":7,"18":7,"19":7,"20":1,"23":6,"24":6,"25":6,"27":6}}}
