{
"/home/troy/devel/junkie/lib/Component.js":{"path":"/home/troy/devel/junkie/lib/Component.js","s":{"1":1,"2":1,"3":1,"4":1,"5":1,"6":106,"7":1,"8":188,"9":188,"10":188,"11":188,"12":188,"13":188,"14":1,"15":1,"16":265,"17":1,"18":265,"19":1,"20":265,"21":1,"22":176,"23":169,"24":169,"25":1,"26":265,"27":265,"28":256,"29":1,"30":256,"31":256,"32":106,"33":256,"34":1,"35":265,"36":265,"37":424,"38":424,"39":9,"40":415,"41":415,"42":1,"43":275,"44":256,"45":2,"46":256,"47":1,"48":256,"49":256,"50":562,"51":562,"52":252,"53":310,"54":310,"55":23,"56":287,"57":137,"58":256,"59":1,"60":265,"61":265,"62":265,"63":265,"64":256,"65":256,"66":256,"67":9,"68":1},"b":{"1":[188,3],"2":[106,150],"3":[9,415],"4":[256,19],"5":[2,254],"6":[256,255,193],"7":[252,310],"8":[562,310,310],"9":[23,287],"10":[310,289],"11":[137,150],"12":[265,2]},"f":{"1":106,"2":188,"3":265,"4":265,"5":265,"6":176,"7":265,"8":256,"9":265,"10":275,"11":256,"12":562,"13":265},"fnMap":{"1":{"name":"(anonymous_1)","line":7,"loc":{"start":{"line":7,"column":37},"end":{"line":7,"column":56}}},"2":{"name":"Component","line":22,"loc":{"start":{"line":22,"column":0},"end":{"line":22,"column":65}}},"3":{"name":"(anonymous_3)","line":38,"loc":{"start":{"line":38,"column":8},"end":{"line":38,"column":19}}},"4":{"name":"(anonymous_4)","line":46,"loc":{"start":{"line":46,"column":13},"end":{"line":46,"column":24}}},"5":{"name":"(anonymous_5)","line":54,"loc":{"start":{"line":54,"column":10},"end":{"line":54,"column":21}}},"6":{"name":"(anonymous_6)","line":65,"loc":{"start":{"line":65,"column":8},"end":{"line":65,"column":33}}},"7":{"name":"(anonymous_7)","line":72,"loc":{"start":{"line":72,"column":19},"end":{"line":72,"column":37}}},"8":{"name":"(anonymous_8)","line":85,"loc":{"start":{"line":85,"column":19},"end":{"line":85,"column":30}}},"9":{"name":"(anonymous_9)","line":93,"loc":{"start":{"line":93,"column":23},"end":{"line":93,"column":37}}},"10":{"name":"(anonymous_10)","line":107,"loc":{"start":{"line":107,"column":22},"end":{"line":107,"column":45}}},"11":{"name":"(anonymous_11)","line":118,"loc":{"start":{"line":118,"column":23},"end":{"line":118,"column":62}}},"12":{"name":"(anonymous_12)","line":121,"loc":{"start":{"line":121,"column":13},"end":{"line":121,"column":24}}},"13":{"name":"(anonymous_13)","line":152,"loc":{"start":{"line":152,"column":12},"end":{"line":152,"column":30}}}},"statementMap":{"1":{"start":{"line":2,"column":0},"end":{"line":2,"column":37}},"2":{"start":{"line":3,"column":0},"end":{"line":3,"column":41}},"3":{"start":{"line":4,"column":0},"end":{"line":4,"column":55}},"4":{"start":{"line":5,"column":0},"end":{"line":5,"column":51}},"5":{"start":{"line":7,"column":0},"end":{"line":9,"column":3}},"6":{"start":{"line":8,"column":2},"end":{"line":8,"column":31}},"7":{"start":{"line":22,"column":0},"end":{"line":29,"column":1}},"8":{"start":{"line":23,"column":2},"end":{"line":23,"column":18}},"9":{"start":{"line":24,"column":2},"end":{"line":24,"column":28}},"10":{"start":{"line":25,"column":2},"end":{"line":25,"column":30}},"11":{"start":{"line":26,"column":2},"end":{"line":26,"column":54}},"12":{"start":{"line":27,"column":2},"end":{"line":27,"column":23}},"13":{"start":{"line":28,"column":2},"end":{"line":28,"column":19}},"14":{"start":{"line":32,"column":0},"end":{"line":32,"column":28}},"15":{"start":{"line":38,"column":0},"end":{"line":40,"column":2}},"16":{"start":{"line":39,"column":2},"end":{"line":39,"column":19}},"17":{"start":{"line":46,"column":0},"end":{"line":48,"column":2}},"18":{"start":{"line":47,"column":2},"end":{"line":47,"column":24}},"19":{"start":{"line":54,"column":0},"end":{"line":56,"column":2}},"20":{"start":{"line":55,"column":2},"end":{"line":55,"column":21}},"21":{"start":{"line":65,"column":0},"end":{"line":69,"column":2}},"22":{"start":{"line":66,"column":2},"end":{"line":66,"column":48}},"23":{"start":{"line":67,"column":2},"end":{"line":67,"column":33}},"24":{"start":{"line":68,"column":2},"end":{"line":68,"column":14}},"25":{"start":{"line":72,"column":0},"end":{"line":83,"column":2}},"26":{"start":{"line":73,"column":2},"end":{"line":79,"column":5}},"27":{"start":{"line":81,"column":2},"end":{"line":81,"column":31}},"28":{"start":{"line":82,"column":2},"end":{"line":82,"column":13}},"29":{"start":{"line":85,"column":0},"end":{"line":91,"column":2}},"30":{"start":{"line":86,"column":2},"end":{"line":86,"column":67}},"31":{"start":{"line":87,"column":2},"end":{"line":89,"column":3}},"32":{"start":{"line":88,"column":4},"end":{"line":88,"column":38}},"33":{"start":{"line":90,"column":2},"end":{"line":90,"column":19}},"34":{"start":{"line":93,"column":0},"end":{"line":105,"column":2}},"35":{"start":{"line":95,"column":2},"end":{"line":96,"column":10}},"36":{"start":{"line":97,"column":2},"end":{"line":104,"column":16}},"37":{"start":{"line":98,"column":4},"end":{"line":98,"column":20}},"38":{"start":{"line":99,"column":4},"end":{"line":101,"column":5}},"39":{"start":{"line":100,"column":6},"end":{"line":100,"column":63}},"40":{"start":{"line":102,"column":4},"end":{"line":102,"column":25}},"41":{"start":{"line":103,"column":4},"end":{"line":103,"column":25}},"42":{"start":{"line":107,"column":0},"end":{"line":116,"column":2}},"43":{"start":{"line":109,"column":2},"end":{"line":115,"column":3}},"44":{"start":{"line":110,"column":4},"end":{"line":112,"column":5}},"45":{"start":{"line":111,"column":6},"end":{"line":111,"column":93}},"46":{"start":{"line":114,"column":4},"end":{"line":114,"column":18}},"47":{"start":{"line":118,"column":0},"end":{"line":145,"column":2}},"48":{"start":{"line":119,"column":2},"end":{"line":119,"column":12}},"49":{"start":{"line":121,"column":2},"end":{"line":142,"column":15}},"50":{"start":{"line":123,"column":4},"end":{"line":123,"column":27}},"51":{"start":{"line":126,"column":4},"end":{"line":128,"column":5}},"52":{"start":{"line":127,"column":6},"end":{"line":127,"column":50}},"53":{"start":{"line":131,"column":4},"end":{"line":131,"column":30}},"54":{"start":{"line":134,"column":4},"end":{"line":136,"column":5}},"55":{"start":{"line":135,"column":6},"end":{"line":135,"column":50}},"56":{"start":{"line":139,"column":4},"end":{"line":141,"column":5}},"57":{"start":{"line":140,"column":6},"end":{"line":140,"column":13}},"58":{"start":{"line":144,"column":2},"end":{"line":144,"column":9}},"59":{"start":{"line":152,"column":0},"end":{"line":167,"column":2}},"60":{"start":{"line":153,"column":2},"end":{"line":166,"column":3}},"61":{"start":{"line":154,"column":4},"end":{"line":154,"column":28}},"62":{"start":{"line":156,"column":4},"end":{"line":156,"column":31}},"63":{"start":{"line":157,"column":4},"end":{"line":157,"column":43}},"64":{"start":{"line":158,"column":4},"end":{"line":158,"column":42}},"65":{"start":{"line":160,"column":4},"end":{"line":160,"column":58}},"66":{"start":{"line":162,"column":4},"end":{"line":162,"column":27}},"67":{"start":{"line":165,"column":4},"end":{"line":165,"column":29}},"68":{"start":{"line":169,"column":0},"end":{"line":169,"column":27}}},"branchMap":{"1":{"line":26,"type":"binary-expr","locations":[{"start":{"line":26,"column":29},"end":{"line":26,"column":47}},{"start":{"line":26,"column":51},"end":{"line":26,"column":53}}]},"2":{"line":87,"type":"if","locations":[{"start":{"line":87,"column":2},"end":{"line":87,"column":2}},{"start":{"line":87,"column":2},"end":{"line":87,"column":2}}]},"3":{"line":99,"type":"if","locations":[{"start":{"line":99,"column":4},"end":{"line":99,"column":4}},{"start":{"line":99,"column":4},"end":{"line":99,"column":4}}]},"4":{"line":109,"type":"if","locations":[{"start":{"line":109,"column":2},"end":{"line":109,"column":2}},{"start":{"line":109,"column":2},"end":{"line":109,"column":2}}]},"5":{"line":110,"type":"if","locations":[{"start":{"line":110,"column":4},"end":{"line":110,"column":4}},{"start":{"line":110,"column":4},"end":{"line":110,"column":4}}]},"6":{"line":110,"type":"binary-expr","locations":[{"start":{"line":110,"column":8},"end":{"line":110,"column":25}},{"start":{"line":110,"column":29},"end":{"line":110,"column":42}},{"start":{"line":110,"column":46},"end":{"line":110,"column":61}}]},"7":{"line":126,"type":"if","locations":[{"start":{"line":126,"column":4},"end":{"line":126,"column":4}},{"start":{"line":126,"column":4},"end":{"line":126,"column":4}}]},"8":{"line":126,"type":"binary-expr","locations":[{"start":{"line":126,"column":8},"end":{"line":126,"column":10}},{"start":{"line":126,"column":14},"end":{"line":126,"column":26}},{"start":{"line":126,"column":30},"end":{"line":126,"column":42}}]},"9":{"line":134,"type":"if","locations":[{"start":{"line":134,"column":4},"end":{"line":134,"column":4}},{"start":{"line":134,"column":4},"end":{"line":134,"column":4}}]},"10":{"line":134,"type":"binary-expr","locations":[{"start":{"line":134,"column":8},"end":{"line":134,"column":20}},{"start":{"line":134,"column":24},"end":{"line":134,"column":36}}]},"11":{"line":139,"type":"if","locations":[{"start":{"line":139,"column":4},"end":{"line":139,"column":4}},{"start":{"line":139,"column":4},"end":{"line":139,"column":4}}]},"12":{"line":154,"type":"binary-expr","locations":[{"start":{"line":154,"column":14},"end":{"line":154,"column":21}},{"start":{"line":154,"column":25},"end":{"line":154,"column":27}}]}},"l":{"2":1,"3":1,"4":1,"5":1,"7":1,"8":106,"22":1,"23":188,"24":188,"25":188,"26":188,"27":188,"28":188,"32":1,"38":1,"39":265,"46":1,"47":265,"54":1,"55":265,"65":1,"66":176,"67":169,"68":169,"72":1,"73":265,"81":265,"82":256,"85":1,"86":256,"87":256,"88":106,"90":256,"93":1,"95":265,"97":265,"98":424,"99":424,"100":9,"102":415,"103":415,"107":1,"109":275,"110":256,"111":2,"114":256,"118":1,"119":256,"121":256,"123":562,"126":562,"127":252,"131":310,"134":310,"135":23,"139":287,"140":137,"144":256,"152":1,"153":265,"154":265,"156":265,"157":265,"158":256,"160":256,"162":256,"165":9,"169":1}},
"/home/troy/devel/junkie/lib/Container.js":{"path":"/home/troy/devel/junkie/lib/Container.js","s":{"1":1,"2":1,"3":1,"4":1,"5":1,"6":1,"7":15,"8":6,"9":9,"10":1,"11":1,"12":151,"13":151,"14":151,"15":1,"16":1,"17":2,"18":1,"19":14,"20":13,"21":13,"22":13,"23":1,"24":13,"25":1,"26":14,"27":13,"28":13,"29":13,"30":1,"31":3,"32":1,"33":219,"34":3,"35":1,"36":191,"37":190,"38":187,"39":185,"40":185,"41":185,"42":1,"43":185,"44":1,"45":284,"46":282,"47":1,"48":284,"49":284,"50":284,"51":282,"52":19,"53":263,"54":11,"55":1,"56":7,"57":7,"58":8,"59":7,"60":2,"61":7,"62":7,"63":1},"b":{"1":[6,9],"2":[15,15],"3":[151,138],"4":[12,139],"5":[1,1],"6":[13,12],"7":[1,12],"8":[3,216],"9":[279,3],"10":[284,142],"11":[19,263],"12":[2,5]},"f":{"1":15,"2":1,"3":151,"4":2,"5":14,"6":14,"7":3,"8":219,"9":191,"10":185,"11":284,"12":284,"13":7,"14":8},"fnMap":{"1":{"name":"(anonymous_1)","line":10,"loc":{"start":{"line":10,"column":11},"end":{"line":10,"column":34}}},"2":{"name":"(anonymous_2)","line":16,"loc":{"start":{"line":16,"column":8},"end":{"line":16,"column":19}}},"3":{"name":"Container","line":33,"loc":{"start":{"line":33,"column":0},"end":{"line":33,"column":38}}},"4":{"name":"(anonymous_4)","line":46,"loc":{"start":{"line":46,"column":11},"end":{"line":46,"column":22}}},"5":{"name":"(anonymous_5)","line":59,"loc":{"start":{"line":59,"column":13},"end":{"line":59,"column":31}}},"6":{"name":"(anonymous_6)","line":79,"loc":{"start":{"line":79,"column":8},"end":{"line":79,"column":27}}},"7":{"name":"(anonymous_7)","line":91,"loc":{"start":{"line":91,"column":12},"end":{"line":91,"column":23}}},"8":{"name":"(anonymous_8)","line":95,"loc":{"start":{"line":95,"column":19},"end":{"line":95,"column":30}}},"9":{"name":"(anonymous_9)","line":113,"loc":{"start":{"line":113,"column":13},"end":{"line":113,"column":38}}},"10":{"name":"(anonymous_10)","line":125,"loc":{"start":{"line":125,"column":21},"end":{"line":125,"column":46}}},"11":{"name":"(anonymous_11)","line":129,"loc":{"start":{"line":129,"column":9},"end":{"line":129,"column":23}}},"12":{"name":"(anonymous_12)","line":152,"loc":{"start":{"line":152,"column":12},"end":{"line":152,"column":35}}},"13":{"name":"(anonymous_13)","line":178,"loc":{"start":{"line":178,"column":9},"end":{"line":178,"column":33}}},"14":{"name":"(anonymous_14)","line":180,"loc":{"start":{"line":180,"column":15},"end":{"line":180,"column":29}}}},"statementMap":{"1":{"start":{"line":3,"column":0},"end":{"line":3,"column":38}},"2":{"start":{"line":4,"column":0},"end":{"line":4,"column":39}},"3":{"start":{"line":5,"column":0},"end":{"line":5,"column":59}},"4":{"start":{"line":6,"column":0},"end":{"line":6,"column":51}},"5":{"start":{"line":7,"column":0},"end":{"line":7,"column":37}},"6":{"start":{"line":9,"column":0},"end":{"line":19,"column":2}},"7":{"start":{"line":11,"column":4},"end":{"line":13,"column":5}},"8":{"start":{"line":12,"column":6},"end":{"line":12,"column":35}},"9":{"start":{"line":14,"column":4},"end":{"line":14,"column":51}},"10":{"start":{"line":17,"column":4},"end":{"line":17,"column":14}},"11":{"start":{"line":33,"column":0},"end":{"line":37,"column":1}},"12":{"start":{"line":34,"column":2},"end":{"line":34,"column":41}},"13":{"start":{"line":35,"column":2},"end":{"line":35,"column":22}},"14":{"start":{"line":36,"column":2},"end":{"line":36,"column":64}},"15":{"start":{"line":40,"column":0},"end":{"line":40,"column":28}},"16":{"start":{"line":46,"column":0},"end":{"line":50,"column":2}},"17":{"start":{"line":47,"column":2},"end":{"line":49,"column":19}},"18":{"start":{"line":59,"column":0},"end":{"line":70,"column":2}},"19":{"start":{"line":60,"column":2},"end":{"line":60,"column":24}},"20":{"start":{"line":62,"column":2},"end":{"line":62,"column":26}},"21":{"start":{"line":64,"column":2},"end":{"line":64,"column":43}},"22":{"start":{"line":65,"column":2},"end":{"line":67,"column":3}},"23":{"start":{"line":66,"column":4},"end":{"line":66,"column":21}},"24":{"start":{"line":69,"column":2},"end":{"line":69,"column":40}},"25":{"start":{"line":79,"column":0},"end":{"line":85,"column":2}},"26":{"start":{"line":80,"column":2},"end":{"line":80,"column":24}},"27":{"start":{"line":82,"column":2},"end":{"line":82,"column":42}},"28":{"start":{"line":83,"column":2},"end":{"line":83,"column":42}},"29":{"start":{"line":84,"column":2},"end":{"line":84,"column":14}},"30":{"start":{"line":91,"column":0},"end":{"line":93,"column":2}},"31":{"start":{"line":92,"column":2},"end":{"line":92,"column":24}},"32":{"start":{"line":95,"column":0},"end":{"line":99,"column":2}},"33":{"start":{"line":96,"column":2},"end":{"line":98,"column":3}},"34":{"start":{"line":97,"column":4},"end":{"line":97,"column":42}},"35":{"start":{"line":113,"column":0},"end":{"line":123,"column":2}},"36":{"start":{"line":114,"column":2},"end":{"line":114,"column":24}},"37":{"start":{"line":116,"column":2},"end":{"line":116,"column":53}},"38":{"start":{"line":117,"column":2},"end":{"line":117,"column":63}},"39":{"start":{"line":119,"column":2},"end":{"line":119,"column":51}},"40":{"start":{"line":120,"column":2},"end":{"line":120,"column":29}},"41":{"start":{"line":122,"column":2},"end":{"line":122,"column":39}},"42":{"start":{"line":125,"column":0},"end":{"line":127,"column":2}},"43":{"start":{"line":126,"column":2},"end":{"line":126,"column":71}},"44":{"start":{"line":129,"column":0},"end":{"line":134,"column":2}},"45":{"start":{"line":130,"column":2},"end":{"line":130,"column":53}},"46":{"start":{"line":131,"column":2},"end":{"line":133,"column":11}},"47":{"start":{"line":152,"column":0},"end":{"line":170,"column":2}},"48":{"start":{"line":153,"column":2},"end":{"line":169,"column":3}},"49":{"start":{"line":154,"column":4},"end":{"line":154,"column":28}},"50":{"start":{"line":157,"column":4},"end":{"line":157,"column":30}},"51":{"start":{"line":160,"column":4},"end":{"line":162,"column":5}},"52":{"start":{"line":161,"column":6},"end":{"line":161,"column":48}},"53":{"start":{"line":165,"column":4},"end":{"line":165,"column":33}},"54":{"start":{"line":168,"column":4},"end":{"line":168,"column":29}},"55":{"start":{"line":178,"column":0},"end":{"line":189,"column":2}},"56":{"start":{"line":179,"column":2},"end":{"line":179,"column":16}},"57":{"start":{"line":180,"column":2},"end":{"line":182,"column":4}},"58":{"start":{"line":181,"column":4},"end":{"line":181,"column":21}},"59":{"start":{"line":183,"column":2},"end":{"line":185,"column":3}},"60":{"start":{"line":184,"column":4},"end":{"line":184,"column":40}},"61":{"start":{"line":186,"column":2},"end":{"line":186,"column":46}},"62":{"start":{"line":188,"column":2},"end":{"line":188,"column":27}},"63":{"start":{"line":191,"column":0},"end":{"line":191,"column":27}}},"branchMap":{"1":{"line":11,"type":"if","locations":[{"start":{"line":11,"column":4},"end":{"line":11,"column":4}},{"start":{"line":11,"column":4},"end":{"line":11,"column":4}}]},"2":{"line":11,"type":"binary-expr","locations":[{"start":{"line":11,"column":8},"end":{"line":11,"column":15}},{"start":{"line":11,"column":19},"end":{"line":11,"column":35}}]},"3":{"line":34,"type":"binary-expr","locations":[{"start":{"line":34,"column":17},"end":{"line":34,"column":23}},{"start":{"line":34,"column":27},"end":{"line":34,"column":40}}]},"4":{"line":36,"type":"cond-expr","locations":[{"start":{"line":36,"column":41},"end":{"line":36,"column":58}},{"start":{"line":36,"column":61},"end":{"line":36,"column":63}}]},"5":{"line":47,"type":"cond-expr","locations":[{"start":{"line":48,"column":6},"end":{"line":48,"column":10}},{"start":{"line":49,"column":6},"end":{"line":49,"column":18}}]},"6":{"line":62,"type":"binary-expr","locations":[{"start":{"line":62,"column":12},"end":{"line":62,"column":19}},{"start":{"line":62,"column":23},"end":{"line":62,"column":25}}]},"7":{"line":65,"type":"if","locations":[{"start":{"line":65,"column":2},"end":{"line":65,"column":2}},{"start":{"line":65,"column":2},"end":{"line":65,"column":2}}]},"8":{"line":96,"type":"if","locations":[{"start":{"line":96,"column":2},"end":{"line":96,"column":2}},{"start":{"line":96,"column":2},"end":{"line":96,"column":2}}]},"9":{"line":131,"type":"cond-expr","locations":[{"start":{"line":132,"column":6},"end":{"line":132,"column":25}},{"start":{"line":133,"column":6},"end":{"line":133,"column":10}}]},"10":{"line":154,"type":"binary-expr","locations":[{"start":{"line":154,"column":14},"end":{"line":154,"column":21}},{"start":{"line":154,"column":25},"end":{"line":154,"column":27}}]},"11":{"line":160,"type":"if","locations":[{"start":{"line":160,"column":4},"end":{"line":160,"column":4}},{"start":{"line":160,"column":4},"end":{"line":160,"column":4}}]},"12":{"line":183,"type":"if","locations":[{"start":{"line":183,"column":2},"end":{"line":183,"column":2}},{"start":{"line":183,"column":2},"end":{"line":183,"column":2}}]}},"l":{"3":1,"4":1,"5":1,"6":1,"7":1,"9":1,"11":15,"12":6,"14":9,"17":1,"33":1,"34":151,"35":151,"36":151,"40":1,"46":1,"47":2,"59":1,"60":14,"62":13,"64":13,"65":13,"66":1,"69":13,"79":1,"80":14,"82":13,"83":13,"84":13,"91":1,"92":3,"95":1,"96":219,"97":3,"113":1,"114":191,"116":190,"117":187,"119":185,"120":185,"122":185,"125":1,"126":185,"129":1,"130":284,"131":282,"152":1,"153":284,"154":284,"157":284,"160":282,"161":19,"165":263,"168":11,"178":1,"179":7,"180":7,"181":8,"183":7,"184":2,"186":7,"188":7,"191":1}},
"/home/troy/devel/junkie/lib/Dependency.js":{"path":"/home/troy/devel/junkie/lib/Dependency.js","s":{"1":1,"2":1,"3":142,"4":142,"5":142,"6":1,"7":1,"8":242,"9":1,"10":138,"11":1,"12":143,"13":1,"14":142,"15":142,"16":1,"17":142,"18":142,"19":5,"20":5,"21":142,"22":1},"b":{"1":[1,142],"2":[1,141],"3":[142,1],"4":[5,137]},"f":{"1":142,"2":242,"3":138,"4":143},"fnMap":{"1":{"name":"Dependency","line":12,"loc":{"start":{"line":12,"column":0},"end":{"line":12,"column":35}}},"2":{"name":"(anonymous_2)","line":26,"loc":{"start":{"line":26,"column":8},"end":{"line":26,"column":19}}},"3":{"name":"(anonymous_3)","line":34,"loc":{"start":{"line":34,"column":13},"end":{"line":34,"column":24}}},"4":{"name":"(anonymous_4)","line":43,"loc":{"start":{"line":43,"column":25},"end":{"line":43,"column":53}}}},"statementMap":{"1":{"start":{"line":2,"column":0},"end":{"line":2,"column":38}},"2":{"start":{"line":12,"column":0},"end":{"line":17,"column":1}},"3":{"start":{"line":13,"column":2},"end":{"line":13,"column":37}},"4":{"start":{"line":15,"column":2},"end":{"line":15,"column":18}},"5":{"start":{"line":16,"column":2},"end":{"line":16,"column":28}},"6":{"start":{"line":20,"column":0},"end":{"line":20,"column":29}},"7":{"start":{"line":26,"column":0},"end":{"line":28,"column":2}},"8":{"start":{"line":27,"column":2},"end":{"line":27,"column":19}},"9":{"start":{"line":34,"column":0},"end":{"line":36,"column":2}},"10":{"start":{"line":35,"column":2},"end":{"line":35,"column":24}},"11":{"start":{"line":43,"column":0},"end":{"line":62,"column":2}},"12":{"start":{"line":44,"column":2},"end":{"line":46,"column":3}},"13":{"start":{"line":45,"column":4},"end":{"line":45,"column":20}},"14":{"start":{"line":48,"column":2},"end":{"line":48,"column":23}},"15":{"start":{"line":50,"column":2},"end":{"line":52,"column":3}},"16":{"start":{"line":51,"column":4},"end":{"line":51,"column":32}},"17":{"start":{"line":55,"column":2},"end":{"line":55,"column":21}},"18":{"start":{"line":56,"column":2},"end":{"line":59,"column":3}},"19":{"start":{"line":57,"column":4},"end":{"line":57,"column":43}},"20":{"start":{"line":58,"column":4},"end":{"line":58,"column":20}},"21":{"start":{"line":61,"column":2},"end":{"line":61,"column":39}},"22":{"start":{"line":64,"column":0},"end":{"line":64,"column":28}}},"branchMap":{"1":{"line":44,"type":"if","locations":[{"start":{"line":44,"column":2},"end":{"line":44,"column":2}},{"start":{"line":44,"column":2},"end":{"line":44,"column":2}}]},"2":{"line":50,"type":"if","locations":[{"start":{"line":50,"column":2},"end":{"line":50,"column":2}},{"start":{"line":50,"column":2},"end":{"line":50,"column":2}}]},"3":{"line":50,"type":"binary-expr","locations":[{"start":{"line":50,"column":6},"end":{"line":50,"column":13}},{"start":{"line":50,"column":17},"end":{"line":50,"column":54}}]},"4":{"line":56,"type":"if","locations":[{"start":{"line":56,"column":2},"end":{"line":56,"column":2}},{"start":{"line":56,"column":2},"end":{"line":56,"column":2}}]}},"l":{"2":1,"12":1,"13":142,"15":142,"16":142,"20":1,"26":1,"27":242,"34":1,"35":138,"43":1,"44":143,"45":1,"48":142,"50":142,"51":1,"55":142,"56":142,"57":5,"58":5,"61":142,"64":1}},
"/home/troy/devel/junkie/lib/RegistrationBuilder.js":{"path":"/home/troy/devel/junkie/lib/RegistrationBuilder.js","s":{"1":1,"2":1,"3":185,"4":185,"5":1,"6":1,"7":185,"8":185,"9":740,"10":1,"11":168,"12":168,"13":168,"14":168,"15":1,"16":185,"17":185,"18":185,"19":2035,"20":185,"21":172,"22":1},"b":{},"f":{"1":185,"2":185,"3":740,"4":168,"5":185,"6":2035,"7":172},"fnMap":{"1":{"name":"RegistrationBuilder","line":12,"loc":{"start":{"line":12,"column":0},"end":{"line":12,"column":35}}},"2":{"name":"(anonymous_2)","line":20,"loc":{"start":{"line":20,"column":20},"end":{"line":20,"column":31}}},"3":{"name":"(anonymous_3)","line":24,"loc":{"start":{"line":24,"column":13},"end":{"line":24,"column":29}}},"4":{"name":"(anonymous_4)","line":31,"loc":{"start":{"line":31,"column":10},"end":{"line":31,"column":29}}},"5":{"name":"(anonymous_5)","line":39,"loc":{"start":{"line":39,"column":22},"end":{"line":39,"column":33}}},"6":{"name":"(anonymous_6)","line":43,"loc":{"start":{"line":43,"column":24},"end":{"line":43,"column":43}}},"7":{"name":"(anonymous_7)","line":47,"loc":{"start":{"line":47,"column":9},"end":{"line":47,"column":20}}}},"statementMap":{"1":{"start":{"line":3,"column":0},"end":{"line":3,"column":37}},"2":{"start":{"line":12,"column":0},"end":{"line":16,"column":1}},"3":{"start":{"line":13,"column":2},"end":{"line":13,"column":20}},"4":{"start":{"line":15,"column":2},"end":{"line":15,"column":24}},"5":{"start":{"line":18,"column":0},"end":{"line":18,"column":39}},"6":{"start":{"line":20,"column":0},"end":{"line":29,"column":2}},"7":{"start":{"line":21,"column":2},"end":{"line":21,"column":42}},"8":{"start":{"line":23,"column":2},"end":{"line":28,"column":18}},"9":{"start":{"line":25,"column":6},"end":{"line":27,"column":9}},"10":{"start":{"line":31,"column":0},"end":{"line":37,"column":2}},"11":{"start":{"line":32,"column":2},"end":{"line":32,"column":52}},"12":{"start":{"line":33,"column":2},"end":{"line":33,"column":15}},"13":{"start":{"line":35,"column":2},"end":{"line":35,"column":33}},"14":{"start":{"line":36,"column":2},"end":{"line":36,"column":14}},"15":{"start":{"line":39,"column":0},"end":{"line":50,"column":2}},"16":{"start":{"line":40,"column":2},"end":{"line":40,"column":33}},"17":{"start":{"line":41,"column":2},"end":{"line":41,"column":62}},"18":{"start":{"line":43,"column":2},"end":{"line":45,"column":16}},"19":{"start":{"line":44,"column":4},"end":{"line":44,"column":45}},"20":{"start":{"line":47,"column":2},"end":{"line":49,"column":4}},"21":{"start":{"line":48,"column":4},"end":{"line":48,"column":15}},"22":{"start":{"line":53,"column":0},"end":{"line":53,"column":37}}},"branchMap":{},"l":{"3":1,"12":1,"13":185,"15":185,"18":1,"20":1,"21":185,"23":185,"25":740,"31":1,"32":168,"33":168,"35":168,"36":168,"39":1,"40":185,"41":185,"43":185,"44":2035,"47":185,"48":172,"53":1}},
"/home/troy/devel/junkie/lib/Resolution.js":{"path":"/home/troy/devel/junkie/lib/Resolution.js","s":{"1":1,"2":1,"3":1,"4":1,"5":1,"6":274,"7":274,"8":274,"9":1,"10":1,"11":1,"12":225,"13":224,"14":224,"15":1,"16":193,"17":1,"18":64,"19":1,"20":1131,"21":1,"22":2,"23":1,"24":373,"25":373,"26":132,"27":126,"28":364,"29":1,"30":65,"31":1,"32":600,"33":1,"34":256,"35":256,"36":256,"37":1,"38":256,"39":133,"40":14,"41":119,"42":123,"43":123,"44":123,"45":50,"46":50,"47":73,"48":1,"49":1,"50":1},"b":{"1":[132,241],"2":[132,27],"3":[126,105],"4":[65,1],"5":[133,123],"6":[14,119],"7":[50,73]},"f":{"1":274,"2":225,"3":193,"4":64,"5":1131,"6":2,"7":373,"8":65,"9":600,"10":256,"11":256,"12":123,"13":123,"14":1},"fnMap":{"1":{"name":"Resolution","line":13,"loc":{"start":{"line":13,"column":0},"end":{"line":13,"column":22}}},"2":{"name":"(anonymous_2)","line":29,"loc":{"start":{"line":29,"column":12},"end":{"line":29,"column":31}}},"3":{"name":"(anonymous_3)","line":43,"loc":{"start":{"line":43,"column":13},"end":{"line":43,"column":24}}},"4":{"name":"(anonymous_4)","line":51,"loc":{"start":{"line":51,"column":9},"end":{"line":51,"column":25}}},"5":{"name":"(anonymous_5)","line":59,"loc":{"start":{"line":59,"column":11},"end":{"line":59,"column":22}}},"6":{"name":"(anonymous_6)","line":68,"loc":{"start":{"line":68,"column":9},"end":{"line":68,"column":20}}},"7":{"name":"(anonymous_7)","line":81,"loc":{"start":{"line":81,"column":13},"end":{"line":81,"column":31}}},"8":{"name":"(anonymous_8)","line":100,"loc":{"start":{"line":100,"column":10},"end":{"line":100,"column":21}}},"9":{"name":"(anonymous_9)","line":108,"loc":{"start":{"line":108,"column":11},"end":{"line":108,"column":22}}},"10":{"name":"(anonymous_10)","line":116,"loc":{"start":{"line":116,"column":12},"end":{"line":116,"column":23}}},"11":{"name":"(anonymous_11)","line":127,"loc":{"start":{"line":127,"column":14},"end":{"line":127,"column":25}}},"12":{"name":"(anonymous_12)","line":135,"loc":{"start":{"line":135,"column":21},"end":{"line":135,"column":47}}},"13":{"name":"(anonymous_13)","line":136,"loc":{"start":{"line":136,"column":27},"end":{"line":136,"column":38}}},"14":{"name":"(anonymous_14)","line":146,"loc":{"start":{"line":146,"column":13},"end":{"line":146,"column":24}}}},"statementMap":{"1":{"start":{"line":3,"column":0},"end":{"line":3,"column":50}},"2":{"start":{"line":4,"column":0},"end":{"line":4,"column":29}},"3":{"start":{"line":5,"column":0},"end":{"line":5,"column":51}},"4":{"start":{"line":7,"column":0},"end":{"line":7,"column":25}},"5":{"start":{"line":13,"column":0},"end":{"line":18,"column":1}},"6":{"start":{"line":14,"column":2},"end":{"line":14,"column":26}},"7":{"start":{"line":15,"column":2},"end":{"line":15,"column":21}},"8":{"start":{"line":17,"column":2},"end":{"line":17,"column":35}},"9":{"start":{"line":19,"column":0},"end":{"line":19,"column":40}},"10":{"start":{"line":22,"column":0},"end":{"line":22,"column":29}},"11":{"start":{"line":29,"column":0},"end":{"line":37,"column":2}},"12":{"start":{"line":30,"column":2},"end":{"line":32,"column":21}},"13":{"start":{"line":33,"column":2},"end":{"line":35,"column":21}},"14":{"start":{"line":36,"column":2},"end":{"line":36,"column":28}},"15":{"start":{"line":43,"column":0},"end":{"line":45,"column":2}},"16":{"start":{"line":44,"column":2},"end":{"line":44,"column":38}},"17":{"start":{"line":51,"column":0},"end":{"line":53,"column":2}},"18":{"start":{"line":52,"column":2},"end":{"line":52,"column":22}},"19":{"start":{"line":59,"column":0},"end":{"line":61,"column":2}},"20":{"start":{"line":60,"column":2},"end":{"line":60,"column":23}},"21":{"start":{"line":68,"column":0},"end":{"line":70,"column":2}},"22":{"start":{"line":69,"column":2},"end":{"line":69,"column":20}},"23":{"start":{"line":81,"column":0},"end":{"line":94,"column":2}},"24":{"start":{"line":82,"column":2},"end":{"line":82,"column":25}},"25":{"start":{"line":84,"column":2},"end":{"line":91,"column":3}},"26":{"start":{"line":85,"column":4},"end":{"line":87,"column":23}},"27":{"start":{"line":88,"column":4},"end":{"line":90,"column":23}},"28":{"start":{"line":93,"column":2},"end":{"line":93,"column":11}},"29":{"start":{"line":100,"column":0},"end":{"line":102,"column":2}},"30":{"start":{"line":101,"column":2},"end":{"line":101,"column":29}},"31":{"start":{"line":108,"column":0},"end":{"line":110,"column":2}},"32":{"start":{"line":109,"column":2},"end":{"line":109,"column":22}},"33":{"start":{"line":116,"column":0},"end":{"line":120,"column":2}},"34":{"start":{"line":117,"column":2},"end":{"line":117,"column":61}},"35":{"start":{"line":118,"column":2},"end":{"line":118,"column":25}},"36":{"start":{"line":119,"column":2},"end":{"line":119,"column":31}},"37":{"start":{"line":127,"column":0},"end":{"line":144,"column":2}},"38":{"start":{"line":128,"column":2},"end":{"line":133,"column":3}},"39":{"start":{"line":129,"column":4},"end":{"line":131,"column":5}},"40":{"start":{"line":130,"column":6},"end":{"line":130,"column":42}},"41":{"start":{"line":132,"column":4},"end":{"line":132,"column":44}},"42":{"start":{"line":135,"column":2},"end":{"line":143,"column":16}},"43":{"start":{"line":136,"column":4},"end":{"line":142,"column":18}},"44":{"start":{"line":137,"column":6},"end":{"line":140,"column":7}},"45":{"start":{"line":138,"column":8},"end":{"line":138,"column":29}},"46":{"start":{"line":139,"column":8},"end":{"line":139,"column":15}},"47":{"start":{"line":141,"column":6},"end":{"line":141,"column":31}},"48":{"start":{"line":146,"column":0},"end":{"line":152,"column":2}},"49":{"start":{"line":147,"column":2},"end":{"line":151,"column":8}},"50":{"start":{"line":154,"column":0},"end":{"line":154,"column":28}}},"branchMap":{"1":{"line":84,"type":"if","locations":[{"start":{"line":84,"column":2},"end":{"line":84,"column":2}},{"start":{"line":84,"column":2},"end":{"line":84,"column":2}}]},"2":{"line":85,"type":"binary-expr","locations":[{"start":{"line":85,"column":11},"end":{"line":85,"column":19}},{"start":{"line":85,"column":23},"end":{"line":85,"column":32}}]},"3":{"line":88,"type":"binary-expr","locations":[{"start":{"line":88,"column":11},"end":{"line":88,"column":18}},{"start":{"line":88,"column":22},"end":{"line":88,"column":31}}]},"4":{"line":101,"type":"binary-expr","locations":[{"start":{"line":101,"column":9},"end":{"line":101,"column":20}},{"start":{"line":101,"column":24},"end":{"line":101,"column":28}}]},"5":{"line":128,"type":"if","locations":[{"start":{"line":128,"column":2},"end":{"line":128,"column":2}},{"start":{"line":128,"column":2},"end":{"line":128,"column":2}}]},"6":{"line":129,"type":"if","locations":[{"start":{"line":129,"column":4},"end":{"line":129,"column":4}},{"start":{"line":129,"column":4},"end":{"line":129,"column":4}}]},"7":{"line":137,"type":"if","locations":[{"start":{"line":137,"column":6},"end":{"line":137,"column":6}},{"start":{"line":137,"column":6},"end":{"line":137,"column":6}}]}},"l":{"3":1,"4":1,"5":1,"7":1,"13":1,"14":274,"15":274,"17":274,"19":1,"22":1,"29":1,"30":225,"33":224,"36":224,"43":1,"44":193,"51":1,"52":64,"59":1,"60":1131,"68":1,"69":2,"81":1,"82":373,"84":373,"85":132,"88":126,"93":364,"100":1,"101":65,"108":1,"109":600,"116":1,"117":256,"118":256,"119":256,"127":1,"128":256,"129":133,"130":14,"132":119,"135":123,"136":123,"137":123,"138":50,"139":50,"141":73,"146":1,"147":1,"154":1}},
"/home/troy/devel/junkie/lib/ResolutionContext.js":{"path":"/home/troy/devel/junkie/lib/ResolutionContext.js","s":{"1":1,"2":1,"3":285,"4":4,"5":281,"6":1393,"7":1,"8":1,"9":424,"10":1,"11":4,"12":4,"13":4,"14":7,"15":7,"16":4,"17":1,"18":432,"19":1,"20":242,"21":1,"22":13,"23":2,"24":11,"25":8,"26":3,"27":1,"28":135,"29":1,"30":140,"31":140,"32":11,"33":140,"34":140,"35":138,"36":138,"37":101,"38":101,"39":140,"40":103,"41":8,"42":95,"43":1,"44":1,"45":1},"b":{"1":[4,281],"2":[285,285,284,283,282],"3":[424,261],"4":[2,11],"5":[8,3],"6":[11,129],"7":[8,95]},"f":{"1":285,"2":1393,"3":424,"4":4,"5":432,"6":242,"7":13,"8":135,"9":140,"10":138,"11":138,"12":101,"13":103,"14":1},"fnMap":{"1":{"name":"ResolutionContext","line":10,"loc":{"start":{"line":10,"column":0},"end":{"line":10,"column":36}}},"2":{"name":"(anonymous_2)","line":20,"loc":{"start":{"line":20,"column":31},"end":{"line":20,"column":45}}},"3":{"name":"(anonymous_3)","line":32,"loc":{"start":{"line":32,"column":14},"end":{"line":32,"column":25}}},"4":{"name":"(anonymous_4)","line":42,"loc":{"start":{"line":42,"column":14},"end":{"line":42,"column":25}}},"5":{"name":"(anonymous_5)","line":56,"loc":{"start":{"line":56,"column":9},"end":{"line":56,"column":20}}},"6":{"name":"(anonymous_6)","line":65,"loc":{"start":{"line":65,"column":15},"end":{"line":65,"column":26}}},"7":{"name":"(anonymous_7)","line":86,"loc":{"start":{"line":86,"column":11},"end":{"line":86,"column":32}}},"8":{"name":"(anonymous_8)","line":102,"loc":{"start":{"line":102,"column":17},"end":{"line":102,"column":31}}},"9":{"name":"(anonymous_9)","line":118,"loc":{"start":{"line":118,"column":13},"end":{"line":118,"column":37}}},"10":{"name":"(anonymous_10)","line":130,"loc":{"start":{"line":130,"column":13},"end":{"line":130,"column":27}}},"11":{"name":"(anonymous_11)","line":133,"loc":{"start":{"line":133,"column":9},"end":{"line":133,"column":23}}},"12":{"name":"(anonymous_12)","line":134,"loc":{"start":{"line":134,"column":40},"end":{"line":134,"column":62}}},"13":{"name":"(anonymous_13)","line":140,"loc":{"start":{"line":140,"column":36},"end":{"line":140,"column":47}}},"14":{"name":"(anonymous_14)","line":149,"loc":{"start":{"line":149,"column":14},"end":{"line":149,"column":25}}}},"statementMap":{"1":{"start":{"line":3,"column":0},"end":{"line":3,"column":41}},"2":{"start":{"line":10,"column":0},"end":{"line":23,"column":1}},"3":{"start":{"line":11,"column":2},"end":{"line":18,"column":3}},"4":{"start":{"line":17,"column":4},"end":{"line":17,"column":77}},"5":{"start":{"line":20,"column":2},"end":{"line":22,"column":16}},"6":{"start":{"line":21,"column":4},"end":{"line":21,"column":35}},"7":{"start":{"line":26,"column":0},"end":{"line":26,"column":37}},"8":{"start":{"line":32,"column":0},"end":{"line":34,"column":2}},"9":{"start":{"line":33,"column":2},"end":{"line":33,"column":32}},"10":{"start":{"line":42,"column":0},"end":{"line":50,"column":2}},"11":{"start":{"line":43,"column":2},"end":{"line":43,"column":17}},"12":{"start":{"line":44,"column":2},"end":{"line":44,"column":17}},"13":{"start":{"line":45,"column":2},"end":{"line":48,"column":16}},"14":{"start":{"line":46,"column":4},"end":{"line":46,"column":29}},"15":{"start":{"line":47,"column":4},"end":{"line":47,"column":25}},"16":{"start":{"line":49,"column":2},"end":{"line":49,"column":15}},"17":{"start":{"line":56,"column":0},"end":{"line":58,"column":2}},"18":{"start":{"line":57,"column":2},"end":{"line":57,"column":19}},"19":{"start":{"line":65,"column":0},"end":{"line":67,"column":2}},"20":{"start":{"line":66,"column":2},"end":{"line":66,"column":25}},"21":{"start":{"line":86,"column":0},"end":{"line":94,"column":2}},"22":{"start":{"line":87,"column":2},"end":{"line":93,"column":3}},"23":{"start":{"line":88,"column":4},"end":{"line":88,"column":23}},"24":{"start":{"line":89,"column":9},"end":{"line":93,"column":3}},"25":{"start":{"line":90,"column":4},"end":{"line":90,"column":28}},"26":{"start":{"line":92,"column":4},"end":{"line":92,"column":29}},"27":{"start":{"line":102,"column":0},"end":{"line":107,"column":2}},"28":{"start":{"line":103,"column":2},"end":{"line":106,"column":5}},"29":{"start":{"line":118,"column":0},"end":{"line":146,"column":2}},"30":{"start":{"line":119,"column":2},"end":{"line":119,"column":36}},"31":{"start":{"line":120,"column":2},"end":{"line":122,"column":3}},"32":{"start":{"line":121,"column":4},"end":{"line":121,"column":20}},"33":{"start":{"line":124,"column":2},"end":{"line":127,"column":4}},"34":{"start":{"line":129,"column":2},"end":{"line":138,"column":22}},"35":{"start":{"line":131,"column":6},"end":{"line":131,"column":50}},"36":{"start":{"line":134,"column":6},"end":{"line":137,"column":9}},"37":{"start":{"line":135,"column":8},"end":{"line":135,"column":44}},"38":{"start":{"line":136,"column":8},"end":{"line":136,"column":38}},"39":{"start":{"line":140,"column":2},"end":{"line":145,"column":5}},"40":{"start":{"line":141,"column":4},"end":{"line":143,"column":5}},"41":{"start":{"line":142,"column":6},"end":{"line":142,"column":28}},"42":{"start":{"line":144,"column":4},"end":{"line":144,"column":18}},"43":{"start":{"line":149,"column":0},"end":{"line":154,"column":2}},"44":{"start":{"line":150,"column":2},"end":{"line":153,"column":8}},"45":{"start":{"line":156,"column":0},"end":{"line":156,"column":35}}},"branchMap":{"1":{"line":11,"type":"if","locations":[{"start":{"line":11,"column":2},"end":{"line":11,"column":2}},{"start":{"line":11,"column":2},"end":{"line":11,"column":2}}]},"2":{"line":11,"type":"binary-expr","locations":[{"start":{"line":11,"column":6},"end":{"line":11,"column":14}},{"start":{"line":12,"column":4},"end":{"line":12,"column":22}},{"start":{"line":13,"column":4},"end":{"line":13,"column":16}},{"start":{"line":14,"column":4},"end":{"line":14,"column":35}},{"start":{"line":15,"column":4},"end":{"line":15,"column":18}}]},"3":{"line":33,"type":"binary-expr","locations":[{"start":{"line":33,"column":9},"end":{"line":33,"column":23}},{"start":{"line":33,"column":27},"end":{"line":33,"column":31}}]},"4":{"line":87,"type":"if","locations":[{"start":{"line":87,"column":2},"end":{"line":87,"column":2}},{"start":{"line":87,"column":2},"end":{"line":87,"column":2}}]},"5":{"line":89,"type":"if","locations":[{"start":{"line":89,"column":9},"end":{"line":89,"column":9}},{"start":{"line":89,"column":9},"end":{"line":89,"column":9}}]},"6":{"line":120,"type":"if","locations":[{"start":{"line":120,"column":2},"end":{"line":120,"column":2}},{"start":{"line":120,"column":2},"end":{"line":120,"column":2}}]},"7":{"line":141,"type":"if","locations":[{"start":{"line":141,"column":4},"end":{"line":141,"column":4}},{"start":{"line":141,"column":4},"end":{"line":141,"column":4}}]}},"l":{"3":1,"10":1,"11":285,"17":4,"20":281,"21":1393,"26":1,"32":1,"33":424,"42":1,"43":4,"44":4,"45":4,"46":7,"47":7,"49":4,"56":1,"57":432,"65":1,"66":242,"86":1,"87":13,"88":2,"89":11,"90":8,"92":3,"102":1,"103":135,"118":1,"119":140,"120":140,"121":11,"124":140,"129":140,"131":138,"134":138,"135":101,"136":101,"140":140,"141":103,"142":8,"144":95,"149":1,"150":1,"156":1}},
"/home/troy/devel/junkie/lib/ResolutionError.js":{"path":"/home/troy/devel/junkie/lib/ResolutionError.js","s":{"1":1,"2":1,"3":46,"4":46,"5":1,"6":1,"7":1,"8":1},"b":{},"f":{"1":46},"fnMap":{"1":{"name":"ResolutionError","line":10,"loc":{"start":{"line":10,"column":0},"end":{"line":10,"column":34}}}},"statementMap":{"1":{"start":{"line":2,"column":0},"end":{"line":2,"column":42}},"2":{"start":{"line":10,"column":0},"end":{"line":13,"column":1}},"3":{"start":{"line":11,"column":2},"end":{"line":11,"column":19}},"4":{"start":{"line":12,"column":2},"end":{"line":12,"column":25}},"5":{"start":{"line":14,"column":0},"end":{"line":14,"column":51}},"6":{"start":{"line":15,"column":0},"end":{"line":15,"column":56}},"7":{"start":{"line":16,"column":0},"end":{"line":16,"column":33}},"8":{"start":{"line":18,"column":0},"end":{"line":18,"column":33}}},"branchMap":{},"l":{"2":1,"10":1,"11":46,"12":46,"14":1,"15":1,"16":1,"18":1}},
"/home/troy/devel/junkie/lib/Resolver.js":{"path":"/home/troy/devel/junkie/lib/Resolver.js","s":{"1":1,"2":1,"3":1,"4":193,"5":193,"6":193,"7":1,"8":1,"9":311,"10":311,"11":311,"12":18,"13":18,"14":1,"15":311,"16":1,"17":40,"18":40,"19":5,"20":35,"21":1,"22":146,"23":1,"24":287,"25":1,"26":1,"27":191,"28":187,"29":147,"30":187,"31":184,"32":183,"33":184,"34":1},"b":{"1":[193,20],"2":[5,35],"3":[5,3],"4":[147,40],"5":[183,1]},"f":{"1":193,"2":311,"3":311,"4":40,"5":146,"6":287,"7":191},"fnMap":{"1":{"name":"Resolver","line":14,"loc":{"start":{"line":14,"column":0},"end":{"line":14,"column":30}}},"2":{"name":"(anonymous_2)","line":25,"loc":{"start":{"line":25,"column":12},"end":{"line":25,"column":37}}},"3":{"name":"(anonymous_3)","line":35,"loc":{"start":{"line":35,"column":24},"end":{"line":35,"column":35}}},"4":{"name":"(anonymous_4)","line":42,"loc":{"start":{"line":42,"column":8},"end":{"line":42,"column":33}}},"5":{"name":"(anonymous_5)","line":51,"loc":{"start":{"line":51,"column":9},"end":{"line":51,"column":20}}},"6":{"name":"(anonymous_6)","line":55,"loc":{"start":{"line":55,"column":19},"end":{"line":55,"column":30}}},"7":{"name":"(anonymous_7)","line":74,"loc":{"start":{"line":74,"column":21},"end":{"line":74,"column":46}}}},"statementMap":{"1":{"start":{"line":3,"column":0},"end":{"line":3,"column":38}},"2":{"start":{"line":4,"column":0},"end":{"line":4,"column":51}},"3":{"start":{"line":14,"column":0},"end":{"line":20,"column":1}},"4":{"start":{"line":15,"column":2},"end":{"line":17,"column":44}},"5":{"start":{"line":18,"column":2},"end":{"line":18,"column":20}},"6":{"start":{"line":19,"column":2},"end":{"line":19,"column":26}},"7":{"start":{"line":23,"column":0},"end":{"line":23,"column":27}},"8":{"start":{"line":25,"column":0},"end":{"line":33,"column":2}},"9":{"start":{"line":26,"column":2},"end":{"line":26,"column":48}},"10":{"start":{"line":27,"column":2},"end":{"line":32,"column":3}},"11":{"start":{"line":28,"column":4},"end":{"line":28,"column":50}},"12":{"start":{"line":30,"column":4},"end":{"line":30,"column":16}},"13":{"start":{"line":31,"column":4},"end":{"line":31,"column":18}},"14":{"start":{"line":35,"column":0},"end":{"line":40,"column":2}},"15":{"start":{"line":36,"column":2},"end":{"line":39,"column":4}},"16":{"start":{"line":42,"column":0},"end":{"line":49,"column":2}},"17":{"start":{"line":43,"column":2},"end":{"line":43,"column":26}},"18":{"start":{"line":44,"column":2},"end":{"line":47,"column":3}},"19":{"start":{"line":45,"column":4},"end":{"line":46,"column":77}},"20":{"start":{"line":48,"column":2},"end":{"line":48,"column":13}},"21":{"start":{"line":51,"column":0},"end":{"line":53,"column":2}},"22":{"start":{"line":52,"column":2},"end":{"line":52,"column":28}},"23":{"start":{"line":55,"column":0},"end":{"line":57,"column":2}},"24":{"start":{"line":56,"column":2},"end":{"line":56,"column":32}},"25":{"start":{"line":60,"column":0},"end":{"line":72,"column":3}},"26":{"start":{"line":74,"column":0},"end":{"line":87,"column":2}},"27":{"start":{"line":75,"column":2},"end":{"line":75,"column":49}},"28":{"start":{"line":76,"column":2},"end":{"line":78,"column":3}},"29":{"start":{"line":77,"column":4},"end":{"line":77,"column":52}},"30":{"start":{"line":80,"column":2},"end":{"line":80,"column":91}},"31":{"start":{"line":82,"column":2},"end":{"line":84,"column":3}},"32":{"start":{"line":83,"column":4},"end":{"line":83,"column":44}},"33":{"start":{"line":86,"column":2},"end":{"line":86,"column":18}},"34":{"start":{"line":89,"column":0},"end":{"line":89,"column":26}}},"branchMap":{"1":{"line":19,"type":"binary-expr","locations":[{"start":{"line":19,"column":15},"end":{"line":19,"column":19}},{"start":{"line":19,"column":23},"end":{"line":19,"column":25}}]},"2":{"line":44,"type":"if","locations":[{"start":{"line":44,"column":2},"end":{"line":44,"column":2}},{"start":{"line":44,"column":2},"end":{"line":44,"column":2}}]},"3":{"line":45,"type":"binary-expr","locations":[{"start":{"line":45,"column":30},"end":{"line":45,"column":41}},{"start":{"line":46,"column":7},"end":{"line":46,"column":74}}]},"4":{"line":76,"type":"if","locations":[{"start":{"line":76,"column":2},"end":{"line":76,"column":2}},{"start":{"line":76,"column":2},"end":{"line":76,"column":2}}]},"5":{"line":82,"type":"if","locations":[{"start":{"line":82,"column":2},"end":{"line":82,"column":2}},{"start":{"line":82,"column":2},"end":{"line":82,"column":2}}]}},"l":{"3":1,"4":1,"14":1,"15":193,"18":193,"19":193,"23":1,"25":1,"26":311,"27":311,"28":311,"30":18,"31":18,"35":1,"36":311,"42":1,"43":40,"44":40,"45":5,"48":35,"51":1,"52":146,"55":1,"56":287,"60":1,"74":1,"75":191,"76":187,"77":147,"80":187,"82":184,"83":183,"86":184,"89":1}},
"/home/troy/devel/junkie/lib/junkie.js":{"path":"/home/troy/devel/junkie/lib/junkie.js","s":{"1":1,"2":1,"3":1,"4":1,"5":113,"6":1,"7":1},"b":{},"f":{"1":113},"fnMap":{"1":{"name":"(anonymous_1)","line":16,"loc":{"start":{"line":16,"column":22},"end":{"line":16,"column":33}}}},"statementMap":{"1":{"start":{"line":2,"column":0},"end":{"line":2,"column":39}},"2":{"start":{"line":3,"column":0},"end":{"line":3,"column":51}},"3":{"start":{"line":10,"column":0},"end":{"line":10,"column":16}},"4":{"start":{"line":16,"column":0},"end":{"line":18,"column":2}},"5":{"start":{"line":17,"column":2},"end":{"line":17,"column":25}},"6":{"start":{"line":26,"column":0},"end":{"line":26,"column":41}},"7":{"start":{"line":28,"column":0},"end":{"line":28,"column":24}}},"branchMap":{},"l":{"2":1,"3":1,"10":1,"16":1,"17":113,"26":1,"28":1}},
"/home/troy/devel/junkie/lib/util.js":{"path":"/home/troy/devel/junkie/lib/util.js","s":{"1":1,"2":1193,"3":1,"4":2492,"5":33,"6":33,"7":2,"8":1006,"9":375,"10":1006,"11":2,"12":2,"13":1,"14":2,"15":2,"16":1,"17":1,"18":1,"19":1,"20":1,"21":1},"b":{"1":[1,1192],"2":[33,2459],"3":[33,16],"4":[188,818],"5":[1,1]},"f":{"1":1193,"2":2492,"3":1006,"4":375,"5":2,"6":1,"7":1},"fnMap":{"1":{"name":"isType","line":3,"loc":{"start":{"line":3,"column":0},"end":{"line":3,"column":27}}},"2":{"name":"assert","line":9,"loc":{"start":{"line":9,"column":0},"end":{"line":9,"column":47}}},"3":{"name":"(anonymous_3)","line":16,"loc":{"start":{"line":16,"column":14},"end":{"line":16,"column":54}}},"4":{"name":"(anonymous_4)","line":18,"loc":{"start":{"line":18,"column":16},"end":{"line":18,"column":28}}},"5":{"name":"(anonymous_5)","line":29,"loc":{"start":{"line":29,"column":28},"end":{"line":29,"column":54}}},"6":{"name":"(anonymous_6)","line":42,"loc":{"start":{"line":42,"column":28},"end":{"line":42,"column":54}}},"7":{"name":"(anonymous_7)","line":44,"loc":{"start":{"line":44,"column":19},"end":{"line":44,"column":31}}}},"statementMap":{"1":{"start":{"line":3,"column":0},"end":{"line":7,"column":1}},"2":{"start":{"line":4,"column":2},"end":{"line":6,"column":26}},"3":{"start":{"line":9,"column":0},"end":{"line":14,"column":1}},"4":{"start":{"line":10,"column":2},"end":{"line":13,"column":3}},"5":{"start":{"line":11,"column":4},"end":{"line":11,"column":31}},"6":{"start":{"line":12,"column":4},"end":{"line":12,"column":25}},"7":{"start":{"line":16,"column":0},"end":{"line":21,"column":2}},"8":{"start":{"line":17,"column":2},"end":{"line":19,"column":24}},"9":{"start":{"line":18,"column":30},"end":{"line":18,"column":52}},"10":{"start":{"line":20,"column":2},"end":{"line":20,"column":35}},"11":{"start":{"line":23,"column":0},"end":{"line":23,"column":31}},"12":{"start":{"line":27,"column":0},"end":{"line":49,"column":1}},"13":{"start":{"line":29,"column":2},"end":{"line":39,"column":4}},"14":{"start":{"line":30,"column":4},"end":{"line":30,"column":28}},"15":{"start":{"line":31,"column":4},"end":{"line":38,"column":7}},"16":{"start":{"line":42,"column":2},"end":{"line":48,"column":4}},"17":{"start":{"line":43,"column":4},"end":{"line":43,"column":28}},"18":{"start":{"line":44,"column":4},"end":{"line":44,"column":34}},"19":{"start":{"line":45,"column":4},"end":{"line":45,"column":45}},"20":{"start":{"line":46,"column":4},"end":{"line":46,"column":36}},"21":{"start":{"line":47,"column":4},"end":{"line":47,"column":38}}},"branchMap":{"1":{"line":4,"type":"cond-expr","locations":[{"start":{"line":5,"column":6},"end":{"line":5,"column":24}},{"start":{"line":6,"column":6},"end":{"line":6,"column":25}}]},"2":{"line":10,"type":"if","locations":[{"start":{"line":10,"column":2},"end":{"line":10,"column":2}},{"start":{"line":10,"column":2},"end":{"line":10,"column":2}}]},"3":{"line":11,"type":"binary-expr","locations":[{"start":{"line":11,"column":12},"end":{"line":11,"column":21}},{"start":{"line":11,"column":25},"end":{"line":11,"column":30}}]},"4":{"line":17,"type":"cond-expr","locations":[{"start":{"line":18,"column":6},"end":{"line":18,"column":55}},{"start":{"line":19,"column":6},"end":{"line":19,"column":23}}]},"5":{"line":27,"type":"if","locations":[{"start":{"line":27,"column":0},"end":{"line":27,"column":0}},{"start":{"line":27,"column":0},"end":{"line":27,"column":0}}]}},"l":{"3":1,"4":1193,"9":1,"10":2492,"11":33,"12":33,"16":2,"17":1006,"18":375,"20":1006,"23":2,"27":2,"29":1,"30":2,"31":2,"42":1,"43":1,"44":1,"45":1,"46":1,"47":1}},
"/home/troy/devel/junkie/lib/resolver/assignment.js":{"path":"/home/troy/devel/junkie/lib/resolver/assignment.js","s":{"1":1,"2":2,"3":2,"4":1,"5":1,"6":1,"7":1,"8":1},"b":{},"f":{"1":2,"2":1,"3":1,"4":1},"fnMap":{"1":{"name":"assignment","line":10,"loc":{"start":{"line":10,"column":17},"end":{"line":10,"column":53}}},"2":{"name":"(anonymous_2)","line":14,"loc":{"start":{"line":14,"column":10},"end":{"line":14,"column":25}}},"3":{"name":"(anonymous_3)","line":15,"loc":{"start":{"line":15,"column":24},"end":{"line":15,"column":38}}},"4":{"name":"(anonymous_4)","line":20,"loc":{"start":{"line":20,"column":11},"end":{"line":20,"column":25}}}},"statementMap":{"1":{"start":{"line":10,"column":0},"end":{"line":24,"column":2}},"2":{"start":{"line":11,"column":2},"end":{"line":11,"column":36}},"3":{"start":{"line":13,"column":2},"end":{"line":23,"column":7}},"4":{"start":{"line":15,"column":6},"end":{"line":17,"column":9}},"5":{"start":{"line":16,"column":8},"end":{"line":16,"column":37}},"6":{"start":{"line":18,"column":6},"end":{"line":18,"column":13}},"7":{"start":{"line":21,"column":6},"end":{"line":21,"column":20}},"8":{"start":{"line":22,"column":6},"end":{"line":22,"column":13}}},"branchMap":{},"l":{"10":1,"11":2,"13":2,"15":1,"16":1,"18":1,"21":1,"22":1}},
"/home/troy/devel/junkie/lib/resolver/caching.js":{"path":"/home/troy/devel/junkie/lib/resolver/caching.js","s":{"1":1,"2":1,"3":5,"4":5,"5":2,"6":2,"7":3,"8":3},"b":{"1":[2,3]},"f":{"1":5,"2":3},"fnMap":{"1":{"name":"caching","line":14,"loc":{"start":{"line":14,"column":17},"end":{"line":14,"column":44}}},"2":{"name":"(anonymous_2)","line":21,"loc":{"start":{"line":21,"column":24},"end":{"line":21,"column":35}}}},"statementMap":{"1":{"start":{"line":3,"column":0},"end":{"line":3,"column":34}},"2":{"start":{"line":14,"column":0},"end":{"line":24,"column":2}},"3":{"start":{"line":15,"column":2},"end":{"line":15,"column":35}},"4":{"start":{"line":16,"column":2},"end":{"line":19,"column":3}},"5":{"start":{"line":17,"column":4},"end":{"line":17,"column":24}},"6":{"start":{"line":18,"column":4},"end":{"line":18,"column":22}},"7":{"start":{"line":21,"column":2},"end":{"line":23,"column":5}},"8":{"start":{"line":22,"column":4},"end":{"line":22,"column":40}}},"branchMap":{"1":{"line":16,"type":"if","locations":[{"start":{"line":16,"column":2},"end":{"line":16,"column":2}},{"start":{"line":16,"column":2},"end":{"line":16,"column":2}}]}},"l":{"3":1,"14":1,"15":5,"16":5,"17":2,"18":2,"21":3,"22":3}},
"/home/troy/devel/junkie/lib/resolver/constructor.js":{"path":"/home/troy/devel/junkie/lib/resolver/constructor.js","s":{"1":1,"2":1,"3":1,"4":62,"5":62,"6":42,"7":42,"8":9,"9":9,"10":2,"11":2,"12":1,"13":1,"14":1,"15":1,"16":1,"17":1,"18":1,"19":1,"20":1,"21":1,"22":1,"23":1,"24":1,"25":1,"26":1,"27":1,"28":1,"29":61,"30":1,"31":94,"32":93,"33":93,"34":92,"35":62,"36":62,"37":61,"38":1,"39":62,"40":30,"41":30},"b":{"1":[42,9,2,1,1,1,1,1,1,1,1,1]},"f":{"1":62,"2":94,"3":62,"4":30},"fnMap":{"1":{"name":"callCtor","line":6,"loc":{"start":{"line":6,"column":0},"end":{"line":6,"column":30}}},"2":{"name":"constructor","line":32,"loc":{"start":{"line":32,"column":17},"end":{"line":32,"column":54}}},"3":{"name":"(anonymous_3)","line":42,"loc":{"start":{"line":42,"column":10},"end":{"line":42,"column":25}}},"4":{"name":"(anonymous_4)","line":52,"loc":{"start":{"line":52,"column":11},"end":{"line":52,"column":25}}}},"statementMap":{"1":{"start":{"line":2,"column":0},"end":{"line":2,"column":39}},"2":{"start":{"line":3,"column":0},"end":{"line":3,"column":52}},"3":{"start":{"line":6,"column":0},"end":{"line":23,"column":1}},"4":{"start":{"line":7,"column":2},"end":{"line":7,"column":8}},"5":{"start":{"line":8,"column":2},"end":{"line":21,"column":3}},"6":{"start":{"line":9,"column":13},"end":{"line":9,"column":28}},"7":{"start":{"line":9,"column":29},"end":{"line":9,"column":35}},"8":{"start":{"line":10,"column":13},"end":{"line":10,"column":35}},"9":{"start":{"line":10,"column":36},"end":{"line":10,"column":42}},"10":{"start":{"line":11,"column":13},"end":{"line":11,"column":44}},"11":{"start":{"line":11,"column":45},"end":{"line":11,"column":51}},"12":{"start":{"line":12,"column":13},"end":{"line":12,"column":53}},"13":{"start":{"line":12,"column":54},"end":{"line":12,"column":60}},"14":{"start":{"line":13,"column":13},"end":{"line":13,"column":62}},"15":{"start":{"line":13,"column":63},"end":{"line":13,"column":69}},"16":{"start":{"line":14,"column":13},"end":{"line":14,"column":71}},"17":{"start":{"line":14,"column":72},"end":{"line":14,"column":78}},"18":{"start":{"line":15,"column":13},"end":{"line":15,"column":80}},"19":{"start":{"line":15,"column":81},"end":{"line":15,"column":87}},"20":{"start":{"line":16,"column":13},"end":{"line":16,"column":89}},"21":{"start":{"line":16,"column":90},"end":{"line":16,"column":96}},"22":{"start":{"line":17,"column":13},"end":{"line":17,"column":98}},"23":{"start":{"line":17,"column":99},"end":{"line":17,"column":105}},"24":{"start":{"line":18,"column":13},"end":{"line":18,"column":107}},"25":{"start":{"line":18,"column":108},"end":{"line":18,"column":114}},"26":{"start":{"line":19,"column":13},"end":{"line":19,"column":116}},"27":{"start":{"line":19,"column":117},"end":{"line":19,"column":123}},"28":{"start":{"line":20,"column":13},"end":{"line":20,"column":89}},"29":{"start":{"line":22,"column":2},"end":{"line":22,"column":11}},"30":{"start":{"line":32,"column":0},"end":{"line":56,"column":2}},"31":{"start":{"line":33,"column":2},"end":{"line":33,"column":22}},"32":{"start":{"line":35,"column":2},"end":{"line":35,"column":29}},"33":{"start":{"line":36,"column":2},"end":{"line":39,"column":21}},"34":{"start":{"line":41,"column":2},"end":{"line":55,"column":7}},"35":{"start":{"line":43,"column":6},"end":{"line":48,"column":7}},"36":{"start":{"line":44,"column":8},"end":{"line":44,"column":49}},"37":{"start":{"line":45,"column":8},"end":{"line":45,"column":30}},"38":{"start":{"line":47,"column":8},"end":{"line":47,"column":20}},"39":{"start":{"line":50,"column":6},"end":{"line":50,"column":13}},"40":{"start":{"line":53,"column":6},"end":{"line":53,"column":20}},"41":{"start":{"line":54,"column":6},"end":{"line":54,"column":13}}},"branchMap":{"1":{"line":8,"type":"switch","locations":[{"start":{"line":9,"column":4},"end":{"line":9,"column":35}},{"start":{"line":10,"column":4},"end":{"line":10,"column":42}},{"start":{"line":11,"column":4},"end":{"line":11,"column":51}},{"start":{"line":12,"column":4},"end":{"line":12,"column":60}},{"start":{"line":13,"column":4},"end":{"line":13,"column":69}},{"start":{"line":14,"column":4},"end":{"line":14,"column":78}},{"start":{"line":15,"column":4},"end":{"line":15,"column":87}},{"start":{"line":16,"column":4},"end":{"line":16,"column":96}},{"start":{"line":17,"column":4},"end":{"line":17,"column":105}},{"start":{"line":18,"column":4},"end":{"line":18,"column":114}},{"start":{"line":19,"column":4},"end":{"line":19,"column":123}},{"start":{"line":20,"column":4},"end":{"line":20,"column":89}}]}},"l":{"2":1,"3":1,"6":1,"7":62,"8":62,"9":42,"10":9,"11":2,"12":1,"13":1,"14":1,"15":1,"16":1,"17":1,"18":1,"19":1,"20":1,"22":61,"32":1,"33":94,"35":93,"36":93,"41":92,"43":62,"44":62,"45":61,"47":1,"50":62,"53":30,"54":30}},
"/home/troy/devel/junkie/lib/resolver/creator.js":{"path":"/home/troy/devel/junkie/lib/resolver/creator.js","s":{"1":1,"2":1,"3":1,"4":9,"5":8,"6":8,"7":7,"8":1,"9":6,"10":2,"11":6,"12":6,"13":6,"14":7,"15":2,"16":1,"17":1,"18":5},"b":{"1":[2,4],"2":[2,5]},"f":{"1":9,"2":6,"3":1},"fnMap":{"1":{"name":"creator","line":16,"loc":{"start":{"line":16,"column":17},"end":{"line":16,"column":50}}},"2":{"name":"result","line":27,"loc":{"start":{"line":27,"column":2},"end":{"line":27,"column":33}}},"3":{"name":"(anonymous_3)","line":42,"loc":{"start":{"line":42,"column":13},"end":{"line":42,"column":27}}}},"statementMap":{"1":{"start":{"line":2,"column":0},"end":{"line":2,"column":39}},"2":{"start":{"line":3,"column":0},"end":{"line":3,"column":52}},"3":{"start":{"line":16,"column":0},"end":{"line":49,"column":2}},"4":{"start":{"line":17,"column":2},"end":{"line":17,"column":22}},"5":{"start":{"line":19,"column":2},"end":{"line":19,"column":29}},"6":{"start":{"line":20,"column":2},"end":{"line":23,"column":21}},"7":{"start":{"line":25,"column":2},"end":{"line":25,"column":29}},"8":{"start":{"line":27,"column":2},"end":{"line":37,"column":3}},"9":{"start":{"line":28,"column":4},"end":{"line":33,"column":5}},"10":{"start":{"line":29,"column":6},"end":{"line":32,"column":25}},"11":{"start":{"line":34,"column":4},"end":{"line":34,"column":54}},"12":{"start":{"line":35,"column":4},"end":{"line":35,"column":26}},"13":{"start":{"line":36,"column":4},"end":{"line":36,"column":11}},"14":{"start":{"line":39,"column":2},"end":{"line":48,"column":3}},"15":{"start":{"line":40,"column":4},"end":{"line":45,"column":9}},"16":{"start":{"line":43,"column":8},"end":{"line":43,"column":22}},"17":{"start":{"line":44,"column":8},"end":{"line":44,"column":15}},"18":{"start":{"line":47,"column":4},"end":{"line":47,"column":18}}},"branchMap":{"1":{"line":28,"type":"if","locations":[{"start":{"line":28,"column":4},"end":{"line":28,"column":4}},{"start":{"line":28,"column":4},"end":{"line":28,"column":4}}]},"2":{"line":39,"type":"if","locations":[{"start":{"line":39,"column":2},"end":{"line":39,"column":2}},{"start":{"line":39,"column":2},"end":{"line":39,"column":2}}]}},"l":{"2":1,"3":1,"16":1,"17":9,"19":8,"20":8,"25":7,"27":1,"28":6,"29":2,"34":6,"35":6,"36":6,"39":7,"40":2,"43":1,"44":1,"47":5}},
"/home/troy/devel/junkie/lib/resolver/decorator.js":{"path":"/home/troy/devel/junkie/lib/resolver/decorator.js","s":{"1":1,"2":1,"3":1,"4":10,"5":1,"6":8,"7":7,"8":6,"9":1,"10":1,"11":5,"12":5,"13":9,"14":3,"15":1,"16":1,"17":6},"b":{"1":[7,2],"2":[1,5],"3":[6,5],"4":[3,6]},"f":{"1":10,"2":8,"3":1},"fnMap":{"1":{"name":"decorator","line":20,"loc":{"start":{"line":20,"column":17},"end":{"line":20,"column":52}}},"2":{"name":"result","line":24,"loc":{"start":{"line":24,"column":2},"end":{"line":24,"column":33}}},"3":{"name":"(anonymous_3)","line":42,"loc":{"start":{"line":42,"column":13},"end":{"line":42,"column":27}}}},"statementMap":{"1":{"start":{"line":2,"column":0},"end":{"line":2,"column":39}},"2":{"start":{"line":3,"column":0},"end":{"line":3,"column":52}},"3":{"start":{"line":20,"column":0},"end":{"line":49,"column":2}},"4":{"start":{"line":21,"column":2},"end":{"line":22,"column":89}},"5":{"start":{"line":24,"column":2},"end":{"line":37,"column":3}},"6":{"start":{"line":25,"column":4},"end":{"line":28,"column":23}},"7":{"start":{"line":30,"column":4},"end":{"line":30,"column":69}},"8":{"start":{"line":31,"column":4},"end":{"line":34,"column":5}},"9":{"start":{"line":32,"column":6},"end":{"line":32,"column":110}},"10":{"start":{"line":33,"column":6},"end":{"line":33,"column":27}},"11":{"start":{"line":35,"column":4},"end":{"line":35,"column":27}},"12":{"start":{"line":36,"column":4},"end":{"line":36,"column":11}},"13":{"start":{"line":39,"column":2},"end":{"line":48,"column":3}},"14":{"start":{"line":40,"column":4},"end":{"line":45,"column":9}},"15":{"start":{"line":43,"column":8},"end":{"line":43,"column":22}},"16":{"start":{"line":44,"column":8},"end":{"line":44,"column":15}},"17":{"start":{"line":47,"column":4},"end":{"line":47,"column":16}}},"branchMap":{"1":{"line":30,"type":"binary-expr","locations":[{"start":{"line":30,"column":34},"end":{"line":30,"column":48}},{"start":{"line":30,"column":52},"end":{"line":30,"column":67}}]},"2":{"line":31,"type":"if","locations":[{"start":{"line":31,"column":4},"end":{"line":31,"column":4}},{"start":{"line":31,"column":4},"end":{"line":31,"column":4}}]},"3":{"line":31,"type":"binary-expr","locations":[{"start":{"line":31,"column":8},"end":{"line":31,"column":31}},{"start":{"line":31,"column":35},"end":{"line":31,"column":53}}]},"4":{"line":39,"type":"if","locations":[{"start":{"line":39,"column":2},"end":{"line":39,"column":2}},{"start":{"line":39,"column":2},"end":{"line":39,"column":2}}]}},"l":{"2":1,"3":1,"20":1,"21":10,"24":1,"25":8,"30":7,"31":6,"32":1,"33":1,"35":5,"36":5,"39":9,"40":3,"43":1,"44":1,"47":6}},
"/home/troy/devel/junkie/lib/resolver/factory.js":{"path":"/home/troy/devel/junkie/lib/resolver/factory.js","s":{"1":1,"2":1,"3":1,"4":1,"5":20,"6":20,"7":19,"8":18,"9":17,"10":17,"11":2,"12":2},"b":{"1":[20,20]},"f":{"1":20,"2":18,"3":2},"fnMap":{"1":{"name":"factory","line":12,"loc":{"start":{"line":12,"column":17},"end":{"line":12,"column":50}}},"2":{"name":"(anonymous_2)","line":20,"loc":{"start":{"line":20,"column":10},"end":{"line":20,"column":25}}},"3":{"name":"(anonymous_3)","line":25,"loc":{"start":{"line":25,"column":11},"end":{"line":25,"column":25}}}},"statementMap":{"1":{"start":{"line":2,"column":0},"end":{"line":2,"column":30}},"2":{"start":{"line":3,"column":0},"end":{"line":3,"column":25}},"3":{"start":{"line":4,"column":0},"end":{"line":4,"column":52}},"4":{"start":{"line":12,"column":0},"end":{"line":29,"column":2}},"5":{"start":{"line":13,"column":2},"end":{"line":13,"column":52}},"6":{"start":{"line":14,"column":2},"end":{"line":17,"column":21}},"7":{"start":{"line":19,"column":2},"end":{"line":28,"column":7}},"8":{"start":{"line":21,"column":6},"end":{"line":21,"column":54}},"9":{"start":{"line":22,"column":6},"end":{"line":22,"column":28}},"10":{"start":{"line":23,"column":6},"end":{"line":23,"column":13}},"11":{"start":{"line":26,"column":6},"end":{"line":26,"column":20}},"12":{"start":{"line":27,"column":6},"end":{"line":27,"column":13}}},"branchMap":{"1":{"line":13,"type":"binary-expr","locations":[{"start":{"line":13,"column":18},"end":{"line":13,"column":32}},{"start":{"line":13,"column":36},"end":{"line":13,"column":51}}]}},"l":{"2":1,"3":1,"4":1,"12":1,"13":20,"14":20,"19":19,"21":18,"22":17,"23":17,"26":2,"27":2}},
"/home/troy/devel/junkie/lib/resolver/factoryMethod.js":{"path":"/home/troy/devel/junkie/lib/resolver/factoryMethod.js","s":{"1":1,"2":1,"3":1,"4":9,"5":9,"6":9,"7":9,"8":8,"9":8,"10":8,"11":7,"12":6,"13":6,"14":2,"15":2},"b":{"1":[9,7]},"f":{"1":9,"2":7,"3":2},"fnMap":{"1":{"name":"factoryMethod","line":12,"loc":{"start":{"line":12,"column":17},"end":{"line":12,"column":56}}},"2":{"name":"(anonymous_2)","line":26,"loc":{"start":{"line":26,"column":10},"end":{"line":26,"column":33}}},"3":{"name":"(anonymous_3)","line":31,"loc":{"start":{"line":31,"column":11},"end":{"line":31,"column":25}}}},"statementMap":{"1":{"start":{"line":2,"column":0},"end":{"line":2,"column":39}},"2":{"start":{"line":3,"column":0},"end":{"line":3,"column":52}},"3":{"start":{"line":12,"column":0},"end":{"line":35,"column":2}},"4":{"start":{"line":13,"column":2},"end":{"line":13,"column":51}},"5":{"start":{"line":15,"column":2},"end":{"line":15,"column":91}},"6":{"start":{"line":16,"column":2},"end":{"line":16,"column":33}},"7":{"start":{"line":17,"column":2},"end":{"line":20,"column":21}},"8":{"start":{"line":22,"column":2},"end":{"line":22,"column":25}},"9":{"start":{"line":23,"column":2},"end":{"line":23,"column":15}},"10":{"start":{"line":25,"column":2},"end":{"line":34,"column":7}},"11":{"start":{"line":27,"column":6},"end":{"line":27,"column":51}},"12":{"start":{"line":28,"column":6},"end":{"line":28,"column":21}},"13":{"start":{"line":29,"column":6},"end":{"line":29,"column":13}},"14":{"start":{"line":32,"column":6},"end":{"line":32,"column":20}},"15":{"start":{"line":33,"column":6},"end":{"line":33,"column":13}}},"branchMap":{"1":{"line":13,"type":"binary-expr","locations":[{"start":{"line":13,"column":17},"end":{"line":13,"column":31}},{"start":{"line":13,"column":35},"end":{"line":13,"column":50}}]}},"l":{"2":1,"3":1,"12":1,"13":9,"15":9,"16":9,"17":9,"22":8,"23":8,"25":8,"27":7,"28":6,"29":6,"32":2,"33":2}},
"/home/troy/devel/junkie/lib/resolver/field.js":{"path":"/home/troy/devel/junkie/lib/resolver/field.js","s":{"1":1,"2":1,"3":8,"4":7,"5":7,"6":7,"7":7,"8":2,"9":5,"10":5,"11":4,"12":4,"13":1,"14":1},"b":{"1":[2,5]},"f":{"1":8,"2":4,"3":1},"fnMap":{"1":{"name":"field","line":11,"loc":{"start":{"line":11,"column":17},"end":{"line":11,"column":48}}},"2":{"name":"(anonymous_2)","line":24,"loc":{"start":{"line":24,"column":10},"end":{"line":24,"column":32}}},"3":{"name":"(anonymous_3)","line":28,"loc":{"start":{"line":28,"column":11},"end":{"line":28,"column":25}}}},"statementMap":{"1":{"start":{"line":3,"column":0},"end":{"line":3,"column":52}},"2":{"start":{"line":11,"column":0},"end":{"line":32,"column":2}},"3":{"start":{"line":12,"column":2},"end":{"line":12,"column":36}},"4":{"start":{"line":14,"column":2},"end":{"line":14,"column":81}},"5":{"start":{"line":16,"column":2},"end":{"line":16,"column":24}},"6":{"start":{"line":17,"column":2},"end":{"line":17,"column":14}},"7":{"start":{"line":18,"column":2},"end":{"line":20,"column":3}},"8":{"start":{"line":19,"column":4},"end":{"line":19,"column":84}},"9":{"start":{"line":21,"column":2},"end":{"line":21,"column":15}},"10":{"start":{"line":23,"column":2},"end":{"line":31,"column":7}},"11":{"start":{"line":25,"column":6},"end":{"line":25,"column":42}},"12":{"start":{"line":26,"column":6},"end":{"line":26,"column":13}},"13":{"start":{"line":29,"column":6},"end":{"line":29,"column":20}},"14":{"start":{"line":30,"column":6},"end":{"line":30,"column":13}}},"branchMap":{"1":{"line":18,"type":"if","locations":[{"start":{"line":18,"column":2},"end":{"line":18,"column":2}},{"start":{"line":18,"column":2},"end":{"line":18,"column":2}}]}},"l":{"3":1,"11":1,"12":8,"14":7,"16":7,"17":7,"18":7,"19":2,"21":5,"23":5,"25":4,"26":4,"29":1,"30":1}},
"/home/troy/devel/junkie/lib/resolver/freezing.js":{"path":"/home/troy/devel/junkie/lib/resolver/freezing.js","s":{"1":1,"2":1,"3":3,"4":2,"5":1,"6":1},"b":{"1":[1,1]},"f":{"1":3},"fnMap":{"1":{"name":"freezing","line":13,"loc":{"start":{"line":13,"column":17},"end":{"line":13,"column":45}}}},"statementMap":{"1":{"start":{"line":3,"column":0},"end":{"line":3,"column":52}},"2":{"start":{"line":13,"column":0},"end":{"line":20,"column":2}},"3":{"start":{"line":14,"column":2},"end":{"line":14,"column":32}},"4":{"start":{"line":15,"column":2},"end":{"line":17,"column":3}},"5":{"start":{"line":16,"column":4},"end":{"line":16,"column":102}},"6":{"start":{"line":19,"column":2},"end":{"line":19,"column":45}}},"branchMap":{"1":{"line":15,"type":"if","locations":[{"start":{"line":15,"column":2},"end":{"line":15,"column":2}},{"start":{"line":15,"column":2},"end":{"line":15,"column":2}}]}},"l":{"3":1,"13":1,"14":3,"15":2,"16":1,"19":1}},
"/home/troy/devel/junkie/lib/resolver/method.js":{"path":"/home/troy/devel/junkie/lib/resolver/method.js","s":{"1":1,"2":1,"3":1,"4":9,"5":8,"6":8,"7":8,"8":7,"9":7,"10":7,"11":6,"12":5,"13":2,"14":2},"b":{},"f":{"1":9,"2":6,"3":2},"fnMap":{"1":{"name":"method","line":11,"loc":{"start":{"line":11,"column":17},"end":{"line":11,"column":49}}},"2":{"name":"(anonymous_2)","line":24,"loc":{"start":{"line":24,"column":10},"end":{"line":24,"column":33}}},"3":{"name":"(anonymous_3)","line":28,"loc":{"start":{"line":28,"column":11},"end":{"line":28,"column":25}}}},"statementMap":{"1":{"start":{"line":2,"column":0},"end":{"line":2,"column":39}},"2":{"start":{"line":3,"column":0},"end":{"line":3,"column":52}},"3":{"start":{"line":11,"column":0},"end":{"line":32,"column":2}},"4":{"start":{"line":12,"column":2},"end":{"line":12,"column":36}},"5":{"start":{"line":13,"column":2},"end":{"line":13,"column":84}},"6":{"start":{"line":14,"column":2},"end":{"line":14,"column":33}},"7":{"start":{"line":15,"column":2},"end":{"line":18,"column":21}},"8":{"start":{"line":20,"column":2},"end":{"line":20,"column":25}},"9":{"start":{"line":21,"column":2},"end":{"line":21,"column":15}},"10":{"start":{"line":23,"column":2},"end":{"line":31,"column":7}},"11":{"start":{"line":25,"column":6},"end":{"line":25,"column":43}},"12":{"start":{"line":26,"column":6},"end":{"line":26,"column":13}},"13":{"start":{"line":29,"column":6},"end":{"line":29,"column":20}},"14":{"start":{"line":30,"column":6},"end":{"line":30,"column":13}}},"branchMap":{},"l":{"2":1,"3":1,"11":1,"12":9,"13":8,"14":8,"15":8,"20":7,"21":7,"23":7,"25":6,"26":5,"29":2,"30":2}},
"/home/troy/devel/junkie/lib/resolver/sealing.js":{"path":"/home/troy/devel/junkie/lib/resolver/sealing.js","s":{"1":1,"2":1,"3":3,"4":2,"5":1,"6":1},"b":{"1":[1,1]},"f":{"1":3},"fnMap":{"1":{"name":"sealing","line":13,"loc":{"start":{"line":13,"column":17},"end":{"line":13,"column":44}}}},"statementMap":{"1":{"start":{"line":3,"column":0},"end":{"line":3,"column":52}},"2":{"start":{"line":13,"column":0},"end":{"line":20,"column":2}},"3":{"start":{"line":14,"column":2},"end":{"line":14,"column":32}},"4":{"start":{"line":15,"column":2},"end":{"line":17,"column":3}},"5":{"start":{"line":16,"column":4},"end":{"line":16,"column":99}},"6":{"start":{"line":19,"column":2},"end":{"line":19,"column":43}}},"branchMap":{"1":{"line":15,"type":"if","locations":[{"start":{"line":15,"column":2},"end":{"line":15,"column":2}},{"start":{"line":15,"column":2},"end":{"line":15,"column":2}}]}},"l":{"3":1,"13":1,"14":3,"15":2,"16":1,"19":1}}}
