TN:
SF:/home/troy/devel/junkie/lib/Component.js
FN:7,(anonymous_1)
FN:23,Component
FN:39,(anonymous_3)
FN:47,(anonymous_4)
FN:55,(anonymous_5)
FN:66,(anonymous_6)
FN:73,(anonymous_7)
FN:86,(anonymous_8)
FN:94,(anonymous_9)
FN:113,(anonymous_10)
FN:121,(anonymous_11)
FNF:11
FNH:11
FNDA:39,(anonymous_1)
FNDA:139,Component
FNDA:167,(anonymous_3)
FNDA:167,(anonymous_4)
FNDA:167,(anonymous_5)
FNDA:138,(anonymous_6)
FNDA:167,(anonymous_7)
FNDA:158,(anonymous_8)
FNDA:167,(anonymous_9)
FNDA:167,(anonymous_10)
FNDA:374,(anonymous_11)
DA:2,1
DA:3,1
DA:4,1
DA:5,1
DA:7,1
DA:8,39
DA:9,39
DA:23,1
DA:24,139
DA:25,139
DA:26,139
DA:27,139
DA:28,139
DA:29,139
DA:33,1
DA:39,1
DA:40,167
DA:47,1
DA:48,167
DA:55,1
DA:56,167
DA:66,1
DA:67,138
DA:68,131
DA:69,131
DA:73,1
DA:74,167
DA:82,167
DA:83,158
DA:86,1
DA:87,158
DA:88,158
DA:89,39
DA:91,158
DA:94,1
DA:96,167
DA:98,167
DA:99,257
DA:100,257
DA:101,9
DA:103,248
DA:104,248
DA:113,1
DA:114,167
DA:116,167
DA:117,167
DA:118,158
DA:119,158
DA:121,158
DA:122,374
DA:123,374
DA:124,169
DA:127,205
DA:130,158
DA:132,158
DA:133,1
DA:136,157
DA:139,1
LF:58
LH:58
BRDA:27,1,0,139
BRDA:27,1,1,3
BRDA:88,2,0,39
BRDA:88,2,1,119
BRDA:100,3,0,9
BRDA:100,3,1,248
BRDA:114,4,0,167
BRDA:114,4,1,2
BRDA:123,5,0,169
BRDA:123,5,1,205
BRDA:123,6,0,374
BRDA:123,6,1,205
BRDA:123,6,2,205
BRDA:132,7,0,1
BRDA:132,7,1,157
BRDA:132,8,0,158
BRDA:132,8,1,107
BRF:17
BRH:17
end_of_record
TN:
SF:/home/troy/devel/junkie/lib/Container.js
FN:10,(anonymous_1)
FN:30,Container
FN:43,(anonymous_3)
FN:56,(anonymous_4)
FN:76,(anonymous_5)
FN:88,(anonymous_6)
FN:92,(anonymous_7)
FN:109,(anonymous_8)
FN:121,(anonymous_9)
FN:125,(anonymous_10)
FN:148,(anonymous_11)
FNF:11
FNH:11
FNDA:9,(anonymous_1)
FNDA:117,Container
FNDA:2,(anonymous_3)
FNDA:13,(anonymous_4)
FNDA:14,(anonymous_5)
FNDA:3,(anonymous_6)
FNDA:169,(anonymous_7)
FNDA:142,(anonymous_8)
FNDA:136,(anonymous_9)
FNDA:181,(anonymous_10)
FNDA:181,(anonymous_11)
DA:3,1
DA:4,1
DA:5,1
DA:6,1
DA:7,1
DA:9,1
DA:11,9
DA:12,5
DA:14,4
DA:30,1
DA:31,117
DA:32,117
DA:33,117
DA:37,1
DA:43,1
DA:44,2
DA:56,1
DA:57,13
DA:59,12
DA:61,12
DA:62,12
DA:63,1
DA:66,12
DA:76,1
DA:77,14
DA:79,13
DA:80,13
DA:81,13
DA:88,1
DA:89,3
DA:92,1
DA:93,169
DA:94,3
DA:109,1
DA:110,142
DA:112,141
DA:113,138
DA:115,136
DA:116,136
DA:118,136
DA:121,1
DA:122,136
DA:125,1
DA:126,181
DA:127,179
DA:148,1
DA:149,181
DA:152,181
DA:155,179
DA:156,14
DA:160,165
DA:163,155
DA:164,155
DA:165,51
DA:168,104
DA:171,1
LF:56
LH:56
BRDA:11,1,0,5
BRDA:11,1,1,4
BRDA:11,2,0,9
BRDA:11,2,1,9
BRDA:31,3,0,117
BRDA:31,3,1,105
BRDA:33,4,0,11
BRDA:33,4,1,106
BRDA:44,5,0,1
BRDA:44,5,1,1
BRDA:59,6,0,12
BRDA:59,6,1,11
BRDA:62,7,0,1
BRDA:62,7,1,11
BRDA:93,8,0,3
BRDA:93,8,1,166
BRDA:127,9,0,176
BRDA:127,9,1,3
BRDA:149,10,0,181
BRDA:149,10,1,113
BRDA:155,11,0,14
BRDA:155,11,1,165
BRDA:164,12,0,51
BRDA:164,12,1,104
BRF:24
BRH:24
end_of_record
TN:
SF:/home/troy/devel/junkie/lib/Dependency.js
FN:12,Dependency
FN:26,(anonymous_2)
FN:34,(anonymous_3)
FN:43,(anonymous_4)
FNF:4
FNH:4
FNDA:65,Dependency
FNDA:91,(anonymous_2)
FNDA:63,(anonymous_3)
FNDA:66,(anonymous_4)
DA:2,1
DA:12,1
DA:13,65
DA:15,65
DA:16,65
DA:20,1
DA:26,1
DA:27,91
DA:34,1
DA:35,63
DA:43,1
DA:44,66
DA:45,1
DA:48,65
DA:50,65
DA:51,1
DA:55,65
DA:56,65
DA:57,5
DA:58,5
DA:61,65
DA:64,1
LF:22
LH:22
BRDA:44,1,0,1
BRDA:44,1,1,65
BRDA:50,2,0,1
BRDA:50,2,1,64
BRDA:50,3,0,65
BRDA:50,3,1,1
BRDA:56,4,0,5
BRDA:56,4,1,60
BRF:8
BRH:8
end_of_record
TN:
SF:/home/troy/devel/junkie/lib/RegistrationBuilder.js
FN:12,RegistrationBuilder
FN:20,(anonymous_2)
FN:24,(anonymous_3)
FN:31,(anonymous_4)
FN:39,(anonymous_5)
FN:43,(anonymous_6)
FN:47,(anonymous_7)
FNF:7
FNH:7
FNDA:136,RegistrationBuilder
FNDA:136,(anonymous_2)
FNDA:544,(anonymous_3)
FNDA:130,(anonymous_4)
FNDA:136,(anonymous_5)
FNDA:1496,(anonymous_6)
FNDA:134,(anonymous_7)
DA:3,1
DA:12,1
DA:13,136
DA:15,136
DA:18,1
DA:20,1
DA:21,136
DA:23,136
DA:25,544
DA:31,1
DA:32,130
DA:33,130
DA:35,130
DA:36,130
DA:39,1
DA:40,136
DA:41,136
DA:43,136
DA:44,1496
DA:47,136
DA:48,134
DA:53,1
LF:22
LH:22
BRF:0
BRH:0
end_of_record
TN:
SF:/home/troy/devel/junkie/lib/Resolution.js
FN:11,Resolution
FN:23,(anonymous_2)
FN:34,(anonymous_3)
FN:42,(anonymous_4)
FN:50,(anonymous_5)
FN:59,(anonymous_6)
FN:72,(anonymous_7)
FN:91,(anonymous_8)
FN:99,(anonymous_9)
FN:103,(anonymous_10)
FNF:10
FNH:10
FNDA:176,Resolution
FNDA:133,(anonymous_2)
FNDA:107,(anonymous_3)
FNDA:51,(anonymous_4)
FNDA:158,(anonymous_5)
FNDA:2,(anonymous_6)
FNDA:254,(anonymous_7)
FNDA:361,(anonymous_8)
FNDA:206,(anonymous_9)
FNDA:1,(anonymous_10)
DA:3,1
DA:4,1
DA:11,1
DA:12,176
DA:16,1
DA:23,1
DA:24,133
DA:27,132
DA:34,1
DA:35,107
DA:42,1
DA:43,51
DA:50,1
DA:51,158
DA:59,1
DA:60,2
DA:72,1
DA:73,254
DA:75,254
DA:76,114
DA:79,107
DA:84,244
DA:91,1
DA:92,361
DA:99,1
DA:100,206
DA:103,1
DA:104,1
DA:111,1
LF:29
LH:29
BRDA:75,1,0,114
BRDA:75,1,1,140
BRDA:76,2,0,114
BRDA:76,2,1,28
BRDA:79,3,0,107
BRDA:79,3,1,86
BRDA:92,4,0,361
BRDA:92,4,1,310
BRF:8
BRH:8
end_of_record
TN:
SF:/home/troy/devel/junkie/lib/ResolutionContext.js
FN:10,ResolutionContext
FN:20,(anonymous_2)
FN:32,(anonymous_3)
FN:42,(anonymous_4)
FN:56,(anonymous_5)
FN:65,(anonymous_6)
FN:86,(anonymous_7)
FN:105,(anonymous_8)
FN:117,(anonymous_9)
FN:120,(anonymous_10)
FN:135,(anonymous_11)
FNF:11
FNH:11
FNDA:185,ResolutionContext
FNDA:895,(anonymous_2)
FNDA:257,(anonymous_3)
FNDA:4,(anonymous_4)
FNDA:265,(anonymous_5)
FNDA:154,(anonymous_6)
FNDA:14,(anonymous_7)
FNDA:107,(anonymous_8)
FNDA:61,(anonymous_9)
FNDA:60,(anonymous_10)
FNDA:1,(anonymous_11)
DA:3,1
DA:10,1
DA:11,185
DA:17,4
DA:20,181
DA:21,895
DA:26,1
DA:32,1
DA:33,257
DA:42,1
DA:43,4
DA:44,4
DA:45,4
DA:46,7
DA:47,7
DA:49,4
DA:56,1
DA:57,265
DA:65,1
DA:66,154
DA:86,1
DA:87,14
DA:88,2
DA:89,12
DA:90,7
DA:92,5
DA:105,1
DA:106,107
DA:107,107
DA:108,5
DA:111,107
DA:116,107
DA:118,61
DA:121,60
DA:125,28
DA:126,28
DA:129,75
DA:130,3
DA:132,72
DA:135,1
DA:136,1
DA:142,1
LF:42
LH:42
BRDA:11,1,0,4
BRDA:11,1,1,181
BRDA:11,2,0,185
BRDA:11,2,1,185
BRDA:11,2,2,184
BRDA:11,2,3,183
BRDA:11,2,4,182
BRDA:33,3,0,257
BRDA:33,3,1,163
BRDA:87,4,0,2
BRDA:87,4,1,12
BRDA:89,5,0,7
BRDA:89,5,1,5
BRDA:107,6,0,5
BRDA:107,6,1,102
BRDA:129,7,0,3
BRDA:129,7,1,72
BRF:17
BRH:17
end_of_record
TN:
SF:/home/troy/devel/junkie/lib/ResolutionError.js
FN:10,ResolutionError
FNF:1
FNH:1
FNDA:41,ResolutionError
DA:2,1
DA:10,1
DA:11,41
DA:12,41
DA:14,1
DA:15,1
DA:16,1
DA:18,1
LF:8
LH:8
BRF:0
BRH:0
end_of_record
TN:
SF:/home/troy/devel/junkie/lib/Resolver.js
FN:14,Resolver
FN:25,(anonymous_2)
FN:35,(anonymous_3)
FN:42,(anonymous_4)
FN:51,(anonymous_5)
FN:70,(anonymous_6)
FNF:6
FNH:6
FNDA:155,Resolver
FNDA:206,(anonymous_2)
FNDA:206,(anonymous_3)
FNDA:32,(anonymous_4)
FNDA:115,(anonymous_5)
FNDA:153,(anonymous_6)
DA:3,1
DA:4,1
DA:14,1
DA:15,155
DA:18,155
DA:19,155
DA:23,1
DA:25,1
DA:26,206
DA:27,206
DA:28,206
DA:30,51
DA:31,51
DA:35,1
DA:36,206
DA:42,1
DA:43,32
DA:44,32
DA:45,5
DA:48,27
DA:51,1
DA:52,115
DA:56,1
DA:70,1
DA:71,153
DA:72,149
DA:73,115
DA:76,149
DA:78,146
DA:79,145
DA:82,146
DA:85,1
LF:32
LH:32
BRDA:19,1,0,155
BRDA:19,1,1,20
BRDA:44,2,0,5
BRDA:44,2,1,27
BRDA:45,3,0,5
BRDA:45,3,1,3
BRDA:72,4,0,115
BRDA:72,4,1,34
BRDA:78,5,0,145
BRDA:78,5,1,1
BRF:10
BRH:10
end_of_record
TN:
SF:/home/troy/devel/junkie/lib/junkie.js
FN:16,(anonymous_1)
FNF:1
FNH:1
FNDA:84,(anonymous_1)
DA:2,1
DA:3,1
DA:10,1
DA:16,1
DA:17,84
DA:26,1
DA:28,1
LF:7
LH:7
BRF:0
BRH:0
end_of_record
TN:
SF:/home/troy/devel/junkie/lib/util.js
FN:3,isType
FN:9,assert
FN:16,(anonymous_3)
FN:18,(anonymous_4)
FN:29,(anonymous_5)
FN:42,(anonymous_6)
FN:44,(anonymous_7)
FNF:7
FNH:7
FNDA:897,isType
FNDA:1461,assert
FNDA:748,(anonymous_3)
FNDA:299,(anonymous_4)
FNDA:1,(anonymous_5)
FNDA:1,(anonymous_6)
FNDA:1,(anonymous_7)
DA:3,1
DA:4,897
DA:9,1
DA:10,1461
DA:11,34
DA:12,34
DA:16,2
DA:17,748
DA:18,299
DA:20,748
DA:23,2
DA:27,2
DA:29,1
DA:30,1
DA:31,1
DA:42,1
DA:43,1
DA:44,1
DA:45,1
DA:46,1
DA:47,1
LF:21
LH:21
BRDA:4,1,0,1
BRDA:4,1,1,896
BRDA:10,2,0,34
BRDA:10,2,1,1427
BRDA:11,3,0,34
BRDA:11,3,1,16
BRDA:17,4,0,150
BRDA:17,4,1,598
BRDA:27,5,0,1
BRDA:27,5,1,1
BRF:10
BRH:10
end_of_record
TN:
SF:/home/troy/devel/junkie/lib/resolver/assignment.js
FN:10,assignment
FN:16,(anonymous_2)
FNF:2
FNH:2
FNDA:1,assignment
FNDA:1,(anonymous_2)
DA:10,1
DA:11,1
DA:13,1
DA:15,1
DA:16,1
DA:17,1
DA:20,1
LF:7
LH:7
BRF:0
BRH:0
end_of_record
TN:
SF:/home/troy/devel/junkie/lib/resolver/caching.js
FN:14,caching
FNF:1
FNH:1
FNDA:5,caching
DA:3,1
DA:14,1
DA:15,5
DA:16,5
DA:17,2
DA:18,2
DA:21,5
DA:23,5
LF:8
LH:8
BRDA:16,1,0,2
BRDA:16,1,1,3
BRF:2
BRH:2
end_of_record
TN:
SF:/home/troy/devel/junkie/lib/resolver/constructor.js
FN:12,constuctor
FNF:1
FNH:1
FNDA:76,constuctor
DA:2,1
DA:3,1
DA:12,1
DA:13,76
DA:15,75
DA:16,75
DA:21,74
DA:22,44
DA:23,44
DA:24,44
DA:26,44
LF:11
LH:11
BRF:0
BRH:0
end_of_record
TN:
SF:/home/troy/devel/junkie/lib/resolver/creator.js
FN:5,resolveProperties
FN:30,creator
FNF:2
FNH:2
FNDA:7,resolveProperties
FNDA:9,creator
DA:2,1
DA:3,1
DA:5,1
DA:6,7
DA:7,7
DA:8,3
DA:9,2
DA:11,2
DA:16,6
DA:30,1
DA:31,9
DA:32,8
DA:37,7
DA:38,6
DA:39,6
DA:41,6
LF:16
LH:16
BRDA:7,1,0,3
BRDA:7,1,1,4
BRDA:8,2,0,2
BRDA:8,2,1,1
BRF:4
BRH:4
end_of_record
TN:
SF:/home/troy/devel/junkie/lib/resolver/decorator.js
FN:5,resolveDecoratorArg
FN:34,decorator
FNF:2
FNH:2
FNDA:9,resolveDecoratorArg
FNDA:9,decorator
DA:2,1
DA:3,1
DA:5,1
DA:6,9
DA:9,8
DA:10,3
DA:12,7
DA:17,6
DA:34,1
DA:35,9
DA:37,6
DA:39,6
DA:40,6
DA:41,1
DA:44,5
LF:15
LH:15
BRDA:9,1,0,3
BRDA:9,1,1,5
BRDA:39,2,0,6
BRDA:39,2,1,2
BRDA:40,3,0,1
BRDA:40,3,1,5
BRDA:40,4,0,6
BRDA:40,4,1,5
BRF:8
BRH:8
end_of_record
TN:
SF:/home/troy/devel/junkie/lib/resolver/factory.js
FN:11,factory
FNF:1
FNH:1
FNDA:15,factory
DA:2,1
DA:3,1
DA:11,1
DA:12,15
DA:13,15
DA:18,14
DA:19,14
DA:20,14
DA:22,14
LF:9
LH:9
BRDA:12,1,0,15
BRDA:12,1,1,15
BRF:2
BRH:2
end_of_record
TN:
SF:/home/troy/devel/junkie/lib/resolver/factoryMethod.js
FN:12,factoryMethod
FNF:1
FNH:1
FNDA:5,factoryMethod
DA:2,1
DA:3,1
DA:12,1
DA:13,5
DA:15,5
DA:16,5
DA:17,5
DA:22,4
DA:23,4
DA:24,4
DA:26,4
DA:27,4
DA:29,4
LF:13
LH:13
BRDA:13,1,0,5
BRDA:13,1,1,3
BRF:2
BRH:2
end_of_record
TN:
SF:/home/troy/devel/junkie/lib/resolver/field.js
FN:11,field
FNF:1
FNH:1
FNDA:7,field
DA:3,1
DA:11,1
DA:13,7
DA:15,7
DA:17,6
DA:19,6
DA:20,6
DA:21,6
DA:22,2
DA:25,4
DA:27,4
LF:11
LH:11
BRDA:21,1,0,2
BRDA:21,1,1,4
BRF:2
BRH:2
end_of_record
TN:
SF:/home/troy/devel/junkie/lib/resolver/freezing.js
FN:13,freezing
FNF:1
FNH:1
FNDA:3,freezing
DA:3,1
DA:13,1
DA:14,3
DA:16,3
DA:17,2
DA:18,1
DA:21,1
LF:7
LH:7
BRDA:17,1,0,1
BRDA:17,1,1,1
BRF:2
BRH:2
end_of_record
TN:
SF:/home/troy/devel/junkie/lib/resolver/method.js
FN:11,method
FNF:1
FNH:1
FNDA:7,method
DA:2,1
DA:3,1
DA:11,1
DA:13,7
DA:15,7
DA:16,6
DA:17,6
DA:18,6
DA:23,5
DA:24,5
DA:25,5
DA:27,5
LF:12
LH:12
BRF:0
BRH:0
end_of_record
TN:
SF:/home/troy/devel/junkie/lib/resolver/sealing.js
FN:13,sealing
FNF:1
FNH:1
FNDA:3,sealing
DA:3,1
DA:13,1
DA:14,3
DA:16,3
DA:17,2
DA:18,1
DA:21,1
LF:7
LH:7
BRDA:17,1,0,1
BRDA:17,1,1,1
BRF:2
BRH:2
end_of_record
