TN:
SF:/home/troy/devel/junkie/lib/Component.js
FN:18,Component
FN:34,(anonymous_2)
FN:42,(anonymous_3)
FN:50,(anonymous_4)
FN:61,(anonymous_5)
FN:68,(anonymous_6)
FN:81,(anonymous_7)
FN:100,(anonymous_8)
FN:109,(anonymous_9)
FNF:9
FNH:9
FNDA:132,Component
FNDA:160,(anonymous_2)
FNDA:243,(anonymous_3)
FNDA:160,(anonymous_4)
FNDA:132,(anonymous_5)
FNDA:160,(anonymous_6)
FNDA:160,(anonymous_7)
FNDA:160,(anonymous_8)
FNDA:320,(anonymous_9)
DA:2,1
DA:3,1
DA:4,1
DA:5,1
DA:18,1
DA:19,132
DA:20,132
DA:21,132
DA:22,132
DA:23,132
DA:24,132
DA:28,1
DA:34,1
DA:35,160
DA:42,1
DA:43,243
DA:50,1
DA:51,160
DA:61,1
DA:62,132
DA:63,125
DA:64,125
DA:68,1
DA:69,160
DA:77,160
DA:78,151
DA:81,1
DA:83,160
DA:85,160
DA:86,251
DA:87,251
DA:88,9
DA:90,242
DA:91,242
DA:100,1
DA:101,160
DA:103,160
DA:104,160
DA:106,151
DA:107,151
DA:109,151
DA:110,320
DA:111,320
DA:112,160
DA:115,160
DA:118,151
DA:119,151
DA:120,83
DA:123,151
DA:126,1
LF:50
LH:50
BRDA:22,1,0,132
BRDA:22,1,1,3
BRDA:87,2,0,9
BRDA:87,2,1,242
BRDA:101,3,0,160
BRDA:101,3,1,2
BRDA:111,4,0,160
BRDA:111,4,1,160
BRDA:111,5,0,320
BRDA:111,5,1,160
BRDA:111,5,2,160
BRDA:119,6,0,83
BRDA:119,6,1,68
BRF:13
BRH:13
end_of_record
TN:
SF:/home/troy/devel/junkie/lib/Container.js
FN:10,(anonymous_1)
FN:30,Container
FN:43,(anonymous_3)
FN:54,(anonymous_4)
FN:76,(anonymous_5)
FN:88,(anonymous_6)
FN:92,(anonymous_7)
FN:109,(anonymous_8)
FN:121,(anonymous_9)
FN:126,(anonymous_10)
FN:151,(anonymous_11)
FNF:11
FNH:11
FNDA:8,(anonymous_1)
FNDA:107,Container
FNDA:2,(anonymous_3)
FNDA:13,(anonymous_4)
FNDA:14,(anonymous_5)
FNDA:3,(anonymous_6)
FNDA:161,(anonymous_7)
FNDA:134,(anonymous_8)
FNDA:129,(anonymous_9)
FNDA:173,(anonymous_10)
FNDA:173,(anonymous_11)
DA:3,1
DA:4,1
DA:5,1
DA:6,1
DA:7,1
DA:9,1
DA:11,8
DA:12,4
DA:14,4
DA:30,1
DA:31,107
DA:32,107
DA:33,107
DA:37,1
DA:43,1
DA:44,2
DA:54,1
DA:55,13
DA:57,12
DA:59,12
DA:60,12
DA:61,1
DA:64,12
DA:66,12
DA:76,1
DA:77,14
DA:79,13
DA:80,13
DA:81,13
DA:88,1
DA:89,3
DA:92,1
DA:93,161
DA:94,3
DA:109,1
DA:110,134
DA:112,133
DA:113,131
DA:115,129
DA:116,129
DA:118,129
DA:121,1
DA:122,129
DA:123,129
DA:126,1
DA:127,173
DA:128,171
DA:130,3
DA:132,168
DA:151,1
DA:152,173
DA:155,173
DA:158,171
DA:159,13
DA:163,158
DA:166,149
DA:167,149
DA:168,50
DA:171,99
DA:173,99
DA:176,1
LF:61
LH:61
BRDA:11,1,0,4
BRDA:11,1,1,4
BRDA:11,2,0,8
BRDA:11,2,1,8
BRDA:31,3,0,107
BRDA:31,3,1,95
BRDA:33,4,0,11
BRDA:33,4,1,96
BRDA:44,5,0,1
BRDA:44,5,1,1
BRDA:57,6,0,12
BRDA:57,6,1,11
BRDA:60,7,0,1
BRDA:60,7,1,11
BRDA:93,8,0,3
BRDA:93,8,1,158
BRDA:128,9,0,3
BRDA:128,9,1,168
BRDA:152,10,0,173
BRDA:152,10,1,107
BRDA:158,11,0,13
BRDA:158,11,1,158
BRDA:167,12,0,50
BRDA:167,12,1,99
BRF:24
BRH:24
end_of_record
TN:
SF:/home/troy/devel/junkie/lib/Dependency.js
FN:12,Dependency
FN:26,(anonymous_2)
FN:34,(anonymous_3)
FN:43,(anonymous_4)
FNF:4
FNH:4
FNDA:65,Dependency
FNDA:92,(anonymous_2)
FNDA:63,(anonymous_3)
FNDA:66,(anonymous_4)
DA:2,1
DA:12,1
DA:13,65
DA:15,65
DA:16,65
DA:20,1
DA:26,1
DA:27,92
DA:34,1
DA:35,63
DA:43,1
DA:44,66
DA:45,1
DA:48,65
DA:50,65
DA:51,1
DA:55,65
DA:56,65
DA:57,5
DA:58,5
DA:61,65
DA:64,1
LF:22
LH:22
BRDA:44,1,0,1
BRDA:44,1,1,65
BRDA:50,2,0,1
BRDA:50,2,1,64
BRDA:50,3,0,65
BRDA:50,3,1,1
BRDA:56,4,0,5
BRDA:56,4,1,60
BRF:8
BRH:8
end_of_record
TN:
SF:/home/troy/devel/junkie/lib/RegistrationBuilder.js
FN:12,RegistrationBuilder
FN:20,(anonymous_2)
FN:24,(anonymous_3)
FN:31,(anonymous_4)
FN:39,(anonymous_5)
FN:43,(anonymous_6)
FN:47,(anonymous_7)
FNF:7
FNH:7
FNDA:129,RegistrationBuilder
FNDA:129,(anonymous_2)
FNDA:516,(anonymous_3)
FNDA:124,(anonymous_4)
FNDA:129,(anonymous_5)
FNDA:1290,(anonymous_6)
FNDA:128,(anonymous_7)
DA:3,1
DA:12,1
DA:13,129
DA:15,129
DA:18,1
DA:20,1
DA:21,129
DA:23,129
DA:25,516
DA:31,1
DA:32,124
DA:33,124
DA:35,124
DA:36,124
DA:39,1
DA:40,129
DA:41,129
DA:43,129
DA:44,1290
DA:47,129
DA:48,128
DA:53,1
LF:22
LH:22
BRF:0
BRH:0
end_of_record
TN:
SF:/home/troy/devel/junkie/lib/Resolution.js
FN:10,Resolution
FN:25,(anonymous_2)
FN:36,(anonymous_3)
FN:45,(anonymous_4)
FN:58,(anonymous_5)
FN:76,(anonymous_6)
FN:84,(anonymous_7)
FN:88,(anonymous_8)
FNF:8
FNH:8
FNDA:167,Resolution
FNDA:164,(anonymous_2)
FNDA:51,(anonymous_3)
FNDA:2,(anonymous_4)
FNDA:390,(anonymous_5)
FNDA:309,(anonymous_6)
FNDA:160,(anonymous_7)
FNDA:1,(anonymous_8)
DA:3,1
DA:10,1
DA:11,167
DA:12,167
DA:13,167
DA:17,1
DA:25,1
DA:26,164
DA:27,2
DA:29,162
DA:36,1
DA:37,51
DA:45,1
DA:46,2
DA:58,1
DA:59,390
DA:61,390
DA:62,110
DA:63,5
DA:64,105
DA:65,3
DA:69,382
DA:76,1
DA:77,309
DA:84,1
DA:85,160
DA:88,1
DA:89,1
DA:96,1
LF:29
LH:29
BRDA:26,1,0,2
BRDA:26,1,1,162
BRDA:26,2,0,164
BRDA:26,2,1,163
BRDA:61,3,0,110
BRDA:61,3,1,280
BRDA:62,4,0,5
BRDA:62,4,1,105
BRDA:62,5,0,110
BRDA:62,5,1,24
BRDA:64,6,0,3
BRDA:64,6,1,102
BRDA:64,7,0,105
BRDA:64,7,1,86
BRF:14
BRH:14
end_of_record
TN:
SF:/home/troy/devel/junkie/lib/ResolutionContext.js
FN:10,ResolutionContext
FN:15,(anonymous_2)
FN:27,(anonymous_3)
FN:37,(anonymous_4)
FN:51,(anonymous_5)
FN:60,(anonymous_6)
FN:81,(anonymous_7)
FN:100,(anonymous_8)
FN:112,(anonymous_9)
FN:115,(anonymous_10)
FN:130,(anonymous_11)
FNF:11
FNH:11
FNDA:177,ResolutionContext
FNDA:856,(anonymous_2)
FNDA:251,(anonymous_3)
FNDA:4,(anonymous_4)
FNDA:259,(anonymous_5)
FNDA:106,(anonymous_6)
FNDA:14,(anonymous_7)
FNDA:110,(anonymous_8)
FNDA:61,(anonymous_9)
FNDA:60,(anonymous_10)
FNDA:1,(anonymous_11)
DA:3,1
DA:10,1
DA:11,177
DA:12,4
DA:15,173
DA:16,856
DA:21,1
DA:27,1
DA:28,251
DA:37,1
DA:38,4
DA:39,4
DA:40,4
DA:41,7
DA:42,7
DA:44,4
DA:51,1
DA:52,259
DA:60,1
DA:61,106
DA:81,1
DA:82,14
DA:83,2
DA:84,12
DA:85,7
DA:87,5
DA:100,1
DA:101,110
DA:102,110
DA:103,3
DA:106,110
DA:111,110
DA:113,61
DA:116,60
DA:120,29
DA:121,29
DA:124,79
DA:125,2
DA:127,77
DA:130,1
DA:131,1
DA:137,1
LF:42
LH:42
BRDA:11,1,0,4
BRDA:11,1,1,173
BRDA:11,2,0,177
BRDA:11,2,1,177
BRDA:11,2,2,176
BRDA:11,2,3,175
BRDA:11,2,4,174
BRDA:28,3,0,251
BRDA:28,3,1,156
BRDA:82,4,0,2
BRDA:82,4,1,12
BRDA:84,5,0,7
BRDA:84,5,1,5
BRDA:102,6,0,3
BRDA:102,6,1,107
BRDA:124,7,0,2
BRDA:124,7,1,77
BRF:17
BRH:17
end_of_record
TN:
SF:/home/troy/devel/junkie/lib/ResolutionError.js
FN:10,ResolutionError
FNF:1
FNH:1
FNDA:40,ResolutionError
DA:2,1
DA:10,1
DA:11,40
DA:12,40
DA:14,1
DA:15,1
DA:16,1
DA:18,1
LF:8
LH:8
BRF:0
BRH:0
end_of_record
TN:
SF:/home/troy/devel/junkie/lib/Resolver.js
FN:14,Resolver
FN:23,(anonymous_2)
FN:33,(anonymous_3)
FN:40,(anonymous_4)
FN:49,(anonymous_5)
FN:67,(anonymous_6)
FNF:6
FNH:6
FNDA:148,Resolver
FNDA:161,(anonymous_2)
FNDA:161,(anonymous_3)
FNDA:32,(anonymous_4)
FNDA:116,(anonymous_5)
FNDA:147,(anonymous_6)
DA:3,1
DA:4,1
DA:14,1
DA:15,148
DA:16,148
DA:17,148
DA:21,1
DA:23,1
DA:24,161
DA:25,161
DA:26,161
DA:28,51
DA:29,51
DA:33,1
DA:34,161
DA:40,1
DA:41,32
DA:42,32
DA:43,5
DA:46,27
DA:49,1
DA:50,116
DA:54,1
DA:67,1
DA:68,147
DA:69,143
DA:70,112
DA:73,143
DA:76,140
DA:77,139
DA:80,140
DA:83,1
LF:32
LH:32
BRDA:17,1,0,148
BRDA:17,1,1,19
BRDA:42,2,0,5
BRDA:42,2,1,27
BRDA:43,3,0,5
BRDA:43,3,1,3
BRDA:69,4,0,112
BRDA:69,4,1,31
BRDA:73,5,0,143
BRDA:73,5,1,142
BRDA:76,6,0,139
BRDA:76,6,1,1
BRF:12
BRH:12
end_of_record
TN:
SF:/home/troy/devel/junkie/lib/junkie.js
FN:16,(anonymous_1)
FNF:1
FNH:1
FNDA:85,(anonymous_1)
DA:2,1
DA:3,1
DA:10,1
DA:16,1
DA:17,85
DA:26,1
DA:28,1
LF:7
LH:7
BRF:0
BRH:0
end_of_record
TN:
SF:/home/troy/devel/junkie/lib/util.js
FN:3,(anonymous_1)
FN:13,(anonymous_2)
FN:26,(anonymous_3)
FN:28,(anonymous_4)
FNF:4
FNH:4
FNDA:940,(anonymous_1)
FNDA:1,(anonymous_2)
FNDA:1,(anonymous_3)
FNDA:1,(anonymous_4)
DA:3,2
DA:4,940
DA:5,13
DA:11,2
DA:13,1
DA:14,1
DA:15,1
DA:26,1
DA:27,1
DA:28,1
DA:29,1
DA:30,1
DA:31,1
LF:13
LH:13
BRDA:4,1,0,13
BRDA:4,1,1,927
BRDA:11,2,0,1
BRDA:11,2,1,1
BRF:4
BRH:4
end_of_record
TN:
SF:/home/troy/devel/junkie/lib/resolver/assignment.js
FN:10,assignment
FN:16,(anonymous_2)
FNF:2
FNH:2
FNDA:1,assignment
FNDA:1,(anonymous_2)
DA:10,1
DA:11,1
DA:13,1
DA:15,1
DA:16,1
DA:17,1
DA:20,1
LF:7
LH:7
BRF:0
BRH:0
end_of_record
TN:
SF:/home/troy/devel/junkie/lib/resolver/caching.js
FN:14,caching
FNF:1
FNH:1
FNDA:5,caching
DA:3,1
DA:14,1
DA:15,5
DA:16,5
DA:17,2
DA:18,2
DA:21,5
DA:23,5
LF:8
LH:8
BRDA:16,1,0,2
BRDA:16,1,1,3
BRF:2
BRH:2
end_of_record
TN:
SF:/home/troy/devel/junkie/lib/resolver/constructor.js
FN:11,constuctor
FNF:1
FNH:1
FNDA:75,constuctor
DA:3,1
DA:11,1
DA:12,75
DA:14,74
DA:15,74
DA:16,1
DA:19,73
DA:20,43
DA:21,43
DA:22,43
DA:24,43
LF:11
LH:11
BRDA:15,1,0,1
BRDA:15,1,1,73
BRF:2
BRH:2
end_of_record
TN:
SF:/home/troy/devel/junkie/lib/resolver/creator.js
FN:11,creator
FNF:1
FNH:1
FNDA:10,creator
DA:3,1
DA:11,1
DA:12,10
DA:14,9
DA:15,9
DA:17,9
DA:19,9
DA:20,6
DA:22,6
DA:23,6
DA:24,3
DA:26,3
DA:29,6
DA:31,6
LF:14
LH:14
BRDA:19,1,0,6
BRDA:19,1,1,3
BRDA:23,2,0,3
BRDA:23,2,1,3
BRF:4
BRH:4
end_of_record
TN:
SF:/home/troy/devel/junkie/lib/resolver/decorator.js
FN:5,resolveDecoratorArg
FN:32,decorator
FNF:2
FNH:2
FNDA:9,resolveDecoratorArg
FNDA:9,decorator
DA:3,1
DA:5,1
DA:6,9
DA:9,8
DA:10,3
DA:12,7
DA:13,1
DA:16,6
DA:32,1
DA:33,9
DA:35,6
DA:37,6
DA:38,6
DA:39,1
DA:42,5
LF:15
LH:15
BRDA:9,1,0,3
BRDA:9,1,1,5
BRDA:12,2,0,1
BRDA:12,2,1,6
BRDA:37,3,0,6
BRDA:37,3,1,2
BRDA:38,4,0,1
BRDA:38,4,1,5
BRDA:38,5,0,6
BRDA:38,5,1,5
BRF:10
BRH:10
end_of_record
TN:
SF:/home/troy/devel/junkie/lib/resolver/factory.js
FN:11,factory
FNF:1
FNH:1
FNDA:15,factory
DA:3,1
DA:11,1
DA:12,15
DA:13,15
DA:14,1
DA:17,14
DA:18,14
DA:19,14
DA:21,14
LF:9
LH:9
BRDA:12,1,0,15
BRDA:12,1,1,15
BRDA:13,2,0,1
BRDA:13,2,1,14
BRF:4
BRH:4
end_of_record
TN:
SF:/home/troy/devel/junkie/lib/resolver/factoryMethod.js
FN:12,factoryMethod
FNF:1
FNH:1
FNDA:5,factoryMethod
DA:3,1
DA:12,1
DA:13,5
DA:15,5
DA:16,5
DA:17,5
DA:18,1
DA:21,4
DA:22,4
DA:23,4
DA:25,4
DA:26,4
DA:28,4
LF:13
LH:13
BRDA:13,1,0,5
BRDA:13,1,1,3
BRDA:17,2,0,1
BRDA:17,2,1,4
BRF:4
BRH:4
end_of_record
TN:
SF:/home/troy/devel/junkie/lib/resolver/field.js
FN:11,field
FNF:1
FNH:1
FNDA:7,field
DA:3,1
DA:11,1
DA:13,7
DA:15,7
DA:17,6
DA:19,6
DA:20,6
DA:21,6
DA:22,2
DA:25,4
DA:27,4
LF:11
LH:11
BRDA:21,1,0,2
BRDA:21,1,1,4
BRF:2
BRH:2
end_of_record
TN:
SF:/home/troy/devel/junkie/lib/resolver/freezing.js
FN:13,freezing
FNF:1
FNH:1
FNDA:3,freezing
DA:3,1
DA:13,1
DA:14,3
DA:16,3
DA:17,2
DA:18,1
DA:21,1
LF:7
LH:7
BRDA:17,1,0,1
BRDA:17,1,1,1
BRF:2
BRH:2
end_of_record
TN:
SF:/home/troy/devel/junkie/lib/resolver/method.js
FN:11,method
FNF:1
FNH:1
FNDA:7,method
DA:3,1
DA:11,1
DA:13,7
DA:15,7
DA:17,6
DA:18,6
DA:19,6
DA:20,1
DA:23,5
DA:24,5
DA:25,5
DA:27,5
LF:12
LH:12
BRDA:19,1,0,1
BRDA:19,1,1,5
BRF:2
BRH:2
end_of_record
