{
"/home/travis/build/troykinsella/junkie/lib/Component.js":{"path":"/home/travis/build/troykinsella/junkie/lib/Component.js","s":{"1":1,"2":1,"3":1,"4":1,"5":1,"6":110,"7":1,"8":201,"9":201,"10":201,"11":201,"12":201,"13":201,"14":1,"15":1,"16":278,"17":1,"18":278,"19":1,"20":278,"21":1,"22":194,"23":187,"24":187,"25":1,"26":278,"27":278,"28":269,"29":1,"30":269,"31":269,"32":110,"33":269,"34":1,"35":278,"36":278,"37":441,"38":441,"39":9,"40":432,"41":432,"42":1,"43":288,"44":269,"45":2,"46":269,"47":1,"48":269,"49":269,"50":597,"51":597,"52":265,"53":332,"54":332,"55":23,"56":309,"57":141,"58":269,"59":1,"60":278,"61":278,"62":278,"63":278,"64":269,"65":269,"66":269,"67":9,"68":1},"b":{"1":[201,3],"2":[110,159],"3":[9,432],"4":[269,19],"5":[2,267],"6":[269,268,204],"7":[265,332],"8":[597,332,332],"9":[23,309],"10":[332,311],"11":[141,168],"12":[278,2]},"f":{"1":110,"2":201,"3":278,"4":278,"5":278,"6":194,"7":278,"8":269,"9":278,"10":288,"11":269,"12":597,"13":278},"fnMap":{"1":{"name":"(anonymous_1)","line":7,"loc":{"start":{"line":7,"column":37},"end":{"line":7,"column":56}}},"2":{"name":"Component","line":22,"loc":{"start":{"line":22,"column":0},"end":{"line":22,"column":65}}},"3":{"name":"(anonymous_3)","line":38,"loc":{"start":{"line":38,"column":8},"end":{"line":38,"column":19}}},"4":{"name":"(anonymous_4)","line":46,"loc":{"start":{"line":46,"column":13},"end":{"line":46,"column":24}}},"5":{"name":"(anonymous_5)","line":54,"loc":{"start":{"line":54,"column":10},"end":{"line":54,"column":21}}},"6":{"name":"(anonymous_6)","line":65,"loc":{"start":{"line":65,"column":8},"end":{"line":65,"column":33}}},"7":{"name":"(anonymous_7)","line":72,"loc":{"start":{"line":72,"column":19},"end":{"line":72,"column":37}}},"8":{"name":"(anonymous_8)","line":85,"loc":{"start":{"line":85,"column":19},"end":{"line":85,"column":30}}},"9":{"name":"(anonymous_9)","line":93,"loc":{"start":{"line":93,"column":23},"end":{"line":93,"column":37}}},"10":{"name":"(anonymous_10)","line":107,"loc":{"start":{"line":107,"column":22},"end":{"line":107,"column":45}}},"11":{"name":"(anonymous_11)","line":118,"loc":{"start":{"line":118,"column":23},"end":{"line":118,"column":62}}},"12":{"name":"(anonymous_12)","line":121,"loc":{"start":{"line":121,"column":13},"end":{"line":121,"column":24}}},"13":{"name":"(anonymous_13)","line":152,"loc":{"start":{"line":152,"column":12},"end":{"line":152,"column":30}}}},"statementMap":{"1":{"start":{"line":2,"column":0},"end":{"line":2,"column":37}},"2":{"start":{"line":3,"column":0},"end":{"line":3,"column":41}},"3":{"start":{"line":4,"column":0},"end":{"line":4,"column":55}},"4":{"start":{"line":5,"column":0},"end":{"line":5,"column":51}},"5":{"start":{"line":7,"column":0},"end":{"line":9,"column":3}},"6":{"start":{"line":8,"column":2},"end":{"line":8,"column":31}},"7":{"start":{"line":22,"column":0},"end":{"line":29,"column":1}},"8":{"start":{"line":23,"column":2},"end":{"line":23,"column":18}},"9":{"start":{"line":24,"column":2},"end":{"line":24,"column":28}},"10":{"start":{"line":25,"column":2},"end":{"line":25,"column":30}},"11":{"start":{"line":26,"column":2},"end":{"line":26,"column":54}},"12":{"start":{"line":27,"column":2},"end":{"line":27,"column":23}},"13":{"start":{"line":28,"column":2},"end":{"line":28,"column":19}},"14":{"start":{"line":32,"column":0},"end":{"line":32,"column":28}},"15":{"start":{"line":38,"column":0},"end":{"line":40,"column":2}},"16":{"start":{"line":39,"column":2},"end":{"line":39,"column":19}},"17":{"start":{"line":46,"column":0},"end":{"line":48,"column":2}},"18":{"start":{"line":47,"column":2},"end":{"line":47,"column":24}},"19":{"start":{"line":54,"column":0},"end":{"line":56,"column":2}},"20":{"start":{"line":55,"column":2},"end":{"line":55,"column":21}},"21":{"start":{"line":65,"column":0},"end":{"line":69,"column":2}},"22":{"start":{"line":66,"column":2},"end":{"line":66,"column":48}},"23":{"start":{"line":67,"column":2},"end":{"line":67,"column":33}},"24":{"start":{"line":68,"column":2},"end":{"line":68,"column":14}},"25":{"start":{"line":72,"column":0},"end":{"line":83,"column":2}},"26":{"start":{"line":73,"column":2},"end":{"line":79,"column":5}},"27":{"start":{"line":81,"column":2},"end":{"line":81,"column":31}},"28":{"start":{"line":82,"column":2},"end":{"line":82,"column":13}},"29":{"start":{"line":85,"column":0},"end":{"line":91,"column":2}},"30":{"start":{"line":86,"column":2},"end":{"line":86,"column":67}},"31":{"start":{"line":87,"column":2},"end":{"line":89,"column":3}},"32":{"start":{"line":88,"column":4},"end":{"line":88,"column":38}},"33":{"start":{"line":90,"column":2},"end":{"line":90,"column":19}},"34":{"start":{"line":93,"column":0},"end":{"line":105,"column":2}},"35":{"start":{"line":95,"column":2},"end":{"line":96,"column":10}},"36":{"start":{"line":97,"column":2},"end":{"line":104,"column":16}},"37":{"start":{"line":98,"column":4},"end":{"line":98,"column":20}},"38":{"start":{"line":99,"column":4},"end":{"line":101,"column":5}},"39":{"start":{"line":100,"column":6},"end":{"line":100,"column":63}},"40":{"start":{"line":102,"column":4},"end":{"line":102,"column":25}},"41":{"start":{"line":103,"column":4},"end":{"line":103,"column":25}},"42":{"start":{"line":107,"column":0},"end":{"line":116,"column":2}},"43":{"start":{"line":109,"column":2},"end":{"line":115,"column":3}},"44":{"start":{"line":110,"column":4},"end":{"line":112,"column":5}},"45":{"start":{"line":111,"column":6},"end":{"line":111,"column":93}},"46":{"start":{"line":114,"column":4},"end":{"line":114,"column":18}},"47":{"start":{"line":118,"column":0},"end":{"line":145,"column":2}},"48":{"start":{"line":119,"column":2},"end":{"line":119,"column":12}},"49":{"start":{"line":121,"column":2},"end":{"line":142,"column":15}},"50":{"start":{"line":123,"column":4},"end":{"line":123,"column":27}},"51":{"start":{"line":126,"column":4},"end":{"line":128,"column":5}},"52":{"start":{"line":127,"column":6},"end":{"line":127,"column":50}},"53":{"start":{"line":131,"column":4},"end":{"line":131,"column":30}},"54":{"start":{"line":134,"column":4},"end":{"line":136,"column":5}},"55":{"start":{"line":135,"column":6},"end":{"line":135,"column":50}},"56":{"start":{"line":139,"column":4},"end":{"line":141,"column":5}},"57":{"start":{"line":140,"column":6},"end":{"line":140,"column":13}},"58":{"start":{"line":144,"column":2},"end":{"line":144,"column":9}},"59":{"start":{"line":152,"column":0},"end":{"line":167,"column":2}},"60":{"start":{"line":153,"column":2},"end":{"line":166,"column":3}},"61":{"start":{"line":154,"column":4},"end":{"line":154,"column":28}},"62":{"start":{"line":156,"column":4},"end":{"line":156,"column":31}},"63":{"start":{"line":157,"column":4},"end":{"line":157,"column":43}},"64":{"start":{"line":158,"column":4},"end":{"line":158,"column":42}},"65":{"start":{"line":160,"column":4},"end":{"line":160,"column":58}},"66":{"start":{"line":162,"column":4},"end":{"line":162,"column":27}},"67":{"start":{"line":165,"column":4},"end":{"line":165,"column":29}},"68":{"start":{"line":169,"column":0},"end":{"line":169,"column":27}}},"branchMap":{"1":{"line":26,"type":"binary-expr","locations":[{"start":{"line":26,"column":29},"end":{"line":26,"column":47}},{"start":{"line":26,"column":51},"end":{"line":26,"column":53}}]},"2":{"line":87,"type":"if","locations":[{"start":{"line":87,"column":2},"end":{"line":87,"column":2}},{"start":{"line":87,"column":2},"end":{"line":87,"column":2}}]},"3":{"line":99,"type":"if","locations":[{"start":{"line":99,"column":4},"end":{"line":99,"column":4}},{"start":{"line":99,"column":4},"end":{"line":99,"column":4}}]},"4":{"line":109,"type":"if","locations":[{"start":{"line":109,"column":2},"end":{"line":109,"column":2}},{"start":{"line":109,"column":2},"end":{"line":109,"column":2}}]},"5":{"line":110,"type":"if","locations":[{"start":{"line":110,"column":4},"end":{"line":110,"column":4}},{"start":{"line":110,"column":4},"end":{"line":110,"column":4}}]},"6":{"line":110,"type":"binary-expr","locations":[{"start":{"line":110,"column":8},"end":{"line":110,"column":25}},{"start":{"line":110,"column":29},"end":{"line":110,"column":42}},{"start":{"line":110,"column":46},"end":{"line":110,"column":61}}]},"7":{"line":126,"type":"if","locations":[{"start":{"line":126,"column":4},"end":{"line":126,"column":4}},{"start":{"line":126,"column":4},"end":{"line":126,"column":4}}]},"8":{"line":126,"type":"binary-expr","locations":[{"start":{"line":126,"column":8},"end":{"line":126,"column":10}},{"start":{"line":126,"column":14},"end":{"line":126,"column":26}},{"start":{"line":126,"column":30},"end":{"line":126,"column":42}}]},"9":{"line":134,"type":"if","locations":[{"start":{"line":134,"column":4},"end":{"line":134,"column":4}},{"start":{"line":134,"column":4},"end":{"line":134,"column":4}}]},"10":{"line":134,"type":"binary-expr","locations":[{"start":{"line":134,"column":8},"end":{"line":134,"column":20}},{"start":{"line":134,"column":24},"end":{"line":134,"column":36}}]},"11":{"line":139,"type":"if","locations":[{"start":{"line":139,"column":4},"end":{"line":139,"column":4}},{"start":{"line":139,"column":4},"end":{"line":139,"column":4}}]},"12":{"line":154,"type":"binary-expr","locations":[{"start":{"line":154,"column":14},"end":{"line":154,"column":21}},{"start":{"line":154,"column":25},"end":{"line":154,"column":27}}]}},"l":{"2":1,"3":1,"4":1,"5":1,"7":1,"8":110,"22":1,"23":201,"24":201,"25":201,"26":201,"27":201,"28":201,"32":1,"38":1,"39":278,"46":1,"47":278,"54":1,"55":278,"65":1,"66":194,"67":187,"68":187,"72":1,"73":278,"81":278,"82":269,"85":1,"86":269,"87":269,"88":110,"90":269,"93":1,"95":278,"97":278,"98":441,"99":441,"100":9,"102":432,"103":432,"107":1,"109":288,"110":269,"111":2,"114":269,"118":1,"119":269,"121":269,"123":597,"126":597,"127":265,"131":332,"134":332,"135":23,"139":309,"140":141,"144":269,"152":1,"153":278,"154":278,"156":278,"157":278,"158":269,"160":269,"162":269,"165":9,"169":1}},
"/home/travis/build/troykinsella/junkie/lib/Container.js":{"path":"/home/travis/build/troykinsella/junkie/lib/Container.js","s":{"1":1,"2":1,"3":1,"4":1,"5":1,"6":1,"7":15,"8":6,"9":9,"10":1,"11":1,"12":160,"13":160,"14":160,"15":1,"16":1,"17":2,"18":1,"19":14,"20":13,"21":13,"22":13,"23":1,"24":13,"25":1,"26":14,"27":13,"28":13,"29":13,"30":1,"31":3,"32":1,"33":232,"34":3,"35":1,"36":204,"37":203,"38":200,"39":198,"40":198,"41":198,"42":1,"43":198,"44":1,"45":297,"46":295,"47":1,"48":297,"49":297,"50":297,"51":295,"52":19,"53":276,"54":11,"55":1,"56":7,"57":7,"58":8,"59":7,"60":2,"61":7,"62":7,"63":1},"b":{"1":[6,9],"2":[15,15],"3":[160,147],"4":[12,148],"5":[1,1],"6":[13,12],"7":[1,12],"8":[3,229],"9":[292,3],"10":[297,151],"11":[19,276],"12":[2,5]},"f":{"1":15,"2":1,"3":160,"4":2,"5":14,"6":14,"7":3,"8":232,"9":204,"10":198,"11":297,"12":297,"13":7,"14":8},"fnMap":{"1":{"name":"(anonymous_1)","line":10,"loc":{"start":{"line":10,"column":11},"end":{"line":10,"column":34}}},"2":{"name":"(anonymous_2)","line":16,"loc":{"start":{"line":16,"column":8},"end":{"line":16,"column":19}}},"3":{"name":"Container","line":33,"loc":{"start":{"line":33,"column":0},"end":{"line":33,"column":38}}},"4":{"name":"(anonymous_4)","line":46,"loc":{"start":{"line":46,"column":11},"end":{"line":46,"column":22}}},"5":{"name":"(anonymous_5)","line":59,"loc":{"start":{"line":59,"column":13},"end":{"line":59,"column":31}}},"6":{"name":"(anonymous_6)","line":79,"loc":{"start":{"line":79,"column":8},"end":{"line":79,"column":27}}},"7":{"name":"(anonymous_7)","line":91,"loc":{"start":{"line":91,"column":12},"end":{"line":91,"column":23}}},"8":{"name":"(anonymous_8)","line":95,"loc":{"start":{"line":95,"column":19},"end":{"line":95,"column":30}}},"9":{"name":"(anonymous_9)","line":113,"loc":{"start":{"line":113,"column":13},"end":{"line":113,"column":38}}},"10":{"name":"(anonymous_10)","line":125,"loc":{"start":{"line":125,"column":21},"end":{"line":125,"column":46}}},"11":{"name":"(anonymous_11)","line":129,"loc":{"start":{"line":129,"column":9},"end":{"line":129,"column":23}}},"12":{"name":"(anonymous_12)","line":152,"loc":{"start":{"line":152,"column":12},"end":{"line":152,"column":35}}},"13":{"name":"(anonymous_13)","line":178,"loc":{"start":{"line":178,"column":9},"end":{"line":178,"column":33}}},"14":{"name":"(anonymous_14)","line":180,"loc":{"start":{"line":180,"column":15},"end":{"line":180,"column":29}}}},"statementMap":{"1":{"start":{"line":3,"column":0},"end":{"line":3,"column":38}},"2":{"start":{"line":4,"column":0},"end":{"line":4,"column":39}},"3":{"start":{"line":5,"column":0},"end":{"line":5,"column":59}},"4":{"start":{"line":6,"column":0},"end":{"line":6,"column":51}},"5":{"start":{"line":7,"column":0},"end":{"line":7,"column":37}},"6":{"start":{"line":9,"column":0},"end":{"line":19,"column":2}},"7":{"start":{"line":11,"column":4},"end":{"line":13,"column":5}},"8":{"start":{"line":12,"column":6},"end":{"line":12,"column":35}},"9":{"start":{"line":14,"column":4},"end":{"line":14,"column":51}},"10":{"start":{"line":17,"column":4},"end":{"line":17,"column":14}},"11":{"start":{"line":33,"column":0},"end":{"line":37,"column":1}},"12":{"start":{"line":34,"column":2},"end":{"line":34,"column":41}},"13":{"start":{"line":35,"column":2},"end":{"line":35,"column":22}},"14":{"start":{"line":36,"column":2},"end":{"line":36,"column":64}},"15":{"start":{"line":40,"column":0},"end":{"line":40,"column":28}},"16":{"start":{"line":46,"column":0},"end":{"line":50,"column":2}},"17":{"start":{"line":47,"column":2},"end":{"line":49,"column":19}},"18":{"start":{"line":59,"column":0},"end":{"line":70,"column":2}},"19":{"start":{"line":60,"column":2},"end":{"line":60,"column":24}},"20":{"start":{"line":62,"column":2},"end":{"line":62,"column":26}},"21":{"start":{"line":64,"column":2},"end":{"line":64,"column":43}},"22":{"start":{"line":65,"column":2},"end":{"line":67,"column":3}},"23":{"start":{"line":66,"column":4},"end":{"line":66,"column":21}},"24":{"start":{"line":69,"column":2},"end":{"line":69,"column":40}},"25":{"start":{"line":79,"column":0},"end":{"line":85,"column":2}},"26":{"start":{"line":80,"column":2},"end":{"line":80,"column":24}},"27":{"start":{"line":82,"column":2},"end":{"line":82,"column":42}},"28":{"start":{"line":83,"column":2},"end":{"line":83,"column":42}},"29":{"start":{"line":84,"column":2},"end":{"line":84,"column":14}},"30":{"start":{"line":91,"column":0},"end":{"line":93,"column":2}},"31":{"start":{"line":92,"column":2},"end":{"line":92,"column":24}},"32":{"start":{"line":95,"column":0},"end":{"line":99,"column":2}},"33":{"start":{"line":96,"column":2},"end":{"line":98,"column":3}},"34":{"start":{"line":97,"column":4},"end":{"line":97,"column":42}},"35":{"start":{"line":113,"column":0},"end":{"line":123,"column":2}},"36":{"start":{"line":114,"column":2},"end":{"line":114,"column":24}},"37":{"start":{"line":116,"column":2},"end":{"line":116,"column":53}},"38":{"start":{"line":117,"column":2},"end":{"line":117,"column":63}},"39":{"start":{"line":119,"column":2},"end":{"line":119,"column":51}},"40":{"start":{"line":120,"column":2},"end":{"line":120,"column":29}},"41":{"start":{"line":122,"column":2},"end":{"line":122,"column":39}},"42":{"start":{"line":125,"column":0},"end":{"line":127,"column":2}},"43":{"start":{"line":126,"column":2},"end":{"line":126,"column":71}},"44":{"start":{"line":129,"column":0},"end":{"line":134,"column":2}},"45":{"start":{"line":130,"column":2},"end":{"line":130,"column":53}},"46":{"start":{"line":131,"column":2},"end":{"line":133,"column":11}},"47":{"start":{"line":152,"column":0},"end":{"line":170,"column":2}},"48":{"start":{"line":153,"column":2},"end":{"line":169,"column":3}},"49":{"start":{"line":154,"column":4},"end":{"line":154,"column":28}},"50":{"start":{"line":157,"column":4},"end":{"line":157,"column":30}},"51":{"start":{"line":160,"column":4},"end":{"line":162,"column":5}},"52":{"start":{"line":161,"column":6},"end":{"line":161,"column":48}},"53":{"start":{"line":165,"column":4},"end":{"line":165,"column":33}},"54":{"start":{"line":168,"column":4},"end":{"line":168,"column":29}},"55":{"start":{"line":178,"column":0},"end":{"line":189,"column":2}},"56":{"start":{"line":179,"column":2},"end":{"line":179,"column":16}},"57":{"start":{"line":180,"column":2},"end":{"line":182,"column":4}},"58":{"start":{"line":181,"column":4},"end":{"line":181,"column":21}},"59":{"start":{"line":183,"column":2},"end":{"line":185,"column":3}},"60":{"start":{"line":184,"column":4},"end":{"line":184,"column":40}},"61":{"start":{"line":186,"column":2},"end":{"line":186,"column":46}},"62":{"start":{"line":188,"column":2},"end":{"line":188,"column":27}},"63":{"start":{"line":191,"column":0},"end":{"line":191,"column":27}}},"branchMap":{"1":{"line":11,"type":"if","locations":[{"start":{"line":11,"column":4},"end":{"line":11,"column":4}},{"start":{"line":11,"column":4},"end":{"line":11,"column":4}}]},"2":{"line":11,"type":"binary-expr","locations":[{"start":{"line":11,"column":8},"end":{"line":11,"column":15}},{"start":{"line":11,"column":19},"end":{"line":11,"column":35}}]},"3":{"line":34,"type":"binary-expr","locations":[{"start":{"line":34,"column":17},"end":{"line":34,"column":23}},{"start":{"line":34,"column":27},"end":{"line":34,"column":40}}]},"4":{"line":36,"type":"cond-expr","locations":[{"start":{"line":36,"column":41},"end":{"line":36,"column":58}},{"start":{"line":36,"column":61},"end":{"line":36,"column":63}}]},"5":{"line":47,"type":"cond-expr","locations":[{"start":{"line":48,"column":6},"end":{"line":48,"column":10}},{"start":{"line":49,"column":6},"end":{"line":49,"column":18}}]},"6":{"line":62,"type":"binary-expr","locations":[{"start":{"line":62,"column":12},"end":{"line":62,"column":19}},{"start":{"line":62,"column":23},"end":{"line":62,"column":25}}]},"7":{"line":65,"type":"if","locations":[{"start":{"line":65,"column":2},"end":{"line":65,"column":2}},{"start":{"line":65,"column":2},"end":{"line":65,"column":2}}]},"8":{"line":96,"type":"if","locations":[{"start":{"line":96,"column":2},"end":{"line":96,"column":2}},{"start":{"line":96,"column":2},"end":{"line":96,"column":2}}]},"9":{"line":131,"type":"cond-expr","locations":[{"start":{"line":132,"column":6},"end":{"line":132,"column":25}},{"start":{"line":133,"column":6},"end":{"line":133,"column":10}}]},"10":{"line":154,"type":"binary-expr","locations":[{"start":{"line":154,"column":14},"end":{"line":154,"column":21}},{"start":{"line":154,"column":25},"end":{"line":154,"column":27}}]},"11":{"line":160,"type":"if","locations":[{"start":{"line":160,"column":4},"end":{"line":160,"column":4}},{"start":{"line":160,"column":4},"end":{"line":160,"column":4}}]},"12":{"line":183,"type":"if","locations":[{"start":{"line":183,"column":2},"end":{"line":183,"column":2}},{"start":{"line":183,"column":2},"end":{"line":183,"column":2}}]}},"l":{"3":1,"4":1,"5":1,"6":1,"7":1,"9":1,"11":15,"12":6,"14":9,"17":1,"33":1,"34":160,"35":160,"36":160,"40":1,"46":1,"47":2,"59":1,"60":14,"62":13,"64":13,"65":13,"66":1,"69":13,"79":1,"80":14,"82":13,"83":13,"84":13,"91":1,"92":3,"95":1,"96":232,"97":3,"113":1,"114":204,"116":203,"117":200,"119":198,"120":198,"122":198,"125":1,"126":198,"129":1,"130":297,"131":295,"152":1,"153":297,"154":297,"157":297,"160":295,"161":19,"165":276,"168":11,"178":1,"179":7,"180":7,"181":8,"183":7,"184":2,"186":7,"188":7,"191":1}},
"/home/travis/build/troykinsella/junkie/lib/Dependency.js":{"path":"/home/travis/build/troykinsella/junkie/lib/Dependency.js","s":{"1":1,"2":1,"3":146,"4":146,"5":146,"6":1,"7":1,"8":250,"9":1,"10":142,"11":1,"12":147,"13":1,"14":146,"15":146,"16":1,"17":146,"18":146,"19":5,"20":5,"21":146,"22":1},"b":{"1":[1,146],"2":[1,145],"3":[146,1],"4":[5,141]},"f":{"1":146,"2":250,"3":142,"4":147},"fnMap":{"1":{"name":"Dependency","line":12,"loc":{"start":{"line":12,"column":0},"end":{"line":12,"column":35}}},"2":{"name":"(anonymous_2)","line":26,"loc":{"start":{"line":26,"column":8},"end":{"line":26,"column":19}}},"3":{"name":"(anonymous_3)","line":34,"loc":{"start":{"line":34,"column":13},"end":{"line":34,"column":24}}},"4":{"name":"(anonymous_4)","line":43,"loc":{"start":{"line":43,"column":25},"end":{"line":43,"column":53}}}},"statementMap":{"1":{"start":{"line":2,"column":0},"end":{"line":2,"column":38}},"2":{"start":{"line":12,"column":0},"end":{"line":17,"column":1}},"3":{"start":{"line":13,"column":2},"end":{"line":13,"column":37}},"4":{"start":{"line":15,"column":2},"end":{"line":15,"column":18}},"5":{"start":{"line":16,"column":2},"end":{"line":16,"column":28}},"6":{"start":{"line":20,"column":0},"end":{"line":20,"column":29}},"7":{"start":{"line":26,"column":0},"end":{"line":28,"column":2}},"8":{"start":{"line":27,"column":2},"end":{"line":27,"column":19}},"9":{"start":{"line":34,"column":0},"end":{"line":36,"column":2}},"10":{"start":{"line":35,"column":2},"end":{"line":35,"column":24}},"11":{"start":{"line":43,"column":0},"end":{"line":62,"column":2}},"12":{"start":{"line":44,"column":2},"end":{"line":46,"column":3}},"13":{"start":{"line":45,"column":4},"end":{"line":45,"column":20}},"14":{"start":{"line":48,"column":2},"end":{"line":48,"column":23}},"15":{"start":{"line":50,"column":2},"end":{"line":52,"column":3}},"16":{"start":{"line":51,"column":4},"end":{"line":51,"column":32}},"17":{"start":{"line":55,"column":2},"end":{"line":55,"column":21}},"18":{"start":{"line":56,"column":2},"end":{"line":59,"column":3}},"19":{"start":{"line":57,"column":4},"end":{"line":57,"column":43}},"20":{"start":{"line":58,"column":4},"end":{"line":58,"column":20}},"21":{"start":{"line":61,"column":2},"end":{"line":61,"column":39}},"22":{"start":{"line":64,"column":0},"end":{"line":64,"column":28}}},"branchMap":{"1":{"line":44,"type":"if","locations":[{"start":{"line":44,"column":2},"end":{"line":44,"column":2}},{"start":{"line":44,"column":2},"end":{"line":44,"column":2}}]},"2":{"line":50,"type":"if","locations":[{"start":{"line":50,"column":2},"end":{"line":50,"column":2}},{"start":{"line":50,"column":2},"end":{"line":50,"column":2}}]},"3":{"line":50,"type":"binary-expr","locations":[{"start":{"line":50,"column":6},"end":{"line":50,"column":13}},{"start":{"line":50,"column":17},"end":{"line":50,"column":54}}]},"4":{"line":56,"type":"if","locations":[{"start":{"line":56,"column":2},"end":{"line":56,"column":2}},{"start":{"line":56,"column":2},"end":{"line":56,"column":2}}]}},"l":{"2":1,"12":1,"13":146,"15":146,"16":146,"20":1,"26":1,"27":250,"34":1,"35":142,"43":1,"44":147,"45":1,"48":146,"50":146,"51":1,"55":146,"56":146,"57":5,"58":5,"61":146,"64":1}},
"/home/travis/build/troykinsella/junkie/lib/RegistrationBuilder.js":{"path":"/home/travis/build/troykinsella/junkie/lib/RegistrationBuilder.js","s":{"1":1,"2":1,"3":198,"4":198,"5":1,"6":1,"7":198,"8":198,"9":792,"10":1,"11":186,"12":186,"13":186,"14":186,"15":1,"16":198,"17":198,"18":198,"19":2178,"20":198,"21":190,"22":1},"b":{},"f":{"1":198,"2":198,"3":792,"4":186,"5":198,"6":2178,"7":190},"fnMap":{"1":{"name":"RegistrationBuilder","line":27,"loc":{"start":{"line":27,"column":0},"end":{"line":27,"column":35}}},"2":{"name":"(anonymous_2)","line":35,"loc":{"start":{"line":35,"column":20},"end":{"line":35,"column":31}}},"3":{"name":"(anonymous_3)","line":39,"loc":{"start":{"line":39,"column":13},"end":{"line":39,"column":29}}},"4":{"name":"(anonymous_4)","line":46,"loc":{"start":{"line":46,"column":10},"end":{"line":46,"column":29}}},"5":{"name":"(anonymous_5)","line":54,"loc":{"start":{"line":54,"column":22},"end":{"line":54,"column":33}}},"6":{"name":"(anonymous_6)","line":58,"loc":{"start":{"line":58,"column":24},"end":{"line":58,"column":43}}},"7":{"name":"(anonymous_7)","line":62,"loc":{"start":{"line":62,"column":9},"end":{"line":62,"column":20}}}},"statementMap":{"1":{"start":{"line":3,"column":0},"end":{"line":3,"column":37}},"2":{"start":{"line":27,"column":0},"end":{"line":31,"column":1}},"3":{"start":{"line":28,"column":2},"end":{"line":28,"column":20}},"4":{"start":{"line":30,"column":2},"end":{"line":30,"column":24}},"5":{"start":{"line":33,"column":0},"end":{"line":33,"column":39}},"6":{"start":{"line":35,"column":0},"end":{"line":44,"column":2}},"7":{"start":{"line":36,"column":2},"end":{"line":36,"column":42}},"8":{"start":{"line":38,"column":2},"end":{"line":43,"column":18}},"9":{"start":{"line":40,"column":6},"end":{"line":42,"column":9}},"10":{"start":{"line":46,"column":0},"end":{"line":52,"column":2}},"11":{"start":{"line":47,"column":2},"end":{"line":47,"column":52}},"12":{"start":{"line":48,"column":2},"end":{"line":48,"column":15}},"13":{"start":{"line":50,"column":2},"end":{"line":50,"column":33}},"14":{"start":{"line":51,"column":2},"end":{"line":51,"column":14}},"15":{"start":{"line":54,"column":0},"end":{"line":65,"column":2}},"16":{"start":{"line":55,"column":2},"end":{"line":55,"column":33}},"17":{"start":{"line":56,"column":2},"end":{"line":56,"column":62}},"18":{"start":{"line":58,"column":2},"end":{"line":60,"column":16}},"19":{"start":{"line":59,"column":4},"end":{"line":59,"column":45}},"20":{"start":{"line":62,"column":2},"end":{"line":64,"column":4}},"21":{"start":{"line":63,"column":4},"end":{"line":63,"column":15}},"22":{"start":{"line":68,"column":0},"end":{"line":68,"column":37}}},"branchMap":{},"l":{"3":1,"27":1,"28":198,"30":198,"33":1,"35":1,"36":198,"38":198,"40":792,"46":1,"47":186,"48":186,"50":186,"51":186,"54":1,"55":198,"56":198,"58":198,"59":2178,"62":198,"63":190,"68":1}},
"/home/travis/build/troykinsella/junkie/lib/Resolution.js":{"path":"/home/travis/build/troykinsella/junkie/lib/Resolution.js","s":{"1":1,"2":1,"3":1,"4":1,"5":1,"6":287,"7":287,"8":287,"9":1,"10":1,"11":1,"12":238,"13":237,"14":237,"15":1,"16":204,"17":1,"18":66,"19":1,"20":1201,"21":1,"22":2,"23":1,"24":402,"25":402,"26":150,"27":144,"28":393,"29":1,"30":67,"31":1,"32":644,"33":1,"34":269,"35":269,"36":269,"37":1,"38":269,"39":137,"40":14,"41":123,"42":132,"43":132,"44":132,"45":52,"46":52,"47":80,"48":1,"49":1,"50":1},"b":{"1":[150,252],"2":[150,36],"3":[144,114],"4":[67,1],"5":[137,132],"6":[14,123],"7":[52,80]},"f":{"1":287,"2":238,"3":204,"4":66,"5":1201,"6":2,"7":402,"8":67,"9":644,"10":269,"11":269,"12":132,"13":132,"14":1},"fnMap":{"1":{"name":"Resolution","line":13,"loc":{"start":{"line":13,"column":0},"end":{"line":13,"column":22}}},"2":{"name":"(anonymous_2)","line":29,"loc":{"start":{"line":29,"column":12},"end":{"line":29,"column":31}}},"3":{"name":"(anonymous_3)","line":43,"loc":{"start":{"line":43,"column":13},"end":{"line":43,"column":24}}},"4":{"name":"(anonymous_4)","line":51,"loc":{"start":{"line":51,"column":9},"end":{"line":51,"column":25}}},"5":{"name":"(anonymous_5)","line":59,"loc":{"start":{"line":59,"column":11},"end":{"line":59,"column":22}}},"6":{"name":"(anonymous_6)","line":68,"loc":{"start":{"line":68,"column":9},"end":{"line":68,"column":20}}},"7":{"name":"(anonymous_7)","line":81,"loc":{"start":{"line":81,"column":13},"end":{"line":81,"column":31}}},"8":{"name":"(anonymous_8)","line":100,"loc":{"start":{"line":100,"column":10},"end":{"line":100,"column":21}}},"9":{"name":"(anonymous_9)","line":108,"loc":{"start":{"line":108,"column":11},"end":{"line":108,"column":22}}},"10":{"name":"(anonymous_10)","line":116,"loc":{"start":{"line":116,"column":12},"end":{"line":116,"column":23}}},"11":{"name":"(anonymous_11)","line":127,"loc":{"start":{"line":127,"column":14},"end":{"line":127,"column":25}}},"12":{"name":"(anonymous_12)","line":135,"loc":{"start":{"line":135,"column":21},"end":{"line":135,"column":47}}},"13":{"name":"(anonymous_13)","line":136,"loc":{"start":{"line":136,"column":27},"end":{"line":136,"column":38}}},"14":{"name":"(anonymous_14)","line":150,"loc":{"start":{"line":150,"column":13},"end":{"line":150,"column":24}}}},"statementMap":{"1":{"start":{"line":3,"column":0},"end":{"line":3,"column":50}},"2":{"start":{"line":4,"column":0},"end":{"line":4,"column":29}},"3":{"start":{"line":5,"column":0},"end":{"line":5,"column":51}},"4":{"start":{"line":7,"column":0},"end":{"line":7,"column":25}},"5":{"start":{"line":13,"column":0},"end":{"line":18,"column":1}},"6":{"start":{"line":14,"column":2},"end":{"line":14,"column":26}},"7":{"start":{"line":15,"column":2},"end":{"line":15,"column":21}},"8":{"start":{"line":17,"column":2},"end":{"line":17,"column":35}},"9":{"start":{"line":19,"column":0},"end":{"line":19,"column":40}},"10":{"start":{"line":22,"column":0},"end":{"line":22,"column":29}},"11":{"start":{"line":29,"column":0},"end":{"line":37,"column":2}},"12":{"start":{"line":30,"column":2},"end":{"line":32,"column":21}},"13":{"start":{"line":33,"column":2},"end":{"line":35,"column":21}},"14":{"start":{"line":36,"column":2},"end":{"line":36,"column":28}},"15":{"start":{"line":43,"column":0},"end":{"line":45,"column":2}},"16":{"start":{"line":44,"column":2},"end":{"line":44,"column":38}},"17":{"start":{"line":51,"column":0},"end":{"line":53,"column":2}},"18":{"start":{"line":52,"column":2},"end":{"line":52,"column":22}},"19":{"start":{"line":59,"column":0},"end":{"line":61,"column":2}},"20":{"start":{"line":60,"column":2},"end":{"line":60,"column":23}},"21":{"start":{"line":68,"column":0},"end":{"line":70,"column":2}},"22":{"start":{"line":69,"column":2},"end":{"line":69,"column":20}},"23":{"start":{"line":81,"column":0},"end":{"line":94,"column":2}},"24":{"start":{"line":82,"column":2},"end":{"line":82,"column":25}},"25":{"start":{"line":84,"column":2},"end":{"line":91,"column":3}},"26":{"start":{"line":85,"column":4},"end":{"line":87,"column":23}},"27":{"start":{"line":88,"column":4},"end":{"line":90,"column":23}},"28":{"start":{"line":93,"column":2},"end":{"line":93,"column":11}},"29":{"start":{"line":100,"column":0},"end":{"line":102,"column":2}},"30":{"start":{"line":101,"column":2},"end":{"line":101,"column":29}},"31":{"start":{"line":108,"column":0},"end":{"line":110,"column":2}},"32":{"start":{"line":109,"column":2},"end":{"line":109,"column":22}},"33":{"start":{"line":116,"column":0},"end":{"line":120,"column":2}},"34":{"start":{"line":117,"column":2},"end":{"line":117,"column":61}},"35":{"start":{"line":118,"column":2},"end":{"line":118,"column":25}},"36":{"start":{"line":119,"column":2},"end":{"line":119,"column":31}},"37":{"start":{"line":127,"column":0},"end":{"line":144,"column":2}},"38":{"start":{"line":128,"column":2},"end":{"line":133,"column":3}},"39":{"start":{"line":129,"column":4},"end":{"line":131,"column":5}},"40":{"start":{"line":130,"column":6},"end":{"line":130,"column":42}},"41":{"start":{"line":132,"column":4},"end":{"line":132,"column":44}},"42":{"start":{"line":135,"column":2},"end":{"line":143,"column":16}},"43":{"start":{"line":136,"column":4},"end":{"line":142,"column":18}},"44":{"start":{"line":137,"column":6},"end":{"line":140,"column":7}},"45":{"start":{"line":138,"column":8},"end":{"line":138,"column":29}},"46":{"start":{"line":139,"column":8},"end":{"line":139,"column":15}},"47":{"start":{"line":141,"column":6},"end":{"line":141,"column":31}},"48":{"start":{"line":150,"column":0},"end":{"line":156,"column":2}},"49":{"start":{"line":151,"column":2},"end":{"line":155,"column":8}},"50":{"start":{"line":158,"column":0},"end":{"line":158,"column":28}}},"branchMap":{"1":{"line":84,"type":"if","locations":[{"start":{"line":84,"column":2},"end":{"line":84,"column":2}},{"start":{"line":84,"column":2},"end":{"line":84,"column":2}}]},"2":{"line":85,"type":"binary-expr","locations":[{"start":{"line":85,"column":11},"end":{"line":85,"column":19}},{"start":{"line":85,"column":23},"end":{"line":85,"column":32}}]},"3":{"line":88,"type":"binary-expr","locations":[{"start":{"line":88,"column":11},"end":{"line":88,"column":18}},{"start":{"line":88,"column":22},"end":{"line":88,"column":31}}]},"4":{"line":101,"type":"binary-expr","locations":[{"start":{"line":101,"column":9},"end":{"line":101,"column":20}},{"start":{"line":101,"column":24},"end":{"line":101,"column":28}}]},"5":{"line":128,"type":"if","locations":[{"start":{"line":128,"column":2},"end":{"line":128,"column":2}},{"start":{"line":128,"column":2},"end":{"line":128,"column":2}}]},"6":{"line":129,"type":"if","locations":[{"start":{"line":129,"column":4},"end":{"line":129,"column":4}},{"start":{"line":129,"column":4},"end":{"line":129,"column":4}}]},"7":{"line":137,"type":"if","locations":[{"start":{"line":137,"column":6},"end":{"line":137,"column":6}},{"start":{"line":137,"column":6},"end":{"line":137,"column":6}}]}},"l":{"3":1,"4":1,"5":1,"7":1,"13":1,"14":287,"15":287,"17":287,"19":1,"22":1,"29":1,"30":238,"33":237,"36":237,"43":1,"44":204,"51":1,"52":66,"59":1,"60":1201,"68":1,"69":2,"81":1,"82":402,"84":402,"85":150,"88":144,"93":393,"100":1,"101":67,"108":1,"109":644,"116":1,"117":269,"118":269,"119":269,"127":1,"128":269,"129":137,"130":14,"132":123,"135":132,"136":132,"137":132,"138":52,"139":52,"141":80,"150":1,"151":1,"158":1}},
"/home/travis/build/troykinsella/junkie/lib/ResolutionContext.js":{"path":"/home/travis/build/troykinsella/junkie/lib/ResolutionContext.js","s":{"1":1,"2":1,"3":298,"4":4,"5":294,"6":1458,"7":1,"8":1,"9":441,"10":1,"11":4,"12":4,"13":4,"14":7,"15":7,"16":4,"17":1,"18":449,"19":1,"20":255,"21":1,"22":13,"23":2,"24":11,"25":8,"26":3,"27":1,"28":139,"29":1,"30":158,"31":158,"32":11,"33":158,"34":158,"35":158,"36":142,"37":142,"38":142,"39":105,"40":105,"41":158,"42":121,"43":8,"44":113,"45":1,"46":1,"47":1},"b":{"1":[4,294],"2":[298,298,297,296,295],"3":[441,274],"4":[2,11],"5":[8,3],"6":[11,147],"7":[8,113]},"f":{"1":298,"2":1458,"3":441,"4":4,"5":449,"6":255,"7":13,"8":139,"9":158,"10":142,"11":142,"12":105,"13":121,"14":1},"fnMap":{"1":{"name":"ResolutionContext","line":10,"loc":{"start":{"line":10,"column":0},"end":{"line":10,"column":36}}},"2":{"name":"(anonymous_2)","line":20,"loc":{"start":{"line":20,"column":31},"end":{"line":20,"column":45}}},"3":{"name":"(anonymous_3)","line":32,"loc":{"start":{"line":32,"column":14},"end":{"line":32,"column":25}}},"4":{"name":"(anonymous_4)","line":42,"loc":{"start":{"line":42,"column":14},"end":{"line":42,"column":25}}},"5":{"name":"(anonymous_5)","line":56,"loc":{"start":{"line":56,"column":9},"end":{"line":56,"column":20}}},"6":{"name":"(anonymous_6)","line":65,"loc":{"start":{"line":65,"column":15},"end":{"line":65,"column":26}}},"7":{"name":"(anonymous_7)","line":86,"loc":{"start":{"line":86,"column":11},"end":{"line":86,"column":32}}},"8":{"name":"(anonymous_8)","line":102,"loc":{"start":{"line":102,"column":17},"end":{"line":102,"column":31}}},"9":{"name":"(anonymous_9)","line":119,"loc":{"start":{"line":119,"column":13},"end":{"line":119,"column":37}}},"10":{"name":"(anonymous_10)","line":132,"loc":{"start":{"line":132,"column":13},"end":{"line":132,"column":27}}},"11":{"name":"(anonymous_11)","line":135,"loc":{"start":{"line":135,"column":9},"end":{"line":135,"column":23}}},"12":{"name":"(anonymous_12)","line":137,"loc":{"start":{"line":137,"column":40},"end":{"line":137,"column":62}}},"13":{"name":"(anonymous_13)","line":143,"loc":{"start":{"line":143,"column":36},"end":{"line":143,"column":47}}},"14":{"name":"(anonymous_14)","line":155,"loc":{"start":{"line":155,"column":14},"end":{"line":155,"column":25}}}},"statementMap":{"1":{"start":{"line":3,"column":0},"end":{"line":3,"column":41}},"2":{"start":{"line":10,"column":0},"end":{"line":23,"column":1}},"3":{"start":{"line":11,"column":2},"end":{"line":18,"column":3}},"4":{"start":{"line":17,"column":4},"end":{"line":17,"column":77}},"5":{"start":{"line":20,"column":2},"end":{"line":22,"column":16}},"6":{"start":{"line":21,"column":4},"end":{"line":21,"column":35}},"7":{"start":{"line":26,"column":0},"end":{"line":26,"column":37}},"8":{"start":{"line":32,"column":0},"end":{"line":34,"column":2}},"9":{"start":{"line":33,"column":2},"end":{"line":33,"column":32}},"10":{"start":{"line":42,"column":0},"end":{"line":50,"column":2}},"11":{"start":{"line":43,"column":2},"end":{"line":43,"column":17}},"12":{"start":{"line":44,"column":2},"end":{"line":44,"column":17}},"13":{"start":{"line":45,"column":2},"end":{"line":48,"column":16}},"14":{"start":{"line":46,"column":4},"end":{"line":46,"column":29}},"15":{"start":{"line":47,"column":4},"end":{"line":47,"column":25}},"16":{"start":{"line":49,"column":2},"end":{"line":49,"column":15}},"17":{"start":{"line":56,"column":0},"end":{"line":58,"column":2}},"18":{"start":{"line":57,"column":2},"end":{"line":57,"column":19}},"19":{"start":{"line":65,"column":0},"end":{"line":67,"column":2}},"20":{"start":{"line":66,"column":2},"end":{"line":66,"column":25}},"21":{"start":{"line":86,"column":0},"end":{"line":94,"column":2}},"22":{"start":{"line":87,"column":2},"end":{"line":93,"column":3}},"23":{"start":{"line":88,"column":4},"end":{"line":88,"column":23}},"24":{"start":{"line":89,"column":9},"end":{"line":93,"column":3}},"25":{"start":{"line":90,"column":4},"end":{"line":90,"column":28}},"26":{"start":{"line":92,"column":4},"end":{"line":92,"column":29}},"27":{"start":{"line":102,"column":0},"end":{"line":107,"column":2}},"28":{"start":{"line":103,"column":2},"end":{"line":106,"column":5}},"29":{"start":{"line":119,"column":0},"end":{"line":149,"column":2}},"30":{"start":{"line":120,"column":2},"end":{"line":120,"column":36}},"31":{"start":{"line":121,"column":2},"end":{"line":123,"column":3}},"32":{"start":{"line":122,"column":4},"end":{"line":122,"column":20}},"33":{"start":{"line":125,"column":2},"end":{"line":128,"column":4}},"34":{"start":{"line":130,"column":2},"end":{"line":130,"column":20}},"35":{"start":{"line":131,"column":2},"end":{"line":141,"column":22}},"36":{"start":{"line":133,"column":6},"end":{"line":133,"column":50}},"37":{"start":{"line":136,"column":6},"end":{"line":136,"column":30}},"38":{"start":{"line":137,"column":6},"end":{"line":140,"column":9}},"39":{"start":{"line":138,"column":8},"end":{"line":138,"column":44}},"40":{"start":{"line":139,"column":8},"end":{"line":139,"column":41}},"41":{"start":{"line":143,"column":2},"end":{"line":148,"column":5}},"42":{"start":{"line":144,"column":4},"end":{"line":146,"column":5}},"43":{"start":{"line":145,"column":6},"end":{"line":145,"column":28}},"44":{"start":{"line":147,"column":4},"end":{"line":147,"column":18}},"45":{"start":{"line":155,"column":0},"end":{"line":160,"column":2}},"46":{"start":{"line":156,"column":2},"end":{"line":159,"column":8}},"47":{"start":{"line":162,"column":0},"end":{"line":162,"column":35}}},"branchMap":{"1":{"line":11,"type":"if","locations":[{"start":{"line":11,"column":2},"end":{"line":11,"column":2}},{"start":{"line":11,"column":2},"end":{"line":11,"column":2}}]},"2":{"line":11,"type":"binary-expr","locations":[{"start":{"line":11,"column":6},"end":{"line":11,"column":14}},{"start":{"line":12,"column":4},"end":{"line":12,"column":22}},{"start":{"line":13,"column":4},"end":{"line":13,"column":16}},{"start":{"line":14,"column":4},"end":{"line":14,"column":35}},{"start":{"line":15,"column":4},"end":{"line":15,"column":18}}]},"3":{"line":33,"type":"binary-expr","locations":[{"start":{"line":33,"column":9},"end":{"line":33,"column":23}},{"start":{"line":33,"column":27},"end":{"line":33,"column":31}}]},"4":{"line":87,"type":"if","locations":[{"start":{"line":87,"column":2},"end":{"line":87,"column":2}},{"start":{"line":87,"column":2},"end":{"line":87,"column":2}}]},"5":{"line":89,"type":"if","locations":[{"start":{"line":89,"column":9},"end":{"line":89,"column":9}},{"start":{"line":89,"column":9},"end":{"line":89,"column":9}}]},"6":{"line":121,"type":"if","locations":[{"start":{"line":121,"column":2},"end":{"line":121,"column":2}},{"start":{"line":121,"column":2},"end":{"line":121,"column":2}}]},"7":{"line":144,"type":"if","locations":[{"start":{"line":144,"column":4},"end":{"line":144,"column":4}},{"start":{"line":144,"column":4},"end":{"line":144,"column":4}}]}},"l":{"3":1,"10":1,"11":298,"17":4,"20":294,"21":1458,"26":1,"32":1,"33":441,"42":1,"43":4,"44":4,"45":4,"46":7,"47":7,"49":4,"56":1,"57":449,"65":1,"66":255,"86":1,"87":13,"88":2,"89":11,"90":8,"92":3,"102":1,"103":139,"119":1,"120":158,"121":158,"122":11,"125":158,"130":158,"131":158,"133":142,"136":142,"137":142,"138":105,"139":105,"143":158,"144":121,"145":8,"147":113,"155":1,"156":1,"162":1}},
"/home/travis/build/troykinsella/junkie/lib/ResolutionError.js":{"path":"/home/travis/build/troykinsella/junkie/lib/ResolutionError.js","s":{"1":1,"2":1,"3":46,"4":46,"5":1,"6":1,"7":1,"8":1},"b":{},"f":{"1":46},"fnMap":{"1":{"name":"ResolutionError","line":10,"loc":{"start":{"line":10,"column":0},"end":{"line":10,"column":34}}}},"statementMap":{"1":{"start":{"line":2,"column":0},"end":{"line":2,"column":42}},"2":{"start":{"line":10,"column":0},"end":{"line":13,"column":1}},"3":{"start":{"line":11,"column":2},"end":{"line":11,"column":19}},"4":{"start":{"line":12,"column":2},"end":{"line":12,"column":25}},"5":{"start":{"line":14,"column":0},"end":{"line":14,"column":51}},"6":{"start":{"line":15,"column":0},"end":{"line":15,"column":56}},"7":{"start":{"line":16,"column":0},"end":{"line":16,"column":33}},"8":{"start":{"line":18,"column":0},"end":{"line":18,"column":33}}},"branchMap":{},"l":{"2":1,"10":1,"11":46,"12":46,"14":1,"15":1,"16":1,"18":1}},
"/home/travis/build/troykinsella/junkie/lib/Resolver.js":{"path":"/home/travis/build/troykinsella/junkie/lib/Resolver.js","s":{"1":1,"2":1,"3":1,"4":211,"5":211,"6":211,"7":1,"8":1,"9":333,"10":333,"11":333,"12":18,"13":18,"14":1,"15":333,"16":1,"17":49,"18":49,"19":5,"20":44,"21":1,"22":164,"23":1,"24":309,"25":1,"26":1,"27":209,"28":205,"29":165,"30":205,"31":202,"32":201,"33":202,"34":1},"b":{"1":[211,20],"2":[5,44],"3":[5,3],"4":[165,40],"5":[201,1]},"f":{"1":211,"2":333,"3":333,"4":49,"5":164,"6":309,"7":209},"fnMap":{"1":{"name":"Resolver","line":14,"loc":{"start":{"line":14,"column":0},"end":{"line":14,"column":30}}},"2":{"name":"(anonymous_2)","line":25,"loc":{"start":{"line":25,"column":12},"end":{"line":25,"column":37}}},"3":{"name":"(anonymous_3)","line":35,"loc":{"start":{"line":35,"column":24},"end":{"line":35,"column":35}}},"4":{"name":"(anonymous_4)","line":42,"loc":{"start":{"line":42,"column":8},"end":{"line":42,"column":33}}},"5":{"name":"(anonymous_5)","line":51,"loc":{"start":{"line":51,"column":9},"end":{"line":51,"column":20}}},"6":{"name":"(anonymous_6)","line":55,"loc":{"start":{"line":55,"column":19},"end":{"line":55,"column":30}}},"7":{"name":"(anonymous_7)","line":74,"loc":{"start":{"line":74,"column":21},"end":{"line":74,"column":46}}}},"statementMap":{"1":{"start":{"line":3,"column":0},"end":{"line":3,"column":38}},"2":{"start":{"line":4,"column":0},"end":{"line":4,"column":51}},"3":{"start":{"line":14,"column":0},"end":{"line":20,"column":1}},"4":{"start":{"line":15,"column":2},"end":{"line":17,"column":44}},"5":{"start":{"line":18,"column":2},"end":{"line":18,"column":20}},"6":{"start":{"line":19,"column":2},"end":{"line":19,"column":26}},"7":{"start":{"line":23,"column":0},"end":{"line":23,"column":27}},"8":{"start":{"line":25,"column":0},"end":{"line":33,"column":2}},"9":{"start":{"line":26,"column":2},"end":{"line":26,"column":48}},"10":{"start":{"line":27,"column":2},"end":{"line":32,"column":3}},"11":{"start":{"line":28,"column":4},"end":{"line":28,"column":50}},"12":{"start":{"line":30,"column":4},"end":{"line":30,"column":16}},"13":{"start":{"line":31,"column":4},"end":{"line":31,"column":18}},"14":{"start":{"line":35,"column":0},"end":{"line":40,"column":2}},"15":{"start":{"line":36,"column":2},"end":{"line":39,"column":4}},"16":{"start":{"line":42,"column":0},"end":{"line":49,"column":2}},"17":{"start":{"line":43,"column":2},"end":{"line":43,"column":26}},"18":{"start":{"line":44,"column":2},"end":{"line":47,"column":3}},"19":{"start":{"line":45,"column":4},"end":{"line":46,"column":77}},"20":{"start":{"line":48,"column":2},"end":{"line":48,"column":13}},"21":{"start":{"line":51,"column":0},"end":{"line":53,"column":2}},"22":{"start":{"line":52,"column":2},"end":{"line":52,"column":28}},"23":{"start":{"line":55,"column":0},"end":{"line":57,"column":2}},"24":{"start":{"line":56,"column":2},"end":{"line":56,"column":32}},"25":{"start":{"line":60,"column":0},"end":{"line":72,"column":3}},"26":{"start":{"line":74,"column":0},"end":{"line":87,"column":2}},"27":{"start":{"line":75,"column":2},"end":{"line":75,"column":49}},"28":{"start":{"line":76,"column":2},"end":{"line":78,"column":3}},"29":{"start":{"line":77,"column":4},"end":{"line":77,"column":52}},"30":{"start":{"line":80,"column":2},"end":{"line":80,"column":91}},"31":{"start":{"line":82,"column":2},"end":{"line":84,"column":3}},"32":{"start":{"line":83,"column":4},"end":{"line":83,"column":44}},"33":{"start":{"line":86,"column":2},"end":{"line":86,"column":18}},"34":{"start":{"line":89,"column":0},"end":{"line":89,"column":26}}},"branchMap":{"1":{"line":19,"type":"binary-expr","locations":[{"start":{"line":19,"column":15},"end":{"line":19,"column":19}},{"start":{"line":19,"column":23},"end":{"line":19,"column":25}}]},"2":{"line":44,"type":"if","locations":[{"start":{"line":44,"column":2},"end":{"line":44,"column":2}},{"start":{"line":44,"column":2},"end":{"line":44,"column":2}}]},"3":{"line":45,"type":"binary-expr","locations":[{"start":{"line":45,"column":30},"end":{"line":45,"column":41}},{"start":{"line":46,"column":7},"end":{"line":46,"column":74}}]},"4":{"line":76,"type":"if","locations":[{"start":{"line":76,"column":2},"end":{"line":76,"column":2}},{"start":{"line":76,"column":2},"end":{"line":76,"column":2}}]},"5":{"line":82,"type":"if","locations":[{"start":{"line":82,"column":2},"end":{"line":82,"column":2}},{"start":{"line":82,"column":2},"end":{"line":82,"column":2}}]}},"l":{"3":1,"4":1,"14":1,"15":211,"18":211,"19":211,"23":1,"25":1,"26":333,"27":333,"28":333,"30":18,"31":18,"35":1,"36":333,"42":1,"43":49,"44":49,"45":5,"48":44,"51":1,"52":164,"55":1,"56":309,"60":1,"74":1,"75":209,"76":205,"77":165,"80":205,"82":202,"83":201,"86":202,"89":1}},
"/home/travis/build/troykinsella/junkie/lib/junkie.js":{"path":"/home/travis/build/troykinsella/junkie/lib/junkie.js","s":{"1":1,"2":1,"3":1,"4":1,"5":122,"6":1,"7":1},"b":{},"f":{"1":122},"fnMap":{"1":{"name":"(anonymous_1)","line":16,"loc":{"start":{"line":16,"column":22},"end":{"line":16,"column":33}}}},"statementMap":{"1":{"start":{"line":2,"column":0},"end":{"line":2,"column":39}},"2":{"start":{"line":3,"column":0},"end":{"line":3,"column":51}},"3":{"start":{"line":10,"column":0},"end":{"line":10,"column":16}},"4":{"start":{"line":16,"column":0},"end":{"line":18,"column":2}},"5":{"start":{"line":17,"column":2},"end":{"line":17,"column":25}},"6":{"start":{"line":26,"column":0},"end":{"line":26,"column":41}},"7":{"start":{"line":28,"column":0},"end":{"line":28,"column":24}}},"branchMap":{},"l":{"2":1,"3":1,"10":1,"16":1,"17":122,"26":1,"28":1}},
"/home/travis/build/troykinsella/junkie/lib/util.js":{"path":"/home/travis/build/troykinsella/junkie/lib/util.js","s":{"1":1,"2":1299,"3":1,"4":1298,"5":8,"6":1290,"7":2,"8":1,"9":2682,"10":33,"11":33,"12":2,"13":1086,"14":411,"15":1086,"16":2,"17":2,"18":1,"19":2,"20":2,"21":1,"22":1,"23":1,"24":1,"25":1,"26":1},"b":{"1":[1,1298],"2":[8,1290],"3":[8,8],"4":[33,2649],"5":[33,16],"6":[206,880],"7":[1,1]},"f":{"1":1299,"2":2682,"3":1086,"4":411,"5":2,"6":1,"7":1},"fnMap":{"1":{"name":"isType","line":3,"loc":{"start":{"line":3,"column":0},"end":{"line":3,"column":27}}},"2":{"name":"assert","line":15,"loc":{"start":{"line":15,"column":0},"end":{"line":15,"column":47}}},"3":{"name":"(anonymous_3)","line":22,"loc":{"start":{"line":22,"column":14},"end":{"line":22,"column":54}}},"4":{"name":"(anonymous_4)","line":24,"loc":{"start":{"line":24,"column":16},"end":{"line":24,"column":28}}},"5":{"name":"(anonymous_5)","line":35,"loc":{"start":{"line":35,"column":28},"end":{"line":35,"column":54}}},"6":{"name":"(anonymous_6)","line":48,"loc":{"start":{"line":48,"column":28},"end":{"line":48,"column":54}}},"7":{"name":"(anonymous_7)","line":50,"loc":{"start":{"line":50,"column":19},"end":{"line":50,"column":31}}}},"statementMap":{"1":{"start":{"line":3,"column":0},"end":{"line":12,"column":1}},"2":{"start":{"line":4,"column":2},"end":{"line":6,"column":3}},"3":{"start":{"line":5,"column":4},"end":{"line":5,"column":30}},"4":{"start":{"line":7,"column":2},"end":{"line":10,"column":3}},"5":{"start":{"line":8,"column":4},"end":{"line":9,"column":40}},"6":{"start":{"line":11,"column":2},"end":{"line":11,"column":29}},"7":{"start":{"line":13,"column":0},"end":{"line":13,"column":31}},"8":{"start":{"line":15,"column":0},"end":{"line":20,"column":1}},"9":{"start":{"line":16,"column":2},"end":{"line":19,"column":3}},"10":{"start":{"line":17,"column":4},"end":{"line":17,"column":31}},"11":{"start":{"line":18,"column":4},"end":{"line":18,"column":25}},"12":{"start":{"line":22,"column":0},"end":{"line":27,"column":2}},"13":{"start":{"line":23,"column":2},"end":{"line":25,"column":24}},"14":{"start":{"line":24,"column":30},"end":{"line":24,"column":52}},"15":{"start":{"line":26,"column":2},"end":{"line":26,"column":35}},"16":{"start":{"line":29,"column":0},"end":{"line":29,"column":31}},"17":{"start":{"line":33,"column":0},"end":{"line":55,"column":1}},"18":{"start":{"line":35,"column":2},"end":{"line":45,"column":4}},"19":{"start":{"line":36,"column":4},"end":{"line":36,"column":28}},"20":{"start":{"line":37,"column":4},"end":{"line":44,"column":7}},"21":{"start":{"line":48,"column":2},"end":{"line":54,"column":4}},"22":{"start":{"line":49,"column":4},"end":{"line":49,"column":28}},"23":{"start":{"line":50,"column":4},"end":{"line":50,"column":34}},"24":{"start":{"line":51,"column":4},"end":{"line":51,"column":45}},"25":{"start":{"line":52,"column":4},"end":{"line":52,"column":36}},"26":{"start":{"line":53,"column":4},"end":{"line":53,"column":38}}},"branchMap":{"1":{"line":4,"type":"if","locations":[{"start":{"line":4,"column":2},"end":{"line":4,"column":2}},{"start":{"line":4,"column":2},"end":{"line":4,"column":2}}]},"2":{"line":7,"type":"if","locations":[{"start":{"line":7,"column":2},"end":{"line":7,"column":2}},{"start":{"line":7,"column":2},"end":{"line":7,"column":2}}]},"3":{"line":8,"type":"binary-expr","locations":[{"start":{"line":8,"column":11},"end":{"line":8,"column":41}},{"start":{"line":9,"column":8},"end":{"line":9,"column":39}}]},"4":{"line":16,"type":"if","locations":[{"start":{"line":16,"column":2},"end":{"line":16,"column":2}},{"start":{"line":16,"column":2},"end":{"line":16,"column":2}}]},"5":{"line":17,"type":"binary-expr","locations":[{"start":{"line":17,"column":12},"end":{"line":17,"column":21}},{"start":{"line":17,"column":25},"end":{"line":17,"column":30}}]},"6":{"line":23,"type":"cond-expr","locations":[{"start":{"line":24,"column":6},"end":{"line":24,"column":55}},{"start":{"line":25,"column":6},"end":{"line":25,"column":23}}]},"7":{"line":33,"type":"if","locations":[{"start":{"line":33,"column":0},"end":{"line":33,"column":0}},{"start":{"line":33,"column":0},"end":{"line":33,"column":0}}]}},"l":{"3":1,"4":1299,"5":1,"7":1298,"8":8,"11":1290,"13":2,"15":1,"16":2682,"17":33,"18":33,"22":2,"23":1086,"24":411,"26":1086,"29":2,"33":2,"35":1,"36":2,"37":2,"48":1,"49":1,"50":1,"51":1,"52":1,"53":1}},
"/home/travis/build/troykinsella/junkie/lib/resolver/assignment.js":{"path":"/home/travis/build/troykinsella/junkie/lib/resolver/assignment.js","s":{"1":1,"2":2,"3":2,"4":1,"5":1,"6":1,"7":1,"8":1},"b":{},"f":{"1":2,"2":1,"3":1,"4":1},"fnMap":{"1":{"name":"assignment","line":21,"loc":{"start":{"line":21,"column":17},"end":{"line":21,"column":53}}},"2":{"name":"(anonymous_2)","line":25,"loc":{"start":{"line":25,"column":10},"end":{"line":25,"column":25}}},"3":{"name":"(anonymous_3)","line":26,"loc":{"start":{"line":26,"column":24},"end":{"line":26,"column":38}}},"4":{"name":"(anonymous_4)","line":31,"loc":{"start":{"line":31,"column":11},"end":{"line":31,"column":25}}}},"statementMap":{"1":{"start":{"line":21,"column":0},"end":{"line":35,"column":2}},"2":{"start":{"line":22,"column":2},"end":{"line":22,"column":36}},"3":{"start":{"line":24,"column":2},"end":{"line":34,"column":7}},"4":{"start":{"line":26,"column":6},"end":{"line":28,"column":9}},"5":{"start":{"line":27,"column":8},"end":{"line":27,"column":37}},"6":{"start":{"line":29,"column":6},"end":{"line":29,"column":13}},"7":{"start":{"line":32,"column":6},"end":{"line":32,"column":20}},"8":{"start":{"line":33,"column":6},"end":{"line":33,"column":13}}},"branchMap":{},"l":{"21":1,"22":2,"24":2,"26":1,"27":1,"29":1,"32":1,"33":1}},
"/home/travis/build/troykinsella/junkie/lib/resolver/caching.js":{"path":"/home/travis/build/troykinsella/junkie/lib/resolver/caching.js","s":{"1":1,"2":1,"3":5,"4":5,"5":2,"6":2,"7":3,"8":3},"b":{"1":[2,3]},"f":{"1":5,"2":3},"fnMap":{"1":{"name":"caching","line":22,"loc":{"start":{"line":22,"column":17},"end":{"line":22,"column":44}}},"2":{"name":"(anonymous_2)","line":29,"loc":{"start":{"line":29,"column":24},"end":{"line":29,"column":35}}}},"statementMap":{"1":{"start":{"line":3,"column":0},"end":{"line":3,"column":34}},"2":{"start":{"line":22,"column":0},"end":{"line":32,"column":2}},"3":{"start":{"line":23,"column":2},"end":{"line":23,"column":35}},"4":{"start":{"line":24,"column":2},"end":{"line":27,"column":3}},"5":{"start":{"line":25,"column":4},"end":{"line":25,"column":24}},"6":{"start":{"line":26,"column":4},"end":{"line":26,"column":22}},"7":{"start":{"line":29,"column":2},"end":{"line":31,"column":5}},"8":{"start":{"line":30,"column":4},"end":{"line":30,"column":40}}},"branchMap":{"1":{"line":24,"type":"if","locations":[{"start":{"line":24,"column":2},"end":{"line":24,"column":2}},{"start":{"line":24,"column":2},"end":{"line":24,"column":2}}]}},"l":{"3":1,"22":1,"23":5,"24":5,"25":2,"26":2,"29":3,"30":3}},
"/home/travis/build/troykinsella/junkie/lib/resolver/constructor.js":{"path":"/home/travis/build/troykinsella/junkie/lib/resolver/constructor.js","s":{"1":1,"2":1,"3":1,"4":71,"5":71,"6":51,"7":51,"8":9,"9":9,"10":2,"11":2,"12":1,"13":1,"14":1,"15":1,"16":1,"17":1,"18":1,"19":1,"20":1,"21":1,"22":1,"23":1,"24":1,"25":1,"26":1,"27":1,"28":1,"29":70,"30":1,"31":103,"32":102,"33":102,"34":101,"35":71,"36":71,"37":70,"38":1,"39":71,"40":30,"41":30},"b":{"1":[51,9,2,1,1,1,1,1,1,1,1,1]},"f":{"1":71,"2":103,"3":71,"4":30},"fnMap":{"1":{"name":"callCtor","line":6,"loc":{"start":{"line":6,"column":0},"end":{"line":6,"column":30}}},"2":{"name":"constructor","line":42,"loc":{"start":{"line":42,"column":17},"end":{"line":42,"column":54}}},"3":{"name":"(anonymous_3)","line":52,"loc":{"start":{"line":52,"column":10},"end":{"line":52,"column":25}}},"4":{"name":"(anonymous_4)","line":62,"loc":{"start":{"line":62,"column":11},"end":{"line":62,"column":25}}}},"statementMap":{"1":{"start":{"line":2,"column":0},"end":{"line":2,"column":39}},"2":{"start":{"line":3,"column":0},"end":{"line":3,"column":52}},"3":{"start":{"line":6,"column":0},"end":{"line":23,"column":1}},"4":{"start":{"line":7,"column":2},"end":{"line":7,"column":8}},"5":{"start":{"line":8,"column":2},"end":{"line":21,"column":3}},"6":{"start":{"line":9,"column":13},"end":{"line":9,"column":28}},"7":{"start":{"line":9,"column":29},"end":{"line":9,"column":35}},"8":{"start":{"line":10,"column":13},"end":{"line":10,"column":35}},"9":{"start":{"line":10,"column":36},"end":{"line":10,"column":42}},"10":{"start":{"line":11,"column":13},"end":{"line":11,"column":44}},"11":{"start":{"line":11,"column":45},"end":{"line":11,"column":51}},"12":{"start":{"line":12,"column":13},"end":{"line":12,"column":53}},"13":{"start":{"line":12,"column":54},"end":{"line":12,"column":60}},"14":{"start":{"line":13,"column":13},"end":{"line":13,"column":62}},"15":{"start":{"line":13,"column":63},"end":{"line":13,"column":69}},"16":{"start":{"line":14,"column":13},"end":{"line":14,"column":71}},"17":{"start":{"line":14,"column":72},"end":{"line":14,"column":78}},"18":{"start":{"line":15,"column":13},"end":{"line":15,"column":80}},"19":{"start":{"line":15,"column":81},"end":{"line":15,"column":87}},"20":{"start":{"line":16,"column":13},"end":{"line":16,"column":89}},"21":{"start":{"line":16,"column":90},"end":{"line":16,"column":96}},"22":{"start":{"line":17,"column":13},"end":{"line":17,"column":98}},"23":{"start":{"line":17,"column":99},"end":{"line":17,"column":105}},"24":{"start":{"line":18,"column":13},"end":{"line":18,"column":107}},"25":{"start":{"line":18,"column":108},"end":{"line":18,"column":114}},"26":{"start":{"line":19,"column":13},"end":{"line":19,"column":116}},"27":{"start":{"line":19,"column":117},"end":{"line":19,"column":123}},"28":{"start":{"line":20,"column":13},"end":{"line":20,"column":89}},"29":{"start":{"line":22,"column":2},"end":{"line":22,"column":11}},"30":{"start":{"line":42,"column":0},"end":{"line":66,"column":2}},"31":{"start":{"line":43,"column":2},"end":{"line":43,"column":22}},"32":{"start":{"line":45,"column":2},"end":{"line":45,"column":29}},"33":{"start":{"line":46,"column":2},"end":{"line":49,"column":21}},"34":{"start":{"line":51,"column":2},"end":{"line":65,"column":7}},"35":{"start":{"line":53,"column":6},"end":{"line":58,"column":7}},"36":{"start":{"line":54,"column":8},"end":{"line":54,"column":49}},"37":{"start":{"line":55,"column":8},"end":{"line":55,"column":30}},"38":{"start":{"line":57,"column":8},"end":{"line":57,"column":20}},"39":{"start":{"line":60,"column":6},"end":{"line":60,"column":13}},"40":{"start":{"line":63,"column":6},"end":{"line":63,"column":20}},"41":{"start":{"line":64,"column":6},"end":{"line":64,"column":13}}},"branchMap":{"1":{"line":8,"type":"switch","locations":[{"start":{"line":9,"column":4},"end":{"line":9,"column":35}},{"start":{"line":10,"column":4},"end":{"line":10,"column":42}},{"start":{"line":11,"column":4},"end":{"line":11,"column":51}},{"start":{"line":12,"column":4},"end":{"line":12,"column":60}},{"start":{"line":13,"column":4},"end":{"line":13,"column":69}},{"start":{"line":14,"column":4},"end":{"line":14,"column":78}},{"start":{"line":15,"column":4},"end":{"line":15,"column":87}},{"start":{"line":16,"column":4},"end":{"line":16,"column":96}},{"start":{"line":17,"column":4},"end":{"line":17,"column":105}},{"start":{"line":18,"column":4},"end":{"line":18,"column":114}},{"start":{"line":19,"column":4},"end":{"line":19,"column":123}},{"start":{"line":20,"column":4},"end":{"line":20,"column":89}}]}},"l":{"2":1,"3":1,"6":1,"7":71,"8":71,"9":51,"10":9,"11":2,"12":1,"13":1,"14":1,"15":1,"16":1,"17":1,"18":1,"19":1,"20":1,"22":70,"42":1,"43":103,"45":102,"46":102,"51":101,"53":71,"54":71,"55":70,"57":1,"60":71,"63":30,"64":30}},
"/home/travis/build/troykinsella/junkie/lib/resolver/creator.js":{"path":"/home/travis/build/troykinsella/junkie/lib/resolver/creator.js","s":{"1":1,"2":1,"3":1,"4":9,"5":8,"6":8,"7":7,"8":1,"9":6,"10":2,"11":6,"12":6,"13":6,"14":7,"15":2,"16":1,"17":1,"18":5},"b":{"1":[2,4],"2":[2,5]},"f":{"1":9,"2":6,"3":1},"fnMap":{"1":{"name":"creator","line":16,"loc":{"start":{"line":16,"column":17},"end":{"line":16,"column":50}}},"2":{"name":"result","line":27,"loc":{"start":{"line":27,"column":2},"end":{"line":27,"column":33}}},"3":{"name":"(anonymous_3)","line":42,"loc":{"start":{"line":42,"column":13},"end":{"line":42,"column":27}}}},"statementMap":{"1":{"start":{"line":2,"column":0},"end":{"line":2,"column":39}},"2":{"start":{"line":3,"column":0},"end":{"line":3,"column":52}},"3":{"start":{"line":16,"column":0},"end":{"line":49,"column":2}},"4":{"start":{"line":17,"column":2},"end":{"line":17,"column":22}},"5":{"start":{"line":19,"column":2},"end":{"line":19,"column":29}},"6":{"start":{"line":20,"column":2},"end":{"line":23,"column":21}},"7":{"start":{"line":25,"column":2},"end":{"line":25,"column":29}},"8":{"start":{"line":27,"column":2},"end":{"line":37,"column":3}},"9":{"start":{"line":28,"column":4},"end":{"line":33,"column":5}},"10":{"start":{"line":29,"column":6},"end":{"line":32,"column":25}},"11":{"start":{"line":34,"column":4},"end":{"line":34,"column":54}},"12":{"start":{"line":35,"column":4},"end":{"line":35,"column":26}},"13":{"start":{"line":36,"column":4},"end":{"line":36,"column":11}},"14":{"start":{"line":39,"column":2},"end":{"line":48,"column":3}},"15":{"start":{"line":40,"column":4},"end":{"line":45,"column":9}},"16":{"start":{"line":43,"column":8},"end":{"line":43,"column":22}},"17":{"start":{"line":44,"column":8},"end":{"line":44,"column":15}},"18":{"start":{"line":47,"column":4},"end":{"line":47,"column":18}}},"branchMap":{"1":{"line":28,"type":"if","locations":[{"start":{"line":28,"column":4},"end":{"line":28,"column":4}},{"start":{"line":28,"column":4},"end":{"line":28,"column":4}}]},"2":{"line":39,"type":"if","locations":[{"start":{"line":39,"column":2},"end":{"line":39,"column":2}},{"start":{"line":39,"column":2},"end":{"line":39,"column":2}}]}},"l":{"2":1,"3":1,"16":1,"17":9,"19":8,"20":8,"25":7,"27":1,"28":6,"29":2,"34":6,"35":6,"36":6,"39":7,"40":2,"43":1,"44":1,"47":5}},
"/home/travis/build/troykinsella/junkie/lib/resolver/decorator.js":{"path":"/home/travis/build/troykinsella/junkie/lib/resolver/decorator.js","s":{"1":1,"2":1,"3":1,"4":10,"5":1,"6":8,"7":7,"8":6,"9":1,"10":1,"11":5,"12":5,"13":9,"14":3,"15":1,"16":1,"17":6},"b":{"1":[7,2],"2":[1,5],"3":[6,5],"4":[3,6]},"f":{"1":10,"2":8,"3":1},"fnMap":{"1":{"name":"decorator","line":20,"loc":{"start":{"line":20,"column":17},"end":{"line":20,"column":52}}},"2":{"name":"result","line":24,"loc":{"start":{"line":24,"column":2},"end":{"line":24,"column":33}}},"3":{"name":"(anonymous_3)","line":42,"loc":{"start":{"line":42,"column":13},"end":{"line":42,"column":27}}}},"statementMap":{"1":{"start":{"line":2,"column":0},"end":{"line":2,"column":39}},"2":{"start":{"line":3,"column":0},"end":{"line":3,"column":52}},"3":{"start":{"line":20,"column":0},"end":{"line":49,"column":2}},"4":{"start":{"line":21,"column":2},"end":{"line":22,"column":89}},"5":{"start":{"line":24,"column":2},"end":{"line":37,"column":3}},"6":{"start":{"line":25,"column":4},"end":{"line":28,"column":23}},"7":{"start":{"line":30,"column":4},"end":{"line":30,"column":69}},"8":{"start":{"line":31,"column":4},"end":{"line":34,"column":5}},"9":{"start":{"line":32,"column":6},"end":{"line":32,"column":110}},"10":{"start":{"line":33,"column":6},"end":{"line":33,"column":27}},"11":{"start":{"line":35,"column":4},"end":{"line":35,"column":27}},"12":{"start":{"line":36,"column":4},"end":{"line":36,"column":11}},"13":{"start":{"line":39,"column":2},"end":{"line":48,"column":3}},"14":{"start":{"line":40,"column":4},"end":{"line":45,"column":9}},"15":{"start":{"line":43,"column":8},"end":{"line":43,"column":22}},"16":{"start":{"line":44,"column":8},"end":{"line":44,"column":15}},"17":{"start":{"line":47,"column":4},"end":{"line":47,"column":16}}},"branchMap":{"1":{"line":30,"type":"binary-expr","locations":[{"start":{"line":30,"column":34},"end":{"line":30,"column":48}},{"start":{"line":30,"column":52},"end":{"line":30,"column":67}}]},"2":{"line":31,"type":"if","locations":[{"start":{"line":31,"column":4},"end":{"line":31,"column":4}},{"start":{"line":31,"column":4},"end":{"line":31,"column":4}}]},"3":{"line":31,"type":"binary-expr","locations":[{"start":{"line":31,"column":8},"end":{"line":31,"column":31}},{"start":{"line":31,"column":35},"end":{"line":31,"column":53}}]},"4":{"line":39,"type":"if","locations":[{"start":{"line":39,"column":2},"end":{"line":39,"column":2}},{"start":{"line":39,"column":2},"end":{"line":39,"column":2}}]}},"l":{"2":1,"3":1,"20":1,"21":10,"24":1,"25":8,"30":7,"31":6,"32":1,"33":1,"35":5,"36":5,"39":9,"40":3,"43":1,"44":1,"47":6}},
"/home/travis/build/troykinsella/junkie/lib/resolver/factory.js":{"path":"/home/travis/build/troykinsella/junkie/lib/resolver/factory.js","s":{"1":1,"2":1,"3":1,"4":1,"5":20,"6":20,"7":19,"8":18,"9":17,"10":17,"11":2,"12":2},"b":{"1":[20,20]},"f":{"1":20,"2":18,"3":2},"fnMap":{"1":{"name":"factory","line":12,"loc":{"start":{"line":12,"column":17},"end":{"line":12,"column":50}}},"2":{"name":"(anonymous_2)","line":20,"loc":{"start":{"line":20,"column":10},"end":{"line":20,"column":25}}},"3":{"name":"(anonymous_3)","line":25,"loc":{"start":{"line":25,"column":11},"end":{"line":25,"column":25}}}},"statementMap":{"1":{"start":{"line":2,"column":0},"end":{"line":2,"column":30}},"2":{"start":{"line":3,"column":0},"end":{"line":3,"column":25}},"3":{"start":{"line":4,"column":0},"end":{"line":4,"column":52}},"4":{"start":{"line":12,"column":0},"end":{"line":29,"column":2}},"5":{"start":{"line":13,"column":2},"end":{"line":13,"column":52}},"6":{"start":{"line":14,"column":2},"end":{"line":17,"column":21}},"7":{"start":{"line":19,"column":2},"end":{"line":28,"column":7}},"8":{"start":{"line":21,"column":6},"end":{"line":21,"column":54}},"9":{"start":{"line":22,"column":6},"end":{"line":22,"column":28}},"10":{"start":{"line":23,"column":6},"end":{"line":23,"column":13}},"11":{"start":{"line":26,"column":6},"end":{"line":26,"column":20}},"12":{"start":{"line":27,"column":6},"end":{"line":27,"column":13}}},"branchMap":{"1":{"line":13,"type":"binary-expr","locations":[{"start":{"line":13,"column":18},"end":{"line":13,"column":32}},{"start":{"line":13,"column":36},"end":{"line":13,"column":51}}]}},"l":{"2":1,"3":1,"4":1,"12":1,"13":20,"14":20,"19":19,"21":18,"22":17,"23":17,"26":2,"27":2}},
"/home/travis/build/troykinsella/junkie/lib/resolver/factoryMethod.js":{"path":"/home/travis/build/troykinsella/junkie/lib/resolver/factoryMethod.js","s":{"1":1,"2":1,"3":1,"4":9,"5":9,"6":9,"7":9,"8":8,"9":8,"10":8,"11":7,"12":6,"13":6,"14":2,"15":2},"b":{"1":[9,7]},"f":{"1":9,"2":7,"3":2},"fnMap":{"1":{"name":"factoryMethod","line":12,"loc":{"start":{"line":12,"column":17},"end":{"line":12,"column":56}}},"2":{"name":"(anonymous_2)","line":26,"loc":{"start":{"line":26,"column":10},"end":{"line":26,"column":33}}},"3":{"name":"(anonymous_3)","line":31,"loc":{"start":{"line":31,"column":11},"end":{"line":31,"column":25}}}},"statementMap":{"1":{"start":{"line":2,"column":0},"end":{"line":2,"column":39}},"2":{"start":{"line":3,"column":0},"end":{"line":3,"column":52}},"3":{"start":{"line":12,"column":0},"end":{"line":35,"column":2}},"4":{"start":{"line":13,"column":2},"end":{"line":13,"column":51}},"5":{"start":{"line":15,"column":2},"end":{"line":15,"column":91}},"6":{"start":{"line":16,"column":2},"end":{"line":16,"column":33}},"7":{"start":{"line":17,"column":2},"end":{"line":20,"column":21}},"8":{"start":{"line":22,"column":2},"end":{"line":22,"column":25}},"9":{"start":{"line":23,"column":2},"end":{"line":23,"column":15}},"10":{"start":{"line":25,"column":2},"end":{"line":34,"column":7}},"11":{"start":{"line":27,"column":6},"end":{"line":27,"column":51}},"12":{"start":{"line":28,"column":6},"end":{"line":28,"column":21}},"13":{"start":{"line":29,"column":6},"end":{"line":29,"column":13}},"14":{"start":{"line":32,"column":6},"end":{"line":32,"column":20}},"15":{"start":{"line":33,"column":6},"end":{"line":33,"column":13}}},"branchMap":{"1":{"line":13,"type":"binary-expr","locations":[{"start":{"line":13,"column":17},"end":{"line":13,"column":31}},{"start":{"line":13,"column":35},"end":{"line":13,"column":50}}]}},"l":{"2":1,"3":1,"12":1,"13":9,"15":9,"16":9,"17":9,"22":8,"23":8,"25":8,"27":7,"28":6,"29":6,"32":2,"33":2}},
"/home/travis/build/troykinsella/junkie/lib/resolver/field.js":{"path":"/home/travis/build/troykinsella/junkie/lib/resolver/field.js","s":{"1":1,"2":1,"3":8,"4":7,"5":7,"6":7,"7":7,"8":2,"9":5,"10":5,"11":4,"12":4,"13":1,"14":1},"b":{"1":[2,5]},"f":{"1":8,"2":4,"3":1},"fnMap":{"1":{"name":"field","line":11,"loc":{"start":{"line":11,"column":17},"end":{"line":11,"column":48}}},"2":{"name":"(anonymous_2)","line":24,"loc":{"start":{"line":24,"column":10},"end":{"line":24,"column":32}}},"3":{"name":"(anonymous_3)","line":28,"loc":{"start":{"line":28,"column":11},"end":{"line":28,"column":25}}}},"statementMap":{"1":{"start":{"line":3,"column":0},"end":{"line":3,"column":52}},"2":{"start":{"line":11,"column":0},"end":{"line":32,"column":2}},"3":{"start":{"line":12,"column":2},"end":{"line":12,"column":36}},"4":{"start":{"line":14,"column":2},"end":{"line":14,"column":81}},"5":{"start":{"line":16,"column":2},"end":{"line":16,"column":24}},"6":{"start":{"line":17,"column":2},"end":{"line":17,"column":14}},"7":{"start":{"line":18,"column":2},"end":{"line":20,"column":3}},"8":{"start":{"line":19,"column":4},"end":{"line":19,"column":84}},"9":{"start":{"line":21,"column":2},"end":{"line":21,"column":15}},"10":{"start":{"line":23,"column":2},"end":{"line":31,"column":7}},"11":{"start":{"line":25,"column":6},"end":{"line":25,"column":42}},"12":{"start":{"line":26,"column":6},"end":{"line":26,"column":13}},"13":{"start":{"line":29,"column":6},"end":{"line":29,"column":20}},"14":{"start":{"line":30,"column":6},"end":{"line":30,"column":13}}},"branchMap":{"1":{"line":18,"type":"if","locations":[{"start":{"line":18,"column":2},"end":{"line":18,"column":2}},{"start":{"line":18,"column":2},"end":{"line":18,"column":2}}]}},"l":{"3":1,"11":1,"12":8,"14":7,"16":7,"17":7,"18":7,"19":2,"21":5,"23":5,"25":4,"26":4,"29":1,"30":1}},
"/home/travis/build/troykinsella/junkie/lib/resolver/freezing.js":{"path":"/home/travis/build/troykinsella/junkie/lib/resolver/freezing.js","s":{"1":1,"2":1,"3":3,"4":2,"5":1,"6":1},"b":{"1":[1,1]},"f":{"1":3},"fnMap":{"1":{"name":"freezing","line":13,"loc":{"start":{"line":13,"column":17},"end":{"line":13,"column":45}}}},"statementMap":{"1":{"start":{"line":3,"column":0},"end":{"line":3,"column":52}},"2":{"start":{"line":13,"column":0},"end":{"line":20,"column":2}},"3":{"start":{"line":14,"column":2},"end":{"line":14,"column":32}},"4":{"start":{"line":15,"column":2},"end":{"line":17,"column":3}},"5":{"start":{"line":16,"column":4},"end":{"line":16,"column":102}},"6":{"start":{"line":19,"column":2},"end":{"line":19,"column":45}}},"branchMap":{"1":{"line":15,"type":"if","locations":[{"start":{"line":15,"column":2},"end":{"line":15,"column":2}},{"start":{"line":15,"column":2},"end":{"line":15,"column":2}}]}},"l":{"3":1,"13":1,"14":3,"15":2,"16":1,"19":1}},
"/home/travis/build/troykinsella/junkie/lib/resolver/method.js":{"path":"/home/travis/build/troykinsella/junkie/lib/resolver/method.js","s":{"1":1,"2":1,"3":1,"4":14,"5":4,"6":2,"7":2,"8":2,"9":10,"10":1,"11":18,"12":17,"13":17,"14":17,"15":16,"16":16,"17":16,"18":16,"19":4,"20":16,"21":15,"22":14,"23":2,"24":2},"b":{"1":[4,10],"2":[14,8,8,6],"3":[4,12],"4":[16,13]},"f":{"1":14,"2":2,"3":2,"4":18,"5":15,"6":2},"fnMap":{"1":{"name":"handleResult","line":5,"loc":{"start":{"line":5,"column":0},"end":{"line":5,"column":47}}},"2":{"name":"(anonymous_2)","line":7,"loc":{"start":{"line":7,"column":16},"end":{"line":7,"column":27}}},"3":{"name":"(anonymous_3)","line":9,"loc":{"start":{"line":9,"column":13},"end":{"line":9,"column":27}}},"4":{"name":"method","line":39,"loc":{"start":{"line":39,"column":17},"end":{"line":39,"column":49}}},"5":{"name":"(anonymous_5)","line":58,"loc":{"start":{"line":58,"column":10},"end":{"line":58,"column":33}}},"6":{"name":"(anonymous_6)","line":62,"loc":{"start":{"line":62,"column":11},"end":{"line":62,"column":25}}}},"statementMap":{"1":{"start":{"line":2,"column":0},"end":{"line":2,"column":30}},"2":{"start":{"line":3,"column":0},"end":{"line":3,"column":52}},"3":{"start":{"line":5,"column":0},"end":{"line":16,"column":1}},"4":{"start":{"line":6,"column":2},"end":{"line":15,"column":3}},"5":{"start":{"line":7,"column":4},"end":{"line":12,"column":7}},"6":{"start":{"line":8,"column":6},"end":{"line":8,"column":13}},"7":{"start":{"line":10,"column":6},"end":{"line":10,"column":20}},"8":{"start":{"line":11,"column":6},"end":{"line":11,"column":13}},"9":{"start":{"line":14,"column":4},"end":{"line":14,"column":11}},"10":{"start":{"line":39,"column":0},"end":{"line":66,"column":2}},"11":{"start":{"line":40,"column":2},"end":{"line":40,"column":36}},"12":{"start":{"line":41,"column":2},"end":{"line":41,"column":84}},"13":{"start":{"line":42,"column":2},"end":{"line":42,"column":33}},"14":{"start":{"line":43,"column":2},"end":{"line":46,"column":21}},"15":{"start":{"line":48,"column":2},"end":{"line":48,"column":25}},"16":{"start":{"line":49,"column":2},"end":{"line":49,"column":15}},"17":{"start":{"line":52,"column":2},"end":{"line":52,"column":35}},"18":{"start":{"line":53,"column":2},"end":{"line":55,"column":3}},"19":{"start":{"line":54,"column":4},"end":{"line":54,"column":15}},"20":{"start":{"line":57,"column":2},"end":{"line":65,"column":7}},"21":{"start":{"line":59,"column":6},"end":{"line":59,"column":56}},"22":{"start":{"line":60,"column":6},"end":{"line":60,"column":44}},"23":{"start":{"line":63,"column":6},"end":{"line":63,"column":20}},"24":{"start":{"line":64,"column":6},"end":{"line":64,"column":13}}},"branchMap":{"1":{"line":6,"type":"if","locations":[{"start":{"line":6,"column":2},"end":{"line":6,"column":2}},{"start":{"line":6,"column":2},"end":{"line":6,"column":2}}]},"2":{"line":6,"type":"binary-expr","locations":[{"start":{"line":6,"column":6},"end":{"line":6,"column":12}},{"start":{"line":6,"column":16},"end":{"line":6,"column":46}},{"start":{"line":6,"column":50},"end":{"line":6,"column":54}},{"start":{"line":6,"column":58},"end":{"line":6,"column":68}}]},"3":{"line":53,"type":"if","locations":[{"start":{"line":53,"column":2},"end":{"line":53,"column":2}},{"start":{"line":53,"column":2},"end":{"line":53,"column":2}}]},"4":{"line":53,"type":"binary-expr","locations":[{"start":{"line":53,"column":6},"end":{"line":53,"column":10}},{"start":{"line":53,"column":14},"end":{"line":53,"column":38}}]}},"l":{"2":1,"3":1,"5":1,"6":14,"7":4,"8":2,"10":2,"11":2,"14":10,"39":1,"40":18,"41":17,"42":17,"43":17,"48":16,"49":16,"52":16,"53":16,"54":4,"57":16,"59":15,"60":14,"63":2,"64":2}},
"/home/travis/build/troykinsella/junkie/lib/resolver/sealing.js":{"path":"/home/travis/build/troykinsella/junkie/lib/resolver/sealing.js","s":{"1":1,"2":1,"3":3,"4":2,"5":1,"6":1},"b":{"1":[1,1]},"f":{"1":3},"fnMap":{"1":{"name":"sealing","line":13,"loc":{"start":{"line":13,"column":17},"end":{"line":13,"column":44}}}},"statementMap":{"1":{"start":{"line":3,"column":0},"end":{"line":3,"column":52}},"2":{"start":{"line":13,"column":0},"end":{"line":20,"column":2}},"3":{"start":{"line":14,"column":2},"end":{"line":14,"column":32}},"4":{"start":{"line":15,"column":2},"end":{"line":17,"column":3}},"5":{"start":{"line":16,"column":4},"end":{"line":16,"column":99}},"6":{"start":{"line":19,"column":2},"end":{"line":19,"column":43}}},"branchMap":{"1":{"line":15,"type":"if","locations":[{"start":{"line":15,"column":2},"end":{"line":15,"column":2}},{"start":{"line":15,"column":2},"end":{"line":15,"column":2}}]}},"l":{"3":1,"13":1,"14":3,"15":2,"16":1,"19":1}}}
