{
"/home/travis/build/troykinsella/junkie/lib/Component.js":{"path":"/home/travis/build/troykinsella/junkie/lib/Component.js","s":{"1":1,"2":1,"3":1,"4":1,"5":1,"6":93,"7":93,"8":93,"9":93,"10":93,"11":93,"12":1,"13":1,"14":138,"15":1,"16":276,"17":1,"18":138,"19":1,"20":138,"21":1,"22":78,"23":71,"24":71,"25":1,"26":138,"27":138,"28":129,"29":1,"30":138,"31":138,"32":236,"33":236,"34":9,"35":227,"36":227,"37":1,"38":138,"39":138,"40":138,"41":129,"42":129,"43":235,"44":235,"45":133,"46":102,"47":129,"48":129,"49":76,"50":129,"51":1},"b":{"1":[9,227],"2":[138,2],"3":[133,102],"4":[235,104,104],"5":[76,53]},"f":{"1":93,"2":138,"3":276,"4":138,"5":138,"6":78,"7":138,"8":138,"9":138,"10":235},"fnMap":{"1":{"name":"Component","line":7,"loc":{"start":{"line":7,"column":0},"end":{"line":7,"column":57}}},"2":{"name":"(anonymous_2)","line":20,"loc":{"start":{"line":20,"column":8},"end":{"line":20,"column":19}}},"3":{"name":"(anonymous_3)","line":24,"loc":{"start":{"line":24,"column":13},"end":{"line":24,"column":24}}},"4":{"name":"(anonymous_4)","line":28,"loc":{"start":{"line":28,"column":15},"end":{"line":28,"column":26}}},"5":{"name":"(anonymous_5)","line":32,"loc":{"start":{"line":32,"column":10},"end":{"line":32,"column":21}}},"6":{"name":"(anonymous_6)","line":36,"loc":{"start":{"line":36,"column":8},"end":{"line":36,"column":27}}},"7":{"name":"(anonymous_7)","line":43,"loc":{"start":{"line":43,"column":19},"end":{"line":43,"column":37}}},"8":{"name":"(anonymous_8)","line":57,"loc":{"start":{"line":57,"column":23},"end":{"line":57,"column":37}}},"9":{"name":"(anonymous_9)","line":72,"loc":{"start":{"line":72,"column":12},"end":{"line":72,"column":30}}},"10":{"name":"(anonymous_10)","line":80,"loc":{"start":{"line":80,"column":13},"end":{"line":80,"column":24}}}},"statementMap":{"1":{"start":{"line":2,"column":0},"end":{"line":2,"column":37}},"2":{"start":{"line":3,"column":0},"end":{"line":3,"column":41}},"3":{"start":{"line":4,"column":0},"end":{"line":4,"column":55}},"4":{"start":{"line":5,"column":0},"end":{"line":5,"column":51}},"5":{"start":{"line":7,"column":0},"end":{"line":16,"column":1}},"6":{"start":{"line":9,"column":2},"end":{"line":9,"column":18}},"7":{"start":{"line":10,"column":2},"end":{"line":10,"column":28}},"8":{"start":{"line":11,"column":2},"end":{"line":11,"column":32}},"9":{"start":{"line":12,"column":2},"end":{"line":12,"column":30}},"10":{"start":{"line":14,"column":2},"end":{"line":14,"column":23}},"11":{"start":{"line":15,"column":2},"end":{"line":15,"column":19}},"12":{"start":{"line":18,"column":0},"end":{"line":18,"column":28}},"13":{"start":{"line":20,"column":0},"end":{"line":22,"column":2}},"14":{"start":{"line":21,"column":2},"end":{"line":21,"column":19}},"15":{"start":{"line":24,"column":0},"end":{"line":26,"column":2}},"16":{"start":{"line":25,"column":2},"end":{"line":25,"column":24}},"17":{"start":{"line":28,"column":0},"end":{"line":30,"column":2}},"18":{"start":{"line":29,"column":2},"end":{"line":29,"column":26}},"19":{"start":{"line":32,"column":0},"end":{"line":34,"column":2}},"20":{"start":{"line":33,"column":2},"end":{"line":33,"column":21}},"21":{"start":{"line":36,"column":0},"end":{"line":40,"column":2}},"22":{"start":{"line":37,"column":2},"end":{"line":37,"column":42}},"23":{"start":{"line":38,"column":2},"end":{"line":38,"column":36}},"24":{"start":{"line":39,"column":2},"end":{"line":39,"column":14}},"25":{"start":{"line":43,"column":0},"end":{"line":55,"column":2}},"26":{"start":{"line":44,"column":2},"end":{"line":51,"column":5}},"27":{"start":{"line":53,"column":2},"end":{"line":53,"column":31}},"28":{"start":{"line":54,"column":2},"end":{"line":54,"column":13}},"29":{"start":{"line":57,"column":0},"end":{"line":69,"column":2}},"30":{"start":{"line":59,"column":2},"end":{"line":59,"column":20}},"31":{"start":{"line":61,"column":2},"end":{"line":68,"column":16}},"32":{"start":{"line":62,"column":4},"end":{"line":62,"column":24}},"33":{"start":{"line":63,"column":4},"end":{"line":65,"column":5}},"34":{"start":{"line":64,"column":6},"end":{"line":64,"column":63}},"35":{"start":{"line":66,"column":4},"end":{"line":66,"column":25}},"36":{"start":{"line":67,"column":4},"end":{"line":67,"column":25}},"37":{"start":{"line":72,"column":0},"end":{"line":95,"column":2}},"38":{"start":{"line":73,"column":2},"end":{"line":73,"column":26}},"39":{"start":{"line":75,"column":2},"end":{"line":75,"column":44}},"40":{"start":{"line":76,"column":2},"end":{"line":76,"column":41}},"41":{"start":{"line":78,"column":2},"end":{"line":78,"column":12}},"42":{"start":{"line":80,"column":2},"end":{"line":87,"column":15}},"43":{"start":{"line":81,"column":4},"end":{"line":81,"column":33}},"44":{"start":{"line":82,"column":4},"end":{"line":84,"column":5}},"45":{"start":{"line":83,"column":6},"end":{"line":83,"column":13}},"46":{"start":{"line":86,"column":4},"end":{"line":86,"column":30}},"47":{"start":{"line":89,"column":2},"end":{"line":89,"column":9}},"48":{"start":{"line":90,"column":2},"end":{"line":92,"column":3}},"49":{"start":{"line":91,"column":4},"end":{"line":91,"column":33}},"50":{"start":{"line":94,"column":2},"end":{"line":94,"column":13}},"51":{"start":{"line":97,"column":0},"end":{"line":97,"column":27}}},"branchMap":{"1":{"line":63,"type":"if","locations":[{"start":{"line":63,"column":4},"end":{"line":63,"column":4}},{"start":{"line":63,"column":4},"end":{"line":63,"column":4}}]},"2":{"line":73,"type":"binary-expr","locations":[{"start":{"line":73,"column":12},"end":{"line":73,"column":19}},{"start":{"line":73,"column":23},"end":{"line":73,"column":25}}]},"3":{"line":82,"type":"if","locations":[{"start":{"line":82,"column":4},"end":{"line":82,"column":4}},{"start":{"line":82,"column":4},"end":{"line":82,"column":4}}]},"4":{"line":82,"type":"binary-expr","locations":[{"start":{"line":82,"column":8},"end":{"line":82,"column":10}},{"start":{"line":82,"column":14},"end":{"line":82,"column":25}},{"start":{"line":82,"column":29},"end":{"line":82,"column":41}}]},"5":{"line":90,"type":"if","locations":[{"start":{"line":90,"column":2},"end":{"line":90,"column":2}},{"start":{"line":90,"column":2},"end":{"line":90,"column":2}}]}},"l":{"2":1,"3":1,"4":1,"5":1,"7":1,"9":93,"10":93,"11":93,"12":93,"14":93,"15":93,"18":1,"20":1,"21":138,"24":1,"25":276,"28":1,"29":138,"32":1,"33":138,"36":1,"37":78,"38":71,"39":71,"43":1,"44":138,"53":138,"54":129,"57":1,"59":138,"61":138,"62":236,"63":236,"64":9,"66":227,"67":227,"72":1,"73":138,"75":138,"76":138,"78":129,"80":129,"81":235,"82":235,"83":133,"86":102,"89":129,"90":129,"91":76,"94":129,"97":1}},
"/home/travis/build/troykinsella/junkie/lib/Container.js":{"path":"/home/travis/build/troykinsella/junkie/lib/Container.js","s":{"1":1,"2":1,"3":1,"4":1,"5":1,"6":1,"7":1,"8":3,"9":1,"10":2,"11":1,"12":63,"13":63,"14":63,"15":63,"16":1,"17":1,"18":0,"19":1,"20":7,"21":6,"22":6,"23":6,"24":0,"25":6,"26":6,"27":1,"28":1,"29":0,"30":0,"31":0,"32":1,"33":3,"34":1,"35":99,"36":3,"37":1,"38":91,"39":90,"40":90,"41":90,"42":90,"43":90,"44":90,"45":1,"46":90,"47":90,"48":90,"49":1,"50":144,"51":144,"52":3,"53":141,"54":1,"55":144,"56":144,"57":144,"58":8,"59":136,"60":127,"61":0,"62":127,"63":127,"64":37,"65":90,"66":90,"67":1},"b":{"1":[1,2],"2":[3,3],"3":[63,57],"4":[6,57],"5":[6,6],"6":[0,6],"7":[3,96],"8":[90,90,90],"9":[3,141],"10":[144,76],"11":[8,136],"12":[0,127],"13":[37,90]},"f":{"1":3,"2":63,"3":0,"4":7,"5":1,"6":3,"7":99,"8":91,"9":90,"10":144,"11":144},"fnMap":{"1":{"name":"(anonymous_1)","line":11,"loc":{"start":{"line":11,"column":11},"end":{"line":11,"column":34}}},"2":{"name":"Container","line":31,"loc":{"start":{"line":31,"column":0},"end":{"line":31,"column":38}}},"3":{"name":"(anonymous_3)","line":45,"loc":{"start":{"line":45,"column":11},"end":{"line":45,"column":22}}},"4":{"name":"(anonymous_4)","line":56,"loc":{"start":{"line":56,"column":13},"end":{"line":56,"column":31}}},"5":{"name":"(anonymous_5)","line":77,"loc":{"start":{"line":77,"column":8},"end":{"line":77,"column":27}}},"6":{"name":"(anonymous_6)","line":89,"loc":{"start":{"line":89,"column":12},"end":{"line":89,"column":23}}},"7":{"name":"(anonymous_7)","line":93,"loc":{"start":{"line":93,"column":19},"end":{"line":93,"column":30}}},"8":{"name":"(anonymous_8)","line":107,"loc":{"start":{"line":107,"column":13},"end":{"line":107,"column":50}}},"9":{"name":"(anonymous_9)","line":121,"loc":{"start":{"line":121,"column":21},"end":{"line":121,"column":58}}},"10":{"name":"(anonymous_10)","line":127,"loc":{"start":{"line":127,"column":9},"end":{"line":127,"column":23}}},"11":{"name":"(anonymous_11)","line":149,"loc":{"start":{"line":149,"column":12},"end":{"line":149,"column":35}}}},"statementMap":{"1":{"start":{"line":3,"column":0},"end":{"line":3,"column":31}},"2":{"start":{"line":4,"column":0},"end":{"line":4,"column":39}},"3":{"start":{"line":5,"column":0},"end":{"line":5,"column":41}},"4":{"start":{"line":6,"column":0},"end":{"line":6,"column":59}},"5":{"start":{"line":7,"column":0},"end":{"line":7,"column":51}},"6":{"start":{"line":8,"column":0},"end":{"line":8,"column":37}},"7":{"start":{"line":10,"column":0},"end":{"line":17,"column":2}},"8":{"start":{"line":12,"column":4},"end":{"line":14,"column":5}},"9":{"start":{"line":13,"column":6},"end":{"line":13,"column":18}},"10":{"start":{"line":15,"column":4},"end":{"line":15,"column":51}},"11":{"start":{"line":31,"column":0},"end":{"line":36,"column":1}},"12":{"start":{"line":32,"column":2},"end":{"line":32,"column":41}},"13":{"start":{"line":33,"column":2},"end":{"line":33,"column":22}},"14":{"start":{"line":34,"column":2},"end":{"line":34,"column":64}},"15":{"start":{"line":35,"column":2},"end":{"line":35,"column":25}},"16":{"start":{"line":39,"column":0},"end":{"line":39,"column":28}},"17":{"start":{"line":45,"column":0},"end":{"line":47,"column":2}},"18":{"start":{"line":46,"column":2},"end":{"line":46,"column":22}},"19":{"start":{"line":56,"column":0},"end":{"line":69,"column":2}},"20":{"start":{"line":57,"column":2},"end":{"line":57,"column":24}},"21":{"start":{"line":59,"column":2},"end":{"line":59,"column":26}},"22":{"start":{"line":61,"column":2},"end":{"line":61,"column":43}},"23":{"start":{"line":62,"column":2},"end":{"line":64,"column":3}},"24":{"start":{"line":63,"column":4},"end":{"line":63,"column":21}},"25":{"start":{"line":66,"column":2},"end":{"line":66,"column":45}},"26":{"start":{"line":68,"column":2},"end":{"line":68,"column":15}},"27":{"start":{"line":77,"column":0},"end":{"line":83,"column":2}},"28":{"start":{"line":78,"column":2},"end":{"line":78,"column":24}},"29":{"start":{"line":80,"column":2},"end":{"line":80,"column":42}},"30":{"start":{"line":81,"column":2},"end":{"line":81,"column":45}},"31":{"start":{"line":82,"column":2},"end":{"line":82,"column":14}},"32":{"start":{"line":89,"column":0},"end":{"line":91,"column":2}},"33":{"start":{"line":90,"column":2},"end":{"line":90,"column":24}},"34":{"start":{"line":93,"column":0},"end":{"line":97,"column":2}},"35":{"start":{"line":94,"column":2},"end":{"line":96,"column":3}},"36":{"start":{"line":95,"column":4},"end":{"line":95,"column":42}},"37":{"start":{"line":107,"column":0},"end":{"line":119,"column":2}},"38":{"start":{"line":108,"column":2},"end":{"line":108,"column":24}},"39":{"start":{"line":110,"column":2},"end":{"line":110,"column":58}},"40":{"start":{"line":111,"column":2},"end":{"line":111,"column":51}},"41":{"start":{"line":113,"column":2},"end":{"line":113,"column":69}},"42":{"start":{"line":115,"column":2},"end":{"line":115,"column":63}},"43":{"start":{"line":116,"column":2},"end":{"line":116,"column":29}},"44":{"start":{"line":118,"column":2},"end":{"line":118,"column":51}},"45":{"start":{"line":121,"column":0},"end":{"line":125,"column":2}},"46":{"start":{"line":122,"column":2},"end":{"line":122,"column":61}},"47":{"start":{"line":123,"column":2},"end":{"line":123,"column":66}},"48":{"start":{"line":124,"column":2},"end":{"line":124,"column":14}},"49":{"start":{"line":127,"column":0},"end":{"line":134,"column":2}},"50":{"start":{"line":128,"column":2},"end":{"line":128,"column":58}},"51":{"start":{"line":129,"column":2},"end":{"line":132,"column":3}},"52":{"start":{"line":131,"column":4},"end":{"line":131,"column":16}},"53":{"start":{"line":133,"column":2},"end":{"line":133,"column":29}},"54":{"start":{"line":149,"column":0},"end":{"line":175,"column":2}},"55":{"start":{"line":150,"column":2},"end":{"line":150,"column":26}},"56":{"start":{"line":153,"column":2},"end":{"line":153,"column":28}},"57":{"start":{"line":156,"column":2},"end":{"line":158,"column":3}},"58":{"start":{"line":157,"column":4},"end":{"line":157,"column":46}},"59":{"start":{"line":161,"column":2},"end":{"line":161,"column":41}},"60":{"start":{"line":162,"column":2},"end":{"line":164,"column":3}},"61":{"start":{"line":163,"column":4},"end":{"line":163,"column":64}},"62":{"start":{"line":167,"column":2},"end":{"line":167,"column":31}},"63":{"start":{"line":168,"column":2},"end":{"line":170,"column":3}},"64":{"start":{"line":169,"column":4},"end":{"line":169,"column":15}},"65":{"start":{"line":172,"column":2},"end":{"line":172,"column":39}},"66":{"start":{"line":174,"column":2},"end":{"line":174,"column":18}},"67":{"start":{"line":177,"column":0},"end":{"line":177,"column":27}}},"branchMap":{"1":{"line":12,"type":"if","locations":[{"start":{"line":12,"column":4},"end":{"line":12,"column":4}},{"start":{"line":12,"column":4},"end":{"line":12,"column":4}}]},"2":{"line":12,"type":"binary-expr","locations":[{"start":{"line":12,"column":8},"end":{"line":12,"column":15}},{"start":{"line":12,"column":19},"end":{"line":12,"column":35}}]},"3":{"line":32,"type":"binary-expr","locations":[{"start":{"line":32,"column":17},"end":{"line":32,"column":23}},{"start":{"line":32,"column":27},"end":{"line":32,"column":40}}]},"4":{"line":34,"type":"cond-expr","locations":[{"start":{"line":34,"column":41},"end":{"line":34,"column":58}},{"start":{"line":34,"column":61},"end":{"line":34,"column":63}}]},"5":{"line":59,"type":"binary-expr","locations":[{"start":{"line":59,"column":12},"end":{"line":59,"column":19}},{"start":{"line":59,"column":23},"end":{"line":59,"column":25}}]},"6":{"line":62,"type":"if","locations":[{"start":{"line":62,"column":2},"end":{"line":62,"column":2}},{"start":{"line":62,"column":2},"end":{"line":62,"column":2}}]},"7":{"line":94,"type":"if","locations":[{"start":{"line":94,"column":2},"end":{"line":94,"column":2}},{"start":{"line":94,"column":2},"end":{"line":94,"column":2}}]},"8":{"line":113,"type":"binary-expr","locations":[{"start":{"line":113,"column":30},"end":{"line":113,"column":40}},{"start":{"line":113,"column":44},"end":{"line":113,"column":61}},{"start":{"line":113,"column":65},"end":{"line":113,"column":67}}]},"9":{"line":129,"type":"if","locations":[{"start":{"line":129,"column":2},"end":{"line":129,"column":2}},{"start":{"line":129,"column":2},"end":{"line":129,"column":2}}]},"10":{"line":150,"type":"binary-expr","locations":[{"start":{"line":150,"column":12},"end":{"line":150,"column":19}},{"start":{"line":150,"column":23},"end":{"line":150,"column":25}}]},"11":{"line":156,"type":"if","locations":[{"start":{"line":156,"column":2},"end":{"line":156,"column":2}},{"start":{"line":156,"column":2},"end":{"line":156,"column":2}}]},"12":{"line":162,"type":"if","locations":[{"start":{"line":162,"column":2},"end":{"line":162,"column":2}},{"start":{"line":162,"column":2},"end":{"line":162,"column":2}}]},"13":{"line":168,"type":"if","locations":[{"start":{"line":168,"column":2},"end":{"line":168,"column":2}},{"start":{"line":168,"column":2},"end":{"line":168,"column":2}}]}},"l":{"3":1,"4":1,"5":1,"6":1,"7":1,"8":1,"10":1,"12":3,"13":1,"15":2,"31":1,"32":63,"33":63,"34":63,"35":63,"39":1,"45":1,"46":0,"56":1,"57":7,"59":6,"61":6,"62":6,"63":0,"66":6,"68":6,"77":1,"78":1,"80":0,"81":0,"82":0,"89":1,"90":3,"93":1,"94":99,"95":3,"107":1,"108":91,"110":90,"111":90,"113":90,"115":90,"116":90,"118":90,"121":1,"122":90,"123":90,"124":90,"127":1,"128":144,"129":144,"131":3,"133":141,"149":1,"150":144,"153":144,"156":144,"157":8,"161":136,"162":127,"163":0,"167":127,"168":127,"169":37,"172":90,"174":90,"177":1}},
"/home/travis/build/troykinsella/junkie/lib/Dependency.js":{"path":"/home/travis/build/troykinsella/junkie/lib/Dependency.js","s":{"1":1,"2":1,"3":37,"4":37,"5":37,"6":1,"7":1,"8":99,"9":1,"10":64,"11":1,"12":2,"13":2,"14":1,"15":1,"16":2,"17":1},"b":{"1":[1,1]},"f":{"1":37,"2":99,"3":64,"4":2},"fnMap":{"1":{"name":"Dependency","line":4,"loc":{"start":{"line":4,"column":0},"end":{"line":4,"column":35}}},"2":{"name":"(anonymous_2)","line":13,"loc":{"start":{"line":13,"column":8},"end":{"line":13,"column":19}}},"3":{"name":"(anonymous_3)","line":17,"loc":{"start":{"line":17,"column":13},"end":{"line":17,"column":24}}},"4":{"name":"(anonymous_4)","line":21,"loc":{"start":{"line":21,"column":19},"end":{"line":21,"column":33}}}},"statementMap":{"1":{"start":{"line":2,"column":0},"end":{"line":2,"column":31}},"2":{"start":{"line":4,"column":0},"end":{"line":9,"column":1}},"3":{"start":{"line":5,"column":2},"end":{"line":5,"column":37}},"4":{"start":{"line":7,"column":2},"end":{"line":7,"column":18}},"5":{"start":{"line":8,"column":2},"end":{"line":8,"column":28}},"6":{"start":{"line":11,"column":0},"end":{"line":11,"column":29}},"7":{"start":{"line":13,"column":0},"end":{"line":15,"column":2}},"8":{"start":{"line":14,"column":2},"end":{"line":14,"column":19}},"9":{"start":{"line":17,"column":0},"end":{"line":19,"column":2}},"10":{"start":{"line":18,"column":2},"end":{"line":18,"column":24}},"11":{"start":{"line":21,"column":0},"end":{"line":31,"column":2}},"12":{"start":{"line":22,"column":2},"end":{"line":22,"column":23}},"13":{"start":{"line":25,"column":2},"end":{"line":28,"column":3}},"14":{"start":{"line":26,"column":4},"end":{"line":26,"column":43}},"15":{"start":{"line":27,"column":4},"end":{"line":27,"column":20}},"16":{"start":{"line":30,"column":2},"end":{"line":30,"column":39}},"17":{"start":{"line":33,"column":0},"end":{"line":33,"column":28}}},"branchMap":{"1":{"line":25,"type":"if","locations":[{"start":{"line":25,"column":2},"end":{"line":25,"column":2}},{"start":{"line":25,"column":2},"end":{"line":25,"column":2}}]}},"l":{"2":1,"4":1,"5":37,"7":37,"8":37,"11":1,"13":1,"14":99,"17":1,"18":64,"21":1,"22":2,"25":2,"26":1,"27":1,"30":2,"33":1}},
"/home/travis/build/troykinsella/junkie/lib/Descriptor.js":{"path":"/home/travis/build/troykinsella/junkie/lib/Descriptor.js","s":{"1":1,"2":1,"3":90,"4":90,"5":90,"6":90,"7":1,"8":1,"9":35,"10":0,"11":35,"12":1,"13":70,"14":70,"15":1,"16":160,"17":0,"18":160,"19":35,"20":1,"21":155,"22":0,"23":0,"24":155,"25":1,"26":0,"27":1,"28":0,"29":1},"b":{"1":[90,0],"2":[0,35],"3":[0,160],"4":[0,155]},"f":{"1":90,"2":35,"3":70,"4":160,"5":35,"6":155,"7":0,"8":0,"9":0},"fnMap":{"1":{"name":"Descriptor","line":4,"loc":{"start":{"line":4,"column":0},"end":{"line":4,"column":29}}},"2":{"name":"(anonymous_2)","line":20,"loc":{"start":{"line":20,"column":11},"end":{"line":20,"column":25}}},"3":{"name":"(anonymous_3)","line":28,"loc":{"start":{"line":28,"column":16},"end":{"line":28,"column":35}}},"4":{"name":"(anonymous_4)","line":33,"loc":{"start":{"line":33,"column":12},"end":{"line":33,"column":30}}},"5":{"name":"(anonymous_5)","line":38,"loc":{"start":{"line":38,"column":18},"end":{"line":38,"column":34}}},"6":{"name":"(anonymous_6)","line":43,"loc":{"start":{"line":43,"column":14},"end":{"line":43,"column":29}}},"7":{"name":"(anonymous_7)","line":45,"loc":{"start":{"line":45,"column":34},"end":{"line":45,"column":53}}},"8":{"name":"(anonymous_8)","line":53,"loc":{"start":{"line":53,"column":9},"end":{"line":53,"column":20}}},"9":{"name":"(anonymous_9)","line":58,"loc":{"start":{"line":58,"column":13},"end":{"line":58,"column":24}}}},"statementMap":{"1":{"start":{"line":2,"column":0},"end":{"line":2,"column":41}},"2":{"start":{"line":4,"column":0},"end":{"line":12,"column":1}},"3":{"start":{"line":6,"column":2},"end":{"line":6,"column":23}},"4":{"start":{"line":7,"column":2},"end":{"line":7,"column":18}},"5":{"start":{"line":9,"column":2},"end":{"line":11,"column":3}},"6":{"start":{"line":10,"column":4},"end":{"line":10,"column":26}},"7":{"start":{"line":14,"column":0},"end":{"line":14,"column":29}},"8":{"start":{"line":20,"column":0},"end":{"line":25,"column":2}},"9":{"start":{"line":21,"column":2},"end":{"line":23,"column":3}},"10":{"start":{"line":22,"column":4},"end":{"line":22,"column":32}},"11":{"start":{"line":24,"column":2},"end":{"line":24,"column":30}},"12":{"start":{"line":28,"column":0},"end":{"line":31,"column":2}},"13":{"start":{"line":29,"column":2},"end":{"line":29,"column":33}},"14":{"start":{"line":30,"column":2},"end":{"line":30,"column":32}},"15":{"start":{"line":33,"column":0},"end":{"line":41,"column":2}},"16":{"start":{"line":34,"column":2},"end":{"line":36,"column":3}},"17":{"start":{"line":35,"column":4},"end":{"line":35,"column":59}},"18":{"start":{"line":38,"column":2},"end":{"line":40,"column":16}},"19":{"start":{"line":39,"column":4},"end":{"line":39,"column":23}},"20":{"start":{"line":43,"column":0},"end":{"line":51,"column":2}},"21":{"start":{"line":44,"column":2},"end":{"line":50,"column":3}},"22":{"start":{"line":45,"column":4},"end":{"line":47,"column":7}},"23":{"start":{"line":46,"column":6},"end":{"line":46,"column":38}},"24":{"start":{"line":49,"column":4},"end":{"line":49,"column":27}},"25":{"start":{"line":53,"column":0},"end":{"line":55,"column":2}},"26":{"start":{"line":54,"column":2},"end":{"line":54,"column":28}},"27":{"start":{"line":58,"column":0},"end":{"line":61,"column":2}},"28":{"start":{"line":59,"column":2},"end":{"line":59,"column":39}},"29":{"start":{"line":63,"column":0},"end":{"line":63,"column":28}}},"branchMap":{"1":{"line":9,"type":"if","locations":[{"start":{"line":9,"column":2},"end":{"line":9,"column":2}},{"start":{"line":9,"column":2},"end":{"line":9,"column":2}}]},"2":{"line":21,"type":"if","locations":[{"start":{"line":21,"column":2},"end":{"line":21,"column":2}},{"start":{"line":21,"column":2},"end":{"line":21,"column":2}}]},"3":{"line":34,"type":"if","locations":[{"start":{"line":34,"column":2},"end":{"line":34,"column":2}},{"start":{"line":34,"column":2},"end":{"line":34,"column":2}}]},"4":{"line":44,"type":"if","locations":[{"start":{"line":44,"column":2},"end":{"line":44,"column":2}},{"start":{"line":44,"column":2},"end":{"line":44,"column":2}}]}},"l":{"2":1,"4":1,"6":90,"7":90,"9":90,"10":90,"14":1,"20":1,"21":35,"22":0,"24":35,"28":1,"29":70,"30":70,"33":1,"34":160,"35":0,"38":160,"39":35,"43":1,"44":155,"45":0,"46":0,"49":155,"53":1,"54":0,"58":1,"59":0,"63":1}},
"/home/travis/build/troykinsella/junkie/lib/Injector.js":{"path":"/home/travis/build/troykinsella/junkie/lib/Injector.js","s":{"1":1,"2":70,"3":70,"4":70,"5":70,"6":1,"7":1,"8":0,"9":1,"10":192,"11":1,"12":0,"13":1,"14":182,"15":1},"b":{"1":[70,0]},"f":{"1":70,"2":0,"3":192,"4":0,"5":182},"fnMap":{"1":{"name":"Injector","line":2,"loc":{"start":{"line":2,"column":0},"end":{"line":2,"column":63}}},"2":{"name":"(anonymous_2)","line":12,"loc":{"start":{"line":12,"column":9},"end":{"line":12,"column":20}}},"3":{"name":"(anonymous_3)","line":16,"loc":{"start":{"line":16,"column":20},"end":{"line":16,"column":31}}},"4":{"name":"(anonymous_4)","line":20,"loc":{"start":{"line":20,"column":19},"end":{"line":20,"column":30}}},"5":{"name":"(anonymous_5)","line":24,"loc":{"start":{"line":24,"column":9},"end":{"line":24,"column":20}}}},"statementMap":{"1":{"start":{"line":2,"column":0},"end":{"line":7,"column":1}},"2":{"start":{"line":3,"column":2},"end":{"line":3,"column":20}},"3":{"start":{"line":4,"column":2},"end":{"line":4,"column":26}},"4":{"start":{"line":5,"column":2},"end":{"line":5,"column":42}},"5":{"start":{"line":6,"column":2},"end":{"line":6,"column":40}},"6":{"start":{"line":10,"column":0},"end":{"line":10,"column":27}},"7":{"start":{"line":12,"column":0},"end":{"line":14,"column":2}},"8":{"start":{"line":13,"column":2},"end":{"line":13,"column":20}},"9":{"start":{"line":16,"column":0},"end":{"line":18,"column":2}},"10":{"start":{"line":17,"column":2},"end":{"line":17,"column":31}},"11":{"start":{"line":20,"column":0},"end":{"line":22,"column":2}},"12":{"start":{"line":21,"column":2},"end":{"line":21,"column":30}},"13":{"start":{"line":24,"column":0},"end":{"line":26,"column":2}},"14":{"start":{"line":25,"column":2},"end":{"line":25,"column":20}},"15":{"start":{"line":28,"column":0},"end":{"line":28,"column":26}}},"branchMap":{"1":{"line":4,"type":"binary-expr","locations":[{"start":{"line":4,"column":15},"end":{"line":4,"column":19}},{"start":{"line":4,"column":23},"end":{"line":4,"column":25}}]}},"l":{"2":1,"3":70,"4":70,"5":70,"6":70,"10":1,"12":1,"13":0,"16":1,"17":192,"20":1,"21":0,"24":1,"25":182,"28":1}},
"/home/travis/build/troykinsella/junkie/lib/InjectorFactory.js":{"path":"/home/travis/build/troykinsella/junkie/lib/InjectorFactory.js","s":{"1":1,"2":70,"3":70,"4":70,"5":0,"6":70,"7":70,"8":34,"9":5,"10":1,"11":5,"12":5,"13":1},"b":{"1":[0,70]},"f":{"1":70,"2":34,"3":5,"4":5},"fnMap":{"1":{"name":"(anonymous_1)","line":7,"loc":{"start":{"line":7,"column":10},"end":{"line":7,"column":25}}},"2":{"name":"(anonymous_2)","line":19,"loc":{"start":{"line":19,"column":9},"end":{"line":19,"column":20}}},"3":{"name":"(anonymous_3)","line":23,"loc":{"start":{"line":23,"column":12},"end":{"line":23,"column":33}}},"4":{"name":"(anonymous_4)","line":32,"loc":{"start":{"line":32,"column":11},"end":{"line":32,"column":26}}}},"statementMap":{"1":{"start":{"line":3,"column":0},"end":{"line":27,"column":2}},"2":{"start":{"line":8,"column":4},"end":{"line":8,"column":54}},"3":{"start":{"line":10,"column":4},"end":{"line":10,"column":31}},"4":{"start":{"line":11,"column":4},"end":{"line":13,"column":5}},"5":{"start":{"line":12,"column":6},"end":{"line":12,"column":53}},"6":{"start":{"line":15,"column":4},"end":{"line":15,"column":65}},"7":{"start":{"line":16,"column":4},"end":{"line":16,"column":16}},"8":{"start":{"line":20,"column":4},"end":{"line":20,"column":34}},"9":{"start":{"line":24,"column":4},"end":{"line":24,"column":27}},"10":{"start":{"line":31,"column":0},"end":{"line":35,"column":5}},"11":{"start":{"line":33,"column":4},"end":{"line":33,"column":76}},"12":{"start":{"line":34,"column":4},"end":{"line":34,"column":72}},"13":{"start":{"line":37,"column":0},"end":{"line":37,"column":33}}},"branchMap":{"1":{"line":11,"type":"if","locations":[{"start":{"line":11,"column":4},"end":{"line":11,"column":4}},{"start":{"line":11,"column":4},"end":{"line":11,"column":4}}]}},"l":{"3":1,"8":70,"10":70,"11":70,"12":0,"15":70,"16":70,"20":34,"24":5,"31":1,"33":5,"34":5,"37":1}},
"/home/travis/build/troykinsella/junkie/lib/RegistrationBuilder.js":{"path":"/home/travis/build/troykinsella/junkie/lib/RegistrationBuilder.js","s":{"1":1,"2":1,"3":1,"4":90,"5":90,"6":90,"7":90,"8":90,"9":180,"10":90,"11":360,"12":36,"13":36,"14":36,"15":36,"16":90,"17":3,"18":1,"19":1,"20":180,"21":1,"22":70,"23":70,"24":1,"25":41,"26":39,"27":41,"28":41,"29":205,"30":39,"31":39,"32":39,"33":41,"34":1,"35":34,"36":31,"37":31,"38":1,"39":70,"40":70,"41":70,"42":1,"43":34,"44":34,"45":1,"46":0,"47":0,"48":1,"49":34,"50":34,"51":35,"52":34,"53":34,"54":170,"55":34,"56":34,"57":34,"58":34,"59":34,"60":34,"61":1},"b":{"1":[31,3]},"f":{"1":90,"2":180,"3":360,"4":36,"5":3,"6":180,"7":70,"8":41,"9":39,"10":205,"11":39,"12":34,"13":70,"14":34,"15":0,"16":34,"17":35,"18":170,"19":34},"fnMap":{"1":{"name":"RegistrationBuilder","line":7,"loc":{"start":{"line":7,"column":0},"end":{"line":7,"column":47}}},"2":{"name":"(anonymous_2)","line":16,"loc":{"start":{"line":16,"column":13},"end":{"line":16,"column":29}}},"3":{"name":"(anonymous_3)","line":21,"loc":{"start":{"line":21,"column":31},"end":{"line":21,"column":46}}},"4":{"name":"(anonymous_4)","line":22,"loc":{"start":{"line":22,"column":11},"end":{"line":22,"column":26}}},"5":{"name":"(anonymous_5)","line":32,"loc":{"start":{"line":32,"column":13},"end":{"line":32,"column":24}}},"6":{"name":"(anonymous_6)","line":45,"loc":{"start":{"line":45,"column":17},"end":{"line":45,"column":36}}},"7":{"name":"(anonymous_7)","line":51,"loc":{"start":{"line":51,"column":9},"end":{"line":51,"column":28}}},"8":{"name":"(anonymous_8)","line":56,"loc":{"start":{"line":56,"column":13},"end":{"line":56,"column":24}}},"9":{"name":"(anonymous_9)","line":57,"loc":{"start":{"line":57,"column":12},"end":{"line":57,"column":23}}},"10":{"name":"(anonymous_10)","line":62,"loc":{"start":{"line":62,"column":27},"end":{"line":62,"column":50}}},"11":{"name":"(anonymous_11)","line":63,"loc":{"start":{"line":63,"column":24},"end":{"line":63,"column":35}}},"12":{"name":"(anonymous_12)","line":73,"loc":{"start":{"line":73,"column":29},"end":{"line":73,"column":40}}},"13":{"name":"(anonymous_13)","line":80,"loc":{"start":{"line":80,"column":18},"end":{"line":80,"column":29}}},"14":{"name":"(anonymous_14)","line":86,"loc":{"start":{"line":86,"column":12},"end":{"line":86,"column":23}}},"15":{"name":"(anonymous_15)","line":91,"loc":{"start":{"line":91,"column":21},"end":{"line":91,"column":32}}},"16":{"name":"(anonymous_16)","line":96,"loc":{"start":{"line":96,"column":13},"end":{"line":96,"column":37}}},"17":{"name":"(anonymous_17)","line":99,"loc":{"start":{"line":99,"column":18},"end":{"line":99,"column":32}}},"18":{"name":"(anonymous_18)","line":107,"loc":{"start":{"line":107,"column":13},"end":{"line":107,"column":28}}},"19":{"name":"(anonymous_19)","line":108,"loc":{"start":{"line":108,"column":19},"end":{"line":108,"column":30}}}},"statementMap":{"1":{"start":{"line":3,"column":0},"end":{"line":3,"column":51}},"2":{"start":{"line":5,"column":0},"end":{"line":5,"column":41}},"3":{"start":{"line":7,"column":0},"end":{"line":41,"column":1}},"4":{"start":{"line":8,"column":2},"end":{"line":8,"column":20}},"5":{"start":{"line":9,"column":2},"end":{"line":9,"column":32}},"6":{"start":{"line":11,"column":2},"end":{"line":11,"column":57}},"7":{"start":{"line":12,"column":2},"end":{"line":12,"column":51}},"8":{"start":{"line":15,"column":2},"end":{"line":18,"column":18}},"9":{"start":{"line":17,"column":6},"end":{"line":17,"column":44}},"10":{"start":{"line":21,"column":2},"end":{"line":28,"column":15}},"11":{"start":{"line":22,"column":4},"end":{"line":27,"column":17}},"12":{"start":{"line":23,"column":6},"end":{"line":23,"column":23}},"13":{"start":{"line":24,"column":6},"end":{"line":24,"column":25}},"14":{"start":{"line":25,"column":6},"end":{"line":25,"column":42}},"15":{"start":{"line":26,"column":6},"end":{"line":26,"column":44}},"16":{"start":{"line":31,"column":2},"end":{"line":39,"column":4}},"17":{"start":{"line":33,"column":6},"end":{"line":33,"column":43}},"18":{"start":{"line":43,"column":0},"end":{"line":43,"column":39}},"19":{"start":{"line":45,"column":0},"end":{"line":49,"column":2}},"20":{"start":{"line":46,"column":2},"end":{"line":48,"column":5}},"21":{"start":{"line":51,"column":0},"end":{"line":54,"column":2}},"22":{"start":{"line":52,"column":2},"end":{"line":52,"column":27}},"23":{"start":{"line":53,"column":2},"end":{"line":53,"column":14}},"24":{"start":{"line":56,"column":0},"end":{"line":71,"column":2}},"25":{"start":{"line":57,"column":2},"end":{"line":59,"column":15}},"26":{"start":{"line":58,"column":4},"end":{"line":58,"column":43}},"27":{"start":{"line":61,"column":2},"end":{"line":61,"column":36}},"28":{"start":{"line":62,"column":2},"end":{"line":68,"column":16}},"29":{"start":{"line":63,"column":4},"end":{"line":67,"column":17}},"30":{"start":{"line":64,"column":6},"end":{"line":64,"column":56}},"31":{"start":{"line":65,"column":6},"end":{"line":65,"column":35}},"32":{"start":{"line":66,"column":6},"end":{"line":66,"column":18}},"33":{"start":{"line":70,"column":2},"end":{"line":70,"column":13}},"34":{"start":{"line":73,"column":0},"end":{"line":78,"column":2}},"35":{"start":{"line":74,"column":2},"end":{"line":77,"column":3}},"36":{"start":{"line":75,"column":4},"end":{"line":75,"column":39}},"37":{"start":{"line":76,"column":4},"end":{"line":76,"column":25}},"38":{"start":{"line":80,"column":0},"end":{"line":84,"column":2}},"39":{"start":{"line":81,"column":2},"end":{"line":81,"column":52}},"40":{"start":{"line":82,"column":2},"end":{"line":82,"column":69}},"41":{"start":{"line":83,"column":2},"end":{"line":83,"column":41}},"42":{"start":{"line":86,"column":0},"end":{"line":89,"column":2}},"43":{"start":{"line":87,"column":2},"end":{"line":87,"column":52}},"44":{"start":{"line":88,"column":2},"end":{"line":88,"column":32}},"45":{"start":{"line":91,"column":0},"end":{"line":94,"column":2}},"46":{"start":{"line":92,"column":2},"end":{"line":92,"column":52}},"47":{"start":{"line":93,"column":2},"end":{"line":93,"column":48}},"48":{"start":{"line":96,"column":0},"end":{"line":120,"column":2}},"49":{"start":{"line":97,"column":2},"end":{"line":97,"column":33}},"50":{"start":{"line":99,"column":2},"end":{"line":101,"column":5}},"51":{"start":{"line":100,"column":4},"end":{"line":100,"column":49}},"52":{"start":{"line":103,"column":2},"end":{"line":103,"column":31}},"53":{"start":{"line":105,"column":2},"end":{"line":115,"column":18}},"54":{"start":{"line":108,"column":6},"end":{"line":114,"column":19}},"55":{"start":{"line":109,"column":8},"end":{"line":109,"column":58}},"56":{"start":{"line":110,"column":8},"end":{"line":110,"column":27}},"57":{"start":{"line":111,"column":8},"end":{"line":111,"column":27}},"58":{"start":{"line":112,"column":8},"end":{"line":112,"column":31}},"59":{"start":{"line":113,"column":8},"end":{"line":113,"column":20}},"60":{"start":{"line":117,"column":2},"end":{"line":119,"column":4}},"61":{"start":{"line":122,"column":0},"end":{"line":122,"column":37}}},"branchMap":{"1":{"line":74,"type":"if","locations":[{"start":{"line":74,"column":2},"end":{"line":74,"column":2}},{"start":{"line":74,"column":2},"end":{"line":74,"column":2}}]}},"l":{"3":1,"5":1,"7":1,"8":90,"9":90,"11":90,"12":90,"15":90,"17":180,"21":90,"22":360,"23":36,"24":36,"25":36,"26":36,"31":90,"33":3,"43":1,"45":1,"46":180,"51":1,"52":70,"53":70,"56":1,"57":41,"58":39,"61":41,"62":41,"63":205,"64":39,"65":39,"66":39,"70":41,"73":1,"74":34,"75":31,"76":31,"80":1,"81":70,"82":70,"83":70,"86":1,"87":34,"88":34,"91":1,"92":0,"93":0,"96":1,"97":34,"99":34,"100":35,"103":34,"105":34,"108":170,"109":34,"110":34,"111":34,"112":34,"113":34,"117":34,"122":1}},
"/home/travis/build/troykinsella/junkie/lib/Resolution.js":{"path":"/home/travis/build/troykinsella/junkie/lib/Resolution.js","s":{"1":1,"2":138,"3":138,"4":1,"5":1,"6":137,"7":1,"8":40,"9":1,"10":3,"11":1,"12":76,"13":1,"14":220,"15":1,"16":26,"17":1,"18":231,"19":1,"20":104,"21":1,"22":0,"23":1},"b":{"1":[26,3]},"f":{"1":138,"2":137,"3":40,"4":3,"5":76,"6":220,"7":26,"8":231,"9":104,"10":0},"fnMap":{"1":{"name":"Resolution","line":3,"loc":{"start":{"line":3,"column":0},"end":{"line":3,"column":31}}},"2":{"name":"(anonymous_2)","line":11,"loc":{"start":{"line":11,"column":12},"end":{"line":11,"column":31}}},"3":{"name":"(anonymous_3)","line":15,"loc":{"start":{"line":15,"column":9},"end":{"line":15,"column":25}}},"4":{"name":"(anonymous_4)","line":19,"loc":{"start":{"line":19,"column":9},"end":{"line":19,"column":20}}},"5":{"name":"(anonymous_5)","line":23,"loc":{"start":{"line":23,"column":14},"end":{"line":23,"column":25}}},"6":{"name":"(anonymous_6)","line":27,"loc":{"start":{"line":27,"column":13},"end":{"line":27,"column":24}}},"7":{"name":"(anonymous_7)","line":31,"loc":{"start":{"line":31,"column":24},"end":{"line":31,"column":35}}},"8":{"name":"(anonymous_8)","line":35,"loc":{"start":{"line":35,"column":10},"end":{"line":35,"column":21}}},"9":{"name":"(anonymous_9)","line":39,"loc":{"start":{"line":39,"column":11},"end":{"line":39,"column":22}}},"10":{"name":"(anonymous_10)","line":43,"loc":{"start":{"line":43,"column":13},"end":{"line":43,"column":24}}}},"statementMap":{"1":{"start":{"line":3,"column":0},"end":{"line":7,"column":1}},"2":{"start":{"line":4,"column":2},"end":{"line":4,"column":30}},"3":{"start":{"line":6,"column":2},"end":{"line":6,"column":21}},"4":{"start":{"line":9,"column":0},"end":{"line":9,"column":29}},"5":{"start":{"line":11,"column":0},"end":{"line":13,"column":2}},"6":{"start":{"line":12,"column":2},"end":{"line":12,"column":28}},"7":{"start":{"line":15,"column":0},"end":{"line":17,"column":2}},"8":{"start":{"line":16,"column":2},"end":{"line":16,"column":22}},"9":{"start":{"line":19,"column":0},"end":{"line":21,"column":2}},"10":{"start":{"line":20,"column":2},"end":{"line":20,"column":20}},"11":{"start":{"line":23,"column":0},"end":{"line":25,"column":2}},"12":{"start":{"line":24,"column":2},"end":{"line":24,"column":25}},"13":{"start":{"line":27,"column":0},"end":{"line":29,"column":2}},"14":{"start":{"line":28,"column":2},"end":{"line":28,"column":24}},"15":{"start":{"line":31,"column":0},"end":{"line":33,"column":2}},"16":{"start":{"line":32,"column":2},"end":{"line":32,"column":43}},"17":{"start":{"line":35,"column":0},"end":{"line":37,"column":2}},"18":{"start":{"line":36,"column":2},"end":{"line":36,"column":21}},"19":{"start":{"line":39,"column":0},"end":{"line":41,"column":2}},"20":{"start":{"line":40,"column":2},"end":{"line":40,"column":20}},"21":{"start":{"line":43,"column":0},"end":{"line":49,"column":2}},"22":{"start":{"line":44,"column":2},"end":{"line":48,"column":8}},"23":{"start":{"line":51,"column":0},"end":{"line":51,"column":28}}},"branchMap":{"1":{"line":32,"type":"binary-expr","locations":[{"start":{"line":32,"column":9},"end":{"line":32,"column":23}},{"start":{"line":32,"column":27},"end":{"line":32,"column":42}}]}},"l":{"3":1,"4":138,"6":138,"9":1,"11":1,"12":137,"15":1,"16":40,"19":1,"20":3,"23":1,"24":76,"27":1,"28":220,"31":1,"32":26,"35":1,"36":231,"39":1,"40":104,"43":1,"44":0,"51":1}},
"/home/travis/build/troykinsella/junkie/lib/ResolutionContext.js":{"path":"/home/travis/build/troykinsella/junkie/lib/ResolutionContext.js","s":{"1":1,"2":138,"3":138,"4":138,"5":138,"6":138,"7":138,"8":1,"9":1,"10":227,"11":1,"12":0,"13":0,"14":0,"15":0,"16":0,"17":0,"18":1,"19":236,"20":1,"21":92,"22":1,"23":12,"24":0,"25":12,"26":6,"27":6,"28":1,"29":112,"30":112,"31":0,"32":0,"33":112,"34":62,"35":83,"36":83,"37":0,"38":1,"39":0,"40":0,"41":0,"42":1,"43":95,"44":114,"45":95,"46":1,"47":94,"48":1,"49":60,"50":78,"51":1,"52":0,"53":1,"54":0,"55":1},"b":{"1":[0,12],"2":[6,6],"3":[0,112],"4":[83,0],"5":[0,0],"6":[1,94]},"f":{"1":138,"2":227,"3":0,"4":236,"5":92,"6":12,"7":112,"8":62,"9":0,"10":95,"11":114,"12":60,"13":78,"14":0,"15":0},"fnMap":{"1":{"name":"ResolutionContext","line":3,"loc":{"start":{"line":3,"column":0},"end":{"line":3,"column":36}}},"2":{"name":"(anonymous_2)","line":14,"loc":{"start":{"line":14,"column":14},"end":{"line":14,"column":25}}},"3":{"name":"(anonymous_3)","line":18,"loc":{"start":{"line":18,"column":14},"end":{"line":18,"column":25}}},"4":{"name":"(anonymous_4)","line":28,"loc":{"start":{"line":28,"column":9},"end":{"line":28,"column":20}}},"5":{"name":"(anonymous_5)","line":32,"loc":{"start":{"line":32,"column":15},"end":{"line":32,"column":26}}},"6":{"name":"(anonymous_6)","line":36,"loc":{"start":{"line":36,"column":11},"end":{"line":36,"column":32}}},"7":{"name":"(anonymous_7)","line":46,"loc":{"start":{"line":46,"column":13},"end":{"line":46,"column":28}}},"8":{"name":"(anonymous_8)","line":53,"loc":{"start":{"line":53,"column":18},"end":{"line":53,"column":32}}},"9":{"name":"(anonymous_9)","line":66,"loc":{"start":{"line":66,"column":11},"end":{"line":66,"column":27}}},"10":{"name":"(anonymous_10)","line":73,"loc":{"start":{"line":73,"column":22},"end":{"line":73,"column":33}}},"11":{"name":"(anonymous_11)","line":77,"loc":{"start":{"line":77,"column":14},"end":{"line":77,"column":33}}},"12":{"name":"(anonymous_12)","line":88,"loc":{"start":{"line":88,"column":28},"end":{"line":88,"column":39}}},"13":{"name":"(anonymous_13)","line":91,"loc":{"start":{"line":91,"column":12},"end":{"line":91,"column":31}}},"14":{"name":"(anonymous_14)","line":96,"loc":{"start":{"line":96,"column":15},"end":{"line":96,"column":30}}},"15":{"name":"(anonymous_15)","line":100,"loc":{"start":{"line":100,"column":10},"end":{"line":100,"column":21}}}},"statementMap":{"1":{"start":{"line":3,"column":0},"end":{"line":10,"column":1}},"2":{"start":{"line":4,"column":2},"end":{"line":4,"column":36}},"3":{"start":{"line":5,"column":2},"end":{"line":5,"column":38}},"4":{"start":{"line":6,"column":2},"end":{"line":6,"column":26}},"5":{"start":{"line":7,"column":2},"end":{"line":7,"column":38}},"6":{"start":{"line":8,"column":2},"end":{"line":8,"column":40}},"7":{"start":{"line":9,"column":2},"end":{"line":9,"column":30}},"8":{"start":{"line":12,"column":0},"end":{"line":12,"column":37}},"9":{"start":{"line":14,"column":0},"end":{"line":16,"column":2}},"10":{"start":{"line":15,"column":2},"end":{"line":15,"column":24}},"11":{"start":{"line":18,"column":0},"end":{"line":26,"column":2}},"12":{"start":{"line":19,"column":2},"end":{"line":19,"column":17}},"13":{"start":{"line":20,"column":2},"end":{"line":20,"column":17}},"14":{"start":{"line":21,"column":2},"end":{"line":24,"column":16}},"15":{"start":{"line":22,"column":4},"end":{"line":22,"column":29}},"16":{"start":{"line":23,"column":4},"end":{"line":23,"column":25}},"17":{"start":{"line":25,"column":2},"end":{"line":25,"column":15}},"18":{"start":{"line":28,"column":0},"end":{"line":30,"column":2}},"19":{"start":{"line":29,"column":2},"end":{"line":29,"column":19}},"20":{"start":{"line":32,"column":0},"end":{"line":34,"column":2}},"21":{"start":{"line":33,"column":2},"end":{"line":33,"column":25}},"22":{"start":{"line":36,"column":0},"end":{"line":44,"column":2}},"23":{"start":{"line":37,"column":2},"end":{"line":43,"column":3}},"24":{"start":{"line":38,"column":4},"end":{"line":38,"column":23}},"25":{"start":{"line":39,"column":9},"end":{"line":43,"column":3}},"26":{"start":{"line":40,"column":4},"end":{"line":40,"column":28}},"27":{"start":{"line":42,"column":4},"end":{"line":42,"column":29}},"28":{"start":{"line":46,"column":0},"end":{"line":64,"column":2}},"29":{"start":{"line":47,"column":2},"end":{"line":47,"column":21}},"30":{"start":{"line":48,"column":2},"end":{"line":51,"column":3}},"31":{"start":{"line":49,"column":4},"end":{"line":49,"column":20}},"32":{"start":{"line":50,"column":4},"end":{"line":50,"column":20}},"33":{"start":{"line":53,"column":2},"end":{"line":58,"column":16}},"34":{"start":{"line":54,"column":4},"end":{"line":57,"column":7}},"35":{"start":{"line":60,"column":2},"end":{"line":62,"column":3}},"36":{"start":{"line":61,"column":4},"end":{"line":61,"column":16}},"37":{"start":{"line":63,"column":2},"end":{"line":63,"column":17}},"38":{"start":{"line":66,"column":0},"end":{"line":71,"column":2}},"39":{"start":{"line":67,"column":2},"end":{"line":69,"column":3}},"40":{"start":{"line":68,"column":4},"end":{"line":68,"column":23}},"41":{"start":{"line":70,"column":2},"end":{"line":70,"column":22}},"42":{"start":{"line":73,"column":0},"end":{"line":86,"column":2}},"43":{"start":{"line":74,"column":2},"end":{"line":79,"column":9}},"44":{"start":{"line":78,"column":8},"end":{"line":78,"column":42}},"45":{"start":{"line":81,"column":2},"end":{"line":83,"column":3}},"46":{"start":{"line":82,"column":4},"end":{"line":82,"column":50}},"47":{"start":{"line":85,"column":2},"end":{"line":85,"column":22}},"48":{"start":{"line":88,"column":0},"end":{"line":94,"column":2}},"49":{"start":{"line":89,"column":2},"end":{"line":93,"column":7}},"50":{"start":{"line":92,"column":6},"end":{"line":92,"column":41}},"51":{"start":{"line":96,"column":0},"end":{"line":98,"column":2}},"52":{"start":{"line":97,"column":2},"end":{"line":97,"column":42}},"53":{"start":{"line":100,"column":0},"end":{"line":102,"column":2}},"54":{"start":{"line":101,"column":2},"end":{"line":101,"column":33}},"55":{"start":{"line":105,"column":0},"end":{"line":105,"column":35}}},"branchMap":{"1":{"line":37,"type":"if","locations":[{"start":{"line":37,"column":2},"end":{"line":37,"column":2}},{"start":{"line":37,"column":2},"end":{"line":37,"column":2}}]},"2":{"line":39,"type":"if","locations":[{"start":{"line":39,"column":9},"end":{"line":39,"column":9}},{"start":{"line":39,"column":9},"end":{"line":39,"column":9}}]},"3":{"line":48,"type":"if","locations":[{"start":{"line":48,"column":2},"end":{"line":48,"column":2}},{"start":{"line":48,"column":2},"end":{"line":48,"column":2}}]},"4":{"line":60,"type":"if","locations":[{"start":{"line":60,"column":2},"end":{"line":60,"column":2}},{"start":{"line":60,"column":2},"end":{"line":60,"column":2}}]},"5":{"line":67,"type":"if","locations":[{"start":{"line":67,"column":2},"end":{"line":67,"column":2}},{"start":{"line":67,"column":2},"end":{"line":67,"column":2}}]},"6":{"line":81,"type":"if","locations":[{"start":{"line":81,"column":2},"end":{"line":81,"column":2}},{"start":{"line":81,"column":2},"end":{"line":81,"column":2}}]}},"l":{"3":1,"4":138,"5":138,"6":138,"7":138,"8":138,"9":138,"12":1,"14":1,"15":227,"18":1,"19":0,"20":0,"21":0,"22":0,"23":0,"25":0,"28":1,"29":236,"32":1,"33":92,"36":1,"37":12,"38":0,"39":12,"40":6,"42":6,"46":1,"47":112,"48":112,"49":0,"50":0,"53":112,"54":62,"60":83,"61":83,"63":0,"66":1,"67":0,"68":0,"70":0,"73":1,"74":95,"78":114,"81":95,"82":1,"85":94,"88":1,"89":60,"92":78,"96":1,"97":0,"100":1,"101":0,"105":1}},
"/home/travis/build/troykinsella/junkie/lib/ResolutionError.js":{"path":"/home/travis/build/troykinsella/junkie/lib/ResolutionError.js","s":{"1":1,"2":1,"3":20,"4":20,"5":1,"6":1,"7":1,"8":1},"b":{},"f":{"1":20},"fnMap":{"1":{"name":"ResolutionError","line":10,"loc":{"start":{"line":10,"column":0},"end":{"line":10,"column":34}}}},"statementMap":{"1":{"start":{"line":2,"column":0},"end":{"line":2,"column":27}},"2":{"start":{"line":10,"column":0},"end":{"line":13,"column":1}},"3":{"start":{"line":11,"column":2},"end":{"line":11,"column":19}},"4":{"start":{"line":12,"column":2},"end":{"line":12,"column":25}},"5":{"start":{"line":14,"column":0},"end":{"line":14,"column":51}},"6":{"start":{"line":15,"column":0},"end":{"line":15,"column":56}},"7":{"start":{"line":16,"column":0},"end":{"line":16,"column":38}},"8":{"start":{"line":18,"column":0},"end":{"line":18,"column":33}}},"branchMap":{},"l":{"2":1,"10":1,"11":20,"12":20,"14":1,"15":1,"16":1,"18":1}},
"/home/travis/build/troykinsella/junkie/lib/Resolver.js":{"path":"/home/travis/build/troykinsella/junkie/lib/Resolver.js","s":{"1":1,"2":1,"3":71,"4":71,"5":1,"6":1,"7":102,"8":102,"9":40,"10":40,"11":1,"12":78,"13":74,"14":32,"15":32,"16":1,"17":73,"18":71,"19":71,"20":71,"21":1},"b":{"1":[32,42],"2":[73,73],"3":[71,0]},"f":{"1":71,"2":102,"3":78},"fnMap":{"1":{"name":"Resolver","line":10,"loc":{"start":{"line":10,"column":0},"end":{"line":10,"column":24}}},"2":{"name":"(anonymous_2)","line":17,"loc":{"start":{"line":17,"column":12},"end":{"line":17,"column":37}}},"3":{"name":"(anonymous_3)","line":27,"loc":{"start":{"line":27,"column":21},"end":{"line":27,"column":40}}}},"statementMap":{"1":{"start":{"line":3,"column":0},"end":{"line":3,"column":31}},"2":{"start":{"line":10,"column":0},"end":{"line":13,"column":1}},"3":{"start":{"line":11,"column":2},"end":{"line":11,"column":77}},"4":{"start":{"line":12,"column":2},"end":{"line":12,"column":20}},"5":{"start":{"line":15,"column":0},"end":{"line":15,"column":27}},"6":{"start":{"line":17,"column":0},"end":{"line":24,"column":2}},"7":{"start":{"line":18,"column":2},"end":{"line":23,"column":3}},"8":{"start":{"line":19,"column":4},"end":{"line":19,"column":31}},"9":{"start":{"line":21,"column":4},"end":{"line":21,"column":16}},"10":{"start":{"line":22,"column":4},"end":{"line":22,"column":18}},"11":{"start":{"line":27,"column":0},"end":{"line":45,"column":2}},"12":{"start":{"line":28,"column":2},"end":{"line":28,"column":49}},"13":{"start":{"line":29,"column":2},"end":{"line":35,"column":3}},"14":{"start":{"line":30,"column":4},"end":{"line":34,"column":5}},"15":{"start":{"line":31,"column":6},"end":{"line":31,"column":51}},"16":{"start":{"line":33,"column":6},"end":{"line":33,"column":35}},"17":{"start":{"line":37,"column":2},"end":{"line":38,"column":77}},"18":{"start":{"line":40,"column":2},"end":{"line":42,"column":3}},"19":{"start":{"line":41,"column":4},"end":{"line":41,"column":38}},"20":{"start":{"line":44,"column":2},"end":{"line":44,"column":18}},"21":{"start":{"line":47,"column":0},"end":{"line":47,"column":26}}},"branchMap":{"1":{"line":29,"type":"if","locations":[{"start":{"line":29,"column":2},"end":{"line":29,"column":2}},{"start":{"line":29,"column":2},"end":{"line":29,"column":2}}]},"2":{"line":37,"type":"binary-expr","locations":[{"start":{"line":37,"column":9},"end":{"line":37,"column":37}},{"start":{"line":38,"column":4},"end":{"line":38,"column":34}}]},"3":{"line":40,"type":"if","locations":[{"start":{"line":40,"column":2},"end":{"line":40,"column":2}},{"start":{"line":40,"column":2},"end":{"line":40,"column":2}}]}},"l":{"3":1,"10":1,"11":71,"12":71,"15":1,"17":1,"18":102,"19":102,"21":40,"22":40,"27":1,"28":78,"29":74,"30":32,"31":32,"33":1,"37":73,"40":71,"41":71,"44":71,"47":1}},
"/home/travis/build/troykinsella/junkie/lib/descriptorEntryParser.js":{"path":"/home/travis/build/troykinsella/junkie/lib/descriptorEntryParser.js","s":{"1":0,"2":0,"3":1,"4":0,"5":0,"6":0,"7":0,"8":0,"9":0,"10":0,"11":0,"12":0,"13":0,"14":0,"15":0,"16":0},"b":{"1":[0,0]},"f":{"1":0,"2":0},"fnMap":{"1":{"name":"descriptorEntryParser","line":6,"loc":{"start":{"line":6,"column":0},"end":{"line":6,"column":36}}},"2":{"name":"(anonymous_2)","line":21,"loc":{"start":{"line":21,"column":16},"end":{"line":21,"column":30}}}},"statementMap":{"1":{"start":{"line":2,"column":0},"end":{"line":2,"column":42}},"2":{"start":{"line":3,"column":0},"end":{"line":3,"column":51}},"3":{"start":{"line":6,"column":0},"end":{"line":31,"column":1}},"4":{"start":{"line":8,"column":2},"end":{"line":8,"column":19}},"5":{"start":{"line":10,"column":2},"end":{"line":10,"column":29}},"6":{"start":{"line":11,"column":2},"end":{"line":16,"column":3}},"7":{"start":{"line":12,"column":4},"end":{"line":12,"column":28}},"8":{"start":{"line":13,"column":4},"end":{"line":13,"column":19}},"9":{"start":{"line":15,"column":4},"end":{"line":15,"column":33}},"10":{"start":{"line":18,"column":2},"end":{"line":18,"column":16}},"11":{"start":{"line":20,"column":2},"end":{"line":20,"column":25}},"12":{"start":{"line":21,"column":2},"end":{"line":23,"column":5}},"13":{"start":{"line":22,"column":4},"end":{"line":22,"column":37}},"14":{"start":{"line":25,"column":2},"end":{"line":25,"column":60}},"15":{"start":{"line":27,"column":2},"end":{"line":30,"column":4}},"16":{"start":{"line":33,"column":0},"end":{"line":33,"column":39}}},"branchMap":{"1":{"line":11,"type":"if","locations":[{"start":{"line":11,"column":2},"end":{"line":11,"column":2}},{"start":{"line":11,"column":2},"end":{"line":11,"column":2}}]}},"l":{"2":0,"3":0,"6":1,"8":0,"10":0,"11":0,"12":0,"13":0,"15":0,"18":0,"20":0,"21":0,"22":0,"25":0,"27":0,"33":0}},
"/home/travis/build/troykinsella/junkie/lib/junkie.js":{"path":"/home/travis/build/troykinsella/junkie/lib/junkie.js","s":{"1":1,"2":1,"3":1,"4":1,"5":55,"6":1,"7":1},"b":{},"f":{"1":55},"fnMap":{"1":{"name":"(anonymous_1)","line":14,"loc":{"start":{"line":14,"column":22},"end":{"line":14,"column":33}}}},"statementMap":{"1":{"start":{"line":2,"column":0},"end":{"line":2,"column":39}},"2":{"start":{"line":3,"column":0},"end":{"line":3,"column":51}},"3":{"start":{"line":8,"column":0},"end":{"line":8,"column":16}},"4":{"start":{"line":14,"column":0},"end":{"line":16,"column":2}},"5":{"start":{"line":15,"column":2},"end":{"line":15,"column":25}},"6":{"start":{"line":18,"column":0},"end":{"line":18,"column":41}},"7":{"start":{"line":20,"column":0},"end":{"line":20,"column":24}}},"branchMap":{},"l":{"2":1,"3":1,"8":1,"14":1,"15":55,"18":1,"20":1}},
"/home/travis/build/troykinsella/junkie/lib/injector/ConstructorInjector.js":{"path":"/home/travis/build/troykinsella/junkie/lib/injector/ConstructorInjector.js","s":{"1":1,"2":1,"3":1,"4":1,"5":37,"6":1,"7":1,"8":1,"9":39,"10":1,"11":38,"12":38,"13":38,"14":1},"b":{"1":[1,38]},"f":{"1":37,"2":39},"fnMap":{"1":{"name":"ConstructorInjector","line":6,"loc":{"start":{"line":6,"column":0},"end":{"line":6,"column":35}}},"2":{"name":"(anonymous_2)","line":13,"loc":{"start":{"line":13,"column":12},"end":{"line":13,"column":41}}}},"statementMap":{"1":{"start":{"line":2,"column":0},"end":{"line":2,"column":27}},"2":{"start":{"line":3,"column":0},"end":{"line":3,"column":38}},"3":{"start":{"line":4,"column":0},"end":{"line":4,"column":52}},"4":{"start":{"line":6,"column":0},"end":{"line":8,"column":1}},"5":{"start":{"line":7,"column":2},"end":{"line":7,"column":56}},"6":{"start":{"line":9,"column":0},"end":{"line":9,"column":45}},"7":{"start":{"line":11,"column":0},"end":{"line":11,"column":39}},"8":{"start":{"line":13,"column":0},"end":{"line":21,"column":2}},"9":{"start":{"line":14,"column":2},"end":{"line":16,"column":3}},"10":{"start":{"line":15,"column":4},"end":{"line":15,"column":102}},"11":{"start":{"line":18,"column":2},"end":{"line":18,"column":47}},"12":{"start":{"line":19,"column":2},"end":{"line":19,"column":37}},"13":{"start":{"line":20,"column":2},"end":{"line":20,"column":18}},"14":{"start":{"line":23,"column":0},"end":{"line":23,"column":37}}},"branchMap":{"1":{"line":14,"type":"if","locations":[{"start":{"line":14,"column":2},"end":{"line":14,"column":2}},{"start":{"line":14,"column":2},"end":{"line":14,"column":2}}]}},"l":{"2":1,"3":1,"4":1,"6":1,"7":37,"9":1,"11":1,"13":1,"14":39,"15":1,"18":38,"19":38,"20":38,"23":1}},
"/home/travis/build/troykinsella/junkie/lib/injector/CreatorInjector.js":{"path":"/home/travis/build/troykinsella/junkie/lib/injector/CreatorInjector.js","s":{"1":1,"2":1,"3":1,"4":1,"5":7,"6":7,"7":1,"8":1,"9":1,"10":8,"11":8,"12":4,"13":4,"14":2,"15":2,"16":4,"17":1,"18":5,"19":1},"b":{"1":[4,4],"2":[2,2],"3":[1,3]},"f":{"1":7,"2":8},"fnMap":{"1":{"name":"CreatorInjector","line":6,"loc":{"start":{"line":6,"column":0},"end":{"line":6,"column":50}}},"2":{"name":"(anonymous_2)","line":14,"loc":{"start":{"line":14,"column":12},"end":{"line":14,"column":41}}}},"statementMap":{"1":{"start":{"line":2,"column":0},"end":{"line":2,"column":27}},"2":{"start":{"line":3,"column":0},"end":{"line":3,"column":38}},"3":{"start":{"line":4,"column":0},"end":{"line":4,"column":52}},"4":{"start":{"line":6,"column":0},"end":{"line":9,"column":1}},"5":{"start":{"line":7,"column":2},"end":{"line":7,"column":52}},"6":{"start":{"line":8,"column":2},"end":{"line":8,"column":46}},"7":{"start":{"line":10,"column":0},"end":{"line":10,"column":41}},"8":{"start":{"line":12,"column":0},"end":{"line":12,"column":35}},"9":{"start":{"line":14,"column":0},"end":{"line":31,"column":2}},"10":{"start":{"line":15,"column":2},"end":{"line":15,"column":37}},"11":{"start":{"line":17,"column":2},"end":{"line":28,"column":3}},"12":{"start":{"line":18,"column":4},"end":{"line":18,"column":56}},"13":{"start":{"line":19,"column":4},"end":{"line":21,"column":5}},"14":{"start":{"line":20,"column":6},"end":{"line":20,"column":112}},"15":{"start":{"line":22,"column":4},"end":{"line":22,"column":46}},"16":{"start":{"line":25,"column":4},"end":{"line":27,"column":5}},"17":{"start":{"line":26,"column":6},"end":{"line":26,"column":115}},"18":{"start":{"line":30,"column":2},"end":{"line":30,"column":18}},"19":{"start":{"line":33,"column":0},"end":{"line":33,"column":33}}},"branchMap":{"1":{"line":17,"type":"if","locations":[{"start":{"line":17,"column":2},"end":{"line":17,"column":2}},{"start":{"line":17,"column":2},"end":{"line":17,"column":2}}]},"2":{"line":19,"type":"if","locations":[{"start":{"line":19,"column":4},"end":{"line":19,"column":4}},{"start":{"line":19,"column":4},"end":{"line":19,"column":4}}]},"3":{"line":25,"type":"if","locations":[{"start":{"line":25,"column":4},"end":{"line":25,"column":4}},{"start":{"line":25,"column":4},"end":{"line":25,"column":4}}]}},"l":{"2":1,"3":1,"4":1,"6":1,"7":7,"8":7,"10":1,"12":1,"14":1,"15":8,"17":8,"18":4,"19":4,"20":2,"22":2,"25":4,"26":1,"30":5,"33":1}},
"/home/travis/build/troykinsella/junkie/lib/injector/FactoryInjector.js":{"path":"/home/travis/build/troykinsella/junkie/lib/injector/FactoryInjector.js","s":{"1":1,"2":1,"3":1,"4":1,"5":14,"6":1,"7":1,"8":1,"9":16,"10":1,"11":15,"12":15,"13":1},"b":{"1":[1,15]},"f":{"1":14,"2":16},"fnMap":{"1":{"name":"FactoryInjector","line":6,"loc":{"start":{"line":6,"column":0},"end":{"line":6,"column":31}}},"2":{"name":"(anonymous_2)","line":13,"loc":{"start":{"line":13,"column":12},"end":{"line":13,"column":44}}}},"statementMap":{"1":{"start":{"line":2,"column":0},"end":{"line":2,"column":27}},"2":{"start":{"line":3,"column":0},"end":{"line":3,"column":38}},"3":{"start":{"line":4,"column":0},"end":{"line":4,"column":52}},"4":{"start":{"line":6,"column":0},"end":{"line":8,"column":1}},"5":{"start":{"line":7,"column":2},"end":{"line":7,"column":52}},"6":{"start":{"line":9,"column":0},"end":{"line":9,"column":41}},"7":{"start":{"line":11,"column":0},"end":{"line":11,"column":35}},"8":{"start":{"line":13,"column":0},"end":{"line":20,"column":2}},"9":{"start":{"line":14,"column":2},"end":{"line":16,"column":3}},"10":{"start":{"line":15,"column":4},"end":{"line":15,"column":101}},"11":{"start":{"line":18,"column":2},"end":{"line":18,"column":54}},"12":{"start":{"line":19,"column":2},"end":{"line":19,"column":18}},"13":{"start":{"line":22,"column":0},"end":{"line":22,"column":33}}},"branchMap":{"1":{"line":14,"type":"if","locations":[{"start":{"line":14,"column":2},"end":{"line":14,"column":2}},{"start":{"line":14,"column":2},"end":{"line":14,"column":2}}]}},"l":{"2":1,"3":1,"4":1,"6":1,"7":14,"9":1,"11":1,"13":1,"14":16,"15":1,"18":15,"19":15,"22":1}},
"/home/travis/build/troykinsella/junkie/lib/injector/FieldInjector.js":{"path":"/home/travis/build/troykinsella/junkie/lib/injector/FieldInjector.js","s":{"1":1,"2":1,"3":1,"4":1,"5":6,"6":6,"7":1,"8":1,"9":1,"10":10,"11":2,"12":8,"13":8,"14":1},"b":{"1":[2,8]},"f":{"1":6,"2":10},"fnMap":{"1":{"name":"FieldInjector","line":6,"loc":{"start":{"line":6,"column":0},"end":{"line":6,"column":42}}},"2":{"name":"(anonymous_2)","line":14,"loc":{"start":{"line":14,"column":12},"end":{"line":14,"column":45}}}},"statementMap":{"1":{"start":{"line":2,"column":0},"end":{"line":2,"column":27}},"2":{"start":{"line":3,"column":0},"end":{"line":3,"column":38}},"3":{"start":{"line":4,"column":0},"end":{"line":4,"column":52}},"4":{"start":{"line":6,"column":0},"end":{"line":9,"column":1}},"5":{"start":{"line":7,"column":2},"end":{"line":7,"column":50}},"6":{"start":{"line":8,"column":2},"end":{"line":8,"column":34}},"7":{"start":{"line":10,"column":0},"end":{"line":10,"column":39}},"8":{"start":{"line":12,"column":0},"end":{"line":12,"column":33}},"9":{"start":{"line":14,"column":0},"end":{"line":20,"column":2}},"10":{"start":{"line":15,"column":2},"end":{"line":17,"column":3}},"11":{"start":{"line":16,"column":4},"end":{"line":16,"column":89}},"12":{"start":{"line":18,"column":2},"end":{"line":18,"column":48}},"13":{"start":{"line":19,"column":2},"end":{"line":19,"column":18}},"14":{"start":{"line":22,"column":0},"end":{"line":22,"column":31}}},"branchMap":{"1":{"line":15,"type":"if","locations":[{"start":{"line":15,"column":2},"end":{"line":15,"column":2}},{"start":{"line":15,"column":2},"end":{"line":15,"column":2}}]}},"l":{"2":1,"3":1,"4":1,"6":1,"7":6,"8":6,"10":1,"12":1,"14":1,"15":10,"16":2,"18":8,"19":8,"22":1}},
"/home/travis/build/troykinsella/junkie/lib/injector/MethodInjector.js":{"path":"/home/travis/build/troykinsella/junkie/lib/injector/MethodInjector.js","s":{"1":1,"2":1,"3":1,"4":1,"5":6,"6":6,"7":1,"8":1,"9":1,"10":10,"11":10,"12":2,"13":8,"14":8,"15":1},"b":{"1":[2,8]},"f":{"1":6,"2":10},"fnMap":{"1":{"name":"MethodInjector","line":6,"loc":{"start":{"line":6,"column":0},"end":{"line":6,"column":44}}},"2":{"name":"(anonymous_2)","line":14,"loc":{"start":{"line":14,"column":12},"end":{"line":14,"column":45}}}},"statementMap":{"1":{"start":{"line":2,"column":0},"end":{"line":2,"column":27}},"2":{"start":{"line":3,"column":0},"end":{"line":3,"column":38}},"3":{"start":{"line":4,"column":0},"end":{"line":4,"column":52}},"4":{"start":{"line":6,"column":0},"end":{"line":9,"column":1}},"5":{"start":{"line":7,"column":2},"end":{"line":7,"column":51}},"6":{"start":{"line":8,"column":2},"end":{"line":8,"column":36}},"7":{"start":{"line":10,"column":0},"end":{"line":10,"column":40}},"8":{"start":{"line":12,"column":0},"end":{"line":12,"column":34}},"9":{"start":{"line":14,"column":0},"end":{"line":22,"column":2}},"10":{"start":{"line":15,"column":2},"end":{"line":15,"column":39}},"11":{"start":{"line":16,"column":2},"end":{"line":18,"column":3}},"12":{"start":{"line":17,"column":4},"end":{"line":17,"column":90}},"13":{"start":{"line":20,"column":2},"end":{"line":20,"column":34}},"14":{"start":{"line":21,"column":2},"end":{"line":21,"column":18}},"15":{"start":{"line":24,"column":0},"end":{"line":24,"column":32}}},"branchMap":{"1":{"line":16,"type":"if","locations":[{"start":{"line":16,"column":2},"end":{"line":16,"column":2}},{"start":{"line":16,"column":2},"end":{"line":16,"column":2}}]}},"l":{"2":1,"3":1,"4":1,"6":1,"7":6,"8":6,"10":1,"12":1,"14":1,"15":10,"16":10,"17":2,"20":8,"21":8,"24":1}},
"/home/travis/build/troykinsella/junkie/lib/resolver/caching.js":{"path":"/home/travis/build/troykinsella/junkie/lib/resolver/caching.js","s":{"1":1,"2":1,"3":6,"4":6,"5":3,"6":3,"7":6,"8":6},"b":{"1":[3,3]},"f":{"1":6},"fnMap":{"1":{"name":"cachingResolver","line":5,"loc":{"start":{"line":5,"column":17},"end":{"line":5,"column":58}}}},"statementMap":{"1":{"start":{"line":3,"column":0},"end":{"line":3,"column":42}},"2":{"start":{"line":5,"column":0},"end":{"line":15,"column":2}},"3":{"start":{"line":6,"column":2},"end":{"line":6,"column":35}},"4":{"start":{"line":7,"column":2},"end":{"line":10,"column":3}},"5":{"start":{"line":8,"column":4},"end":{"line":8,"column":24}},"6":{"start":{"line":9,"column":4},"end":{"line":9,"column":15}},"7":{"start":{"line":12,"column":2},"end":{"line":12,"column":9}},"8":{"start":{"line":14,"column":2},"end":{"line":14,"column":49}}},"branchMap":{"1":{"line":7,"type":"if","locations":[{"start":{"line":7,"column":2},"end":{"line":7,"column":2}},{"start":{"line":7,"column":2},"end":{"line":7,"column":2}}]}},"l":{"3":1,"5":1,"6":6,"7":6,"8":3,"9":3,"12":6,"14":6}},
"/home/travis/build/troykinsella/junkie/lib/resolver/injector.js":{"path":"/home/travis/build/troykinsella/junkie/lib/resolver/injector.js","s":{"1":1,"2":95,"3":94,"4":92,"5":92,"6":63,"7":58,"8":60,"9":60,"10":20,"11":20},"b":{"1":[92,2]},"f":{"1":95,"2":20},"fnMap":{"1":{"name":"injectorResolver","line":3,"loc":{"start":{"line":3,"column":17},"end":{"line":3,"column":59}}},"2":{"name":"(anonymous_2)","line":15,"loc":{"start":{"line":15,"column":13},"end":{"line":15,"column":32}}}},"statementMap":{"1":{"start":{"line":3,"column":0},"end":{"line":19,"column":2}},"2":{"start":{"line":4,"column":2},"end":{"line":4,"column":47}},"3":{"start":{"line":5,"column":2},"end":{"line":10,"column":3}},"4":{"start":{"line":6,"column":4},"end":{"line":6,"column":31}},"5":{"start":{"line":7,"column":4},"end":{"line":7,"column":51}},"6":{"start":{"line":8,"column":4},"end":{"line":8,"column":50}},"7":{"start":{"line":9,"column":4},"end":{"line":9,"column":22}},"8":{"start":{"line":12,"column":2},"end":{"line":12,"column":9}},"9":{"start":{"line":14,"column":2},"end":{"line":18,"column":7}},"10":{"start":{"line":16,"column":6},"end":{"line":16,"column":46}},"11":{"start":{"line":17,"column":6},"end":{"line":17,"column":55}}},"branchMap":{"1":{"line":5,"type":"if","locations":[{"start":{"line":5,"column":2},"end":{"line":5,"column":2}},{"start":{"line":5,"column":2},"end":{"line":5,"column":2}}]}},"l":{"3":1,"4":95,"5":94,"6":92,"7":92,"8":63,"9":58,"12":60,"14":60,"16":20,"17":20}},
"/home/travis/build/troykinsella/junkie/lib/resolver/logging.js":{"path":"/home/travis/build/troykinsella/junkie/lib/resolver/logging.js","s":{"1":0,"2":0,"3":0,"4":0},"b":{},"f":{"1":0},"fnMap":{"1":{"name":"loggingResolver","line":3,"loc":{"start":{"line":3,"column":17},"end":{"line":3,"column":58}}}},"statementMap":{"1":{"start":{"line":3,"column":0},"end":{"line":7,"column":2}},"2":{"start":{"line":4,"column":2},"end":{"line":4,"column":66}},"3":{"start":{"line":5,"column":2},"end":{"line":5,"column":9}},"4":{"start":{"line":6,"column":2},"end":{"line":6,"column":70}}},"branchMap":{},"l":{"3":0,"4":0,"5":0,"6":0}}}
