TN:
SF:/home/travis/build/troykinsella/junkie/lib/Component.js
FN:11,Component
FN:24,(anonymous_2)
FN:28,(anonymous_3)
FN:32,(anonymous_4)
FN:36,(anonymous_5)
FN:40,(anonymous_6)
FN:47,(anonymous_7)
FN:61,(anonymous_8)
FN:79,(anonymous_9)
FN:87,(anonymous_10)
FNF:10
FNH:10
FNDA:93,Component
FNDA:138,(anonymous_2)
FNDA:276,(anonymous_3)
FNDA:138,(anonymous_4)
FNDA:138,(anonymous_5)
FNDA:78,(anonymous_6)
FNDA:138,(anonymous_7)
FNDA:138,(anonymous_8)
FNDA:138,(anonymous_9)
FNDA:235,(anonymous_10)
DA:2,1
DA:3,1
DA:4,1
DA:5,1
DA:11,1
DA:13,93
DA:14,93
DA:15,93
DA:16,93
DA:18,93
DA:19,93
DA:22,1
DA:24,1
DA:25,138
DA:28,1
DA:29,276
DA:32,1
DA:33,138
DA:36,1
DA:37,138
DA:40,1
DA:41,78
DA:42,71
DA:43,71
DA:47,1
DA:48,138
DA:57,138
DA:58,129
DA:61,1
DA:63,138
DA:65,138
DA:66,236
DA:67,236
DA:68,9
DA:70,227
DA:71,227
DA:79,1
DA:80,138
DA:82,138
DA:83,138
DA:85,129
DA:87,129
DA:88,235
DA:89,235
DA:90,133
DA:93,102
DA:96,129
DA:97,129
DA:98,76
DA:101,129
DA:104,1
LF:51
LH:51
BRDA:67,1,0,9
BRDA:67,1,1,227
BRDA:80,2,0,138
BRDA:80,2,1,2
BRDA:89,3,0,133
BRDA:89,3,1,102
BRDA:89,4,0,235
BRDA:89,4,1,104
BRDA:89,4,2,104
BRDA:97,5,0,76
BRDA:97,5,1,53
BRF:11
BRH:11
end_of_record
TN:
SF:/home/travis/build/troykinsella/junkie/lib/Container.js
FN:11,(anonymous_1)
FN:19,Container
FN:28,(anonymous_3)
FN:32,(anonymous_4)
FN:47,(anonymous_5)
FN:55,(anonymous_6)
FN:59,(anonymous_7)
FN:65,(anonymous_8)
FN:79,(anonymous_9)
FN:85,(anonymous_10)
FN:100,(anonymous_11)
FNF:11
FNH:10
FNDA:3,(anonymous_1)
FNDA:63,Container
FNDA:0,(anonymous_3)
FNDA:7,(anonymous_4)
FNDA:1,(anonymous_5)
FNDA:3,(anonymous_6)
FNDA:99,(anonymous_7)
FNDA:91,(anonymous_8)
FNDA:90,(anonymous_9)
FNDA:144,(anonymous_10)
FNDA:144,(anonymous_11)
DA:3,1
DA:4,1
DA:5,1
DA:6,1
DA:7,1
DA:8,1
DA:10,1
DA:12,3
DA:13,1
DA:15,2
DA:19,1
DA:20,63
DA:21,63
DA:22,63
DA:23,63
DA:26,1
DA:28,1
DA:29,0
DA:32,1
DA:33,7
DA:35,6
DA:37,6
DA:38,6
DA:39,0
DA:42,6
DA:44,6
DA:47,1
DA:48,1
DA:50,0
DA:51,0
DA:52,0
DA:55,1
DA:56,3
DA:59,1
DA:60,99
DA:61,3
DA:65,1
DA:66,91
DA:68,90
DA:69,90
DA:71,90
DA:73,90
DA:74,90
DA:76,90
DA:79,1
DA:80,90
DA:81,90
DA:82,90
DA:85,1
DA:86,144
DA:87,144
DA:89,3
DA:91,141
DA:100,1
DA:101,144
DA:104,144
DA:107,144
DA:108,8
DA:112,136
DA:113,127
DA:114,0
DA:118,127
DA:119,127
DA:120,37
DA:123,90
DA:125,90
DA:128,1
LF:67
LH:61
BRDA:12,1,0,1
BRDA:12,1,1,2
BRDA:12,2,0,3
BRDA:12,2,1,3
BRDA:20,3,0,63
BRDA:20,3,1,57
BRDA:22,4,0,6
BRDA:22,4,1,57
BRDA:35,5,0,6
BRDA:35,5,1,6
BRDA:38,6,0,0
BRDA:38,6,1,6
BRDA:60,7,0,3
BRDA:60,7,1,96
BRDA:71,8,0,90
BRDA:71,8,1,90
BRDA:71,8,2,90
BRDA:87,9,0,3
BRDA:87,9,1,141
BRDA:101,10,0,144
BRDA:101,10,1,76
BRDA:107,11,0,8
BRDA:107,11,1,136
BRDA:113,12,0,0
BRDA:113,12,1,127
BRDA:119,13,0,37
BRDA:119,13,1,90
BRF:27
BRH:25
end_of_record
TN:
SF:/home/travis/build/troykinsella/junkie/lib/Dependency.js
FN:4,Dependency
FN:13,(anonymous_2)
FN:17,(anonymous_3)
FN:21,(anonymous_4)
FNF:4
FNH:4
FNDA:37,Dependency
FNDA:99,(anonymous_2)
FNDA:64,(anonymous_3)
FNDA:2,(anonymous_4)
DA:2,1
DA:4,1
DA:5,37
DA:7,37
DA:8,37
DA:11,1
DA:13,1
DA:14,99
DA:17,1
DA:18,64
DA:21,1
DA:22,2
DA:25,2
DA:26,1
DA:27,1
DA:30,2
DA:33,1
LF:17
LH:17
BRDA:25,1,0,1
BRDA:25,1,1,1
BRF:2
BRH:2
end_of_record
TN:
SF:/home/travis/build/troykinsella/junkie/lib/Descriptor.js
FN:4,Descriptor
FN:20,(anonymous_2)
FN:28,(anonymous_3)
FN:33,(anonymous_4)
FN:38,(anonymous_5)
FN:43,(anonymous_6)
FN:45,(anonymous_7)
FN:53,(anonymous_8)
FN:58,(anonymous_9)
FNF:9
FNH:6
FNDA:90,Descriptor
FNDA:35,(anonymous_2)
FNDA:70,(anonymous_3)
FNDA:160,(anonymous_4)
FNDA:35,(anonymous_5)
FNDA:155,(anonymous_6)
FNDA:0,(anonymous_7)
FNDA:0,(anonymous_8)
FNDA:0,(anonymous_9)
DA:2,1
DA:4,1
DA:6,90
DA:7,90
DA:9,90
DA:10,90
DA:14,1
DA:20,1
DA:21,35
DA:22,0
DA:24,35
DA:28,1
DA:29,70
DA:30,70
DA:33,1
DA:34,160
DA:35,0
DA:38,160
DA:39,35
DA:43,1
DA:44,155
DA:45,0
DA:46,0
DA:49,155
DA:53,1
DA:54,0
DA:58,1
DA:59,0
DA:63,1
LF:29
LH:23
BRDA:9,1,0,90
BRDA:9,1,1,0
BRDA:21,2,0,0
BRDA:21,2,1,35
BRDA:34,3,0,0
BRDA:34,3,1,160
BRDA:44,4,0,0
BRDA:44,4,1,155
BRF:8
BRH:4
end_of_record
TN:
SF:/home/travis/build/troykinsella/junkie/lib/Injector.js
FN:2,Injector
FN:12,(anonymous_2)
FN:16,(anonymous_3)
FN:20,(anonymous_4)
FN:24,(anonymous_5)
FNF:5
FNH:3
FNDA:70,Injector
FNDA:0,(anonymous_2)
FNDA:192,(anonymous_3)
FNDA:0,(anonymous_4)
FNDA:182,(anonymous_5)
DA:2,1
DA:3,70
DA:4,70
DA:5,70
DA:6,70
DA:10,1
DA:12,1
DA:13,0
DA:16,1
DA:17,192
DA:20,1
DA:21,0
DA:24,1
DA:25,182
DA:28,1
LF:15
LH:13
BRDA:4,1,0,70
BRDA:4,1,1,0
BRF:2
BRH:1
end_of_record
TN:
SF:/home/travis/build/troykinsella/junkie/lib/InjectorFactory.js
FN:7,(anonymous_1)
FN:19,(anonymous_2)
FN:23,(anonymous_3)
FN:32,(anonymous_4)
FNF:4
FNH:4
FNDA:70,(anonymous_1)
FNDA:34,(anonymous_2)
FNDA:5,(anonymous_3)
FNDA:5,(anonymous_4)
DA:3,1
DA:8,70
DA:10,70
DA:11,70
DA:12,0
DA:15,70
DA:16,70
DA:20,34
DA:24,5
DA:31,1
DA:33,5
DA:34,5
DA:37,1
LF:13
LH:12
BRDA:11,1,0,0
BRDA:11,1,1,70
BRF:2
BRH:1
end_of_record
TN:
SF:/home/travis/build/troykinsella/junkie/lib/RegistrationBuilder.js
FN:7,RegistrationBuilder
FN:16,(anonymous_2)
FN:21,(anonymous_3)
FN:22,(anonymous_4)
FN:32,(anonymous_5)
FN:45,(anonymous_6)
FN:51,(anonymous_7)
FN:56,(anonymous_8)
FN:57,(anonymous_9)
FN:62,(anonymous_10)
FN:63,(anonymous_11)
FN:73,(anonymous_12)
FN:80,(anonymous_13)
FN:86,(anonymous_14)
FN:91,(anonymous_15)
FN:96,(anonymous_16)
FN:99,(anonymous_17)
FN:107,(anonymous_18)
FN:108,(anonymous_19)
FNF:19
FNH:18
FNDA:90,RegistrationBuilder
FNDA:180,(anonymous_2)
FNDA:360,(anonymous_3)
FNDA:36,(anonymous_4)
FNDA:3,(anonymous_5)
FNDA:180,(anonymous_6)
FNDA:70,(anonymous_7)
FNDA:41,(anonymous_8)
FNDA:39,(anonymous_9)
FNDA:205,(anonymous_10)
FNDA:39,(anonymous_11)
FNDA:34,(anonymous_12)
FNDA:70,(anonymous_13)
FNDA:34,(anonymous_14)
FNDA:0,(anonymous_15)
FNDA:34,(anonymous_16)
FNDA:35,(anonymous_17)
FNDA:170,(anonymous_18)
FNDA:34,(anonymous_19)
DA:3,1
DA:5,1
DA:7,1
DA:8,90
DA:9,90
DA:11,90
DA:12,90
DA:15,90
DA:17,180
DA:21,90
DA:22,360
DA:23,36
DA:24,36
DA:25,36
DA:26,36
DA:31,90
DA:33,3
DA:43,1
DA:45,1
DA:46,180
DA:51,1
DA:52,70
DA:53,70
DA:56,1
DA:57,41
DA:58,39
DA:61,41
DA:62,41
DA:63,205
DA:64,39
DA:65,39
DA:66,39
DA:70,41
DA:73,1
DA:74,34
DA:75,31
DA:76,31
DA:80,1
DA:81,70
DA:82,70
DA:83,70
DA:86,1
DA:87,34
DA:88,34
DA:91,1
DA:92,0
DA:93,0
DA:96,1
DA:97,34
DA:99,34
DA:100,35
DA:103,34
DA:105,34
DA:108,170
DA:109,34
DA:110,34
DA:111,34
DA:112,34
DA:113,34
DA:117,34
DA:122,1
LF:61
LH:59
BRDA:74,1,0,31
BRDA:74,1,1,3
BRF:2
BRH:2
end_of_record
TN:
SF:/home/travis/build/troykinsella/junkie/lib/Resolution.js
FN:3,Resolution
FN:11,(anonymous_2)
FN:15,(anonymous_3)
FN:19,(anonymous_4)
FN:23,(anonymous_5)
FN:27,(anonymous_6)
FN:31,(anonymous_7)
FN:35,(anonymous_8)
FN:39,(anonymous_9)
FN:43,(anonymous_10)
FNF:10
FNH:9
FNDA:138,Resolution
FNDA:137,(anonymous_2)
FNDA:40,(anonymous_3)
FNDA:3,(anonymous_4)
FNDA:76,(anonymous_5)
FNDA:220,(anonymous_6)
FNDA:26,(anonymous_7)
FNDA:231,(anonymous_8)
FNDA:104,(anonymous_9)
FNDA:0,(anonymous_10)
DA:3,1
DA:4,138
DA:6,138
DA:9,1
DA:11,1
DA:12,137
DA:15,1
DA:16,40
DA:19,1
DA:20,3
DA:23,1
DA:24,76
DA:27,1
DA:28,220
DA:31,1
DA:32,26
DA:35,1
DA:36,231
DA:39,1
DA:40,104
DA:43,1
DA:44,0
DA:51,1
LF:23
LH:22
BRDA:32,1,0,26
BRDA:32,1,1,3
BRF:2
BRH:2
end_of_record
TN:
SF:/home/travis/build/troykinsella/junkie/lib/ResolutionContext.js
FN:3,ResolutionContext
FN:14,(anonymous_2)
FN:18,(anonymous_3)
FN:22,(anonymous_4)
FN:26,(anonymous_5)
FN:36,(anonymous_6)
FN:43,(anonymous_7)
FN:56,(anonymous_8)
FN:63,(anonymous_9)
FN:67,(anonymous_10)
FN:78,(anonymous_11)
FN:81,(anonymous_12)
FN:86,(anonymous_13)
FN:90,(anonymous_14)
FNF:14
FNH:11
FNDA:138,ResolutionContext
FNDA:227,(anonymous_2)
FNDA:236,(anonymous_3)
FNDA:92,(anonymous_4)
FNDA:12,(anonymous_5)
FNDA:112,(anonymous_6)
FNDA:62,(anonymous_7)
FNDA:0,(anonymous_8)
FNDA:95,(anonymous_9)
FNDA:114,(anonymous_10)
FNDA:60,(anonymous_11)
FNDA:78,(anonymous_12)
FNDA:0,(anonymous_13)
FNDA:0,(anonymous_14)
DA:3,1
DA:4,138
DA:5,138
DA:6,138
DA:7,138
DA:8,138
DA:9,138
DA:12,1
DA:14,1
DA:15,227
DA:18,1
DA:19,236
DA:22,1
DA:23,92
DA:26,1
DA:27,12
DA:28,0
DA:29,12
DA:30,6
DA:32,6
DA:36,1
DA:37,112
DA:38,112
DA:39,0
DA:40,0
DA:43,112
DA:44,62
DA:50,83
DA:51,83
DA:53,0
DA:56,1
DA:57,0
DA:58,0
DA:60,0
DA:63,1
DA:64,95
DA:68,114
DA:71,95
DA:72,1
DA:75,94
DA:78,1
DA:79,60
DA:82,78
DA:86,1
DA:87,0
DA:90,1
DA:91,0
DA:95,1
LF:48
LH:39
BRDA:27,1,0,0
BRDA:27,1,1,12
BRDA:29,2,0,6
BRDA:29,2,1,6
BRDA:38,3,0,0
BRDA:38,3,1,112
BRDA:50,4,0,83
BRDA:50,4,1,0
BRDA:57,5,0,0
BRDA:57,5,1,0
BRDA:71,6,0,1
BRDA:71,6,1,94
BRF:12
BRH:7
end_of_record
TN:
SF:/home/travis/build/troykinsella/junkie/lib/ResolutionError.js
FN:4,ResolutionError
FNF:1
FNH:1
FNDA:20,ResolutionError
DA:2,1
DA:4,1
DA:5,20
DA:6,20
DA:8,1
DA:9,1
DA:10,1
DA:12,1
LF:8
LH:8
BRF:0
BRH:0
end_of_record
TN:
SF:/home/travis/build/troykinsella/junkie/lib/Resolver.js
FN:5,Resolver
FN:12,(anonymous_2)
FN:22,(anonymous_3)
FNF:3
FNH:3
FNDA:71,Resolver
FNDA:102,(anonymous_2)
FNDA:78,(anonymous_3)
DA:3,1
DA:5,1
DA:6,71
DA:7,71
DA:10,1
DA:12,1
DA:13,102
DA:14,102
DA:16,40
DA:17,40
DA:22,1
DA:23,78
DA:24,74
DA:25,32
DA:26,32
DA:28,1
DA:32,73
DA:35,71
DA:36,71
DA:39,71
DA:42,1
LF:21
LH:21
BRDA:24,1,0,32
BRDA:24,1,1,42
BRDA:32,2,0,73
BRDA:32,2,1,73
BRDA:35,3,0,71
BRDA:35,3,1,0
BRF:6
BRH:5
end_of_record
TN:
SF:/home/travis/build/troykinsella/junkie/lib/descriptorEntryParser.js
FN:6,descriptorEntryParser
FN:21,(anonymous_2)
FNF:2
FNH:0
FNDA:0,descriptorEntryParser
FNDA:0,(anonymous_2)
DA:2,0
DA:3,0
DA:6,1
DA:8,0
DA:10,0
DA:11,0
DA:12,0
DA:13,0
DA:15,0
DA:18,0
DA:20,0
DA:21,0
DA:22,0
DA:25,0
DA:27,0
DA:33,0
LF:16
LH:1
BRDA:11,1,0,0
BRDA:11,1,1,0
BRF:2
BRH:0
end_of_record
TN:
SF:/home/travis/build/troykinsella/junkie/lib/junkie.js
FN:7,(anonymous_1)
FNF:1
FNH:1
FNDA:55,(anonymous_1)
DA:2,1
DA:3,1
DA:5,1
DA:7,1
DA:8,55
DA:11,1
DA:13,1
LF:7
LH:7
BRF:0
BRH:0
end_of_record
TN:
SF:/home/travis/build/troykinsella/junkie/lib/injector/ConstructorInjector.js
FN:6,ConstructorInjector
FN:13,(anonymous_2)
FNF:2
FNH:2
FNDA:37,ConstructorInjector
FNDA:39,(anonymous_2)
DA:2,1
DA:3,1
DA:4,1
DA:6,1
DA:7,37
DA:9,1
DA:11,1
DA:13,1
DA:14,39
DA:15,1
DA:18,38
DA:19,38
DA:20,38
DA:23,1
LF:14
LH:14
BRDA:14,1,0,1
BRDA:14,1,1,38
BRF:2
BRH:2
end_of_record
TN:
SF:/home/travis/build/troykinsella/junkie/lib/injector/CreatorInjector.js
FN:6,CreatorInjector
FN:14,(anonymous_2)
FNF:2
FNH:2
FNDA:7,CreatorInjector
FNDA:8,(anonymous_2)
DA:2,1
DA:3,1
DA:4,1
DA:6,1
DA:7,7
DA:8,7
DA:10,1
DA:12,1
DA:14,1
DA:15,8
DA:17,8
DA:18,4
DA:19,4
DA:20,2
DA:22,2
DA:25,4
DA:26,1
DA:30,5
DA:33,1
LF:19
LH:19
BRDA:17,1,0,4
BRDA:17,1,1,4
BRDA:19,2,0,2
BRDA:19,2,1,2
BRDA:25,3,0,1
BRDA:25,3,1,3
BRF:6
BRH:6
end_of_record
TN:
SF:/home/travis/build/troykinsella/junkie/lib/injector/FactoryInjector.js
FN:6,FactoryInjector
FN:13,(anonymous_2)
FNF:2
FNH:2
FNDA:14,FactoryInjector
FNDA:16,(anonymous_2)
DA:2,1
DA:3,1
DA:4,1
DA:6,1
DA:7,14
DA:9,1
DA:11,1
DA:13,1
DA:14,16
DA:15,1
DA:18,15
DA:19,15
DA:22,1
LF:13
LH:13
BRDA:14,1,0,1
BRDA:14,1,1,15
BRF:2
BRH:2
end_of_record
TN:
SF:/home/travis/build/troykinsella/junkie/lib/injector/FieldInjector.js
FN:6,FieldInjector
FN:14,(anonymous_2)
FNF:2
FNH:2
FNDA:6,FieldInjector
FNDA:10,(anonymous_2)
DA:2,1
DA:3,1
DA:4,1
DA:6,1
DA:7,6
DA:8,6
DA:10,1
DA:12,1
DA:14,1
DA:15,10
DA:16,2
DA:18,8
DA:19,8
DA:22,1
LF:14
LH:14
BRDA:15,1,0,2
BRDA:15,1,1,8
BRF:2
BRH:2
end_of_record
TN:
SF:/home/travis/build/troykinsella/junkie/lib/injector/MethodInjector.js
FN:6,MethodInjector
FN:14,(anonymous_2)
FNF:2
FNH:2
FNDA:6,MethodInjector
FNDA:10,(anonymous_2)
DA:2,1
DA:3,1
DA:4,1
DA:6,1
DA:7,6
DA:8,6
DA:10,1
DA:12,1
DA:14,1
DA:15,10
DA:16,10
DA:17,2
DA:20,8
DA:21,8
DA:24,1
LF:15
LH:15
BRDA:16,1,0,2
BRDA:16,1,1,8
BRF:2
BRH:2
end_of_record
TN:
SF:/home/travis/build/troykinsella/junkie/lib/resolver/caching.js
FN:5,cachingResolver
FNF:1
FNH:1
FNDA:6,cachingResolver
DA:3,1
DA:5,1
DA:6,6
DA:7,6
DA:8,3
DA:9,3
DA:12,6
DA:14,6
LF:8
LH:8
BRDA:7,1,0,3
BRDA:7,1,1,3
BRF:2
BRH:2
end_of_record
TN:
SF:/home/travis/build/troykinsella/junkie/lib/resolver/injector.js
FN:3,injectorResolver
FN:15,(anonymous_2)
FNF:2
FNH:2
FNDA:95,injectorResolver
FNDA:20,(anonymous_2)
DA:3,1
DA:4,95
DA:5,94
DA:6,92
DA:7,92
DA:8,63
DA:9,58
DA:12,60
DA:14,60
DA:16,20
DA:17,20
LF:11
LH:11
BRDA:5,1,0,92
BRDA:5,1,1,2
BRF:2
BRH:2
end_of_record
