TN:
SF:/home/travis/build/troykinsella/junkie/lib/Component.js
FN:18,Component
FN:34,(anonymous_2)
FN:42,(anonymous_3)
FN:50,(anonymous_4)
FN:61,(anonymous_5)
FN:68,(anonymous_6)
FN:81,(anonymous_7)
FN:100,(anonymous_8)
FN:109,(anonymous_9)
FNF:9
FNH:9
FNDA:124,Component
FNDA:152,(anonymous_2)
FNDA:232,(anonymous_3)
FNDA:152,(anonymous_4)
FNDA:123,(anonymous_5)
FNDA:152,(anonymous_6)
FNDA:152,(anonymous_7)
FNDA:152,(anonymous_8)
FNDA:303,(anonymous_9)
DA:2,1
DA:3,1
DA:4,1
DA:5,1
DA:18,1
DA:19,124
DA:20,124
DA:21,124
DA:22,124
DA:23,124
DA:24,124
DA:28,1
DA:34,1
DA:35,152
DA:42,1
DA:43,232
DA:50,1
DA:51,152
DA:61,1
DA:62,123
DA:63,116
DA:64,116
DA:68,1
DA:69,152
DA:77,152
DA:78,143
DA:81,1
DA:83,152
DA:85,152
DA:86,241
DA:87,241
DA:88,9
DA:90,232
DA:91,232
DA:100,1
DA:101,152
DA:103,152
DA:104,152
DA:106,143
DA:107,143
DA:109,143
DA:110,303
DA:111,303
DA:112,152
DA:115,151
DA:118,143
DA:119,143
DA:120,80
DA:123,143
DA:126,1
LF:50
LH:50
BRDA:22,1,0,124
BRDA:22,1,1,3
BRDA:87,2,0,9
BRDA:87,2,1,232
BRDA:101,3,0,152
BRDA:101,3,1,2
BRDA:111,4,0,152
BRDA:111,4,1,151
BRDA:111,5,0,303
BRDA:111,5,1,151
BRDA:111,5,2,151
BRDA:119,6,0,80
BRDA:119,6,1,63
BRF:13
BRH:13
end_of_record
TN:
SF:/home/travis/build/troykinsella/junkie/lib/Container.js
FN:10,(anonymous_1)
FN:30,Container
FN:43,(anonymous_3)
FN:54,(anonymous_4)
FN:76,(anonymous_5)
FN:88,(anonymous_6)
FN:92,(anonymous_7)
FN:109,(anonymous_8)
FN:121,(anonymous_9)
FN:126,(anonymous_10)
FN:151,(anonymous_11)
FNF:11
FNH:11
FNDA:8,(anonymous_1)
FNDA:101,Container
FNDA:2,(anonymous_3)
FNDA:13,(anonymous_4)
FNDA:14,(anonymous_5)
FNDA:3,(anonymous_6)
FNDA:153,(anonymous_7)
FNDA:126,(anonymous_8)
FNDA:121,(anonymous_9)
FNDA:165,(anonymous_10)
FNDA:165,(anonymous_11)
DA:3,1
DA:4,1
DA:5,1
DA:6,1
DA:7,1
DA:9,1
DA:11,8
DA:12,4
DA:14,4
DA:30,1
DA:31,101
DA:32,101
DA:33,101
DA:37,1
DA:43,1
DA:44,2
DA:54,1
DA:55,13
DA:57,12
DA:59,12
DA:60,12
DA:61,1
DA:64,12
DA:66,12
DA:76,1
DA:77,14
DA:79,13
DA:80,13
DA:81,13
DA:88,1
DA:89,3
DA:92,1
DA:93,153
DA:94,3
DA:109,1
DA:110,126
DA:112,125
DA:113,123
DA:115,121
DA:116,121
DA:118,121
DA:121,1
DA:122,121
DA:123,121
DA:126,1
DA:127,165
DA:128,163
DA:130,3
DA:132,160
DA:151,1
DA:152,165
DA:155,165
DA:158,163
DA:159,13
DA:163,150
DA:166,141
DA:167,141
DA:168,48
DA:171,93
DA:173,93
DA:176,1
LF:61
LH:61
BRDA:11,1,0,4
BRDA:11,1,1,4
BRDA:11,2,0,8
BRDA:11,2,1,8
BRDA:31,3,0,101
BRDA:31,3,1,89
BRDA:33,4,0,11
BRDA:33,4,1,90
BRDA:44,5,0,1
BRDA:44,5,1,1
BRDA:57,6,0,12
BRDA:57,6,1,11
BRDA:60,7,0,1
BRDA:60,7,1,11
BRDA:93,8,0,3
BRDA:93,8,1,150
BRDA:128,9,0,3
BRDA:128,9,1,160
BRDA:152,10,0,165
BRDA:152,10,1,101
BRDA:158,11,0,13
BRDA:158,11,1,150
BRDA:167,12,0,48
BRDA:167,12,1,93
BRF:24
BRH:24
end_of_record
TN:
SF:/home/travis/build/troykinsella/junkie/lib/Dependency.js
FN:12,Dependency
FN:26,(anonymous_2)
FN:34,(anonymous_3)
FN:43,(anonymous_4)
FNF:4
FNH:4
FNDA:61,Dependency
FNDA:87,(anonymous_2)
FNDA:60,(anonymous_3)
FNDA:61,(anonymous_4)
DA:2,1
DA:12,1
DA:13,61
DA:15,61
DA:16,61
DA:20,1
DA:26,1
DA:27,87
DA:34,1
DA:35,60
DA:43,1
DA:44,61
DA:45,0
DA:48,61
DA:50,61
DA:51,0
DA:55,61
DA:56,61
DA:57,5
DA:58,5
DA:61,61
DA:64,1
LF:22
LH:20
BRDA:44,1,0,0
BRDA:44,1,1,61
BRDA:50,2,0,0
BRDA:50,2,1,61
BRDA:50,3,0,61
BRDA:50,3,1,0
BRDA:56,4,0,5
BRDA:56,4,1,56
BRF:8
BRH:5
end_of_record
TN:
SF:/home/travis/build/troykinsella/junkie/lib/RegistrationBuilder.js
FN:12,RegistrationBuilder
FN:20,(anonymous_2)
FN:24,(anonymous_3)
FN:31,(anonymous_4)
FN:39,(anonymous_5)
FN:43,(anonymous_6)
FN:47,(anonymous_7)
FNF:7
FNH:7
FNDA:121,RegistrationBuilder
FNDA:121,(anonymous_2)
FNDA:484,(anonymous_3)
FNDA:115,(anonymous_4)
FNDA:121,(anonymous_5)
FNDA:1210,(anonymous_6)
FNDA:119,(anonymous_7)
DA:3,1
DA:12,1
DA:13,121
DA:15,121
DA:18,1
DA:20,1
DA:21,121
DA:23,121
DA:25,484
DA:31,1
DA:32,115
DA:33,115
DA:35,115
DA:36,115
DA:39,1
DA:40,121
DA:41,121
DA:43,121
DA:44,1210
DA:47,121
DA:48,119
DA:53,1
LF:22
LH:22
BRF:0
BRH:0
end_of_record
TN:
SF:/home/travis/build/troykinsella/junkie/lib/Resolution.js
FN:10,Resolution
FN:25,(anonymous_2)
FN:33,(anonymous_3)
FN:42,(anonymous_4)
FN:55,(anonymous_5)
FN:73,(anonymous_6)
FN:81,(anonymous_7)
FN:85,(anonymous_8)
FNF:8
FNH:7
FNDA:152,Resolution
FNDA:150,(anonymous_2)
FNDA:49,(anonymous_3)
FNDA:2,(anonymous_4)
FNDA:364,(anonymous_5)
FNDA:292,(anonymous_6)
FNDA:151,(anonymous_7)
FNDA:0,(anonymous_8)
DA:3,1
DA:10,1
DA:11,152
DA:12,152
DA:13,152
DA:17,1
DA:25,1
DA:26,150
DA:33,1
DA:34,49
DA:42,1
DA:43,2
DA:55,1
DA:56,364
DA:58,364
DA:59,105
DA:60,4
DA:61,101
DA:62,2
DA:66,358
DA:73,1
DA:74,292
DA:81,1
DA:82,151
DA:85,1
DA:86,0
DA:93,1
LF:27
LH:26
BRDA:58,1,0,105
BRDA:58,1,1,259
BRDA:59,2,0,4
BRDA:59,2,1,101
BRDA:59,3,0,105
BRDA:59,3,1,23
BRDA:61,4,0,2
BRDA:61,4,1,99
BRDA:61,5,0,101
BRDA:61,5,1,82
BRF:10
BRH:10
end_of_record
TN:
SF:/home/travis/build/troykinsella/junkie/lib/ResolutionContext.js
FN:10,ResolutionContext
FN:25,(anonymous_2)
FN:29,(anonymous_3)
FN:43,(anonymous_4)
FN:52,(anonymous_5)
FN:73,(anonymous_6)
FN:92,(anonymous_7)
FN:104,(anonymous_8)
FN:107,(anonymous_9)
FN:122,(anonymous_10)
FNF:10
FNH:8
FNDA:152,ResolutionContext
FNDA:232,(anonymous_2)
FNDA:0,(anonymous_3)
FNDA:242,(anonymous_4)
FNDA:100,(anonymous_5)
FNDA:9,(anonymous_6)
FNDA:103,(anonymous_7)
FNDA:59,(anonymous_8)
FNDA:58,(anonymous_9)
FNDA:0,(anonymous_10)
DA:3,1
DA:10,1
DA:11,152
DA:12,152
DA:13,152
DA:14,152
DA:15,152
DA:19,1
DA:25,1
DA:26,232
DA:29,1
DA:30,0
DA:31,0
DA:32,0
DA:33,0
DA:34,0
DA:36,0
DA:43,1
DA:44,242
DA:52,1
DA:53,100
DA:73,1
DA:74,9
DA:75,0
DA:76,9
DA:77,5
DA:79,4
DA:92,1
DA:93,103
DA:94,103
DA:95,3
DA:98,103
DA:103,103
DA:105,59
DA:108,58
DA:112,27
DA:113,27
DA:116,72
DA:117,2
DA:119,70
DA:122,1
DA:123,0
DA:129,1
LF:43
LH:35
BRDA:74,1,0,0
BRDA:74,1,1,9
BRDA:76,2,0,5
BRDA:76,2,1,4
BRDA:94,3,0,3
BRDA:94,3,1,100
BRDA:116,4,0,2
BRDA:116,4,1,70
BRF:8
BRH:7
end_of_record
TN:
SF:/home/travis/build/troykinsella/junkie/lib/ResolutionError.js
FN:10,ResolutionError
FNF:1
FNH:1
FNDA:30,ResolutionError
DA:2,1
DA:10,1
DA:11,30
DA:12,30
DA:14,1
DA:15,1
DA:16,1
DA:18,1
LF:8
LH:8
BRF:0
BRH:0
end_of_record
TN:
SF:/home/travis/build/troykinsella/junkie/lib/Resolver.js
FN:14,Resolver
FN:23,(anonymous_2)
FN:33,(anonymous_3)
FN:40,(anonymous_4)
FN:49,(anonymous_5)
FN:67,(anonymous_6)
FNF:6
FNH:6
FNDA:129,Resolver
FNDA:151,(anonymous_2)
FNDA:151,(anonymous_3)
FNDA:20,(anonymous_4)
FNDA:105,(anonymous_5)
FNDA:136,(anonymous_6)
DA:3,1
DA:4,1
DA:14,1
DA:15,129
DA:16,129
DA:17,129
DA:21,1
DA:23,1
DA:24,151
DA:25,151
DA:26,151
DA:28,49
DA:29,49
DA:33,1
DA:34,151
DA:40,1
DA:41,20
DA:42,20
DA:43,1
DA:46,19
DA:49,1
DA:50,105
DA:54,1
DA:67,1
DA:68,136
DA:69,132
DA:70,103
DA:73,132
DA:76,129
DA:77,129
DA:80,129
DA:83,1
LF:32
LH:32
BRDA:17,1,0,129
BRDA:17,1,1,14
BRDA:42,2,0,1
BRDA:42,2,1,19
BRDA:43,3,0,1
BRDA:43,3,1,0
BRDA:69,4,0,103
BRDA:69,4,1,29
BRDA:73,5,0,132
BRDA:73,5,1,132
BRDA:76,6,0,129
BRDA:76,6,1,0
BRF:12
BRH:10
end_of_record
TN:
SF:/home/travis/build/troykinsella/junkie/lib/junkie.js
FN:16,(anonymous_1)
FNF:1
FNH:1
FNDA:79,(anonymous_1)
DA:2,1
DA:3,1
DA:10,1
DA:16,1
DA:17,79
DA:26,1
DA:28,1
LF:7
LH:7
BRF:0
BRH:0
end_of_record
TN:
SF:/home/travis/build/troykinsella/junkie/lib/util.js
FN:3,(anonymous_1)
FN:12,(anonymous_2)
FN:25,(anonymous_3)
FN:27,(anonymous_4)
FNF:4
FNH:2
FNDA:871,(anonymous_1)
FNDA:1,(anonymous_2)
FNDA:0,(anonymous_3)
FNDA:0,(anonymous_4)
DA:3,1
DA:4,871
DA:5,13
DA:10,1
DA:12,1
DA:13,1
DA:14,1
DA:25,0
DA:26,0
DA:27,0
DA:28,0
DA:29,0
DA:30,0
LF:13
LH:7
BRDA:4,1,0,13
BRDA:4,1,1,858
BRDA:10,2,0,1
BRDA:10,2,1,0
BRF:4
BRH:3
end_of_record
TN:
SF:/home/travis/build/troykinsella/junkie/lib/resolver/assignment.js
FN:10,assignment
FN:16,(anonymous_2)
FNF:2
FNH:2
FNDA:1,assignment
FNDA:1,(anonymous_2)
DA:10,1
DA:11,1
DA:13,1
DA:15,1
DA:16,1
DA:17,1
DA:20,1
LF:7
LH:7
BRF:0
BRH:0
end_of_record
TN:
SF:/home/travis/build/troykinsella/junkie/lib/resolver/caching.js
FN:14,caching
FNF:1
FNH:1
FNDA:5,caching
DA:3,1
DA:14,1
DA:15,5
DA:16,5
DA:17,2
DA:18,2
DA:21,5
DA:23,5
LF:8
LH:8
BRDA:16,1,0,2
BRDA:16,1,1,3
BRF:2
BRH:2
end_of_record
TN:
SF:/home/travis/build/troykinsella/junkie/lib/resolver/constructor.js
FN:11,constuctor
FNF:1
FNH:1
FNDA:72,constuctor
DA:3,1
DA:11,1
DA:12,72
DA:14,71
DA:15,71
DA:16,1
DA:19,70
DA:20,40
DA:21,40
DA:22,40
DA:24,40
LF:11
LH:11
BRDA:15,1,0,1
BRDA:15,1,1,70
BRF:2
BRH:2
end_of_record
TN:
SF:/home/travis/build/troykinsella/junkie/lib/resolver/creator.js
FN:11,creator
FNF:1
FNH:1
FNDA:10,creator
DA:3,1
DA:11,1
DA:12,10
DA:14,9
DA:15,9
DA:17,9
DA:19,9
DA:20,6
DA:22,6
DA:23,6
DA:24,3
DA:26,3
DA:29,3
DA:30,0
DA:34,6
DA:36,6
LF:16
LH:15
BRDA:19,1,0,6
BRDA:19,1,1,3
BRDA:23,2,0,3
BRDA:23,2,1,3
BRDA:29,3,0,0
BRDA:29,3,1,3
BRF:6
BRH:5
end_of_record
TN:
SF:/home/travis/build/troykinsella/junkie/lib/resolver/decorator.js
FN:5,resolveDecoratorArg
FN:32,decorator
FNF:2
FNH:2
FNDA:8,resolveDecoratorArg
FNDA:8,decorator
DA:3,1
DA:5,1
DA:6,8
DA:9,7
DA:10,3
DA:12,6
DA:13,0
DA:16,6
DA:32,1
DA:33,8
DA:35,6
DA:37,6
DA:38,6
DA:39,1
DA:42,5
LF:15
LH:14
BRDA:9,1,0,3
BRDA:9,1,1,4
BRDA:12,2,0,0
BRDA:12,2,1,6
BRDA:37,3,0,6
BRDA:37,3,1,2
BRDA:38,4,0,1
BRDA:38,4,1,5
BRDA:38,5,0,6
BRDA:38,5,1,5
BRF:10
BRH:9
end_of_record
TN:
SF:/home/travis/build/troykinsella/junkie/lib/resolver/factory.js
FN:11,factory
FNF:1
FNH:1
FNDA:15,factory
DA:3,1
DA:11,1
DA:12,15
DA:13,15
DA:14,1
DA:17,14
DA:18,14
DA:19,14
DA:21,14
LF:9
LH:9
BRDA:12,1,0,15
BRDA:12,1,1,15
BRDA:13,2,0,1
BRDA:13,2,1,14
BRF:4
BRH:4
end_of_record
TN:
SF:/home/travis/build/troykinsella/junkie/lib/resolver/field.js
FN:11,field
FNF:1
FNH:1
FNDA:7,field
DA:3,1
DA:11,1
DA:13,7
DA:15,7
DA:17,6
DA:19,6
DA:20,6
DA:21,6
DA:22,2
DA:25,4
DA:27,4
LF:11
LH:11
BRDA:21,1,0,2
BRDA:21,1,1,4
BRF:2
BRH:2
end_of_record
TN:
SF:/home/travis/build/troykinsella/junkie/lib/resolver/freezing.js
FN:13,freezing
FNF:1
FNH:1
FNDA:3,freezing
DA:3,1
DA:13,1
DA:14,3
DA:16,3
DA:17,2
DA:18,1
DA:21,1
LF:7
LH:7
BRDA:17,1,0,1
BRDA:17,1,1,1
BRF:2
BRH:2
end_of_record
TN:
SF:/home/travis/build/troykinsella/junkie/lib/resolver/logging.js
FN:3,loggingResolver
FNF:1
FNH:0
FNDA:0,loggingResolver
DA:3,1
DA:4,0
DA:5,0
DA:6,0
LF:4
LH:1
BRF:0
BRH:0
end_of_record
TN:
SF:/home/travis/build/troykinsella/junkie/lib/resolver/method.js
FN:11,method
FNF:1
FNH:1
FNDA:7,method
DA:3,1
DA:11,1
DA:13,7
DA:15,7
DA:17,6
DA:18,6
DA:19,6
DA:20,1
DA:23,5
DA:24,5
DA:25,5
DA:27,5
LF:12
LH:12
BRDA:19,1,0,1
BRDA:19,1,1,5
BRF:2
BRH:2
end_of_record
